
 Primary working directories    : /scratch/scratchdirs/nyee88
 Secondary working directories  : /scratch/scratchdirs/nyee88
 Wavefunction directory         : /global/homes/n/nyee88/wfu/
 Main file repository           : /scratch/scratchdirs/nyee88/

 SHA1      : d03110ad91d449d0c5f19172a0c0ba2e2d66b3a5
 NAME      : 2012.1.21
 ARCHNAME  : Linux/XT
 FC        : /opt/cray/craype/2.2.1/bin/ftn
 FCVERSION : 14.2-0
 BLASLIB   : 
 id        : lbl

 Nodes     nprocs
 nid06196     3
 nid06197     3
 nid06198     3
 nid06102     3
 nid06103     3
 nid05418     3
 Number of processes for MPI-2 version of Molpro:   nprocs(total)=   24   nprocs(compute)=   18   nprocs(helper)=    6
 ga_uses_ma=false, calling ma_init with nominal heap.
 GA-space will be limited to   8.0 MW (determined by -G option)

 Using customized tuning parameters: mindgm=7; mindgv=24; mindgc=4; mindgr=2; noblas=0; minvec=7
 default implementation of scratch files=sf  

 geometry = {angstrom
  C
  H                  1              B1
  H                  1              B2    2              A1
  H                  1              B3    2              A2    3              D1
  C                  1              B4    2              A3    3              D2
  H                  5              B5    1              A4    2              D3
  C                  5              B6    1              A5    2              D4
  H                  7              B7    5              A6    1              D5
  H                  7              B8    5              A7    1              D6
  C                  5              B9    1              A8    7              D7
  H                 10             B10    5              A9    1              D8
  H                 10             B11    5             A10    1              D9
  O                 10             B12    5             A11    1             D10
  H                 13             B13   10             A12    5             D11
 }
 
       B1 =           1.09198350
       B2 =           1.09332322
       B3 =           1.09305243
       B4 =           1.53451195
       B5 =           1.10522010
       B6 =           1.49450548
       B7 =           1.08329384
       B8 =           1.08526257
       B9 =           1.54566041
       B10 =          1.09274605
       B11 =          1.09991313
       B12 =          1.42138371
       B13 =          0.96398577
       A1 =         107.76132716
       A2 =         108.53526848
       A3 =         110.35436710
       A4 =         108.32865697
       A5 =         112.48344299
       A6 =         121.63519327
       A7 =         120.27656033
       A8 =         111.62328855
       A9 =         109.82359151
       A10 =        109.26137293
       A11 =        113.01928638
       A12 =        107.08306670
       D1 =         116.74865452
       D2 =        -121.29599155
       D3 =         174.52383980
       D4 =         -66.06924511
       D5 =          -9.90464830
       D6 =         177.43706712
       D7 =         125.30861969
       D8 =          57.37735492
       D9 =         175.32540527
       D10 =        -60.55142955
       D11 =        -56.73362186
 
 memory,3000,M
 basis = vtz-f12
 hf
 uccsd(t)-f12,scale_trip=1

 Variables initialized (782), CPU time= 0.02 sec
 Commands  initialized (547), CPU time= 0.03 sec, 517 directives.
 Default parameters read. Elapsed time= 0.57 sec

 Checking input...
 Passed
1


                                         ***  PROGRAM SYSTEM MOLPRO  ***
                         Copyright, University College Cardiff Consultants Limited, 2008

                                    Version 2012.1 linked Mar 12 2015 14:11:14


 **********************************************************************************************************************************
 LABEL *                                                                                 
 Linux-3.0.101-0.31.1_1.0502.8394-cray_gem_c/nid06196(x86_64) 64 bit mpp version         DATE: 29-May-15          TIME: 16:21:54  
 **********************************************************************************************************************************

 SHA1:             d03110ad91d449d0c5f19172a0c0ba2e2d66b3a5
 **********************************************************************************************************************************
 SETTING B1             =         1.09198350                                  
 SETTING B2             =         1.09332322                                  
 SETTING B3             =         1.09305243                                  
 SETTING B4             =         1.53451195                                  
 SETTING B5             =         1.10522010                                  
 SETTING B6             =         1.49450548                                  
 SETTING B7             =         1.08329384                                  
 SETTING B8             =         1.08526257                                  
 SETTING B9             =         1.54566041                                  
 SETTING B10            =         1.09274605                                  
 SETTING B11            =         1.09991313                                  
 SETTING B12            =         1.42138371                                  
 SETTING B13            =         0.96398577                                  
 SETTING A1             =       107.76132716                                  
 SETTING A2             =       108.53526848                                  
 SETTING A3             =       110.35436710                                  
 SETTING A4             =       108.32865697                                  
 SETTING A5             =       112.48344299                                  
 SETTING A6             =       121.63519327                                  
 SETTING A7             =       120.27656033                                  
 SETTING A8             =       111.62328855                                  
 SETTING A9             =       109.82359151                                  
 SETTING A10            =       109.26137293                                  
 SETTING A11            =       113.01928638                                  
 SETTING A12            =       107.08306670                                  
 SETTING D1             =       116.74865452                                  
 SETTING D2             =      -121.29599155                                  
 SETTING D3             =       174.52383980                                  
 SETTING D4             =       -66.06924511                                  
 SETTING D5             =        -9.90464830                                  
 SETTING D6             =       177.43706712                                  
 SETTING D7             =       125.30861969                                  
 SETTING D8             =        57.37735492                                  
 SETTING D9             =       175.32540527                                  
 SETTING D10            =       -60.55142955                                  
 SETTING D11            =       -56.73362186                                  

 Variable memory set to 3000000000 words,  buffer space   230000 words

 SETTING BASIS          =    VTZ-F12


 Recomputing integrals since basis changed


 Using spherical harmonics

 Library entry C      S cc-pVTZ-F12          selected for orbital group  1
 Library entry C      P cc-pVTZ-F12          selected for orbital group  1
 Library entry C      D cc-pVTZ-F12          selected for orbital group  1
 Library entry C      F cc-pVTZ-F12          selected for orbital group  1
 Library entry H      S cc-pVTZ-F12          selected for orbital group  2
 Library entry H      P cc-pVTZ-F12          selected for orbital group  2
 Library entry H      D cc-pVTZ-F12          selected for orbital group  2
 Library entry O      S cc-pVTZ-F12          selected for orbital group  9
 Library entry O      P cc-pVTZ-F12          selected for orbital group  9
 Library entry O      D cc-pVTZ-F12          selected for orbital group  9
 Library entry O      F cc-pVTZ-F12          selected for orbital group  9

1PROGRAM * SEWARD (Integral evaluation for generally contracted gaussian basis sets)     Author: Roland Lindh, 1990

 Geometry written to block  1 of record 700

 Orientation using atomic masses  
 Molecule type: Asymmetric top
 Rotational constants:       4.0535058      3.2444669      6.4459492 GHz  (calculated with average atomic masses)

 Point group  C1  



 ATOMIC COORDINATES

 NR  ATOM    CHARGE       X              Y              Z

   1  C       6.00    2.283852721    0.448872702    2.157520775
   2  H       1.00    2.526670145    2.275008835    1.227733641
   3  H       1.00    3.961936117   -0.688931057    1.759863487
   4  H       1.00    2.190074706    0.758102336    4.197658287
   5  C       6.00   -0.113336398   -0.864855758    1.189799526
   6  H       1.00   -0.197919293   -2.776608823    2.026544783
   7  C       6.00   -2.468586034    0.514571455    1.915140537
   8  H       1.00   -2.435654329    2.068748877    3.247125472
   9  H       1.00   -4.299180133   -0.163542179    1.286595454
  10  C       6.00   -0.011747894   -1.299787245   -1.696725092
  11  H       1.00    1.658856162   -2.413774193   -2.178702300
  12  H       1.00   -1.685468676   -2.382038949   -2.286382629
  13  O       8.00    0.200650956    0.983074647   -3.096069100
  14  H       1.00   -1.212415137    2.032278591   -2.626075896

 Bond lengths in Bohr (Angstrom)

 1-2  2.063549755  1-3  2.066081459  1-4  2.065569740  1-5  2.899807331  5-6  2.088563304
     ( 1.091983500)     ( 1.093323220)     ( 1.093052430)     ( 1.534511950)     ( 1.105220100)

  5- 7  2.824206059   5-10  2.920874867   7- 8  2.047128677   7- 9  2.050849038  10-11  2.064990766
       ( 1.494505480)       ( 1.545660410)       ( 1.083293840)       ( 1.085262570)       ( 1.092746050)

 10-12  2.078534584  10-13  2.686025940  13-14  1.821669100
       ( 1.099913130)       ( 1.421383710)       ( 0.963985770)

 Bond angles

  1- 5- 6  108.32865697   1- 5- 7  112.48344299   1- 5-10  111.62328855   2- 1- 3  107.76132716

  2-1-4  108.53526848   2-1-5  110.35436710   3-1-4  108.02419285   3-1-5  110.95932739

  4- 1- 5  111.09417774   5- 7- 8  121.63519327   5- 7- 9  120.27656033   5-10-11  109.82359151

  5-10-12  109.26137293   5-10-13  113.01928638   6- 5- 7  108.08415581   6- 5-10  105.13119768

  7- 5-10  110.82679321   8- 7- 9  117.69746583  10-13-14  107.08306670  11-10-12  107.71894595

 11-10-13  105.83819315  12-10-13  111.00248791

 NUCLEAR CHARGE:                   41
 NUMBER OF PRIMITIVE AOS:         549
 NUMBER OF SYMMETRY AOS:          495
 NUMBER OF CONTRACTIONS:          427   ( 427A   )
 NUMBER OF CORE ORBITALS:           5   (   5A   )
 NUMBER OF VALENCE ORBITALS:       29   (  29A   )


 NUCLEAR REPULSION ENERGY  185.44378363


 Eigenvalues of metric

         1 0.269E-04 0.390E-04 0.559E-04 0.999E-04 0.118E-03 0.126E-03 0.132E-03 0.150E-03


 Contracted 2-electron integrals neglected if value below      1.0D-12
 AO integral compression algorithm  1   Integral accuracy      1.0D-12

     17874.813 MB (compressed) written to integral file ( 49.2%)

     Node minimum: 864.289 MB, node maximum: 1043.071 MB


 NUMBER OF SORTED TWO-ELECTRON INTEGRALS:  231937668.     BUFFER LENGTH:  32768
 NUMBER OF SEGMENTS:   8  SEGMENT LENGTH:   31996008      RECORD LENGTH: 524288

 Memory used in sort:      32.55 MW

 SORT1 READ  4538988633. AND WROTE   219609657. INTEGRALS IN    633 RECORDS. CPU TIME:   262.24 SEC, REAL TIME:   270.17 SEC
 SORT2 READ  3953369101. AND WROTE  4175015131. INTEGRALS IN  66330 RECORDS. CPU TIME:    10.27 SEC, REAL TIME:    28.99 SEC

 Node minimum:   231902136.  Node maximum:   231988438. integrals

 OPERATOR DM      FOR CENTER  0  COORDINATES:    0.000000    0.000000    0.000000


 **********************************************************************************************************************************
 DATASETS  * FILE   NREC   LENGTH (MB)   RECORD NAMES
              1      18       14.45       500      610      700      900      950      970     1000      129      960     1100   
                                          VAR    BASINP    GEOM    SYMINP    ZMAT    AOBASIS   BASIS     P2S    ABASIS      S 
                                         1400     1410     1200     1210     1080     1600     1650     1700   
                                           T        V       H0       H01     AOSYM     SMH    MOLCAS    OPER   

 PROGRAMS   *        TOTAL       INT
 CPU TIMES  *       303.24    302.86
 REAL TIME  *       337.38 SEC
 DISK USED  *        65.18 GB      
 GA USED    *         0.01 MB       (max)       0.00 MB       (current)
 **********************************************************************************************************************************

1PROGRAM * RHF-SCF (OPEN SHELL)       Authors: W. Meyer, H.-J. Werner


 NUMBER OF ELECTRONS:      21+   20-    SPACE SYMMETRY=1    SPIN SYMMETRY: Doublet 
 CONVERGENCE THRESHOLDS:    1.00E-05 (Density)    1.00E-07 (Energy)
 MAX. NUMBER OF ITERATIONS:       60
 INTERPOLATION TYPE:            DIIS
 INTERPOLATION STEPS:              2 (START)      1 (STEP)
 LEVEL SHIFTS:                 -0.30 (CLOSED)  0.00 (OPEN) 



 Orbital guess generated from atomic densities. Full valence occupancy:   34

 Molecular orbital dump at record        2100.2

 ITERATION    DDIFF          GRAD             ENERGY        2-EL.EN.            DIPOLE MOMENTS         DIIS   ORB.
    1      0.000D+00      0.000D+00      -231.53121150    531.477965   -0.60495   -0.40885    0.69208    0    start
    2      0.000D+00      0.266D-02      -231.59920701    528.342213   -0.33509   -0.22129    0.50963    1    diag,B
    3      0.236D-02      0.104D-02      -231.61054363    529.241384   -0.39972   -0.26112    0.53298    2    diag,B
    4      0.667D-03      0.409D-03      -231.61481456    529.144929   -0.40540   -0.24273    0.52655    3    diag,B
    5      0.431D-03      0.131D-03      -231.61556013    529.127580   -0.41446   -0.23495    0.53620    4    diag,B
    6      0.177D-03      0.528D-04      -231.61572406    529.128245   -0.41974   -0.23009    0.54033    5    diag,B
    7      0.102D-03      0.190D-04      -231.61574548    529.124083   -0.42123   -0.22785    0.54257    6    fixocc
    8      0.448D-04      0.580D-05      -231.61574709    529.125392   -0.42135   -0.22745    0.54290    7    diag,B
    9      0.162D-04      0.179D-05      -231.61574722    529.125327   -0.42128   -0.22747    0.54296    8    diag,B
   10      0.568D-05      0.631D-06      -231.61574723    529.125459   -0.42125   -0.22750    0.54297    9    orth
   11      0.206D-05      0.237D-06      -231.61574723    529.125454   -0.42124   -0.22751    0.54296    0    orth

 Final alpha occupancy:  21
 Final beta  occupancy:  20

 !RHF STATE 1.1 Energy               -231.615747234409
 Nuclear energy                       185.44378363
 One-electron energy                 -681.62225773
 Two-electron energy                  264.56272687
 Virial quotient                       -1.00110287
 !RHF STATE 1.1 Dipole moment          -0.42124135    -0.22750515     0.54296201
 Dipole moment /Debye                  -1.07061859    -0.57822255     1.37998138

 Orbital energies:

         1.1          2.1          3.1          4.1          5.1          6.1          7.1          8.1          9.1         10.1
    -20.551833   -11.273546   -11.237083   -11.228226   -11.213091    -1.356277    -1.075575    -0.923605    -0.904468    -0.769973

        11.1         12.1         13.1         14.1         15.1         16.1         17.1         18.1         19.1         20.1
     -0.677857    -0.639495    -0.619173    -0.599008    -0.561251    -0.531262    -0.501398    -0.492627    -0.475522    -0.435023

        21.1         22.1         23.1
     -0.364218     0.044367     0.051008

 HOMO     21.1    -0.364218 =      -9.9109eV
 LUMO     22.1     0.044367 =       1.2073eV
 LUMO-HOMO         0.408585 =      11.1182eV


 **********************************************************************************************************************************
 DATASETS  * FILE   NREC   LENGTH (MB)   RECORD NAMES
              1      18       14.45       500      610      700      900      950      970     1000      129      960     1100   
                                          VAR    BASINP    GEOM    SYMINP    ZMAT    AOBASIS   BASIS     P2S    ABASIS      S 
                                         1400     1410     1200     1210     1080     1600     1650     1700   
                                           T        V       H0       H01     AOSYM     SMH    MOLCAS    OPER   

              2       4        5.68       700     1000      520     2100   
                                         GEOM     BASIS   MCVARS     RHF  

 PROGRAMS   *        TOTAL        HF       INT
 CPU TIMES  *       404.66    101.42    302.86
 REAL TIME  *       472.87 SEC
 DISK USED  *        66.02 GB      
 SF USED    *         0.73 MB      
 GA USED    *         0.01 MB       (max)       0.00 MB       (current)
 **********************************************************************************************************************************


1PROGRAM * CCSD (Unrestricted open-shell coupled cluster)     Authors: C. Hampel, H.-J. Werner, 1991, M. Deegan, P.J. Knowles, 1992

                           UCCSD-F12 implementation by G. Knizia and H.-J. Werner, 2008

                   Density fitting integral evaluation by F.R. Manby, 2003,2007, G. Knizia, 2010

 Basis set CC-PVTZ/JKFIT generated.      Number of basis functions:   665 
 Basis set CC-PVTZ-F12/OPTRI generated.  Number of basis functions:   744 
 Basis set AUG-CC-PVTZ/MP2FIT generated. Number of basis functions:   944 

 Convergence thresholds:  THRVAR = 1.00D-08  THRDEN = 1.00D-06

 CCSD(T)     terms to be evaluated (factor= 1.000)


 Number of core orbitals:           5 (   5 )
 Number of closed-shell orbitals:  15 (  15 )
 Number of active  orbitals:        1 (   1 )
 Number of external orbitals:     406 ( 406 )

 Memory could be reduced to 1704.36 Mwords without degradation in triples

 Number of N-1 electron functions:              31
 Number of N-2 electron functions:             465
 Number of singly external CSFs:             12617
 Number of doubly external CSFs:          58345485
 Total number of CSFs:                    58358102

 Molecular orbitals read from record     2100.2  Type=RHF/CANONICAL (state 1.1)

 Integral transformation finished. Total CPU: 641.55 sec, npass=  1  Memory used: 707.86 MW
 
 Geminal basis:    OPTFULL  GEM_TYPE=SLATER  BETA=1.0  NGEM=6

 Optimizing Gaussian exponents for each gem_beta

 Geminal optimization for beta= 1.0000
 Weight function:   m=0, omega= 1.4646

 Augmented Hessian optimization of geminal fit. Trust ratio= 0.40000
 Convergence reached after   2 iterations. Final gradient= 8.42D-16, Step= 4.39D-06, Delta= 1.28D-09
 
 Alpha:                 0.19532     0.81920     2.85917     9.50073    35.69989   197.79328
 Coeff:                 0.27070     0.30552     0.18297     0.10986     0.06810     0.04224
 
 
 WFN_F12=FIX,EG    DECOUPLE_EXPL=F   HYBRID=0    NOX=F   SEMIINT_F12=T   CORE_SINGLES=F
 
 AO(A)-basis ORBITAL           loaded. Number of functions:     427
 RI(R)-basis CC-PVTZ-F12/OPTRI loaded. Number of functions:     744
 DF-basis CC-PVTZ/JKFIT        loaded. Number of functions:     665

 Screening thresholds:   THRAO=  1.00D-10  THRMO=  1.00D-09  THRPROD=  1.00D-09
                         THRSW=  1.00D-05  THROV=  1.00D-12  THRF12=   1.00D-08

 CPU time for one-electron matrices              11.12 sec
 
 Construction of ABS:
 Pseudo-inverse stability          2.35E-10
 Smallest eigenvalue of S          7.14E-05  (threshold= 1.00E-08)
 Ratio eigmin/eigmax               3.28E-07  (threshold= 1.00E-09)
 Smallest eigenvalue of S kept     7.14E-05  (threshold= 7.14E-05, 0 functions deleted, 744 kept)
 
 Construction of CABS:
 Pseudo-inverse stability          2.62E-09
 Smallest eigenvalue of S          3.46E-07  (threshold= 1.00E-08)
 Ratio eigmin/eigmax               3.46E-07  (threshold= 1.00E-09)
 Smallest eigenvalue of S kept     3.46E-07  (threshold= 3.46E-07, 0 functions deleted, 744 kept)
 
 CPU time for basis constructions                 3.26 sec
 Fock operators(MO) rebuilt from dump record.
 CPU time for fock operators                      4.51 sec
 
                                      TOTAL          ALPHA          BETA    
  Singles Contributions MO        -0.002814003   -0.001422458   -0.001391545
  Singles Contributions CABS      -0.002371721   -0.001224025   -0.001147695
  Pure DF-RHF relaxation          -0.002366874
 
 CPU time for singles                            18.36 sec
 
 AO(A)-basis ORBITAL           loaded. Number of functions:     427
 RI(R)-basis CC-PVTZ-F12/OPTRI loaded. Number of functions:     744
 DF-basis AUG-CC-PVTZ/MP2FIT   loaded. Number of functions:     944

 Screening thresholds:   THRAO=  1.00D-10  THRMO=  1.00D-09  THRPROD=  1.00D-09
                         THRSW=  1.00D-05  THROV=  1.00D-12  THRF12=   1.00D-08

 CPU time for transformed integrals             105.51 sec
 CPU time for F12 matrices                      108.15 sec

 Diagonal F12 ansatz with fixed amplitudes:   TS= 0.5000  TT= 0.2500  TN= 0.3750
 
 ITER.     SQ.NORM      CORR.ENERGY   TOTAL ENERGY  ENERGY CHANGE      VAR         CPU   MICRO    DIIS
   1      1.27252693    -1.02811995  -232.64623406    -1.0305E+00   2.71E-01      6.08  1  1  1   0  0
   2      1.27228059    -1.02777408  -232.64588819     3.4587E-04   5.94E-05     39.28  0  0  0   1  1
   3      1.27240398    -1.02791193  -232.64602604    -1.3785E-04   2.52E-07     76.57  0  0  0   2  2
   4      1.27240477    -1.02791241  -232.64602652    -4.7970E-07   1.11E-09    117.07  0  0  0   3  3
 
 - - Continuing with F12/conv. amplitude coupling turned on.
 
   5      1.27241728    -1.02831965  -232.64643376    -4.0772E-04   7.82E-05    154.06  1  1  1   1  1
   6      1.27241700    -1.02831977  -232.64643388    -1.2165E-07   1.17E-09    195.88  1  1  1   2  2
 
 CPU time for iterative RMP2-F12                195.88 sec
 
 
 DF-RMP2-F12 doubles corrections:
 - - - - - - - - - - - - - - - - 
  Approx.                             TOTAL           A-B            A-A            B-B    
  RMP2-F12/3C(FIX)                -0.079312601   -0.074201230   -0.002747589   -0.002363781
  RMP2-F12/3*C(FIX)               -0.078905241   -0.073966689   -0.002657225   -0.002281327
  RMP2-F12/3*C(DX)                -0.079059910   -0.074110811   -0.002662623   -0.002286475
  RMP2-F12/3*C(FIX,DX)            -0.082177375   -0.077086631   -0.002729112   -0.002361631
 
 DF-RMP2-F12 doubles energies:
 - - - - - - - - - - - - - - -
  Approx.                             TOTAL           A-B            A-A            B-B    
  RMP2                            -0.946193167   -0.728190136   -0.116581088   -0.101421943
  RMP2-F12/3C(FIX)                -1.025505768   -0.802391366   -0.119328677   -0.103785725
  RMP2-F12/3*C(FIX)               -1.025098408   -0.802156825   -0.119238313   -0.103703270
  RMP2-F12/3*C(DX)                -1.025253077   -0.802300947   -0.119243711   -0.103708419
  RMP2-F12/3*C(FIX,DX)            -1.028370542   -0.805276767   -0.119310200   -0.103783575
 
 
  Reference energy                   -231.615747234411
  CABS relaxation correction to RHF    -0.002366874279
  New reference energy               -231.618114108690
 
  RMP2-F12 singles (MO) energy         -0.002814002984
  RMP2-F12 pair energy                 -1.025505768439
  RMP2-F12 correlation energy          -1.028319771423
 
  RMP2-F12/3C(FIX) energy            -232.646433880113

 Starting RMP2 calculation

 ITER.      SQ.NORM     CORR.ENERGY   TOTAL ENERGY   ENERGY CHANGE        DEN1      VAR(S)    VAR(P)  DIIS     TIME
   1      1.26974382    -0.94585761  -232.56160484    -0.94585761    -0.00301836  0.12D-04  0.11D-02  1  1  1188.39
   2      1.27235545    -0.94909095  -232.56483819    -0.00323335    -0.00000338  0.24D-06  0.14D-05  2  2  1240.17
   3      1.27241428    -0.94913038  -232.56487762    -0.00003943    -0.00000002  0.11D-07  0.50D-08  3  3  1293.53
   4      1.27241503    -0.94913028  -232.56487752     0.00000010     0.00000000  0.33D-09  0.20D-10  4  4  1350.43

 Norm of t1 vector:      0.04264377      S-energy:    -0.00281397      T1 diagnostic:  0.00030857
 Norm of t2 vector:      0.52018895      P-energy:    -0.94631632
                                         Alpha-Beta:  -0.72851641
                                         Alpha-Alpha: -0.11646371
                                         Beta-Beta:   -0.10133620

 Spin contamination <S**2-Sz**2-Sz>     0.00099422
  Reference energy                   -231.618114108689
  RHF-RMP2 correlation energy          -0.949130284148
 !RHF-RMP2 energy                    -232.567244392837

 Starting UCCSD calculation

 ITER.      SQ.NORM     CORR.ENERGY   TOTAL ENERGY   ENERGY CHANGE        DEN1      VAR(S)    VAR(P)  DIIS     TIME
   1      1.28050243    -0.95036669  -232.56611392    -0.95036669    -0.02378399  0.31D-02  0.49D-02  1  1  2093.61
   2      1.30207970    -0.97322685  -232.58897408    -0.02286016    -0.00177703  0.14D-03  0.54D-03  2  2  2810.80
   3      1.30986215    -0.97796047  -232.59370770    -0.00473362    -0.00017638  0.69D-04  0.40D-04  3  3  3533.54
   4      1.31260031    -0.97929085  -232.59503808    -0.00133038    -0.00002614  0.97D-05  0.71D-05  4  4  4260.07
   5      1.31341501    -0.97941158  -232.59515882    -0.00012073    -0.00000660  0.53D-05  0.11D-05  5  5  4969.42
   6      1.31379027    -0.97944888  -232.59519612    -0.00003730    -0.00000166  0.11D-05  0.33D-06  6  6  5697.42
   7      1.31402048    -0.97948197  -232.59522921    -0.00003309    -0.00000035  0.28D-06  0.52D-07  6  1  6447.45
   8      1.31408213    -0.97948659  -232.59523383    -0.00000462    -0.00000008  0.56D-07  0.16D-07  6  2  7177.34
   9      1.31411463    -0.97948908  -232.59523632    -0.00000249    -0.00000002  0.14D-07  0.36D-08  6  3  7912.70
  10      1.31412049    -0.97948931  -232.59523655    -0.00000023     0.00000000  0.24D-08  0.83D-09  6  4  8641.29

 Norm of t1 vector:      0.10058069      S-energy:    -0.00322610      T1 diagnostic:  0.01092783
                                                                       D1 diagnostic:  0.02932073
 Norm of t2 vector:      0.55136559      P-energy:    -0.97626322
                                         Alpha-Beta:  -0.77505919
                                         Alpha-Alpha: -0.10823636
                                         Beta-Beta:   -0.09296767

 Spin contamination <S**2-Sz**2-Sz>     0.00080516

 Memory could be reduced to 1791.72 Mwords without degradation in triples
 

  Ecorr(MP2)                           -0.949130284148
  Ecorr(MP2-F12)                       -1.028442885149
  Scale factor for triples energy       1.083563449956

 RESULTS
 =======

  Reference energy                   -231.615747234410
  CABS relaxation correction to RHF    -0.002366874279
  New reference energy               -231.618114108689
 
  F12 corrections for ansatz 3C(FIX) added to UCCSD energy. Coupling mode: 15
 
  UCCSD-F12a singles energy            -0.003226097266
  UCCSD-F12a pair energy               -1.054739867634
  UCCSD-F12a correlation energy        -1.057965964901
  Triples (T) contribution (scaled)    -0.042332802142
  Total correlation energy             -1.100298767042
 
  RHF-UCCSD-F12a energy              -232.676080073590
  RHF-UCCSD[T]-F12a energy           -232.719612000836
  RHF-UCCSD-T-F12a energy            -232.717917306374
 !RHF-UCCSD(T)-F12a energy           -232.718412875731
 
  F12 corrections for ansatz 3C(FIX) added to UCCSD energy. Coupling mode: 15
 
  UCCSD-F12b singles energy            -0.003226097266
  UCCSD-F12b pair energy               -1.039749619849
  UCCSD-F12b correlation energy        -1.042975717115
  Triples (T) contribution (scaled)    -0.042332802142
  Total correlation energy             -1.085308519257
 
  RHF-UCCSD-F12b energy              -232.661089825804
  RHF-UCCSD[T]-F12b energy           -232.704621753051
  RHF-UCCSD-T-F12b energy            -232.702927058588
 !RHF-UCCSD(T)-F12b energy           -232.703422627946

 Program statistics:

 Available memory in ccsd:              2999997692
 Min. memory needed in ccsd:             162261563
 Max. memory used in ccsd:               236384108
 Max. memory used in cckext:             174319813 (11 integral passes)
 Max. memory used in cckint:             707860198 ( 1 integral passes)



 **********************************************************************************************************************************
 DATASETS  * FILE   NREC   LENGTH (MB)   RECORD NAMES
              1      19       14.45       500      610      700      900      950      970     1000      129      960     1100   
                                          VAR    BASINP    GEOM    SYMINP    ZMAT    AOBASIS   BASIS     P2S    ABASIS      S 
                                         1400     1410     1200     1210     1080     1600     1650     1700      960(1)
                                           T        V       H0       H01     AOSYM     SMH    MOLCAS    OPER    ABASIS    

              2       5        7.87       700     1000      520     2100     7360   
                                         GEOM     BASIS   MCVARS     RHF    F12ABS    

 PROGRAMS   *        TOTALUCCSD(T)-F        HF       INT
 CPU TIMES  *     20999.54  20594.86    101.42    302.86
 REAL TIME  *     23464.59 SEC
 DISK USED  *       198.71 GB      
 SF USED    *        58.79 GB      
 GA USED    *         2.40 MB       (max)       0.00 MB       (current)
 **********************************************************************************************************************************

    UCCSD(T)-F12        HF-SCF  
   -232.70342263   -231.61574723
 **********************************************************************************************************************************
 Variable memory released
