
 Primary working directories    : /scratch/scratchdirs/nyee88
 Secondary working directories  : /scratch/scratchdirs/nyee88
 Wavefunction directory         : /global/homes/n/nyee88/wfu/
 Main file repository           : /scratch/scratchdirs/nyee88/

 SHA1      : d03110ad91d449d0c5f19172a0c0ba2e2d66b3a5
 NAME      : 2012.1.21
 ARCHNAME  : Linux/XT
 FC        : /opt/cray/craype/2.2.1/bin/ftn
 FCVERSION : 14.2-0
 BLASLIB   : 
 id        : lbl

 Nodes     nprocs
 nid05769     1
 nid04699     1
 nid03821     1
 nid04534     1
 nid04631     1
 nid05276     1
 nid03675     1
 nid04831     1
 nid02079     1
 nid02076     1
 nid02077     1
 nid01976     1
 Number of processes for MPI-2 version of Molpro:   nprocs(total)=   24   nprocs(compute)=   12   nprocs(helper)=   12
 ga_uses_ma=false, calling ma_init with nominal heap.
 GA-space will be limited to   8.0 MW (determined by -G option)

 Using customized tuning parameters: mindgm=7; mindgv=24; mindgc=4; mindgr=2; noblas=0; minvec=7
 default implementation of scratch files=sf  

 geometry = {angstrom
  C
  H                  1              B1
  H                  1              B2    2              A1
  C                  1              B3    3              A2    2              D1
  H                  4              B4    1              A3    3              D2
  C                  4              B5    1              A4    3              D3
  H                  6              B6    4              A5    1              D4
  H                  6              B7    4              A6    1              D5
  C                  4              B8    1              A7    6              D6
  H                  9              B9    4              A8    1              D7
  H                  9             B10    4              A9    1              D8
  O                  9             B11    4             A10    1              D9
  H                 12             B12    9             A11    4             D10
  O                  6             B13    4             A12    1             D11
  O                 14             B14    6             A13    4             D12
  H                 15             B15   14             A14    6             D13
 }
 
       B1 =           1.08289712
       B2 =           1.08132599
       B3 =           1.50752600
       B4 =           1.09705780
       B5 =           1.53234425
       B6 =           1.09324552
       B7 =           1.09461761
       B8 =           1.53528232
       B9 =           1.10019883
       B10 =          1.09422040
       B11 =          1.41914093
       B12 =          0.96652167
       B13 =          1.44541321
       B14 =          1.70628837
       B15 =          0.96703471
       A1 =         117.91306475
       A2 =         120.35541065
       A3 =         113.12958011
       A4 =          97.25007853
       A5 =         115.53392936
       A6 =         113.51174993
       A7 =         112.10951115
       A8 =         108.62760512
       A9 =         109.83738190
       A10 =        113.18834900
       A11 =        108.22977815
       A12 =         97.36562733
       A13 =        100.93527918
       A14 =         94.75551500
       D1 =         163.92663175
       D2 =        -122.58843318
       D3 =         119.38283050
       D4 =        -143.96621478
       D5 =          88.66183644
       D6 =        -117.80549386
       D7 =         168.53402801
       D8 =         -74.13298635
       D9 =          44.58895206
       D10 =         36.60908379
       D11 =        -27.24688586
       D12 =       -164.74241867
       D13 =       -152.43044582
 
 memory,3000,M
 basis = vtz-f12
 hf
 uccsd(t)-f12,scale_trip=1

 Variables initialized (782), CPU time= 0.03 sec
 Commands  initialized (547), CPU time= 0.04 sec, 517 directives.
 Default parameters read. Elapsed time= 0.56 sec

 Checking input...
 Passed
1


                                         ***  PROGRAM SYSTEM MOLPRO  ***
                         Copyright, University College Cardiff Consultants Limited, 2008

                                    Version 2012.1 linked Mar 12 2015 14:11:14


 **********************************************************************************************************************************
 LABEL *                                                                                 
 Linux-3.0.101-0.31.1_1.0502.8394-cray_gem_c/nid05769(x86_64) 64 bit mpp version         DATE: 01-Jun-15          TIME: 10:47:23  
 **********************************************************************************************************************************

 SHA1:             d03110ad91d449d0c5f19172a0c0ba2e2d66b3a5
 **********************************************************************************************************************************
 SETTING B1             =         1.08289712                                  
 SETTING B2             =         1.08132599                                  
 SETTING B3             =         1.50752600                                  
 SETTING B4             =         1.09705780                                  
 SETTING B5             =         1.53234425                                  
 SETTING B6             =         1.09324552                                  
 SETTING B7             =         1.09461761                                  
 SETTING B8             =         1.53528232                                  
 SETTING B9             =         1.10019883                                  
 SETTING B10            =         1.09422040                                  
 SETTING B11            =         1.41914093                                  
 SETTING B12            =         0.96652167                                  
 SETTING B13            =         1.44541321                                  
 SETTING B14            =         1.70628837                                  
 SETTING B15            =         0.96703471                                  
 SETTING A1             =       117.91306475                                  
 SETTING A2             =       120.35541065                                  
 SETTING A3             =       113.12958011                                  
 SETTING A4             =        97.25007853                                  
 SETTING A5             =       115.53392936                                  
 SETTING A6             =       113.51174993                                  
 SETTING A7             =       112.10951115                                  
 SETTING A8             =       108.62760512                                  
 SETTING A9             =       109.83738190                                  
 SETTING A10            =       113.18834900                                  
 SETTING A11            =       108.22977815                                  
 SETTING A12            =        97.36562733                                  
 SETTING A13            =       100.93527918                                  
 SETTING A14            =        94.75551500                                  
 SETTING D1             =       163.92663175                                  
 SETTING D2             =      -122.58843318                                  
 SETTING D3             =       119.38283050                                  
 SETTING D4             =      -143.96621478                                  
 SETTING D5             =        88.66183644                                  
 SETTING D6             =      -117.80549386                                  
 SETTING D7             =       168.53402801                                  
 SETTING D8             =       -74.13298635                                  
 SETTING D9             =        44.58895206                                  
 SETTING D10            =        36.60908379                                  
 SETTING D11            =       -27.24688586                                  
 SETTING D12            =      -164.74241867                                  
 SETTING D13            =      -152.43044582                                  

 Variable memory set to 3000000000 words,  buffer space   230000 words

 SETTING BASIS          =    VTZ-F12


 Recomputing integrals since basis changed


 Using spherical harmonics

 Library entry C      S cc-pVTZ-F12          selected for orbital group  1
 Library entry C      P cc-pVTZ-F12          selected for orbital group  1
 Library entry C      D cc-pVTZ-F12          selected for orbital group  1
 Library entry C      F cc-pVTZ-F12          selected for orbital group  1
 Library entry H      S cc-pVTZ-F12          selected for orbital group  2
 Library entry H      P cc-pVTZ-F12          selected for orbital group  2
 Library entry H      D cc-pVTZ-F12          selected for orbital group  2
 Library entry O      S cc-pVTZ-F12          selected for orbital group  9
 Library entry O      P cc-pVTZ-F12          selected for orbital group  9
 Library entry O      D cc-pVTZ-F12          selected for orbital group  9
 Library entry O      F cc-pVTZ-F12          selected for orbital group  9

1PROGRAM * SEWARD (Integral evaluation for generally contracted gaussian basis sets)     Author: Roland Lindh, 1990

 Geometry written to block  1 of record 700

 Orientation using atomic masses  
 Molecule type: Asymmetric top
 Rotational constants:       1.5966999      1.8232812      3.9355499 GHz  (calculated with average atomic masses)

 Point group  C1  



 ATOMIC COORDINATES

 NR  ATOM    CHARGE       X              Y              Z

   1  C       6.00    1.825588526    2.390185825   -0.958604793
   2  H       1.00    2.173134702    4.211084376   -0.091882764
   3  H       1.00    3.418930846    1.391865823   -1.758693395
   4  C       6.00   -0.835732836    1.631894207   -1.635426863
   5  H       1.00   -1.940520789    3.182339808   -2.456076892
   6  C       6.00   -1.713975935    0.953924434    1.039304540
   7  H       1.00   -3.012237513   -0.647706860    1.171137615
   8  H       1.00   -2.500566422    2.558502953    2.081134279
   9  C       6.00   -0.898918501   -0.646122521   -3.430969969
  10  H       1.00   -2.852450854   -1.348603960   -3.544026877
  11  H       1.00   -0.338634891   -0.056823300   -5.332156425
  12  O       8.00    0.792018685   -2.601136820   -2.716382122
  13  H       1.00    0.818155157   -2.695669224   -0.892556135
  14  O       8.00    0.731774954    0.277541051    2.050020075
  15  O       8.00   -0.127465561   -1.286274421    4.735733488
  16  H       1.00    1.410516652   -0.890736304    5.639980963

 Bond lengths in Bohr (Angstrom)

 1-2  2.046378985  1-3  2.043409980  1-4  2.848811276  4-5  2.073138792  4-6  2.895710972
     ( 1.082897120)     ( 1.081325990)     ( 1.507526000)     ( 1.097057800)     ( 1.532344250)

  4- 9  2.901263119   6- 7  2.065934627   6- 8  2.068527502   6-14  2.731435114   9-10  2.079074479
       ( 1.535282320)       ( 1.093245520)       ( 1.094617610)       ( 1.445413210)       ( 1.100198830)

  9-11  2.067776883   9-12  2.681787700  12-13  1.826461256  14-15  3.224417721  15-16  1.827430761
       ( 1.094220400)       ( 1.419140930)       ( 0.966521670)       ( 1.706288370)       ( 0.967034710)

 Bond angles

  1-4-5  113.12958011   1-4-6   97.25007853   1-4-9  112.10951115   2-1-3  117.91306475

  2-1-4  119.74438346   3-1-4  120.35541065   4-6-7  115.53392936   4-6-8  113.51174993

  4- 6-14   97.36562733   4- 9-10  108.62760512   4- 9-11  109.83738190   4- 9-12  113.18834900

  5- 4- 6  112.27881282   5- 4- 9  109.30676106   6- 4- 9  112.40900568   6-14-15  100.93527918

  7- 6- 8  109.28524173   7- 6-14  110.30991317   8- 6-14  110.25586842   9-12-13  108.22977815

 10- 9-11  107.51130191  10- 9-12  111.13874383  11- 9-12  106.37382705  14-15-16   94.75551500

 NUCLEAR CHARGE:                   57
 NUMBER OF PRIMITIVE AOS:         693
 NUMBER OF SYMMETRY AOS:          621
 NUMBER OF CONTRACTIONS:          533   ( 533A   )
 NUMBER OF CORE ORBITALS:           7   (   7A   )
 NUMBER OF VALENCE ORBITALS:       37   (  37A   )


 NUCLEAR REPULSION ENERGY  330.70659790


 Eigenvalues of metric

         1 0.185E-04 0.326E-04 0.391E-04 0.696E-04 0.952E-04 0.108E-03 0.119E-03 0.129E-03


 Contracted 2-electron integrals neglected if value below      1.0D-12
 AO integral compression algorithm  1   Integral accuracy      1.0D-12

     37462.999 MB (compressed) written to integral file ( 43.0%)

     Node minimum: 2932.867 MB, node maximum: 3241.935 MB


 NUMBER OF SORTED TWO-ELECTRON INTEGRALS:  843886440.     BUFFER LENGTH:  32768
 NUMBER OF SEGMENTS:  27  SEGMENT LENGTH:   31999824      RECORD LENGTH: 524288

 Memory used in sort:      32.56 MW

 SORT1 READ 10881430949. AND WROTE   733452848. INTEGRALS IN   2112 RECORDS. CPU TIME:   560.23 SEC, REAL TIME:   581.42 SEC
 SORT2 READ  8779099437. AND WROTE 10126281516. INTEGRALS IN 146340 RECORDS. CPU TIME:    44.22 SEC, REAL TIME:    96.19 SEC

 Node minimum:   843791568.  Node maximum:   843922020. integrals

 OPERATOR DM      FOR CENTER  0  COORDINATES:    0.000000    0.000000    0.000000


 **********************************************************************************************************************************
 DATASETS  * FILE   NREC   LENGTH (MB)   RECORD NAMES
              1      18       18.19       500      610      700      900      950      970     1000      129      960     1100   
                                          VAR    BASINP    GEOM    SYMINP    ZMAT    AOBASIS   BASIS     P2S    ABASIS      S 
                                         1400     1410     1200     1210     1080     1600     1650     1700   
                                           T        V       H0       H01     AOSYM     SMH    MOLCAS    OPER   

 PROGRAMS   *        TOTAL       INT
 CPU TIMES  *       689.57    689.13
 REAL TIME  *       771.70 SEC
 DISK USED  *       142.31 GB      
 GA USED    *         0.01 MB       (max)       0.00 MB       (current)
 **********************************************************************************************************************************

1PROGRAM * RHF-SCF (OPEN SHELL)       Authors: W. Meyer, H.-J. Werner


 NUMBER OF ELECTRONS:      29+   28-    SPACE SYMMETRY=1    SPIN SYMMETRY: Doublet 
 CONVERGENCE THRESHOLDS:    1.00E-05 (Density)    1.14E-07 (Energy)
 MAX. NUMBER OF ITERATIONS:       60
 INTERPOLATION TYPE:            DIIS
 INTERPOLATION STEPS:              2 (START)      1 (STEP)
 LEVEL SHIFTS:                 -0.30 (CLOSED)  0.00 (OPEN) 



 Orbital guess generated from atomic densities. Full valence occupancy:   44

 Molecular orbital dump at record        2100.2

 ITERATION    DDIFF          GRAD             ENERGY        2-EL.EN.            DIPOLE MOMENTS         DIIS   ORB.
    1      0.000D+00      0.000D+00      -381.07228443    934.907146    0.12276    2.50948   -1.46593    0    start
    2      0.000D+00      0.273D-02      -381.17437637    932.014254   -0.24387    1.14663   -0.29601    1    diag,B
    3      0.250D-02      0.153D-02      -381.20075048    933.210084   -0.06377    1.48916   -0.65506    2    diag,B
    4      0.925D-03      0.401D-03      -381.20790459    933.149432   -0.16219    1.32174   -0.41704    3    diag,B
    5      0.443D-03      0.207D-03      -381.21034405    933.064238   -0.16885    1.27161   -0.33423    4    diag,B
    6      0.222D-03      0.126D-03      -381.21224981    933.051918   -0.20386    1.21181   -0.22933    5    diag,B
    7      0.193D-03      0.119D-03      -381.21447680    932.992157   -0.23720    1.14740   -0.11987    6    fixocc
    8      0.222D-03      0.113D-03      -381.21614396    932.963806   -0.26262    1.10356   -0.04722    7    diag,B
    9      0.169D-03      0.103D-03      -381.21928583    932.990671   -0.34668    0.97730    0.17085    8    diag,B
   10      0.806D-03      0.842D-04      -381.21843851    932.856503   -0.29904    1.04072    0.05296    9    orth
   11      0.530D-03      0.897D-04      -381.21975578    932.887970   -0.33303    0.99541    0.13107    9    diag,B
   12      0.328D-03      0.117D-04      -381.21976910    932.883911   -0.33530    0.99567    0.12980    9    diag,B
   13      0.310D-04      0.506D-05      -381.21976631    932.879083   -0.33446    0.99910    0.12256    9    diag,B
   14      0.196D-04      0.641D-05      -381.21977059    932.882415   -0.33601    0.99812    0.12425    9    diag,B
   15      0.204D-04      0.105D-05      -381.21977061    932.881521   -0.33576    0.99881    0.12276    9    diag,B
   16      0.493D-05      0.923D-06      -381.21977066    932.882299   -0.33573    0.99894    0.12260    0    orth

 Final alpha occupancy:  29
 Final beta  occupancy:  28

 !RHF STATE 1.1 Energy               -381.219770656075
 Nuclear energy                       330.70659790
 One-electron energy                -1178.36751803
 Two-electron energy                  466.44114948
 Virial quotient                       -1.00124671
 !RHF STATE 1.1 Dipole moment          -0.33572777     0.99894092     0.12260163
 Dipole moment /Debye                  -0.85327900     2.53888826     0.31160186

 Orbital energies:

         1.1          2.1          3.1          4.1          5.1          6.1          7.1          8.1          9.1         10.1
    -20.653031   -20.612676   -20.550878   -11.297542   -11.280985   -11.251332   -11.231362    -1.407275    -1.357044    -1.267435

        11.1         12.1         13.1         14.1         15.1         16.1         17.1         18.1         19.1         20.1
     -1.069881    -0.918659    -0.913899    -0.778836    -0.709279    -0.675991    -0.669890    -0.640295    -0.627616    -0.600370

        21.1         22.1         23.1         24.1         25.1         26.1         27.1         28.1         29.1         30.1
     -0.571703    -0.556387    -0.536939    -0.521460    -0.499321    -0.479915    -0.455538    -0.440469    -0.333588     0.040936

        31.1
      0.047296

 HOMO     29.1    -0.333588 =      -9.0774eV
 LUMO     30.1     0.040936 =       1.1139eV
 LUMO-HOMO         0.374524 =      10.1913eV


 **********************************************************************************************************************************
 DATASETS  * FILE   NREC   LENGTH (MB)   RECORD NAMES
              1      18       18.19       500      610      700      900      950      970     1000      129      960     1100   
                                          VAR    BASINP    GEOM    SYMINP    ZMAT    AOBASIS   BASIS     P2S    ABASIS      S 
                                         1400     1410     1200     1210     1080     1600     1650     1700   
                                           T        V       H0       H01     AOSYM     SMH    MOLCAS    OPER   

              2       4        8.59       700     1000      520     2100   
                                         GEOM     BASIS   MCVARS     RHF  

 PROGRAMS   *        TOTAL        HF       INT
 CPU TIMES  *      1167.22    477.65    689.13
 REAL TIME  *      1368.01 SEC
 DISK USED  *       143.13 GB      
 SF USED    *         1.14 MB      
 GA USED    *         0.01 MB       (max)       0.00 MB       (current)
 **********************************************************************************************************************************


1PROGRAM * CCSD (Unrestricted open-shell coupled cluster)     Authors: C. Hampel, H.-J. Werner, 1991, M. Deegan, P.J. Knowles, 1992

                           UCCSD-F12 implementation by G. Knizia and H.-J. Werner, 2008

                   Density fitting integral evaluation by F.R. Manby, 2003,2007, G. Knizia, 2010

 Basis set CC-PVTZ/JKFIT generated.      Number of basis functions:   823 
 Basis set CC-PVTZ-F12/OPTRI generated.  Number of basis functions:   894 
 Basis set AUG-CC-PVTZ/MP2FIT generated. Number of basis functions:   1156 

 Convergence thresholds:  THRVAR = 1.00D-08  THRDEN = 1.14D-06

 CCSD(T)     terms to be evaluated (factor= 1.000)


 Number of core orbitals:           7 (   7 )
 Number of closed-shell orbitals:  21 (  21 )
 Number of active  orbitals:        1 (   1 )
 Number of external orbitals:     504 ( 504 )

 For full I/O caching in triples, increase memory by 1254.02 Mwords to 4254.30 Mwords.

 Number of N-1 electron functions:              43
 Number of N-2 electron functions:             903
 Number of singly external CSFs:             21715
 Number of doubly external CSFs:         173943210
 Total number of CSFs:                   173964925

 Molecular orbitals read from record     2100.2  Type=RHF/CANONICAL (state 1.1)

 Integral transformation finished. Total CPU:1971.71 sec, npass=  1  Memory used:1866.44 MW
 
 Geminal basis:    OPTFULL  GEM_TYPE=SLATER  BETA=1.0  NGEM=6

 Optimizing Gaussian exponents for each gem_beta

 Geminal optimization for beta= 1.0000
 Weight function:   m=0, omega= 1.4646

 Augmented Hessian optimization of geminal fit. Trust ratio= 0.40000
 Convergence reached after   2 iterations. Final gradient= 8.42D-16, Step= 4.39D-06, Delta= 1.28D-09
 
 Alpha:                 0.19532     0.81920     2.85917     9.50073    35.69989   197.79328
 Coeff:                 0.27070     0.30552     0.18297     0.10986     0.06810     0.04224
 
 
 WFN_F12=FIX,EG    DECOUPLE_EXPL=F   HYBRID=0    NOX=F   SEMIINT_F12=T   CORE_SINGLES=F
 
 AO(A)-basis ORBITAL           loaded. Number of functions:     533
 RI(R)-basis CC-PVTZ-F12/OPTRI loaded. Number of functions:     894
 DF-basis CC-PVTZ/JKFIT        loaded. Number of functions:     823

 Screening thresholds:   THRAO=  1.00D-10  THRMO=  1.00D-09  THRPROD=  1.00D-09
                         THRSW=  1.00D-05  THROV=  1.00D-12  THRF12=   1.00D-08

 CPU time for one-electron matrices              23.41 sec
 
 Construction of ABS:
 Pseudo-inverse stability          2.95E-10
 Smallest eigenvalue of S          4.39E-05  (threshold= 1.00E-08)
 Ratio eigmin/eigmax               1.96E-07  (threshold= 1.00E-09)
 Smallest eigenvalue of S kept     4.39E-05  (threshold= 4.39E-05, 0 functions deleted, 894 kept)
 
 Construction of CABS:
 Pseudo-inverse stability          3.95E-09
 Smallest eigenvalue of S          1.85E-07  (threshold= 1.00E-08)
 Ratio eigmin/eigmax               1.85E-07  (threshold= 1.00E-09)
 Smallest eigenvalue of S kept     1.85E-07  (threshold= 1.85E-07, 0 functions deleted, 894 kept)
 
 CPU time for basis constructions                 5.68 sec
 Fock operators(MO) rebuilt from dump record.
 CPU time for fock operators                      7.87 sec
 
                                      TOTAL          ALPHA          BETA    
  Singles Contributions MO        -0.003521396   -0.001786119   -0.001735277
  Singles Contributions CABS      -0.003454604   -0.001772441   -0.001682164
  Pure DF-RHF relaxation          -0.003449539
 
 CPU time for singles                            32.53 sec
 
 AO(A)-basis ORBITAL           loaded. Number of functions:     533
 RI(R)-basis CC-PVTZ-F12/OPTRI loaded. Number of functions:     894
 DF-basis AUG-CC-PVTZ/MP2FIT   loaded. Number of functions:    1156

 Screening thresholds:   THRAO=  1.00D-10  THRMO=  1.00D-09  THRPROD=  1.00D-09
                         THRSW=  1.00D-05  THROV=  1.00D-12  THRF12=   1.00D-08

 CPU time for transformed integrals             353.82 sec
 CPU time for F12 matrices                      291.14 sec

 Diagonal F12 ansatz with fixed amplitudes:   TS= 0.5000  TT= 0.2500  TN= 0.3750
 
 ITER.     SQ.NORM      CORR.ENERGY   TOTAL ENERGY  ENERGY CHANGE      VAR         CPU   MICRO    DIIS
   1      1.42561779    -1.60908564  -382.83230583    -1.6125E+00   4.23E-01     13.95  1  1  1   0  0
   2      1.42611304    -1.60893634  -382.83215654     1.4929E-04   2.70E-04    113.98  0  0  0   1  1
   3      1.42665287    -1.60939390  -382.83261409    -4.5756E-04   3.11E-06    223.92  0  0  0   2  2
   4      1.42667274    -1.60939845  -382.83261865    -4.5542E-06   2.71E-08    343.55  0  0  0   3  3
   5      1.42667545    -1.60939849  -382.83261869    -4.0468E-08   2.17E-10    472.67  0  0  0   4  4
 
 - - Continuing with F12/conv. amplitude coupling turned on.
 
   6      1.42672704    -1.61002679  -382.83324699    -6.2834E-04   1.19E-04    583.45  1  1  1   1  1
   7      1.42672668    -1.61002686  -382.83324706    -7.0354E-08   1.93E-09    704.39  1  1  1   2  2
 
 CPU time for iterative RMP2-F12                704.39 sec
 
 
 DF-RMP2-F12 doubles corrections:
 - - - - - - - - - - - - - - - - 
  Approx.                             TOTAL           A-B            A-A            B-B    
  RMP2-F12/3C(FIX)                -0.123938766   -0.115026343   -0.004704761   -0.004207662
  RMP2-F12/3*C(FIX)               -0.123310398   -0.114741008   -0.004526407   -0.004042983
  RMP2-F12/3*C(DX)                -0.123742287   -0.115139775   -0.004543220   -0.004059291
  RMP2-F12/3*C(FIX,DX)            -0.130680934   -0.121613233   -0.004774370   -0.004293330
 
 DF-RMP2-F12 doubles energies:
 - - - - - - - - - - - - - - -
  Approx.                             TOTAL           A-B            A-A            B-B    
  RMP2                            -1.482566701   -1.121954917   -0.189486424   -0.171125360
  RMP2-F12/3C(FIX)                -1.606505467   -1.236981260   -0.194191185   -0.175333023
  RMP2-F12/3*C(FIX)               -1.605877098   -1.236695925   -0.194012830   -0.175168343
  RMP2-F12/3*C(DX)                -1.606308988   -1.237094692   -0.194029644   -0.175184652
  RMP2-F12/3*C(FIX,DX)            -1.613247634   -1.243568150   -0.194260794   -0.175418691
 
 
  Reference energy                   -381.219770656080
  CABS relaxation correction to RHF    -0.003449539323
  New reference energy               -381.223220195402
 
  RMP2-F12 singles (MO) energy         -0.003521395748
  RMP2-F12 pair energy                 -1.606505466739
  RMP2-F12 correlation energy          -1.610026862487
 
  RMP2-F12/3C(FIX) energy            -382.833247057890

 Starting RMP2 calculation

 ITER.      SQ.NORM     CORR.ENERGY   TOTAL ENERGY   ENERGY CHANGE        DEN1      VAR(S)    VAR(P)  DIIS     TIME
   1      1.42118266    -1.48056200  -382.70033265    -1.48056200    -0.00512926  0.44D-04  0.21D-02  1  1  3642.72
   2      1.42638778    -1.48609599  -382.70586664    -0.00553399    -0.00002043  0.16D-05  0.12D-04  2  2  3789.83
   3      1.42667584    -1.48624956  -382.70602022    -0.00015357    -0.00000020  0.48D-07  0.10D-06  3  3  3939.35
   4      1.42668546    -1.48625104  -382.70602170    -0.00000148     0.00000000  0.90D-09  0.66D-09  4  4  4091.24
   5      1.42668577    -1.48625115  -382.70602180    -0.00000011     0.00000000  0.20D-10  0.47D-11  5  5  4244.99

 Norm of t1 vector:      0.05446574      S-energy:    -0.00352138      T1 diagnostic:  0.00061058
 Norm of t2 vector:      0.65093721      P-energy:    -1.48272977
                                         Alpha-Beta:  -1.12240205
                                         Alpha-Alpha: -0.18932724
                                         Beta-Beta:   -0.17100048

 Spin contamination <S**2-Sz**2-Sz>     0.00119286
  Reference energy                   -381.223220195401
  RHF-RMP2 correlation energy          -1.486251148522
 !RHF-RMP2 energy                    -382.709471343923

 Starting UCCSD calculation

 ITER.      SQ.NORM     CORR.ENERGY   TOTAL ENERGY   ENERGY CHANGE        DEN1      VAR(S)    VAR(P)  DIIS     TIME
   1      1.40841514    -1.44447552  -382.66424617    -1.44447552    -0.04338406  0.81D-02  0.78D-02  0  0  7615.04
   2      1.44651238    -1.48232878  -382.70209943    -0.03785326    -0.00474372  0.64D-03  0.16D-02  1  1 11000.00
   3      1.46310005    -1.48823919  -382.70800984    -0.00591041    -0.00109579  0.61D-03  0.22D-03  2  2 14394.36
   4      1.47897447    -1.49469337  -382.71446403    -0.00645418    -0.00029101  0.21D-03  0.61D-04  3  3 17798.16
   5      1.48973155    -1.49596600  -382.71573665    -0.00127263    -0.00013623  0.13D-03  0.19D-04  4  4 21199.57
   6      1.49899977    -1.49657964  -382.71635030    -0.00061365    -0.00006970  0.58D-04  0.14D-04  5  5 24612.66
   7      1.51227373    -1.49746059  -382.71723125    -0.00088095    -0.00002195  0.16D-04  0.48D-05  6  6 28023.33
   8      1.51803232    -1.49764539  -382.71741605    -0.00018480    -0.00000678  0.37D-05  0.20D-05  6  2 31440.20
   9      1.52151336    -1.49786077  -382.71763143    -0.00021538    -0.00000174  0.91D-06  0.47D-06  6  1 34846.17
  10      1.52199852    -1.49787293  -382.71764359    -0.00001216    -0.00000042  0.26D-06  0.94D-07  6  3 38263.58
  11      1.52237640    -1.49788224  -382.71765290    -0.00000931    -0.00000015  0.10D-06  0.29D-07  6  4 41675.10
  12      1.52226469    -1.49786751  -382.71763817     0.00001473    -0.00000006  0.45D-07  0.92D-08  6  6 45084.28
  13      1.52239793    -1.49786816  -382.71763882    -0.00000065    -0.00000003  0.23D-07  0.36D-08  6  5 48489.01
  14      1.52238974    -1.49786412  -382.71763478     0.00000404    -0.00000001  0.12D-07  0.16D-08  6  2 51891.62
  15      1.52236939    -1.49786364  -382.71763430     0.00000048    -0.00000001  0.60D-08  0.11D-08  6  3 55307.27

 Norm of t1 vector:      0.24995398      S-energy:    -0.00594918      T1 diagnostic:  0.02272174
                                                                       D1 diagnostic:  0.10441292
 Norm of t2 vector:      0.67815367      P-energy:    -1.49191446
                                         Alpha-Beta:  -1.17203759
                                         Alpha-Alpha: -0.16908245
                                         Beta-Beta:   -0.15079443

 Singles amplitudes (print threshold =  0.500E-01):

         I         SYM. A    A   T(IA) [Alpha-Alpha]

        22         1        11     -0.09969872
        22         1        15     -0.06443451

 Spin contamination <S**2-Sz**2-Sz>     0.01977392

 For full I/O caching in triples, increase memory by 1505.43 Mwords to 4505.71 Mwords.
 

  Ecorr(MP2)                           -1.486251148522
  Ecorr(MP2-F12)                       -1.610189914741
  Scale factor for triples energy       1.083390190374

 RESULTS
 =======

  Reference energy                   -381.219770656078
  CABS relaxation correction to RHF    -0.003449539323
  New reference energy               -381.223220195401
 
  F12 corrections for ansatz 3C(FIX) added to UCCSD energy. Coupling mode: 15
 
  UCCSD-F12a singles energy            -0.005949178339
  UCCSD-F12a pair energy               -1.614264295927
  UCCSD-F12a correlation energy        -1.620213474266
  Triples (T) contribution (scaled)    -0.076379853419
  Total correlation energy             -1.696593327685
 
  RHF-UCCSD-F12a energy              -382.843433669667
  RHF-UCCSD[T]-F12a energy           -382.923013145865
  RHF-UCCSD-T-F12a energy            -382.919521740771
 !RHF-UCCSD(T)-F12a energy           -382.919813523086
 
  F12 corrections for ansatz 3C(FIX) added to UCCSD energy. Coupling mode: 15
 
  UCCSD-F12b singles energy            -0.005949178339
  UCCSD-F12b pair energy               -1.592072375995
  UCCSD-F12b correlation energy        -1.598021554334
  Triples (T) contribution (scaled)    -0.076379853419
  Total correlation energy             -1.674401407753
 
  RHF-UCCSD-F12b energy              -382.821241749735
  RHF-UCCSD[T]-F12b energy           -382.900821225933
  RHF-UCCSD-T-F12b energy            -382.897329820840
 !RHF-UCCSD(T)-F12b energy           -382.897621603155

 Program statistics:

 Available memory in ccsd:              2999995808
 Min. memory needed in ccsd:             476499949
 Max. memory used in ccsd:               700559786
 Max. memory used in cckext:             522715393 (16 integral passes)
 Max. memory used in cckint:            1866435477 ( 1 integral passes)



 **********************************************************************************************************************************
 DATASETS  * FILE   NREC   LENGTH (MB)   RECORD NAMES
              1      19       18.21       500      610      700      900      950      970     1000      129      960     1100   
                                          VAR    BASINP    GEOM    SYMINP    ZMAT    AOBASIS   BASIS     P2S    ABASIS      S 
                                         1400     1410     1200     1210     1080     1600     1650     1700      960(1)
                                           T        V       H0       H01     AOSYM     SMH    MOLCAS    OPER    ABASIS    

              2       5       12.01       700     1000      520     2100     7360   
                                         GEOM     BASIS   MCVARS     RHF    F12ABS    

 PROGRAMS   *        TOTALUCCSD(T)-F        HF       INT
 CPU TIMES  *    150245.52 149078.26    477.65    689.13
 REAL TIME  *    166131.31 SEC
 DISK USED  *       408.00 GB      
 SF USED    *       163.89 GB      
 GA USED    *         2.40 MB       (max)       0.00 MB       (current)
 **********************************************************************************************************************************

    UCCSD(T)-F12        HF-SCF  
   -382.89762160   -381.21977066
 **********************************************************************************************************************************
 Variable memory released
