
 Primary working directories    : /scratch/scratchdirs/nyee88
 Secondary working directories  : /scratch/scratchdirs/nyee88
 Wavefunction directory         : /global/homes/n/nyee88/wfu/
 Main file repository           : /scratch/scratchdirs/nyee88/

 SHA1      : d03110ad91d449d0c5f19172a0c0ba2e2d66b3a5
 NAME      : 2012.1.21
 ARCHNAME  : Linux/XT
 FC        : /opt/cray/craype/2.2.1/bin/ftn
 FCVERSION : 14.2-0
 BLASLIB   : 
 id        : lbl

 Nodes     nprocs
 nid05419     1
 nid06100     1
 nid06101     1
 nid06090     1
 nid06091     1
 nid05428     1
 nid05427     1
 nid05421     1
 nid05422     1
 nid05424     1
 nid05425     1
 nid06094     1
 Number of processes for MPI-2 version of Molpro:   nprocs(total)=   24   nprocs(compute)=   12   nprocs(helper)=   12
 ga_uses_ma=false, calling ma_init with nominal heap.
 GA-space will be limited to   8.0 MW (determined by -G option)

 Using customized tuning parameters: mindgm=7; mindgv=24; mindgc=4; mindgr=2; noblas=0; minvec=7
 default implementation of scratch files=sf  

 geometry = {angstrom
  C
  H                  1              B1
  H                  1              B2    2              A1
  C                  1              B3    2              A2    3              D1
  H                  4              B4    1              A3    2              D2
  C                  4              B5    1              A4    2              D3
  H                  6              B6    4              A5    1              D4
  H                  6              B7    4              A6    1              D5
  H                  6              B8    4              A7    1              D6
  C                  4              B9    1              A8    6              D7
  H                 10             B10    4              A9    1              D8
  O                 10             B11    4             A10    1              D9
  H                 12             B12   10             A11    4             D10
  O                  1             B13    4             A12   10             D11
  O                 14             B14    1             A13    4             D12
  H                 15             B15   14             A14    1             D13
 }
 
       B1 =           1.09412707
       B2 =           1.09634772
       B3 =           1.53660820
       B4 =           1.10544237
       B5 =           1.53559418
       B6 =           1.09263552
       B7 =           1.09234744
       B8 =           1.09352176
       B9 =           1.50123890
       B10 =          1.08444999
       B11 =          1.36455825
       B12 =          0.97056600
       B13 =          1.43553041
       B14 =          1.45036086
       B15 =          0.96766720
       A1 =         109.60552106
       A2 =         110.86488744
       A3 =         106.32787302
       A4 =         109.49898243
       A5 =         111.33001722
       A6 =         110.38775223
       A7 =         110.87682665
       A8 =         112.16425400
       A9 =         119.70263385
       A10 =        120.46836854
       A11 =        108.09436158
       A12 =        106.66933161
       A13 =        107.83212563
       A14 =        100.24996964
       D1 =        -123.34117753
       D2 =        -174.34790339
       D3 =          68.98993396
       D4 =          58.23335027
       D5 =         177.97274203
       D6 =         -62.63660140
       D7 =        -123.24866200
       D8 =         156.09821743
       D9 =         -56.51129815
       D10 =         25.75525864
       D11 =         64.39741276
       D12 =       -171.35766603
       D13 =       -113.61749591
 
 memory,3000,M
 basis = vtz-f12
 hf
 uccsd(t)-f12,scale_trip=1

 Variables initialized (782), CPU time= 0.03 sec
 Commands  initialized (547), CPU time= 0.03 sec, 517 directives.
 Default parameters read. Elapsed time= 0.83 sec

 Checking input...
 Passed
1


                                         ***  PROGRAM SYSTEM MOLPRO  ***
                         Copyright, University College Cardiff Consultants Limited, 2008

                                    Version 2012.1 linked Mar 12 2015 14:11:14


 **********************************************************************************************************************************
 LABEL *                                                                                 
 Linux-3.0.101-0.31.1_1.0502.8394-cray_gem_c/nid05419(x86_64) 64 bit mpp version         DATE: 29-May-15          TIME: 16:21:54  
 **********************************************************************************************************************************

 SHA1:             d03110ad91d449d0c5f19172a0c0ba2e2d66b3a5
 **********************************************************************************************************************************
 SETTING B1             =         1.09412707                                  
 SETTING B2             =         1.09634772                                  
 SETTING B3             =         1.53660820                                  
 SETTING B4             =         1.10544237                                  
 SETTING B5             =         1.53559418                                  
 SETTING B6             =         1.09263552                                  
 SETTING B7             =         1.09234744                                  
 SETTING B8             =         1.09352176                                  
 SETTING B9             =         1.50123890                                  
 SETTING B10            =         1.08444999                                  
 SETTING B11            =         1.36455825                                  
 SETTING B12            =         0.97056600                                  
 SETTING B13            =         1.43553041                                  
 SETTING B14            =         1.45036086                                  
 SETTING B15            =         0.96766720                                  
 SETTING A1             =       109.60552106                                  
 SETTING A2             =       110.86488744                                  
 SETTING A3             =       106.32787302                                  
 SETTING A4             =       109.49898243                                  
 SETTING A5             =       111.33001722                                  
 SETTING A6             =       110.38775223                                  
 SETTING A7             =       110.87682665                                  
 SETTING A8             =       112.16425400                                  
 SETTING A9             =       119.70263385                                  
 SETTING A10            =       120.46836854                                  
 SETTING A11            =       108.09436158                                  
 SETTING A12            =       106.66933161                                  
 SETTING A13            =       107.83212563                                  
 SETTING A14            =       100.24996964                                  
 SETTING D1             =      -123.34117753                                  
 SETTING D2             =      -174.34790339                                  
 SETTING D3             =        68.98993396                                  
 SETTING D4             =        58.23335027                                  
 SETTING D5             =       177.97274203                                  
 SETTING D6             =       -62.63660140                                  
 SETTING D7             =      -123.24866200                                  
 SETTING D8             =       156.09821743                                  
 SETTING D9             =       -56.51129815                                  
 SETTING D10            =        25.75525864                                  
 SETTING D11            =        64.39741276                                  
 SETTING D12            =      -171.35766603                                  
 SETTING D13            =      -113.61749591                                  

 Variable memory set to 3000000000 words,  buffer space   230000 words

 SETTING BASIS          =    VTZ-F12


 Recomputing integrals since basis changed


 Using spherical harmonics

 Library entry C      S cc-pVTZ-F12          selected for orbital group  1
 Library entry C      P cc-pVTZ-F12          selected for orbital group  1
 Library entry C      D cc-pVTZ-F12          selected for orbital group  1
 Library entry C      F cc-pVTZ-F12          selected for orbital group  1
 Library entry H      S cc-pVTZ-F12          selected for orbital group  2
 Library entry H      P cc-pVTZ-F12          selected for orbital group  2
 Library entry H      D cc-pVTZ-F12          selected for orbital group  2
 Library entry O      S cc-pVTZ-F12          selected for orbital group  9
 Library entry O      P cc-pVTZ-F12          selected for orbital group  9
 Library entry O      D cc-pVTZ-F12          selected for orbital group  9
 Library entry O      F cc-pVTZ-F12          selected for orbital group  9

1PROGRAM * SEWARD (Integral evaluation for generally contracted gaussian basis sets)     Author: Roland Lindh, 1990

 Geometry written to block  1 of record 700

 Orientation using atomic masses  
 Molecule type: Asymmetric top
 Rotational constants:       1.8281302      1.2711360      3.5323923 GHz  (calculated with average atomic masses)

 Point group  C1  



 ATOMIC COORDINATES

 NR  ATOM    CHARGE       X              Y              Z

   1  C       6.00    1.680766290    0.334267792    0.713037829
   2  H       1.00    1.625289919    2.398572352    0.815706952
   3  H       1.00    3.594570198   -0.332021626    1.144031514
   4  C       6.00    0.798596627   -0.595726056   -1.892487188
   5  H       1.00    0.722544372   -2.680141599   -1.777251493
   6  C       6.00    2.767326455    0.129242146   -3.897299301
   7  H       1.00    4.619158421   -0.669641502   -3.454775224
   8  H       1.00    2.199797788   -0.578602426   -5.751468586
   9  H       1.00    2.955855717    2.182427875   -4.035603832
  10  C       6.00   -1.756513316    0.424538995   -2.584329929
  11  H       1.00   -2.295705546    0.560179333   -4.556779978
  12  O       8.00   -3.784013016    0.029310592   -1.040817423
  13  H       1.00   -3.161063393   -0.212387899    0.667237858
  14  O       8.00   -0.050257409   -0.691524744    2.532479996
  15  O       8.00    0.498291577    0.463260460    4.956828684
  16  H       1.00    1.102486198   -0.993751469    5.881997926

 Bond lengths in Bohr (Angstrom)

  1- 2  2.067600515   1- 3  2.071796936   1- 4  2.903768669   1-14  2.712759328   4- 5  2.088983333
       ( 1.094127070)       ( 1.096347720)       ( 1.536608200)       ( 1.435530410)       ( 1.105442370)

  4- 6  2.901852449   4-10  2.836930379   6- 7  2.064781894   6- 8  2.064237502   6- 9  2.066456645
       ( 1.535594180)       ( 1.501238900)       ( 1.092635520)       ( 1.092347440)       ( 1.093521760)

 10-11  2.049313484  10-12  2.578641383  12-13  1.834103932  14-15  2.740784817  15-16  1.828625994
       ( 1.084449990)       ( 1.364558250)       ( 0.970566000)       ( 1.450360860)       ( 0.967667200)

 Bond angles

  1- 4- 5  106.32787302   1- 4- 6  109.49898243   1- 4-10  112.16425400   1-14-15  107.83212563

  2- 1- 3  109.60552106   2- 1- 4  110.86488744   2- 1-14  109.09333500   3- 1- 4  111.36434403

  3- 1-14  109.16624087   4- 1-14  106.66933161   4- 6- 7  111.33001722   4- 6- 8  110.38775223

  4- 6- 9  110.87682665   4-10-11  119.70263385   4-10-12  120.46836854   5- 4- 6  108.18544968

  5- 4-10  109.84724165   6- 4-10  110.65326015   7- 6- 8  107.84323974   7- 6- 9  108.47826843

  8- 6- 9  107.79859929  10-12-13  108.09436158  11-10-12  112.29628652  14-15-16  100.24996964

 NUCLEAR CHARGE:                   57
 NUMBER OF PRIMITIVE AOS:         693
 NUMBER OF SYMMETRY AOS:          621
 NUMBER OF CONTRACTIONS:          533   ( 533A   )
 NUMBER OF CORE ORBITALS:           7   (   7A   )
 NUMBER OF VALENCE ORBITALS:       37   (  37A   )


 NUCLEAR REPULSION ENERGY  324.02919448


 Eigenvalues of metric

         1 0.221E-04 0.376E-04 0.433E-04 0.824E-04 0.101E-03 0.104E-03 0.109E-03 0.130E-03


 Contracted 2-electron integrals neglected if value below      1.0D-12
 AO integral compression algorithm  1   Integral accuracy      1.0D-12

     34786.509 MB (compressed) written to integral file ( 40.0%)

     Node minimum: 2720.268 MB, node maximum: 3095.921 MB


 NUMBER OF SORTED TWO-ELECTRON INTEGRALS:  843886440.     BUFFER LENGTH:  32768
 NUMBER OF SEGMENTS:  27  SEGMENT LENGTH:   31999824      RECORD LENGTH: 524288

 Memory used in sort:      32.56 MW

 SORT1 READ 10879485024. AND WROTE   686897257. INTEGRALS IN   1980 RECORDS. CPU TIME:   520.57 SEC, REAL TIME:   540.40 SEC
 SORT2 READ  8288226513. AND WROTE 10126281516. INTEGRALS IN 128796 RECORDS. CPU TIME:    27.79 SEC, REAL TIME:    79.42 SEC

 Node minimum:   843791568.  Node maximum:   843922020. integrals

 OPERATOR DM      FOR CENTER  0  COORDINATES:    0.000000    0.000000    0.000000


 **********************************************************************************************************************************
 DATASETS  * FILE   NREC   LENGTH (MB)   RECORD NAMES
              1      18       18.19       500      610      700      900      950      970     1000      129      960     1100   
                                          VAR    BASINP    GEOM    SYMINP    ZMAT    AOBASIS   BASIS     P2S    ABASIS      S 
                                         1400     1410     1200     1210     1080     1600     1650     1700   
                                           T        V       H0       H01     AOSYM     SMH    MOLCAS    OPER   

 PROGRAMS   *        TOTAL       INT
 CPU TIMES  *       631.47    631.11
 REAL TIME  *       711.43 SEC
 DISK USED  *       133.73 GB      
 GA USED    *         0.01 MB       (max)       0.00 MB       (current)
 **********************************************************************************************************************************

1PROGRAM * RHF-SCF (OPEN SHELL)       Authors: W. Meyer, H.-J. Werner


 NUMBER OF ELECTRONS:      29+   28-    SPACE SYMMETRY=1    SPIN SYMMETRY: Doublet 
 CONVERGENCE THRESHOLDS:    1.00E-05 (Density)    1.14E-07 (Energy)
 MAX. NUMBER OF ITERATIONS:       60
 INTERPOLATION TYPE:            DIIS
 INTERPOLATION STEPS:              2 (START)      1 (STEP)
 LEVEL SHIFTS:                 -0.30 (CLOSED)  0.00 (OPEN) 



 Orbital guess generated from atomic densities. Full valence occupancy:   44

 Molecular orbital dump at record        2100.2

 ITERATION    DDIFF          GRAD             ENERGY        2-EL.EN.            DIPOLE MOMENTS         DIIS   ORB.
    1      0.000D+00      0.000D+00      -381.20230040    918.894824    1.60825   -0.79417    0.49814    0    start
    2      0.000D+00      0.244D-02      -381.28708828    918.666505    1.31231   -0.51616    0.26391    1    diag,B
    3      0.198D-02      0.819D-03      -381.29984336    918.866890    1.31733   -0.52537    0.20254    2    diag,B
    4      0.615D-03      0.351D-03      -381.30384634    918.884145    1.31374   -0.49128    0.17885    3    diag,B
    5      0.353D-03      0.124D-03      -381.30475472    918.878951    1.31898   -0.48449    0.15492    4    diag,B
    6      0.161D-03      0.525D-04      -381.30500118    918.884467    1.32704   -0.47394    0.14692    5    diag,B
    7      0.877D-04      0.256D-04      -381.30506652    918.880522    1.33028   -0.47101    0.14204    6    fixocc
    8      0.477D-04      0.116D-04      -381.30508221    918.885895    1.33273   -0.46840    0.14029    7    diag,B
    9      0.262D-04      0.456D-05      -381.30508414    918.886772    1.33321   -0.46796    0.13998    8    diag,B
   10      0.953D-05      0.156D-05      -381.30508435    918.887914    1.33340   -0.46798    0.14000    9    orth
   11      0.450D-05      0.481D-06      -381.30508437    918.887817    1.33340   -0.46800    0.14004    9    diag,B
   12      0.193D-05      0.156D-06      -381.30508437    918.887905    1.33341   -0.46801    0.14004    0    orth

 Final alpha occupancy:  29
 Final beta  occupancy:  28

 !RHF STATE 1.1 Energy               -381.305084371969
 Nuclear energy                       324.02919448
 One-electron energy                -1164.77823134
 Two-electron energy                  459.44395248
 Virial quotient                       -1.00119193
 !RHF STATE 1.1 Dipole moment           1.33340616    -0.46801176     0.14004042
 Dipole moment /Debye                   3.38895843    -1.18948933     0.35592393

 Orbital energies:

         1.1          2.1          3.1          4.1          5.1          6.1          7.1          8.1          9.1         10.1
    -20.638585   -20.638023   -20.558616   -11.293798   -11.261576   -11.248050   -11.229386    -1.487915    -1.372385    -1.244449

        11.1         12.1         13.1         14.1         15.1         16.1         17.1         18.1         19.1         20.1
     -1.078979    -0.925787    -0.891197    -0.801490    -0.740207    -0.690493    -0.669945    -0.654902    -0.613874    -0.598659

        21.1         22.1         23.1         24.1         25.1         26.1         27.1         28.1         29.1         30.1
     -0.587250    -0.558751    -0.545163    -0.514322    -0.501915    -0.498903    -0.480219    -0.456479    -0.327731     0.041565

        31.1
      0.047064

 HOMO     29.1    -0.327731 =      -8.9180eV
 LUMO     30.1     0.041565 =       1.1310eV
 LUMO-HOMO         0.369297 =      10.0491eV


 **********************************************************************************************************************************
 DATASETS  * FILE   NREC   LENGTH (MB)   RECORD NAMES
              1      18       18.19       500      610      700      900      950      970     1000      129      960     1100   
                                          VAR    BASINP    GEOM    SYMINP    ZMAT    AOBASIS   BASIS     P2S    ABASIS      S 
                                         1400     1410     1200     1210     1080     1600     1650     1700   
                                           T        V       H0       H01     AOSYM     SMH    MOLCAS    OPER   

              2       4        8.59       700     1000      520     2100   
                                         GEOM     BASIS   MCVARS     RHF  

 PROGRAMS   *        TOTAL        HF       INT
 CPU TIMES  *       980.80    349.33    631.11
 REAL TIME  *      1138.45 SEC
 DISK USED  *       134.54 GB      
 SF USED    *         1.14 MB      
 GA USED    *         0.01 MB       (max)       0.00 MB       (current)
 **********************************************************************************************************************************


1PROGRAM * CCSD (Unrestricted open-shell coupled cluster)     Authors: C. Hampel, H.-J. Werner, 1991, M. Deegan, P.J. Knowles, 1992

                           UCCSD-F12 implementation by G. Knizia and H.-J. Werner, 2008

                   Density fitting integral evaluation by F.R. Manby, 2003,2007, G. Knizia, 2010

 Basis set CC-PVTZ/JKFIT generated.      Number of basis functions:   823 
 Basis set CC-PVTZ-F12/OPTRI generated.  Number of basis functions:   894 
 Basis set AUG-CC-PVTZ/MP2FIT generated. Number of basis functions:   1156 

 Convergence thresholds:  THRVAR = 1.00D-08  THRDEN = 1.14D-06

 CCSD(T)     terms to be evaluated (factor= 1.000)


 Number of core orbitals:           7 (   7 )
 Number of closed-shell orbitals:  21 (  21 )
 Number of active  orbitals:        1 (   1 )
 Number of external orbitals:     504 ( 504 )

 For full I/O caching in triples, increase memory by 1254.02 Mwords to 4254.30 Mwords.

 Number of N-1 electron functions:              43
 Number of N-2 electron functions:             903
 Number of singly external CSFs:             21715
 Number of doubly external CSFs:         173943210
 Total number of CSFs:                   173964925

 Molecular orbitals read from record     2100.2  Type=RHF/CANONICAL (state 1.1)

 Integral transformation finished. Total CPU:1943.78 sec, npass=  1  Memory used:1866.44 MW
 
 Geminal basis:    OPTFULL  GEM_TYPE=SLATER  BETA=1.0  NGEM=6

 Optimizing Gaussian exponents for each gem_beta

 Geminal optimization for beta= 1.0000
 Weight function:   m=0, omega= 1.4646

 Augmented Hessian optimization of geminal fit. Trust ratio= 0.40000
 Convergence reached after   2 iterations. Final gradient= 8.42D-16, Step= 4.39D-06, Delta= 1.28D-09
 
 Alpha:                 0.19532     0.81920     2.85917     9.50073    35.69989   197.79328
 Coeff:                 0.27070     0.30552     0.18297     0.10986     0.06810     0.04224
 
 
 WFN_F12=FIX,EG    DECOUPLE_EXPL=F   HYBRID=0    NOX=F   SEMIINT_F12=T   CORE_SINGLES=F
 
 AO(A)-basis ORBITAL           loaded. Number of functions:     533
 RI(R)-basis CC-PVTZ-F12/OPTRI loaded. Number of functions:     894
 DF-basis CC-PVTZ/JKFIT        loaded. Number of functions:     823

 Screening thresholds:   THRAO=  1.00D-10  THRMO=  1.00D-09  THRPROD=  1.00D-09
                         THRSW=  1.00D-05  THROV=  1.00D-12  THRF12=   1.00D-08

 CPU time for one-electron matrices              22.65 sec
 
 Construction of ABS:
 Pseudo-inverse stability          2.92E-10
 Smallest eigenvalue of S          6.44E-05  (threshold= 1.00E-08)
 Ratio eigmin/eigmax               2.94E-07  (threshold= 1.00E-09)
 Smallest eigenvalue of S kept     6.44E-05  (threshold= 6.44E-05, 0 functions deleted, 894 kept)
 
 Construction of CABS:
 Pseudo-inverse stability          5.27E-09
 Smallest eigenvalue of S          2.67E-07  (threshold= 1.00E-08)
 Ratio eigmin/eigmax               2.67E-07  (threshold= 1.00E-09)
 Smallest eigenvalue of S kept     2.67E-07  (threshold= 2.67E-07, 0 functions deleted, 894 kept)
 
 CPU time for basis constructions                 5.43 sec
 Fock operators(MO) rebuilt from dump record.
 CPU time for fock operators                      7.78 sec
 
                                      TOTAL          ALPHA          BETA    
  Singles Contributions MO        -0.002666417   -0.001343155   -0.001323262
  Singles Contributions CABS      -0.003750294   -0.001915181   -0.001835112
  Pure DF-RHF relaxation          -0.003744092
 
 CPU time for singles                            32.30 sec
 
 AO(A)-basis ORBITAL           loaded. Number of functions:     533
 RI(R)-basis CC-PVTZ-F12/OPTRI loaded. Number of functions:     894
 DF-basis AUG-CC-PVTZ/MP2FIT   loaded. Number of functions:    1156

 Screening thresholds:   THRAO=  1.00D-10  THRMO=  1.00D-09  THRPROD=  1.00D-09
                         THRSW=  1.00D-05  THROV=  1.00D-12  THRF12=   1.00D-08

 CPU time for transformed integrals             360.53 sec
 CPU time for F12 matrices                      316.69 sec

 Diagonal F12 ansatz with fixed amplitudes:   TS= 0.5000  TT= 0.2500  TN= 0.3750
 
 ITER.     SQ.NORM      CORR.ENERGY   TOTAL ENERGY  ENERGY CHANGE      VAR         CPU   MICRO    DIIS
   1      1.39180337    -1.57177603  -382.88060449    -1.5755E+00   3.90E-01     13.94  1  1  1   0  0
   2      1.39139022    -1.57126149  -382.88008995     5.1454E-04   9.94E-05    113.26  0  0  0   1  1
   3      1.39159637    -1.57149458  -382.88032304    -2.3309E-04   5.27E-07    221.17  0  0  0   2  2
   4      1.39159755    -1.57149559  -382.88032406    -1.0143E-06   2.93E-09    336.89  0  0  0   3  3
 
 - - Continuing with F12/conv. amplitude coupling turned on.
 
   5      1.39165899    -1.57219169  -382.88102016    -6.9711E-04   1.19E-04    445.31  1  1  1   1  1
   6      1.39165869    -1.57219186  -382.88102033    -1.7248E-07   1.90E-09    565.09  1  1  1   2  2
 
 CPU time for iterative RMP2-F12                565.09 sec
 
 
 DF-RMP2-F12 doubles corrections:
 - - - - - - - - - - - - - - - - 
  Approx.                             TOTAL           A-B            A-A            B-B    
  RMP2-F12/3C(FIX)                -0.124226850   -0.115257188   -0.004708415   -0.004261247
  RMP2-F12/3*C(FIX)               -0.123530579   -0.114916067   -0.004525101   -0.004089411
  RMP2-F12/3*C(DX)                -0.123988062   -0.115334595   -0.004544735   -0.004108733
  RMP2-F12/3*C(FIX,DX)            -0.131148938   -0.121987771   -0.004799406   -0.004361761
 
 DF-RMP2-F12 doubles energies:
 - - - - - - - - - - - - - - -
  Approx.                             TOTAL           A-B            A-A            B-B    
  RMP2                            -1.445298599   -1.094527495   -0.181363913   -0.169407191
  RMP2-F12/3C(FIX)                -1.569525448   -1.209784682   -0.186072328   -0.173668438
  RMP2-F12/3*C(FIX)               -1.568829178   -1.209443561   -0.185889014   -0.173496602
  RMP2-F12/3*C(DX)                -1.569286661   -1.209862089   -0.185908648   -0.173515924
  RMP2-F12/3*C(FIX,DX)            -1.576447537   -1.216515266   -0.186163318   -0.173768953
 
 
  Reference energy                   -381.305084371965
  CABS relaxation correction to RHF    -0.003744091628
  New reference energy               -381.308828463593
 
  RMP2-F12 singles (MO) energy         -0.002666416569
  RMP2-F12 pair energy                 -1.569525448349
  RMP2-F12 correlation energy          -1.572191864918
 
  RMP2-F12/3C(FIX) energy            -382.881020328511

 Starting RMP2 calculation

 ITER.      SQ.NORM     CORR.ENERGY   TOTAL ENERGY   ENERGY CHANGE        DEN1      VAR(S)    VAR(P)  DIIS     TIME
   1      1.38789905    -1.44351637  -382.74860074    -1.44351637    -0.00425604  0.20D-04  0.15D-02  1  1  3509.34
   2      1.39151503    -1.44806675  -382.75315112    -0.00455038    -0.00000544  0.63D-06  0.22D-05  2  2  3659.28
   3      1.39160634    -1.44812905  -382.75321342    -0.00006230    -0.00000004  0.27D-07  0.90D-08  3  3  3809.57
   4      1.39160794    -1.44812899  -382.75321336     0.00000006     0.00000000  0.68D-09  0.56D-10  4  4  3979.91

 Norm of t1 vector:      0.04208634      S-energy:    -0.00266633      T1 diagnostic:  0.00045490
 Norm of t2 vector:      0.62436902      P-energy:    -1.44546266
                                         Alpha-Beta:  -1.09498695
                                         Alpha-Alpha: -0.18120088
                                         Beta-Beta:   -0.16927483

 Spin contamination <S**2-Sz**2-Sz>     0.00078739
  Reference energy                   -381.308828463593
  RHF-RMP2 correlation energy          -1.448128987622
 !RHF-RMP2 energy                    -382.756957451215

 Starting UCCSD calculation

 ITER.      SQ.NORM     CORR.ENERGY   TOTAL ENERGY   ENERGY CHANGE        DEN1      VAR(S)    VAR(P)  DIIS     TIME
   1      1.38608537    -1.42263900  -382.72772337    -1.42263900    -0.03730548  0.61D-02  0.65D-02  0  0  7345.24
   2      1.41528327    -1.45476945  -382.75985382    -0.03213045    -0.00355539  0.40D-03  0.10D-02  1  1 10650.31
   3      1.42819290    -1.46163411  -382.76671848    -0.00686466    -0.00054868  0.27D-03  0.93D-04  2  2 13983.32
   4      1.43551941    -1.46573093  -382.77081531    -0.00409683    -0.00008797  0.46D-04  0.17D-04  3  3 17298.94
   5      1.43831539    -1.46609819  -382.77118256    -0.00036725    -0.00002057  0.17D-04  0.22D-05  4  4 20625.42
   6      1.43967053    -1.46622248  -382.77130685    -0.00012429    -0.00000480  0.31D-05  0.77D-06  5  5 23945.37
   7      1.44039997    -1.46632047  -382.77140484    -0.00009799    -0.00000066  0.39D-06  0.12D-06  6  6 27262.47
   8      1.44052786    -1.46631994  -382.77140431     0.00000053    -0.00000015  0.86D-07  0.29D-07  6  2 30583.98
   9      1.44059923    -1.46633445  -382.77141883    -0.00001451    -0.00000003  0.20D-07  0.66D-08  6  1 33903.69
  10      1.44059543    -1.46633246  -382.77141683     0.00000200    -0.00000001  0.52D-08  0.14D-08  6  4 37237.93
  11      1.44060868    -1.46633378  -382.77141815    -0.00000132     0.00000000  0.89D-09  0.28D-09  6  3 40570.03
  12      1.44060923    -1.46633325  -382.77141762     0.00000053     0.00000000  0.22D-09  0.60D-10  6  5 43916.70

 Norm of t1 vector:      0.14312956      S-energy:    -0.00307558      T1 diagnostic:  0.01441268
                                                                       D1 diagnostic:  0.05752676
 Norm of t2 vector:      0.64816908      P-energy:    -1.46325767
                                         Alpha-Beta:  -1.14702936
                                         Alpha-Alpha: -0.16404683
                                         Beta-Beta:   -0.15218149

 Singles amplitudes (print threshold =  0.500E-01):

         I         SYM. A    A   T(IA) [Beta-Beta]

        16         1         1      0.06818361

 Spin contamination <S**2-Sz**2-Sz>     0.00097260

 For full I/O caching in triples, increase memory by 1505.43 Mwords to 4505.71 Mwords.
 

  Ecorr(MP2)                           -1.448128987622
  Ecorr(MP2-F12)                       -1.572355837253
  Scale factor for triples energy       1.085784381566

 RESULTS
 =======

  Reference energy                   -381.305084371966
  CABS relaxation correction to RHF    -0.003744091628
  New reference energy               -381.308828463593
 
  F12 corrections for ansatz 3C(FIX) added to UCCSD energy. Coupling mode: 15
 
  UCCSD-F12a singles energy            -0.003075576170
  UCCSD-F12a pair energy               -1.585831812143
  UCCSD-F12a correlation energy        -1.588907388313
  Triples (T) contribution (scaled)    -0.067925031522
  Total correlation energy             -1.656832419835
 
  RHF-UCCSD-F12a energy              -382.897735851906
  RHF-UCCSD[T]-F12a energy           -382.968159241385
  RHF-UCCSD-T-F12a energy            -382.964700805912
 !RHF-UCCSD(T)-F12a energy           -382.965660883429
 
  F12 corrections for ansatz 3C(FIX) added to UCCSD energy. Coupling mode: 15
 
  UCCSD-F12b singles energy            -0.003075576170
  UCCSD-F12b pair energy               -1.563738800918
  UCCSD-F12b correlation energy        -1.566814377088
  Triples (T) contribution (scaled)    -0.067925031522
  Total correlation energy             -1.634739408610
 
  RHF-UCCSD-F12b energy              -382.875642840681
  RHF-UCCSD[T]-F12b energy           -382.946066230159
  RHF-UCCSD-T-F12b energy            -382.942607794687
 !RHF-UCCSD(T)-F12b energy           -382.943567872203

 Program statistics:

 Available memory in ccsd:              2999995808
 Min. memory needed in ccsd:             476499949
 Max. memory used in ccsd:               700559786
 Max. memory used in cckext:             522715393 (13 integral passes)
 Max. memory used in cckint:            1866435477 ( 1 integral passes)



 **********************************************************************************************************************************
 DATASETS  * FILE   NREC   LENGTH (MB)   RECORD NAMES
              1      19       18.21       500      610      700      900      950      970     1000      129      960     1100   
                                          VAR    BASINP    GEOM    SYMINP    ZMAT    AOBASIS   BASIS     P2S    ABASIS      S 
                                         1400     1410     1200     1210     1080     1600     1650     1700      960(1)
                                           T        V       H0       H01     AOSYM     SMH    MOLCAS    OPER    ABASIS    

              2       5       12.01       700     1000      520     2100     7360   
                                         GEOM     BASIS   MCVARS     RHF    F12ABS    

 PROGRAMS   *        TOTALUCCSD(T)-F        HF       INT
 CPU TIMES  *    139096.79 138115.95    349.33    631.11
 REAL TIME  *    150436.93 SEC
 DISK USED  *       399.41 GB      
 SF USED    *       162.49 GB      
 GA USED    *         2.40 MB       (max)       0.00 MB       (current)
 **********************************************************************************************************************************

    UCCSD(T)-F12        HF-SCF  
   -382.94356787   -381.30508437
 **********************************************************************************************************************************
 Variable memory released
