
 Primary working directories    : /scratch/scratchdirs/nyee88
 Secondary working directories  : /scratch/scratchdirs/nyee88
 Wavefunction directory         : /global/homes/n/nyee88/wfu/
 Main file repository           : /scratch/scratchdirs/nyee88/

 SHA1      : d03110ad91d449d0c5f19172a0c0ba2e2d66b3a5
 NAME      : 2012.1.21
 ARCHNAME  : Linux/XT
 FC        : /opt/cray/craype/2.2.1/bin/ftn
 FCVERSION : 14.2-0
 BLASLIB   : 
 id        : lbl

 Nodes     nprocs
 nid04726     1
 nid04727     1
 nid04776     1
 nid04777     1
 nid05206     1
 nid05207     1
 nid05204     1
 nid05205     1
 nid05258     1
 nid05259     1
 nid05256     1
 nid05257     1
 Number of processes for MPI-2 version of Molpro:   nprocs(total)=   24   nprocs(compute)=   12   nprocs(helper)=   12
 ga_uses_ma=false, calling ma_init with nominal heap.
 GA-space will be limited to   8.0 MW (determined by -G option)

 Using customized tuning parameters: mindgm=7; mindgv=24; mindgc=4; mindgr=2; noblas=0; minvec=7
 default implementation of scratch files=sf  

 geometry = {angstrom
  O
  H                  1              B1
  C                  1              B2    2              A1
  H                  3              B3    1              A2    2              D1
  C                  3              B4    1              A3    2              D2
  C                  5              B5    3              A4    1              D3
  H                  6              B6    5              A5    3              D4
  H                  6              B7    5              A6    3              D5
  H                  6              B8    5              A7    3              D6
  C                  5              B9    3              A8    1              D7
  H                 10             B10    5              A9    3              D8
  H                 10             B11    5             A10    3              D9
  H                 10             B12    5             A11    3             D10
  O                  3             B13    1             A12    5             D11
  O                 14             B14    3             A13    1             D12
  H                 15             B15   14             A14    3             D13
 }
 
       B1 =           0.96370621
       B2 =           1.34267372
       B3 =           1.08402157
       B4 =           1.39675706
       B5 =           1.52559489
       B6 =           1.09543634
       B7 =           1.09038223
       B8 =           1.09284724
       B9 =           1.52793095
       B10 =          1.09328053
       B11 =          1.09526603
       B12 =          1.09315800
       B13 =          2.33392110
       B14 =          1.28190345
       B15 =          1.31342768
       A1 =         109.69682886
       A2 =         117.25275798
       A3 =         120.62302152
       A4 =         118.30755055
       A5 =         111.05995814
       A6 =         111.45373249
       A7 =         110.31464391
       A8 =         116.64332368
       A9 =         111.60476600
       A10 =        111.32679384
       A11 =        110.64951946
       A12 =         98.46059458
       A13 =         96.26002295
       A14 =         96.94694366
       D1 =          25.21870390
       D2 =        -162.45768997
       D3 =          -9.48626735
       D4 =         -80.45955048
       D5 =          39.88440063
       D6 =         160.17588683
       D7 =        -154.91603381
       D8 =         -34.62278882
       D9 =          86.16665596
       D10 =       -154.24056055
       D11 =        100.03803782
       D12 =       -116.49787489
       D13 =         -2.68958537
 
 memory,3000,M
 basis = vtz-f12
 hf
 uccsd(t)-f12,scale_trip=1

 Variables initialized (782), CPU time= 0.03 sec
 Commands  initialized (547), CPU time= 0.03 sec, 517 directives.
 Default parameters read. Elapsed time= 1.10 sec

 Checking input...
 Passed
1


                                         ***  PROGRAM SYSTEM MOLPRO  ***
                         Copyright, University College Cardiff Consultants Limited, 2008

                                    Version 2012.1 linked Mar 12 2015 14:11:14


 **********************************************************************************************************************************
 LABEL *                                                                                 
 Linux-3.0.101-0.31.1_1.0502.8394-cray_gem_c/nid04726(x86_64) 64 bit mpp version         DATE: 01-May-15          TIME: 19:55:41  
 **********************************************************************************************************************************

 SHA1:             d03110ad91d449d0c5f19172a0c0ba2e2d66b3a5
 **********************************************************************************************************************************
 SETTING B1             =         0.96370621                                  
 SETTING B2             =         1.34267372                                  
 SETTING B3             =         1.08402157                                  
 SETTING B4             =         1.39675706                                  
 SETTING B5             =         1.52559489                                  
 SETTING B6             =         1.09543634                                  
 SETTING B7             =         1.09038223                                  
 SETTING B8             =         1.09284724                                  
 SETTING B9             =         1.52793095                                  
 SETTING B10            =         1.09328053                                  
 SETTING B11            =         1.09526603                                  
 SETTING B12            =         1.09315800                                  
 SETTING B13            =         2.33392110                                  
 SETTING B14            =         1.28190345                                  
 SETTING B15            =         1.31342768                                  
 SETTING A1             =       109.69682886                                  
 SETTING A2             =       117.25275798                                  
 SETTING A3             =       120.62302152                                  
 SETTING A4             =       118.30755055                                  
 SETTING A5             =       111.05995814                                  
 SETTING A6             =       111.45373249                                  
 SETTING A7             =       110.31464391                                  
 SETTING A8             =       116.64332368                                  
 SETTING A9             =       111.60476600                                  
 SETTING A10            =       111.32679384                                  
 SETTING A11            =       110.64951946                                  
 SETTING A12            =        98.46059458                                  
 SETTING A13            =        96.26002295                                  
 SETTING A14            =        96.94694366                                  
 SETTING D1             =        25.21870390                                  
 SETTING D2             =      -162.45768997                                  
 SETTING D3             =        -9.48626735                                  
 SETTING D4             =       -80.45955048                                  
 SETTING D5             =        39.88440063                                  
 SETTING D6             =       160.17588683                                  
 SETTING D7             =      -154.91603381                                  
 SETTING D8             =       -34.62278882                                  
 SETTING D9             =        86.16665596                                  
 SETTING D10            =      -154.24056055                                  
 SETTING D11            =       100.03803782                                  
 SETTING D12            =      -116.49787489                                  
 SETTING D13            =        -2.68958537                                  

 Variable memory set to 3000000000 words,  buffer space   230000 words

 SETTING BASIS          =    VTZ-F12


 Recomputing integrals since basis changed


 Using spherical harmonics

 Library entry O      S cc-pVTZ-F12          selected for orbital group  1
 Library entry O      P cc-pVTZ-F12          selected for orbital group  1
 Library entry O      D cc-pVTZ-F12          selected for orbital group  1
 Library entry O      F cc-pVTZ-F12          selected for orbital group  1
 Library entry H      S cc-pVTZ-F12          selected for orbital group  2
 Library entry H      P cc-pVTZ-F12          selected for orbital group  2
 Library entry H      D cc-pVTZ-F12          selected for orbital group  2
 Library entry C      S cc-pVTZ-F12          selected for orbital group  3
 Library entry C      P cc-pVTZ-F12          selected for orbital group  3
 Library entry C      D cc-pVTZ-F12          selected for orbital group  3
 Library entry C      F cc-pVTZ-F12          selected for orbital group  3

1PROGRAM * SEWARD (Integral evaluation for generally contracted gaussian basis sets)     Author: Roland Lindh, 1990

 Geometry written to block  1 of record 700

 Orientation using atomic masses  
 Molecule type: Asymmetric top
 Rotational constants:       1.6138935      2.0868904      2.7574610 GHz  (calculated with average atomic masses)

 Point group  C1  



 ATOMIC COORDINATES

 NR  ATOM    CHARGE       X              Y              Z

   1  O       8.00    0.178597778   -3.687394690    0.141727491
   2  H       1.00    0.979989121   -4.564370587    1.522031456
   3  C       6.00    1.274372816   -1.422159608   -0.183549900
   4  H       1.00    3.211051863   -1.217075299    0.451731826
   5  C       6.00    0.060776043    0.472796126   -1.563123822
   6  C       6.00   -2.323468507   -0.217482949   -3.029524544
   7  H       1.00   -1.853106578   -1.127251187   -4.828493854
   8  H       1.00   -3.518585530   -1.510584328   -1.959317822
   9  H       1.00   -3.422123346    1.479506104   -3.451617352
  10  C       6.00    1.750898119    2.472068080   -2.781036201
  11  H       1.00    3.401368532    2.888654177   -1.610240451
  12  H       1.00    2.422827370    1.858658162   -4.640099450
  13  H       1.00    0.714955371    4.239897048   -3.043725958
  14  O       8.00    0.285376884    0.345668852    3.734221166
  15  O       8.00   -1.108735949    2.130403378    2.874326480
  16  H       1.00   -0.789023076    1.626807778    0.465054490

 Bond lengths in Bohr (Angstrom)

 1-2  1.821140808  1-3  2.537285615  3-4  2.048503888  3-5  2.639488316  5-6  2.882956530
     ( 0.963706210)     ( 1.342673720)     ( 1.084021570)     ( 1.396757060)     ( 1.525594890)

  5-10  2.887371043   5-16  2.483426805   6- 7  2.070074677   6- 8  2.060523793   6- 9  2.065181987
       ( 1.527930950)       ( 1.314172866)       ( 1.095436340)       ( 1.090382230)       ( 1.092847240)

 10-11  2.066000787  10-12  2.069752838  10-13  2.065769238  14-15  2.422446447  15-16  2.482018609
       ( 1.093280530)       ( 1.095266030)       ( 1.093158000)       ( 1.281903450)       ( 1.313427680)

 Bond angles

  1-3-4  117.25275798   1-3-5  120.62302152   2-1-3  109.69682886   3-5-6  118.30755055

  3- 5-10  116.64332368   3- 5-16   93.67446614   4- 3- 5  121.66156715   5- 6- 7  111.05995814

  5- 6- 8  111.45373249   5- 6- 9  110.31464391   5-10-11  111.60476600   5-10-12  111.32679384

  5-10-13  110.64951946   5-16-15  158.60852094   6- 5-10  115.80639746   6- 5-16  104.10325492

  7- 6- 8  107.89962447   7- 6- 9  107.72158480   8- 6- 9  108.25653123  10- 5-16  102.88682707

 11-10-12  108.02439014  11-10-13  107.46508561  12-10-13  107.59022787  14-15-16   96.94694366

 NUCLEAR CHARGE:                   57
 NUMBER OF PRIMITIVE AOS:         693
 NUMBER OF SYMMETRY AOS:          621
 NUMBER OF CONTRACTIONS:          533   ( 533A   )
 NUMBER OF CORE ORBITALS:           7   (   7A   )
 NUMBER OF VALENCE ORBITALS:       37   (  37A   )


 NUCLEAR REPULSION ENERGY  324.07605639


 Eigenvalues of metric

         1 0.143E-04 0.293E-04 0.398E-04 0.555E-04 0.659E-04 0.746E-04 0.880E-04 0.102E-03


 Contracted 2-electron integrals neglected if value below      1.0D-12
 AO integral compression algorithm  1   Integral accuracy      1.0D-12

     36737.384 MB (compressed) written to integral file ( 42.3%)

     Node minimum: 2920.546 MB, node maximum: 3289.383 MB


 NUMBER OF SORTED TWO-ELECTRON INTEGRALS:  843886440.     BUFFER LENGTH:  32768
 NUMBER OF SEGMENTS:  27  SEGMENT LENGTH:   31999824      RECORD LENGTH: 524288

 Memory used in sort:      32.56 MW

 SORT1 READ 10868248817. AND WROTE   731552337. INTEGRALS IN   2106 RECORDS. CPU TIME:   538.03 SEC, REAL TIME:   559.39 SEC
 SORT2 READ  8731460847. AND WROTE 10126281516. INTEGRALS IN 142728 RECORDS. CPU TIME:    48.20 SEC, REAL TIME:   112.24 SEC

 Node minimum:   843791568.  Node maximum:   843922020. integrals

 OPERATOR DM      FOR CENTER  0  COORDINATES:    0.000000    0.000000    0.000000


 **********************************************************************************************************************************
 DATASETS  * FILE   NREC   LENGTH (MB)   RECORD NAMES
              1      18       18.19       500      610      700      900      950      970     1000      129      960     1100   
                                          VAR    BASINP    GEOM    SYMINP    ZMAT    AOBASIS   BASIS     P2S    ABASIS      S 
                                         1400     1410     1200     1210     1080     1600     1650     1700   
                                           T        V       H0       H01     AOSYM     SMH    MOLCAS    OPER   

 PROGRAMS   *        TOTAL       INT
 CPU TIMES  *       670.76    670.38
 REAL TIME  *       765.83 SEC
 DISK USED  *       140.94 GB      
 GA USED    *         0.01 MB       (max)       0.00 MB       (current)
 **********************************************************************************************************************************

1PROGRAM * RHF-SCF (OPEN SHELL)       Authors: W. Meyer, H.-J. Werner


 NUMBER OF ELECTRONS:      29+   28-    SPACE SYMMETRY=1    SPIN SYMMETRY: Doublet 
 CONVERGENCE THRESHOLDS:    1.00E-05 (Density)    1.14E-07 (Energy)
 MAX. NUMBER OF ITERATIONS:       60
 INTERPOLATION TYPE:            DIIS
 INTERPOLATION STEPS:              2 (START)      1 (STEP)
 LEVEL SHIFTS:                 -0.30 (CLOSED)  0.00 (OPEN) 



 Orbital guess generated from atomic densities. Full valence occupancy:   44

 Molecular orbital dump at record        2100.2

 ITERATION    DDIFF          GRAD             ENERGY        2-EL.EN.            DIPOLE MOMENTS         DIIS   ORB.
    1      0.000D+00      0.000D+00      -381.14355322    919.382904    1.00454   -0.81964   -0.90164    0    start
    2      0.000D+00      0.245D-02      -381.22568982    918.597766    0.80803   -0.88125   -1.17017    1    diag,B
    3      0.200D-02      0.813D-03      -381.23717914    918.922345    0.85996   -0.83021   -1.11781    2    diag,B
    4      0.610D-03      0.332D-03      -381.24096717    918.860717    0.89214   -0.88155   -1.14678    3    diag,B
    5      0.396D-03      0.143D-03      -381.24185573    918.879917    0.90426   -0.88894   -1.16637    4    diag,B
    6      0.176D-03      0.696D-04      -381.24232915    918.877614    0.92981   -0.92219   -1.17249    5    diag,B
    7      0.110D-03      0.614D-04      -381.24264515    918.874391    0.94096   -0.93960   -1.17668    6    fixocc
    8      0.718D-04      0.488D-04      -381.24306013    918.881964    0.95718   -0.96251   -1.17419    7    diag,B
    9      0.837D-04      0.446D-04      -381.24345993    918.882191    0.97028   -0.98136   -1.16590    8    diag,B
   10      0.829D-04      0.389D-04      -381.24421819    918.886463    0.99728   -1.01516   -1.13880    9    orth
   11      0.211D-03      0.222D-04      -381.24439279    918.893718    1.00663   -1.02379   -1.12325    9    diag,B
   12      0.942D-04      0.125D-04      -381.24443171    918.889204    1.01277   -1.02961   -1.11298    9    diag,B
   13      0.791D-04      0.829D-05      -381.24443233    918.895452    1.01021   -1.02589   -1.11544    9    diag,B
   14      0.341D-04      0.516D-05      -381.24443499    918.894365    1.01117   -1.02693   -1.11395    9    diag,B
   15      0.153D-04      0.116D-05      -381.24443511    918.894367    1.01093   -1.02653   -1.11406    9    diag,B
   16      0.325D-05      0.883D-06      -381.24443523    918.894529    1.01107   -1.02665   -1.11384    9    diag,B
   17      0.299D-05      0.476D-06      -381.24443528    918.894463    1.01106   -1.02665   -1.11388    9    diag,B
   18      0.108D-05      0.405D-06      -381.24443534    918.894532    1.01105   -1.02666   -1.11388    0    orth

 Final alpha occupancy:  29
 Final beta  occupancy:  28

 !RHF STATE 1.1 Energy               -381.244435340933
 Nuclear energy                       324.07605639
 One-electron energy                -1164.76775777
 Two-electron energy                  459.44726604
 Virial quotient                       -1.00104729
 !RHF STATE 1.1 Dipole moment           1.01104868    -1.02665662    -1.11388360
 Dipole moment /Debye                   2.56966110    -2.60932994    -2.83102429

 Orbital energies:

         1.1          2.1          3.1          4.1          5.1          6.1          7.1          8.1          9.1         10.1
    -20.638874   -20.611684   -20.577550   -11.372628   -11.234816   -11.234081   -11.227164    -1.489017    -1.457281    -1.112084

        11.1         12.1         13.1         14.1         15.1         16.1         17.1         18.1         19.1         20.1
     -1.041255    -0.950630    -0.948583    -0.797533    -0.781332    -0.702307    -0.653968    -0.620619    -0.607950    -0.593914

        21.1         22.1         23.1         24.1         25.1         26.1         27.1         28.1         29.1         30.1
     -0.575389    -0.565601    -0.558121    -0.548315    -0.526755    -0.498265    -0.432721    -0.345283    -0.465821     0.029802

        31.1
      0.043196

 HOMO     29.1    -0.465821 =     -12.6756eV
 LUMO     30.1     0.029802 =       0.8110eV
 LUMO-HOMO         0.495623 =      13.4866eV


 **********************************************************************************************************************************
 DATASETS  * FILE   NREC   LENGTH (MB)   RECORD NAMES
              1      18       18.19       500      610      700      900      950      970     1000      129      960     1100   
                                          VAR    BASINP    GEOM    SYMINP    ZMAT    AOBASIS   BASIS     P2S    ABASIS      S 
                                         1400     1410     1200     1210     1080     1600     1650     1700   
                                           T        V       H0       H01     AOSYM     SMH    MOLCAS    OPER   

              2       4        8.59       700     1000      520     2100   
                                         GEOM     BASIS   MCVARS     RHF  

 PROGRAMS   *        TOTAL        HF       INT
 CPU TIMES  *      1200.22    529.46    670.38
 REAL TIME  *      1416.10 SEC
 DISK USED  *       141.75 GB      
 SF USED    *         1.14 MB      
 GA USED    *         0.01 MB       (max)       0.00 MB       (current)
 **********************************************************************************************************************************


1PROGRAM * CCSD (Unrestricted open-shell coupled cluster)     Authors: C. Hampel, H.-J. Werner, 1991, M. Deegan, P.J. Knowles, 1992

                           UCCSD-F12 implementation by G. Knizia and H.-J. Werner, 2008

                   Density fitting integral evaluation by F.R. Manby, 2003,2007, G. Knizia, 2010

 Basis set CC-PVTZ/JKFIT generated.      Number of basis functions:   823 
 Basis set CC-PVTZ-F12/OPTRI generated.  Number of basis functions:   894 
 Basis set AUG-CC-PVTZ/MP2FIT generated. Number of basis functions:   1156 

 Convergence thresholds:  THRVAR = 1.00D-08  THRDEN = 1.14D-06

 CCSD(T)     terms to be evaluated (factor= 1.000)


 Number of core orbitals:           7 (   7 )
 Number of closed-shell orbitals:  21 (  21 )
 Number of active  orbitals:        1 (   1 )
 Number of external orbitals:     504 ( 504 )

 For full I/O caching in triples, increase memory by 1254.02 Mwords to 4254.30 Mwords.

 Number of N-1 electron functions:              43
 Number of N-2 electron functions:             903
 Number of singly external CSFs:             21715
 Number of doubly external CSFs:         173943210
 Total number of CSFs:                   173964925

 Molecular orbitals read from record     2100.2  Type=RHF/CANONICAL (state 1.1)

 Integral transformation finished. Total CPU:1944.24 sec, npass=  1  Memory used:1866.44 MW
 
 Geminal basis:    OPTFULL  GEM_TYPE=SLATER  BETA=1.0  NGEM=6

 Optimizing Gaussian exponents for each gem_beta

 Geminal optimization for beta= 1.0000
 Weight function:   m=0, omega= 1.4646

 Augmented Hessian optimization of geminal fit. Trust ratio= 0.40000
 Convergence reached after   2 iterations. Final gradient= 8.42D-16, Step= 4.39D-06, Delta= 1.28D-09
 
 Alpha:                 0.19532     0.81920     2.85917     9.50073    35.69989   197.79328
 Coeff:                 0.27070     0.30552     0.18297     0.10986     0.06810     0.04224
 
 
 WFN_F12=FIX,EG    DECOUPLE_EXPL=F   HYBRID=0    NOX=F   SEMIINT_F12=T   CORE_SINGLES=F
 
 AO(A)-basis ORBITAL           loaded. Number of functions:     533
 RI(R)-basis CC-PVTZ-F12/OPTRI loaded. Number of functions:     894
 DF-basis CC-PVTZ/JKFIT        loaded. Number of functions:     823

 Screening thresholds:   THRAO=  1.00D-10  THRMO=  1.00D-09  THRPROD=  1.00D-09
                         THRSW=  1.00D-05  THROV=  1.00D-12  THRF12=   1.00D-08

 CPU time for one-electron matrices              23.06 sec
 
 Construction of ABS:
 Pseudo-inverse stability          2.96E-10
 Smallest eigenvalue of S          2.42E-05  (threshold= 1.00E-08)
 Ratio eigmin/eigmax               1.11E-07  (threshold= 1.00E-09)
 Smallest eigenvalue of S kept     2.42E-05  (threshold= 2.42E-05, 0 functions deleted, 894 kept)
 
 Construction of CABS:
 Pseudo-inverse stability          5.50E-09
 Smallest eigenvalue of S          1.57E-07  (threshold= 1.00E-08)
 Ratio eigmin/eigmax               1.57E-07  (threshold= 1.00E-09)
 Smallest eigenvalue of S kept     1.57E-07  (threshold= 1.57E-07, 0 functions deleted, 894 kept)
 
 CPU time for basis constructions                 5.50 sec
 Fock operators(MO) rebuilt from dump record.
 CPU time for fock operators                      7.81 sec
 
                                      TOTAL          ALPHA          BETA    
  Singles Contributions MO        -0.005834081   -0.002869605   -0.002964475
  Singles Contributions CABS      -0.003581118   -0.001848729   -0.001732389
  Pure DF-RHF relaxation          -0.003557726
 
 CPU time for singles                            33.00 sec
 
 AO(A)-basis ORBITAL           loaded. Number of functions:     533
 RI(R)-basis CC-PVTZ-F12/OPTRI loaded. Number of functions:     894
 DF-basis AUG-CC-PVTZ/MP2FIT   loaded. Number of functions:    1156

 Screening thresholds:   THRAO=  1.00D-10  THRMO=  1.00D-09  THRPROD=  1.00D-09
                         THRSW=  1.00D-05  THROV=  1.00D-12  THRF12=   1.00D-08

 CPU time for transformed integrals             348.47 sec
 CPU time for F12 matrices                      287.07 sec

 Diagonal F12 ansatz with fixed amplitudes:   TS= 0.5000  TT= 0.2500  TN= 0.3750
 
 ITER.     SQ.NORM      CORR.ENERGY   TOTAL ENERGY  ENERGY CHANGE      VAR         CPU   MICRO    DIIS
   1      1.42037197    -1.60527709  -382.85327016    -1.6088E+00   4.17E-01     14.00  1  1  1   0  0
   2      1.41951256    -1.60330086  -382.85129393     1.9762E-03   1.80E-04    113.68  0  0  0   1  1
   3      1.41993954    -1.60376807  -382.85176114    -4.6721E-04   1.56E-06    222.25  0  0  0   2  2
   4      1.41995033    -1.60377101  -382.85176408    -2.9412E-06   8.75E-09    338.84  0  0  0   3  3
   5      1.41995157    -1.60377103  -382.85176410    -1.6584E-08   7.99E-11    464.20  0  0  0   4  4
 
 - - Continuing with F12/conv. amplitude coupling turned on.
 
   6      1.41997905    -1.60433966  -382.85233273    -5.6865E-04   1.16E-04    573.52  1  1  1   1  1
   7      1.41997831    -1.60433974  -382.85233281    -7.9305E-08   2.87E-09    691.61  1  1  1   2  2
 
 CPU time for iterative RMP2-F12                691.61 sec
 
 
 DF-RMP2-F12 doubles corrections:
 - - - - - - - - - - - - - - - - 
  Approx.                             TOTAL           A-B            A-A            B-B    
  RMP2-F12/3C(FIX)                -0.123179722   -0.114323233   -0.004778614   -0.004077875
  RMP2-F12/3*C(FIX)               -0.122611013   -0.114091069   -0.004601633   -0.003918310
  RMP2-F12/3*C(DX)                -0.123086377   -0.114516379   -0.004631655   -0.003938343
  RMP2-F12/3*C(FIX,DX)            -0.130003189   -0.120921739   -0.004924595   -0.004156855
 
 DF-RMP2-F12 doubles energies:
 - - - - - - - - - - - - - - -
  Approx.                             TOTAL           A-B            A-A            B-B    
  RMP2                            -1.475325938   -1.110190955   -0.184052789   -0.181082193
  RMP2-F12/3C(FIX)                -1.598505660   -1.224514188   -0.188831403   -0.185160069
  RMP2-F12/3*C(FIX)               -1.597936951   -1.224282024   -0.188654423   -0.185000504
  RMP2-F12/3*C(DX)                -1.598412315   -1.224707334   -0.188684445   -0.185020536
  RMP2-F12/3*C(FIX,DX)            -1.605329127   -1.231112695   -0.188977385   -0.185239048
 
 
  Reference energy                   -381.244435340938
  CABS relaxation correction to RHF    -0.003557726082
  New reference energy               -381.247993067020
 
  RMP2-F12 singles (MO) energy         -0.005834080682
  RMP2-F12 pair energy                 -1.598505659904
  RMP2-F12 correlation energy          -1.604339740586
 
  RMP2-F12/3C(FIX) energy            -382.852332807606

 Starting RMP2 calculation

 ITER.      SQ.NORM     CORR.ENERGY   TOTAL ENERGY   ENERGY CHANGE        DEN1      VAR(S)    VAR(P)  DIIS     TIME
   1      1.41509686    -1.47605815  -382.72049350    -1.47605815    -0.00477621  0.43D-04  0.19D-02  1  1  3592.63
   2      1.41976210    -1.48120529  -382.72564063    -0.00514714    -0.00001274  0.17D-05  0.62D-05  2  2  3744.07
   3      1.41995521    -1.48130954  -382.72574488    -0.00010425    -0.00000013  0.67D-07  0.35D-07  3  3  3912.79
   4      1.41996007    -1.48130953  -382.72574487     0.00000002     0.00000000  0.18D-08  0.30D-09  4  4  4097.93

 Norm of t1 vector:      0.05845406      S-energy:    -0.00583383      T1 diagnostic:  0.00075295
 Norm of t2 vector:      0.64540157      P-energy:    -1.47547569
                                         Alpha-Beta:  -1.11064567
                                         Alpha-Alpha: -0.18389335
                                         Beta-Beta:   -0.18093667

 Spin contamination <S**2-Sz**2-Sz>     0.00169366
  Reference energy                   -381.247993067019
  RHF-RMP2 correlation energy          -1.481309526263
 !RHF-RMP2 energy                    -382.729302593281

 Starting UCCSD calculation

 ITER.      SQ.NORM     CORR.ENERGY   TOTAL ENERGY   ENERGY CHANGE        DEN1      VAR(S)    VAR(P)  DIIS     TIME
   1      1.40387295    -1.43740641  -382.68184175    -1.43740641    -0.04458924  0.13D-01  0.73D-02  0  0  7481.64
   2      1.44215996    -1.47620740  -382.72064274    -0.03880099    -0.00549634  0.85D-03  0.17D-02  1  1 10806.50
   3      1.46075349    -1.48015715  -382.72459249    -0.00394975    -0.00167853  0.15D-02  0.18D-03  2  2 14138.03
   4      1.48041551    -1.48696985  -382.73140519    -0.00681270    -0.00049023  0.40D-03  0.64D-04  3  3 17483.08
   5      1.49630551    -1.48923248  -382.73366782    -0.00226262    -0.00018773  0.18D-03  0.19D-04  4  4 20845.70
   6      1.50965953    -1.49023709  -382.73467243    -0.00100462    -0.00003505  0.24D-04  0.61D-05  5  5 24187.03
   7      1.51551418    -1.49067747  -382.73511281    -0.00044038    -0.00000707  0.40D-05  0.16D-05  6  6 27533.87
   8      1.51632851    -1.49072087  -382.73515621    -0.00004340    -0.00000178  0.12D-05  0.36D-06  6  2 30883.02
   9      1.51711213    -1.49082426  -382.73525961    -0.00010339    -0.00000056  0.52D-06  0.90D-07  6  4 34312.22
  10      1.51684400    -1.49078247  -382.73521781     0.00004179    -0.00000021  0.18D-06  0.38D-07  6  1 37734.90
  11      1.51711972    -1.49081554  -382.73525088    -0.00003307    -0.00000008  0.83D-07  0.11D-07  6  3 41150.87
  12      1.51710652    -1.49080842  -382.73524376     0.00000712    -0.00000004  0.34D-07  0.49D-08  6  6 44562.09
  13      1.51716282    -1.49081074  -382.73524608    -0.00000232    -0.00000002  0.15D-07  0.21D-08  6  5 47983.74
  14      1.51715998    -1.49080992  -382.73524526     0.00000082    -0.00000001  0.84D-08  0.92D-09  6  2 51418.04

 Norm of t1 vector:      0.26892322      S-energy:    -0.00589734      T1 diagnostic:  0.02798268
                                                                       D1 diagnostic:  0.12233858
 Norm of t2 vector:      0.66696348      P-energy:    -1.48491258
                                         Alpha-Beta:  -1.15618326
                                         Alpha-Alpha: -0.16489102
                                         Beta-Beta:   -0.16383830

 Singles amplitudes (print threshold =  0.500E-01):

         I         SYM. A    A   T(IA) [Alpha-Alpha]

        21         1        12      0.05001881
 
         I         SYM. A    A   T(IA) [Beta-Beta]

        15         1         1      0.10881186
        16         1         1      0.11897332
        21         1        12      0.07813955

 Spin contamination <S**2-Sz**2-Sz>     0.00423146

 For full I/O caching in triples, increase memory by 1505.43 Mwords to 4505.71 Mwords.
 

  Ecorr(MP2)                           -1.481309526263
  Ecorr(MP2-F12)                       -1.604489248062
  Scale factor for triples energy       1.083155964109

 RESULTS
 =======

  Reference energy                   -381.244435340936
  CABS relaxation correction to RHF    -0.003557726082
  New reference energy               -381.247993067019
 
  F12 corrections for ansatz 3C(FIX) added to UCCSD energy. Coupling mode: 15
 
  UCCSD-F12a singles energy            -0.005897335966
  UCCSD-F12a pair energy               -1.606543620558
  UCCSD-F12a correlation energy        -1.612440956523
  Triples (T) contribution (scaled)    -0.077168640777
  Total correlation energy             -1.689609597300
 
  RHF-UCCSD-F12a energy              -382.860434023542
  RHF-UCCSD[T]-F12a energy           -382.943367595553
  RHF-UCCSD-T-F12a energy            -382.936432673120
 !RHF-UCCSD(T)-F12a energy           -382.937602664319
 
  F12 corrections for ansatz 3C(FIX) added to UCCSD energy. Coupling mode: 15
 
  UCCSD-F12b singles energy            -0.005897335966
  UCCSD-F12b pair energy               -1.584355513891
  UCCSD-F12b correlation energy        -1.590252849857
  Triples (T) contribution (scaled)    -0.077168640777
  Total correlation energy             -1.667421490634
 
  RHF-UCCSD-F12b energy              -382.838245916876
  RHF-UCCSD[T]-F12b energy           -382.921179488887
  RHF-UCCSD-T-F12b energy            -382.914244566454
 !RHF-UCCSD(T)-F12b energy           -382.915414557653

 Program statistics:

 Available memory in ccsd:              2999995808
 Min. memory needed in ccsd:             476499949
 Max. memory used in ccsd:               700559786
 Max. memory used in cckext:             522715393 (15 integral passes)
 Max. memory used in cckint:            1866435477 ( 1 integral passes)



 **********************************************************************************************************************************
 DATASETS  * FILE   NREC   LENGTH (MB)   RECORD NAMES
              1      19       18.20       500      610      700      900      950      970     1000      129      960     1100   
                                          VAR    BASINP    GEOM    SYMINP    ZMAT    AOBASIS   BASIS     P2S    ABASIS      S 
                                         1400     1410     1200     1210     1080     1600     1650     1700      960(1)
                                           T        V       H0       H01     AOSYM     SMH    MOLCAS    OPER    ABASIS    

              2       5       12.01       700     1000      520     2100     7360   
                                         GEOM     BASIS   MCVARS     RHF    F12ABS    

 PROGRAMS   *        TOTALUCCSD(T)-F        HF       INT
 CPU TIMES  *    145840.58 144640.35    529.46    670.38
 REAL TIME  *    159448.09 SEC
 DISK USED  *       406.62 GB      
 SF USED    *       163.89 GB      
 GA USED    *         2.40 MB       (max)       0.00 MB       (current)
 **********************************************************************************************************************************

    UCCSD(T)-F12        HF-SCF  
   -382.91541456   -381.24443534
 **********************************************************************************************************************************
 Variable memory released
