
 Primary working directories    : /scratch/goldmanm/molpro_scratch
 Secondary working directories  : /scratch/goldmanm/molpro_scratch
 Wavefunction directory         : /home/goldmanm/wfu/
 Main file repository           : /scratch/goldmanm/molpro_scratch/

 SHA1      : 5e3d8ac6839c721e2824de82269b4736200146bd
 NAME      : 2015.1.37
 ARCHNAME  : linux/x86_64
 FC        : /opt/intel/composer_xe_2015.1.133/bin/intel64/ifort
 BLASLIB   : -Wl,-_start-group /opt/intel/mkl/lib/intel64/libmkl_intel_ilp64.a /opt/intel/mkl/lib/intel64/libmkl_intel_thread.a /opt/intel/mkl/lib/intel64/libmkl_core.a -Wl,-_end-group
 id        : phalgunlolur

 Nodes     nprocs
 node01       1

 Using customized tuning parameters: mindgm=1; mindgv=20; mindgc=4; mindgr=1; noblas=0; minvec=7
 default implementation of scratch files=df  

  geometry = {angstrom
   O
   C                  1              B1
   C                  2              B2    1              A1
   H                  3              B3    2              A2    1              D1
   H                  3              B4    2              A3    1              D2
   H                  3              B5    2              A4    1              D3
   C                  2              B6    1              A5    3              D4
   H                  7              B7    2              A6    1              D5
   C                  2              B8    1              A7    3              D6
   H                  9              B9    2              A8    1              D7
   H                  9             B10    2              A9    1              D8
   H                  9             B11    2             A10    1              D9
   O                  7             B12    2             A11    1             D10
   O                  1             B13    2             A12    7             D11
   H                 14             B14    1             A13    2             D12
   H                 13             B15    7             A14    2             D13
  }
 
        B1 =           1.44177958
        B2 =           1.53842818
        B3 =           1.09087252
        B4 =           1.09347462
        B5 =           1.09094422
        B6 =           1.49769102
        B7 =           1.08526560
        B8 =           1.54298746
        B9 =           1.09365143
        B10 =          1.09283823
        B11 =          1.09043743
        B12 =          1.30957155
        B13 =          1.74423525
        B14 =          0.96642228
        B15 =          1.01394654
        A1 =         104.63655260
        A2 =         109.42454747
        A3 =         110.80503551
        A4 =         110.45430948
        A5 =         108.03051228
        A6 =         123.75414813
        A7 =         110.16518259
        A8 =         111.31059318
        A9 =         109.13948942
        A10 =        110.97126993
        A11 =        120.05287734
        A12 =        107.64897007
        A13 =         98.06022714
        A14 =        106.12627924
        D1 =          56.15916093
        D2 =         175.72255794
        D3 =         -62.89376914
        D4 =        -117.88949811
        D5 =         124.99169171
        D6 =         119.38511056
        D7 =        -176.24112284
        D8 =         -56.25358941
        D9 =          63.47158982
        D10 =        -61.48216279
        D11 =         57.55840496
        D12 =         97.26752588
        D13 =         22.19906775
 
 memory,1900,M
 basis = vtz-f12
 {hf
 shift,-1.0,-0.5
 save,2100.2
 wf,57,1,1
 rotate,29.1,30.1}
 uccsd(t)-f12,scale_trip=1

 Variables initialized (889), CPU time= 0.01 sec
 Commands  initialized (702), CPU time= 0.01 sec, 572 directives.
 Default parameters read. Elapsed time= 0.12 sec

 Checking input...
 Passed
1


                                         ***  PROGRAM SYSTEM MOLPRO  ***
                                       Copyright, TTI GmbH Stuttgart, 2015
                                    Version 2015.1 linked Aug 10 2018 15:00:15


 **********************************************************************************************************************************
 LABEL *                                                                                 
  64 bit serial version                                                                  DATE: 02-Sep-19          TIME: 11:54:14  
 **********************************************************************************************************************************

 SHA1:             5e3d8ac6839c721e2824de82269b4736200146bd
 **********************************************************************************************************************************
 SETTING B1             =         1.44177958                                  
 SETTING B2             =         1.53842818                                  
 SETTING B3             =         1.09087252                                  
 SETTING B4             =         1.09347462                                  
 SETTING B5             =         1.09094422                                  
 SETTING B6             =         1.49769102                                  
 SETTING B7             =         1.08526560                                  
 SETTING B8             =         1.54298746                                  
 SETTING B9             =         1.09365143                                  
 SETTING B10            =         1.09283823                                  
 SETTING B11            =         1.09043743                                  
 SETTING B12            =         1.30957155                                  
 SETTING B13            =         1.74423525                                  
 SETTING B14            =         0.96642228                                  
 SETTING B15            =         1.01394654                                  
 SETTING A1             =       104.63655260                                  
 SETTING A2             =       109.42454747                                  
 SETTING A3             =       110.80503551                                  
 SETTING A4             =       110.45430948                                  
 SETTING A5             =       108.03051228                                  
 SETTING A6             =       123.75414813                                  
 SETTING A7             =       110.16518259                                  
 SETTING A8             =       111.31059318                                  
 SETTING A9             =       109.13948942                                  
 SETTING A10            =       110.97126993                                  
 SETTING A11            =       120.05287734                                  
 SETTING A12            =       107.64897007                                  
 SETTING A13            =        98.06022714                                  
 SETTING A14            =       106.12627924                                  
 SETTING D1             =        56.15916093                                  
 SETTING D2             =       175.72255794                                  
 SETTING D3             =       -62.89376914                                  
 SETTING D4             =      -117.88949811                                  
 SETTING D5             =       124.99169171                                  
 SETTING D6             =       119.38511056                                  
 SETTING D7             =      -176.24112284                                  
 SETTING D8             =       -56.25358941                                  
 SETTING D9             =        63.47158982                                  
 SETTING D10            =       -61.48216279                                  
 SETTING D11            =        57.55840496                                  
 SETTING D12            =        97.26752588                                  
 SETTING D13            =        22.19906775                                  

 Variable memory set to 1900000000 words,  buffer space   230000 words

 SETTING BASIS          =    VTZ-F12


 Recomputing integrals since basis changed


 Using spherical harmonics

 Library entry O      S cc-pVTZ-F12          selected for orbital group  1
 Library entry O      P cc-pVTZ-F12          selected for orbital group  1
 Library entry O      D cc-pVTZ-F12          selected for orbital group  1
 Library entry O      F cc-pVTZ-F12          selected for orbital group  1
 Library entry C      S cc-pVTZ-F12          selected for orbital group  2
 Library entry C      P cc-pVTZ-F12          selected for orbital group  2
 Library entry C      D cc-pVTZ-F12          selected for orbital group  2
 Library entry C      F cc-pVTZ-F12          selected for orbital group  2
 Library entry H      S cc-pVTZ-F12          selected for orbital group  3
 Library entry H      P cc-pVTZ-F12          selected for orbital group  3
 Library entry H      D cc-pVTZ-F12          selected for orbital group  3


 PROGRAM * SEWARD (Integral evaluation for generally contracted gaussian basis sets)     Author: Roland Lindh, 1990

 Geometry written to block  1 of record 700

 Orientation using atomic masses  
 Molecule type: Asymmetric top
 Rotational constants:       2.3163939      1.9150184      3.2148934 GHz  (calculated with average atomic masses)

 Point group  C1  



 ATOMIC COORDINATES

 NR  ATOM    CHARGE       X              Y              Z

   1  O       8.00   -2.060231312    1.210431093    0.041361586
   2  C       6.00    0.025455792   -0.047692625    1.262143194
   3  C       6.00    0.093154931    1.074952112    3.942990733
   4  H       1.00   -1.740289616    0.804893989    4.845834596
   5  H       1.00    1.533383054    0.141235373    5.093551848
   6  H       1.00    0.483152053    3.097896940    3.867277779
   7  C       6.00    2.389647481    0.603315982   -0.150996500
   8  H       1.00    4.050145797    1.428713462    0.725056908
   9  C       6.00   -0.445000748   -2.924124266    1.344844974
  10  H       1.00    1.056753092   -3.901506957    2.374754829
  11  H       1.00   -2.243574417   -3.289106034    2.291854662
  12  H       1.00   -0.529140155   -3.712644427   -0.557086853
  13  O       8.00    2.627325159   -0.035793598   -2.529934207
  14  O       8.00   -2.120329449    0.223835815   -3.103073282
  15  H       1.00   -3.389060508   -1.079413656   -2.938340294
  16  H       1.00    0.847139128   -0.274122586   -3.197395370

 Bond lengths in Bohr (Angstrom)

  1- 2  2.724568538   1-14  3.296126919   2- 3  2.907207923   2- 7  2.830225847   2- 9  2.915823713
       ( 1.441779580)       ( 1.744235250)       ( 1.538428180)       ( 1.497691020)       ( 1.542987460)

  3- 4  2.061450300   3- 5  2.066367556   3- 6  2.061585793   7- 8  2.050854756   7-13  2.474731570
       ( 1.090872520)       ( 1.093474620)       ( 1.090944220)       ( 1.085265600)       ( 1.309571550)

  9-10  2.066701678   9-11  2.065164953   9-12  2.060628099  13-16  1.916081266  14-15  1.826273430
       ( 1.093651430)       ( 1.092838230)       ( 1.090437430)       ( 1.013946540)       ( 0.966422280)

 Bond angles

  1- 2- 3  104.63655260   1- 2- 7  108.03051228   1- 2- 9  110.16518259   1-14-15   98.06022714

  2- 1-14  107.64897007   2- 3- 4  109.42454747   2- 3- 5  110.80503551   2- 3- 6  110.45430948

  2- 7- 8  123.75414813   2- 7-13  120.05287734   2- 9-10  111.31059318   2- 9-11  109.13948942

  2- 9-12  110.97126993   3- 2- 7  110.61885570   3- 2- 9  111.01084674   4- 3- 5  108.47186885

  4- 3- 6  108.23305760   5- 3- 6  109.38974182   7- 2- 9  112.07701455   7-13-16  106.12627924

  8- 7-13  115.90032460  10- 9-11  108.70781751  10- 9-12  107.97846068  11- 9-12  108.66647262

 NUCLEAR CHARGE:                   57
 NUMBER OF PRIMITIVE AOS:         693
 NUMBER OF SYMMETRY AOS:          621
 NUMBER OF CONTRACTIONS:          533   ( 533A   )
 NUMBER OF CORE ORBITALS:           7   (   7A   )
 NUMBER OF VALENCE ORBITALS:       37   (  37A   )


 NUCLEAR REPULSION ENERGY  336.66963070


 Eigenvalues of metric

         1 0.169E-04 0.251E-04 0.385E-04 0.541E-04 0.885E-04 0.969E-04 0.105E-03 0.109E-03


 Contracted 2-electron integrals neglected if value below      1.0D-12
 AO integral compression algorithm  1   Integral accuracy      1.0D-12

     38195.692 MB (compressed) written to integral file ( 44.0%)


 NUMBER OF SORTED TWO-ELECTRON INTEGRALS:10126281516.     BUFFER LENGTH:  32768
 NUMBER OF SEGMENTS: 159  SEGMENT LENGTH:   63999810      RECORD LENGTH: 262144

 Memory used in sort:      64.29 MW

 SORT1 READ 10857305963. AND WROTE  9019501087. INTEGRALS IN  51686 RECORDS. CPU TIME:   194.05 SEC, REAL TIME:   416.61 SEC
 SORT2 READ  9019501087. AND WROTE 10126281516. INTEGRALS IN 145705 RECORDS. CPU TIME:   161.26 SEC, REAL TIME:   759.69 SEC

 FILE SIZES:   FILE 1: 38226.2 MBYTE,  FILE 4:108393.4 MBYTE,   TOTAL: 146619.7 MBYTE

 OPERATOR DM      FOR CENTER  0  COORDINATES:    0.000000    0.000000    0.000000


 **********************************************************************************************************************************
 DATASETS  * FILE   NREC   LENGTH (MB)   RECORD NAMES
              1      19    35792.02       500      610      700      900      950      970     1000      129      960     1100   
                                          VAR    BASINP    GEOM    SYMINP    ZMAT    AOBASIS   BASIS     P2S    ABASIS      S 
                                         1400     1410     1200     1210     1080     1600     1650     1300     1700   
                                           T        V       H0       H01     AOSYM     SMH    MOLCAS    ERIS     OPER   

 PROGRAMS   *        TOTAL       INT
 CPU TIMES  *       860.96    860.81
 REAL TIME  *      1717.19 SEC
 DISK USED  *       146.62 GB      
 **********************************************************************************************************************************


 PROGRAM * RHF-SCF (OPEN SHELL)       Authors: W. Meyer, H.-J. Werner


 NUMBER OF ELECTRONS:      29+   28-    SPACE SYMMETRY=1    SPIN SYMMETRY: Doublet 
 CONVERGENCE THRESHOLDS:    1.00E-05 (Density)    1.14E-07 (Energy)
 MAX. NUMBER OF ITERATIONS:       60
 INTERPOLATION TYPE:            DIIS
 INTERPOLATION STEPS:              2 (START)      1 (STEP)
 LEVEL SHIFTS:                 -1.00 (CLOSED) -0.50 (OPEN) 



 Orbital guess generated from atomic densities. Full valence occupancy:   44

 Molecular orbital dump at record        2100.2
 ROTATION OF ORBITALS  29.1   30.1       90.00 DEGREES

 Initial alpha occupancy:  29
 Initial beta  occupancy:  28
 Wave function symmetry:    1

 ITERATION    DDIFF          GRAD             ENERGY        2-EL.EN.            DIPOLE MOMENTS         DIIS   ORB.
    1      0.000D+00      0.000D+00      -381.13729423    944.471987   -1.08757   -1.11060    0.86236    0    start
    2      0.000D+00      0.243D-02      -381.21571144    944.046418   -0.77726   -0.94165    0.79915    1    diag,B
    3      0.157D-02      0.947D-03      -381.23682190    944.032076   -0.68920   -0.83415    0.83647    2    diag,B
    4      0.696D-03      0.483D-03      -381.24557250    943.986871   -0.63603   -0.77857    0.86248    3    diag,B
    5      0.546D-03      0.192D-03      -381.24746103    944.009155   -0.62824   -0.76709    0.88974    4    diag,B
    6      0.279D-03      0.835D-04      -381.24789105    944.009204   -0.62902   -0.76714    0.90702    5    diag,B
    7      0.165D-03      0.361D-04      -381.24798363    944.007368   -0.62992   -0.76714    0.91566    6    fixocc
    8      0.100D-03      0.148D-04      -381.24799920    944.010191   -0.62993   -0.76705    0.91785    7    diag,B
    9      0.561D-04      0.611D-05      -381.24800169    944.011772   -0.62976   -0.76702    0.91825    8    diag,B
   10      0.286D-04      0.290D-05      -381.24800225    944.012241   -0.62958   -0.76700    0.91821    9    orth
   11      0.143D-04      0.150D-05      -381.24800240    944.012242   -0.62951   -0.76696    0.91817    9    diag,B
   12      0.788D-05      0.926D-06      -381.24800247    944.012254   -0.62949   -0.76695    0.91811    9    diag,B
   13      0.570D-05      0.626D-06      -381.24800248    944.012232   -0.62949   -0.76696    0.91809    0    orth

 Final alpha occupancy:  29
 Final beta  occupancy:  28

 !RHF STATE 1.1 Energy               -381.248002483413
 Nuclear energy                       336.66963070
 One-electron energy                -1189.92374928
 Two-electron energy                  472.00611610
 Virial quotient                       -1.00141933
 !RHF STATE 1.1 Dipole moment          -0.62949373    -0.76695996     0.91809410
 Dipole moment /Debye                  -1.59990867    -1.94929009     2.33340960

 Orbital energies:

         1.1          2.1          3.1          4.1          5.1          6.1          7.1          8.1          9.1         10.1
    -20.670711   -20.646255   -20.550637   -11.315932   -11.249802   -11.240231   -11.232547    -1.422705    -1.374606    -1.295817

        11.1         12.1         13.1         14.1         15.1         16.1         17.1         18.1         19.1         20.1
     -1.062349    -0.959182    -0.893365    -0.797277    -0.731115    -0.659786    -0.655750    -0.643661    -0.615006    -0.587165

        21.1         22.1         23.1         24.1         25.1         26.1         27.1         28.1         29.1         30.1
     -0.572741    -0.561707    -0.548810    -0.536453    -0.530711    -0.519112    -0.480737    -0.451775    -0.299616     0.036513

        31.1
      0.038032

 HOMO     29.1    -0.299616 =      -8.1530eV
 LUMO     30.1     0.036513 =       0.9936eV
 LUMO-HOMO         0.336129 =       9.1465eV


 **********************************************************************************************************************************
 DATASETS  * FILE   NREC   LENGTH (MB)   RECORD NAMES
              1      19    35792.02       500      610      700      900      950      970     1000      129      960     1100   
                                          VAR    BASINP    GEOM    SYMINP    ZMAT    AOBASIS   BASIS     P2S    ABASIS      S 
                                         1400     1410     1200     1210     1080     1600     1650     1300     1700   
                                           T        V       H0       H01     AOSYM     SMH    MOLCAS    ERIS     OPER   

              2       4       11.04       700     1000      520     2100   
                                         GEOM     BASIS   MCVARS     RHF  

 PROGRAMS   *        TOTAL        HF       INT
 CPU TIMES  *      2953.75   2092.79    860.81
 REAL TIME  *      3971.40 SEC
 DISK USED  *       146.62 GB      
 **********************************************************************************************************************************


 PROGRAM * CCSD (Unrestricted open-shell coupled cluster)     Authors: C. Hampel, H.-J. Werner, 1991, M. Deegan, P.J. Knowles, 1992

                           UCCSD-F12 implementation by G. Knizia and H.-J. Werner, 2008

                   Density fitting integral evaluation by F.R. Manby, 2003,2007, G. Knizia, 2010

 Basis set CC-PVTZ/JKFIT generated.      Number of basis functions:   823 
 Basis set CC-PVTZ-F12/OPTRI generated.  Number of basis functions:   894 
 Basis set AUG-CC-PVTZ/MP2FIT generated. Number of basis functions:   1156 

 Convergence thresholds:  THRVAR = 1.00D-08  THRDEN = 1.14D-06

 CCSD(T)     terms to be evaluated (factor= 1.000)


 Number of core orbitals:           7 (   7 )
 Number of closed-shell orbitals:  21 (  21 )
 Number of active  orbitals:        1 (   1 )
 Number of external orbitals:     504 ( 504 )

 For full I/O caching in triples, increase memory by 2352.23 Mwords to 4252.51 Mwords.

 Number of N-1 electron functions:              43
 Number of N-2 electron functions:             903
 Number of singly external CSFs:             21715
 Number of doubly external CSFs:         173943210
 Total number of CSFs:                   173964925

 Molecular orbitals read from record     2100.2  Type=RHF/CANONICAL (state 1.1)

 Integral transformation finished. Total CPU:1654.25 sec, npass=  1  Memory used:1866.44 MW
 
 Geminal basis:    OPTFULL  GEM_TYPE=SLATER  BETA=1.0  NGEM=6

 Optimizing Gaussian exponents for each gem_beta

 Geminal optimization for beta= 1.0000
 Weight function:   m=0, omega= 1.4646

 Augmented Hessian optimization of geminal fit. Trust ratio= 0.40000
 Convergence reached after   2 iterations. Final gradient= 8.17D-16, Step= 4.34D-06, Delta= 1.28D-09
 
 Alpha:                 0.19532     0.81920     2.85917     9.50073    35.69989   197.79328
 Coeff:                 0.27070     0.30552     0.18297     0.10986     0.06810     0.04224
 
 
 WFN_F12=FIX,EG    DECOUPLE_EXPL=F   HYBRID=0    NOX=F   SEMIINT_F12=T   CORE_SINGLES=F
 
 AO(A)-basis ORBITAL           loaded. Number of functions:     533
 RI(R)-basis CC-PVTZ-F12/OPTRI loaded. Number of functions:     894
 DF-basis CC-PVTZ/JKFIT        loaded. Number of functions:     823

 Screening thresholds:   THRAO=  1.00D-10  THRMO=  1.00D-09  THRPROD=  1.00D-09
                         THRSW=  1.00D-05  THROV=  1.00D-12  THRAOF12=   1.00D-08

 CPU time for one-electron matrices              77.63 sec
 
 Construction of ABS:
 Pseudo-inverse stability          2.42E-11
 Smallest eigenvalue of S          3.50E-05  (threshold= 1.00E-08)
 Ratio eigmin/eigmax               3.34E-06  (threshold= 1.00E-09)
 Smallest eigenvalue of S kept     3.50E-05  (threshold= 3.50E-05, 0 functions deleted, 894 kept)
 
 Construction of CABS:
 Pseudo-inverse stability          9.96E-10
 Smallest eigenvalue of S          9.96E-08  (threshold= 1.00E-08)
 Ratio eigmin/eigmax               9.96E-08  (threshold= 1.00E-09)
 Smallest eigenvalue of S kept     9.96E-08  (threshold= 9.96E-08, 0 functions deleted, 894 kept)
 
 CPU time for basis constructions                 2.05 sec
 Fock operators(MO) rebuilt from dump record.
 CPU time for fock operators                      5.30 sec
 
                                      TOTAL          ALPHA          BETA    
  Singles Contributions MO        -0.003096115   -0.001560541   -0.001535574
  Singles Contributions CABS      -0.003563388   -0.001826646   -0.001736742
  Pure DF-RHF relaxation          -0.003556006
 
 CPU time for singles                             9.47 sec
 
 AO(A)-basis ORBITAL           loaded. Number of functions:     533
 RI(R)-basis CC-PVTZ-F12/OPTRI loaded. Number of functions:     894
 DF-basis AUG-CC-PVTZ/MP2FIT   loaded. Number of functions:    1156

 Screening thresholds:   THRAO=  1.00D-10  THRMO=  1.00D-09  THRPROD=  1.00D-09
                         THRSW=  1.00D-05  THROV=  1.00D-12  THRAOF12=   1.00D-08

 CPU time for transformed integrals            2512.24 sec
 CPU time for F12 matrices                      155.46 sec

 Diagonal F12 ansatz with fixed amplitudes:   TS= 0.5000  TT= 0.2500  TN= 0.3750
 
 ITER.     SQ.NORM      CORR.ENERGY   TOTAL ENERGY  ENERGY CHANGE      VAR         CPU   MICRO    DIIS
   1      1.42411505    -1.60570087  -382.85725936    -1.6093E+00   4.22E-01      4.13  1  1  1   0  0
   2      1.42348052    -1.60480589  -382.85636438     8.9498E-04   9.36E-05     61.45  0  0  0   1  1
   3      1.42367589    -1.60502485  -382.85658334    -2.1896E-04   3.89E-07    120.28  0  0  0   2  2
   4      1.42367703    -1.60502559  -382.85658408    -7.4469E-07   1.64E-09    180.44  0  0  0   3  3
 
 - - Continuing with F12/conv. amplitude coupling turned on.
 
   5      1.42373493    -1.60562239  -382.85718088    -5.9754E-04   1.16E-04    240.57  1  1  1   1  1
   6      1.42373453    -1.60562246  -382.85718095    -7.1509E-08   1.62E-09    301.87  1  1  1   2  2
 
 CPU time for iterative RMP2-F12                301.87 sec
 
 
 DF-RMP2-F12 doubles corrections:
 - - - - - - - - - - - - - - - - 
  Approx.                             TOTAL           A-B            A-A            B-B    
  RMP2-F12/3C(FIX)                -0.123290568   -0.114482362   -0.004654993   -0.004153213
  RMP2-F12/3*C(FIX)               -0.122693700   -0.114223050   -0.004478813   -0.003991837
  RMP2-F12/3*C(DX)                -0.123129239   -0.114621975   -0.004497539   -0.004009725
  RMP2-F12/3*C(FIX,DX)            -0.130073371   -0.121078895   -0.004743268   -0.004251209
 
 DF-RMP2-F12 doubles energies:
 - - - - - - - - - - - - - - -
  Approx.                             TOTAL           A-B            A-A            B-B    
  RMP2                            -1.479235777   -1.119369538   -0.186351772   -0.173514468
  RMP2-F12/3C(FIX)                -1.602526345   -1.233851899   -0.191006765   -0.177667681
  RMP2-F12/3*C(FIX)               -1.601929477   -1.233592588   -0.190830585   -0.177506305
  RMP2-F12/3*C(DX)                -1.602365016   -1.233991513   -0.190849310   -0.177524193
  RMP2-F12/3*C(FIX,DX)            -1.609309149   -1.240448432   -0.191095040   -0.177765677
 
 
  Reference energy                   -381.248002483405
  CABS relaxation correction to RHF    -0.003556005591
  New reference energy               -381.251558488995
 
  RMP2-F12 singles (MO) energy         -0.003096114797
  RMP2-F12 pair energy                 -1.602526345457
  RMP2-F12 correlation energy          -1.605622460254
 
 !RMP2-F12/3C(FIX) energy            -382.857180949249

 Starting RMP2 calculation

 ITER.      SQ.NORM     CORR.ENERGY   TOTAL ENERGY   ENERGY CHANGE        DEN1      VAR(S)    VAR(P)  DIIS     TIME
   1      1.41887391    -1.47721404  -382.72521652    -1.47721404    -0.00482294  0.16D-04  0.19D-02  1  1  4928.25
   2      1.42352791    -1.48239058  -382.73039307    -0.00517655    -0.00000810  0.35D-06  0.43D-05  2  2  4987.09
   3      1.42368394    -1.48248362  -382.73048610    -0.00009304    -0.00000003  0.14D-07  0.12D-07  3  3  5046.91
   4      1.42368668    -1.48248404  -382.73048652    -0.00000041    -0.00000000  0.43D-09  0.53D-10  4  4  5106.96

 Norm of t1 vector:      0.04501840      S-energy:    -0.00309606      T1 diagnostic:  0.00032844
 Norm of t2 vector:      0.64935354      P-energy:    -1.47938798
                                         Alpha-Beta:  -1.11981761
                                         Alpha-Alpha: -0.18618614
                                         Beta-Beta:   -0.17338422

 Spin contamination <S**2-Sz**2-Sz>     0.00074552
  Reference energy                   -381.251558488995
  RHF-RMP2 correlation energy          -1.482484036148
 !RHF-RMP2 energy                    -382.734042525143

 Starting UCCSD calculation

 ITER.      SQ.NORM     CORR.ENERGY   TOTAL ENERGY   ENERGY CHANGE        DEN1      VAR(S)    VAR(P)  DIIS     TIME
   1      1.40822979    -1.44314427  -382.69114675    -1.44314427    -0.04330474  0.85D-02  0.76D-02  0  0 22298.71
   2      1.44514109    -1.48080977  -382.72881226    -0.03766550    -0.00462187  0.43D-03  0.16D-02  1  1 38624.70
   3      1.45947460    -1.48622694  -382.73422942    -0.00541717    -0.00094145  0.41D-03  0.20D-03  2  2 54537.62
   4      1.47199037    -1.49243908  -382.74044156    -0.00621214    -0.00013147  0.53D-04  0.34D-04  3  3 70448.25
   5      1.47627543    -1.49316008  -382.74116256    -0.00072100    -0.00002778  0.18D-04  0.47D-05  4  4 86361.34
   6      1.47807918    -1.49328670  -382.74128918    -0.00012663    -0.00000665  0.44D-05  0.11D-05  5  5102388.01
   7      1.47891221    -1.49339492  -382.74139740    -0.00010822    -0.00000159  0.12D-05  0.28D-06  6  6118425.37
   8      1.47911254    -1.49339787  -382.74140035    -0.00000295    -0.00000059  0.48D-06  0.11D-06  6  2134528.02
   9      1.47925259    -1.49341830  -382.74142078    -0.00002043    -0.00000030  0.31D-06  0.48D-07  6  1150809.72
  10      1.47930908    -1.49342276  -382.74142524    -0.00000446    -0.00000019  0.21D-06  0.29D-07  6  3167444.64
  11      1.47932673    -1.49341502  -382.74141750     0.00000774    -0.00000014  0.16D-06  0.22D-07  6  1183795.34
  12      1.47941763    -1.49342124  -382.74142372    -0.00000622    -0.00000009  0.88D-07  0.14D-07  6  4200096.97
  13      1.47948004    -1.49341609  -382.74141858     0.00000514    -0.00000004  0.36D-07  0.60D-08  6  6216258.09
  14      1.47952730    -1.49341744  -382.74141993    -0.00000135    -0.00000002  0.18D-07  0.32D-08  6  5232644.63
  15      1.47956903    -1.49341783  -382.74142032    -0.00000039    -0.00000001  0.86D-08  0.16D-08  6  2248904.49
  16      1.47960179    -1.49342050  -382.74142298    -0.00000266    -0.00000000  0.29D-08  0.59D-09  6  4265121.85
  17      1.47961277    -1.49342158  -382.74142406    -0.00000108    -0.00000000  0.11D-08  0.24D-09  6  3281209.95

 Norm of t1 vector:      0.16266831      S-energy:    -0.00345386      T1 diagnostic:  0.01656556
                                                                       D1 diagnostic:  0.05559830
 Norm of t2 vector:      0.67316550      P-energy:    -1.48996772
                                         Alpha-Beta:  -1.16987075
                                         Alpha-Alpha: -0.16637084
                                         Beta-Beta:   -0.15372613

 Spin contamination <S**2-Sz**2-Sz>     0.00111931

 For full I/O caching in triples, increase memory by 2605.43 Mwords to 4505.71 Mwords.
 

  Ecorr(MP2)                           -1.482484036148
  Ecorr(MP2-F12)                       -1.605774604109
  Scale factor for triples energy       1.083164853688

 RESULTS
 =======

  Reference energy                   -381.248002483405
  CABS relaxation correction to RHF    -0.003556005591
  New reference energy               -381.251558488995
 
  F12 corrections for ansatz 3C(FIX) added to UCCSD energy. Coupling mode: 15
 
  UCCSD-F12a singles energy            -0.003453855167
  UCCSD-F12a pair energy               -1.611720472967
  UCCSD-F12a correlation energy        -1.615174328134
  Triples (T) contribution (scaled)    -0.076834164735
  Total correlation energy             -1.692008492869
 
  RHF-UCCSD-F12a energy              -382.866732817130
  RHF-UCCSD[T]-F12a energy           -382.946875607303
  RHF-UCCSD-T-F12a energy            -382.942554284208
 !RHF-UCCSD(T)-F12a energy           -382.943566981864
 
  F12 corrections for ansatz 3C(FIX) added to UCCSD energy. Coupling mode: 15
 
  UCCSD-F12b singles energy            -0.003453855167
  UCCSD-F12b pair energy               -1.589551308392
  UCCSD-F12b correlation energy        -1.593005163560
  Triples (T) contribution (scaled)    -0.076834164735
  Total correlation energy             -1.669839328294
 
  RHF-UCCSD-F12b energy              -382.844563652555
  RHF-UCCSD[T]-F12b energy           -382.924706442728
  RHF-UCCSD-T-F12b energy            -382.920385119634
 !RHF-UCCSD(T)-F12b energy           -382.921397817289

 Program statistics:

 Available memory in ccsd:              1899995808
 Min. memory needed in ccsd:             476529013
 Max. memory used in ccsd:               700588850
 Max. memory used in cckext:             522715393 (18 integral passes)
 Max. memory used in cckint:            1866435477 ( 1 integral passes)



 **********************************************************************************************************************************
 DATASETS  * FILE   NREC   LENGTH (MB)   RECORD NAMES
              1      20    35792.04       500      610      700      900      950      970     1000      129      960     1100   
                                          VAR    BASINP    GEOM    SYMINP    ZMAT    AOBASIS   BASIS     P2S    ABASIS      S 
                                         1400     1410     1200     1210     1080     1600     1650     1300     1700      960(1)
                                           T        V       H0       H01     AOSYM     SMH    MOLCAS    ERIS     OPER    ABASIS    

              2       5       14.46       700     1000      520     2100     7360   
                                         GEOM     BASIS   MCVARS     RHF    F12ABS    

 PROGRAMS   *        TOTALUCCSD(T)-F        HF       INT
 CPU TIMES  *    908043.84 905090.09   2092.79    860.81
 REAL TIME  *    915671.51 SEC
 DISK USED  *       206.17 GB      
 **********************************************************************************************************************************

 UCCSD(T)-F12/cc-pVTZ-F12 energy=   -382.921397817289

    UCCSD(T)-F12        HF-SCF  
   -382.92139782   -381.24800248
 **********************************************************************************************************************************
 Molpro calculation terminated
 Variable memory released
