
 Primary working directories    : /scratch/scratchdirs/nyee88
 Secondary working directories  : /scratch/scratchdirs/nyee88
 Wavefunction directory         : /global/homes/n/nyee88/wfu/
 Main file repository           : /scratch/scratchdirs/nyee88/

 SHA1      : d03110ad91d449d0c5f19172a0c0ba2e2d66b3a5
 NAME      : 2012.1.21
 ARCHNAME  : Linux/XT
 FC        : /opt/cray/craype/2.2.1/bin/ftn
 FCVERSION : 14.2-0
 BLASLIB   : 
 id        : lbl

 Nodes     nprocs
 nid00123     1
 nid06267     1
 nid06308     1
 nid06309     1
 nid06310     1
 nid06264     1
 nid06022     1
 nid06023     1
 nid05976     1
 nid05977     1
 nid05543     1
 nid05496     1
 Number of processes for MPI-2 version of Molpro:   nprocs(total)=   24   nprocs(compute)=   12   nprocs(helper)=   12
 ga_uses_ma=false, calling ma_init with nominal heap.
 GA-space will be limited to   8.0 MW (determined by -G option)

 Using customized tuning parameters: mindgm=7; mindgv=24; mindgc=4; mindgr=2; noblas=0; minvec=7
 default implementation of scratch files=sf  

 geometry = {angstrom
  O
  O                  1              B1
  C                  2              B2    1              A1
  H                  3              B3    2              A2    1              D1
  O                  3              B4    2              A3    1              D2
  H                  5              B5    3              A4    2              D3
  C                  3              B6    2              A5    1              D4
  H                  1              B7    2              A6    3              D5
  C                  7              B8    3              A7    2              D6
  H                  9              B9    7              A8    3              D7
  H                  9             B10    7              A9    3              D8
  H                  9             B11    7             A10    3              D9
  C                  7             B12    3             A11    2             D10
  H                 13             B13    7             A12    3             D11
  H                 13             B14    7             A13    3             D12
  H                 13             B15    7             A14    3             D13
 }
 
       B1 =           1.42128528
       B2 =           1.43573535
       B3 =           1.09422401
       B4 =           1.38394915
       B5 =           0.96552573
       B6 =           1.55133261
       B7 =           1.23597448
       B8 =           1.50556005
       B9 =           1.09320957
       B10 =          1.09918965
       B11 =          1.09316535
       B12 =          1.51082709
       B13 =          1.09249743
       B14 =          1.09333493
       B15 =          1.09821492
       A1 =         103.57726066
       A2 =         110.53156024
       A3 =         108.32517564
       A4 =         108.04819046
       A5 =         104.29505283
       A6 =          94.16981010
       A7 =         116.10008720
       A8 =         111.38291980
       A9 =         110.54699313
       A10 =        111.65962038
       A11 =        114.81029553
       A12 =        110.89992028
       A13 =        111.44668854
       A14 =        110.85791406
       D1 =         -76.79436857
       D2 =         166.32014339
       D3 =         -52.10706861
       D4 =          41.72868974
       D5 =         -30.65654768
       D6 =        -142.98092657
       D7 =         170.44504664
       D8 =         -70.55723718
       D9 =          48.97697828
       D10 =         76.56509087
       D11 =       -165.66349205
       D12 =        -45.24629848
       D13 =         75.50999348
 
 memory,3000,M
 basis = vtz-f12
 hf
 uccsd(t)-f12,scale_trip=1

 Variables initialized (782), CPU time= 0.02 sec
 Commands  initialized (547), CPU time= 0.04 sec, 517 directives.
 Default parameters read. Elapsed time= 0.78 sec

 Checking input...
 Passed
1


                                         ***  PROGRAM SYSTEM MOLPRO  ***
                         Copyright, University College Cardiff Consultants Limited, 2008

                                    Version 2012.1 linked Mar 12 2015 14:11:14


 **********************************************************************************************************************************
 LABEL *                                                                                 
 Linux-3.0.101-0.31.1_1.0502.8394-cray_gem_c/nid00123(x86_64) 64 bit mpp version         DATE: 12-Jun-15          TIME: 01:35:57  
 **********************************************************************************************************************************

 SHA1:             d03110ad91d449d0c5f19172a0c0ba2e2d66b3a5
 **********************************************************************************************************************************
 SETTING B1             =         1.42128528                                  
 SETTING B2             =         1.43573535                                  
 SETTING B3             =         1.09422401                                  
 SETTING B4             =         1.38394915                                  
 SETTING B5             =         0.96552573                                  
 SETTING B6             =         1.55133261                                  
 SETTING B7             =         1.23597448                                  
 SETTING B8             =         1.50556005                                  
 SETTING B9             =         1.09320957                                  
 SETTING B10            =         1.09918965                                  
 SETTING B11            =         1.09316535                                  
 SETTING B12            =         1.51082709                                  
 SETTING B13            =         1.09249743                                  
 SETTING B14            =         1.09333493                                  
 SETTING B15            =         1.09821492                                  
 SETTING A1             =       103.57726066                                  
 SETTING A2             =       110.53156024                                  
 SETTING A3             =       108.32517564                                  
 SETTING A4             =       108.04819046                                  
 SETTING A5             =       104.29505283                                  
 SETTING A6             =        94.16981010                                  
 SETTING A7             =       116.10008720                                  
 SETTING A8             =       111.38291980                                  
 SETTING A9             =       110.54699313                                  
 SETTING A10            =       111.65962038                                  
 SETTING A11            =       114.81029553                                  
 SETTING A12            =       110.89992028                                  
 SETTING A13            =       111.44668854                                  
 SETTING A14            =       110.85791406                                  
 SETTING D1             =       -76.79436857                                  
 SETTING D2             =       166.32014339                                  
 SETTING D3             =       -52.10706861                                  
 SETTING D4             =        41.72868974                                  
 SETTING D5             =       -30.65654768                                  
 SETTING D6             =      -142.98092657                                  
 SETTING D7             =       170.44504664                                  
 SETTING D8             =       -70.55723718                                  
 SETTING D9             =        48.97697828                                  
 SETTING D10            =        76.56509087                                  
 SETTING D11            =      -165.66349205                                  
 SETTING D12            =       -45.24629848                                  
 SETTING D13            =        75.50999348                                  

 Variable memory set to 3000000000 words,  buffer space   230000 words

 SETTING BASIS          =    VTZ-F12


 Recomputing integrals since basis changed


 Using spherical harmonics

 Library entry O      S cc-pVTZ-F12          selected for orbital group  1
 Library entry O      P cc-pVTZ-F12          selected for orbital group  1
 Library entry O      D cc-pVTZ-F12          selected for orbital group  1
 Library entry O      F cc-pVTZ-F12          selected for orbital group  1
 Library entry C      S cc-pVTZ-F12          selected for orbital group  2
 Library entry C      P cc-pVTZ-F12          selected for orbital group  2
 Library entry C      D cc-pVTZ-F12          selected for orbital group  2
 Library entry C      F cc-pVTZ-F12          selected for orbital group  2
 Library entry H      S cc-pVTZ-F12          selected for orbital group  3
 Library entry H      P cc-pVTZ-F12          selected for orbital group  3
 Library entry H      D cc-pVTZ-F12          selected for orbital group  3

1PROGRAM * SEWARD (Integral evaluation for generally contracted gaussian basis sets)     Author: Roland Lindh, 1990

 Geometry written to block  1 of record 700

 Orientation using atomic masses  
 Molecule type: Asymmetric top
 Rotational constants:       2.2983323      1.8696606      3.0182519 GHz  (calculated with average atomic masses)

 Point group  C1  



 ATOMIC COORDINATES

 NR  ATOM    CHARGE       X              Y              Z

   1  O       8.00   -2.909764023   -0.003046563   -2.294305949
   2  O       8.00   -0.305163045   -0.198334222   -2.920127510
   3  C       6.00    0.946021410    0.951951465   -0.805288316
   4  H       1.00    0.806731202    3.012219805   -0.913093959
   5  O       8.00    3.488517562    0.351659333   -0.928079366
   6  H       1.00    3.634217858   -1.459042502   -1.099016652
   7  C       6.00   -0.517230776   -0.044909429    1.531248317
   8  H       1.00   -2.541637039   -0.136448254    0.008293175
   9  C       6.00   -0.868902445    1.799830155    3.668497744
  10  H       1.00   -2.176073189    1.065640311    5.089791206
  11  H       1.00    0.938797403    2.158754358    4.626630880
  12  H       1.00   -1.584604270    3.617533347    2.996793987
  13  C       6.00    0.090081091   -2.735958628    2.266594334
  14  H       1.00   -1.313707504   -3.472787122    3.588981596
  15  H       1.00    0.129960206   -3.979226271    0.616903678
  16  H       1.00    1.934613878   -2.845464832    3.211413279

 Bond lengths in Bohr (Angstrom)

 1-2  2.685839934  1-8  2.335653273  2-3  2.713146609  3-4  2.067783705  3-5  2.615284873
     ( 1.421285280)     ( 1.235974480)     ( 1.435735350)     ( 1.094224010)     ( 1.383949150)

  3- 7  2.931593772   5- 6  1.824579203   7- 8  2.534954130   7- 9  2.845096169   7-13  2.855049432
       ( 1.551332610)       ( 0.965525730)       ( 1.341439951)       ( 1.505560050)       ( 1.510827090)

  9-10  2.065866692   9-11  2.077167405   9-12  2.065783128  13-14  2.064520942  13-15  2.066103588
       ( 1.093209570)       ( 1.099189650)       ( 1.093165350)       ( 1.092497430)       ( 1.093334930)

 13-16  2.075325432
       ( 1.098214920)

 Bond angles

  1-2-3  103.57726066   1-8-7  135.73225789   2-1-8   94.16981010   2-3-4  110.53156024

  2-3-5  108.32517564   2-3-7  104.29505283   3-5-6  108.04819046   3-7-8   86.10371324

  3- 7- 9  116.10008720   3- 7-13  114.81029553   4- 3- 5  106.96199961   4- 3- 7  110.28776824

  5- 3- 7  116.39844932   7- 9-10  111.38291980   7- 9-11  110.54699313   7- 9-12  111.65962038

  7-13-14  110.89992028   7-13-15  111.44668854   7-13-16  110.85791406   8- 7- 9  112.08691412

  8- 7-13  106.89235326   9- 7-13  116.35684403  10- 9-11  107.14095055  10- 9-12  108.49353329

 11- 9-12  107.42463991  14-13-15  108.04690186  14-13-16  107.09159091  15-13-16  108.33668910

 NUCLEAR CHARGE:                   57
 NUMBER OF PRIMITIVE AOS:         693
 NUMBER OF SYMMETRY AOS:          621
 NUMBER OF CONTRACTIONS:          533   ( 533A   )
 NUMBER OF CORE ORBITALS:           7   (   7A   )
 NUMBER OF VALENCE ORBITALS:       37   (  37A   )


 NUCLEAR REPULSION ENERGY  337.81434863


 Eigenvalues of metric

         1 0.185E-04 0.262E-04 0.372E-04 0.575E-04 0.892E-04 0.968E-04 0.103E-03 0.112E-03


 Contracted 2-electron integrals neglected if value below      1.0D-12
 AO integral compression algorithm  1   Integral accuracy      1.0D-12

     38336.463 MB (compressed) written to integral file ( 44.2%)

     Node minimum: 2990.277 MB, node maximum: 3301.704 MB


 NUMBER OF SORTED TWO-ELECTRON INTEGRALS:  843886440.     BUFFER LENGTH:  32768
 NUMBER OF SEGMENTS:  27  SEGMENT LENGTH:   31999824      RECORD LENGTH: 524288

 Memory used in sort:      32.56 MW

 SORT1 READ 10833596348. AND WROTE   753152616. INTEGRALS IN   2167 RECORDS. CPU TIME:   542.71 SEC, REAL TIME:   563.42 SEC
 SORT2 READ  9025541607. AND WROTE 10126281516. INTEGRALS IN 142848 RECORDS. CPU TIME:    47.21 SEC, REAL TIME:    89.85 SEC

 Node minimum:   843791568.  Node maximum:   843922020. integrals

 OPERATOR DM      FOR CENTER  0  COORDINATES:    0.000000    0.000000    0.000000


 **********************************************************************************************************************************
 DATASETS  * FILE   NREC   LENGTH (MB)   RECORD NAMES
              1      18       18.19       500      610      700      900      950      970     1000      129      960     1100   
                                          VAR    BASINP    GEOM    SYMINP    ZMAT    AOBASIS   BASIS     P2S    ABASIS      S 
                                         1400     1410     1200     1210     1080     1600     1650     1700   
                                           T        V       H0       H01     AOSYM     SMH    MOLCAS    OPER   

 PROGRAMS   *        TOTAL       INT
 CPU TIMES  *       676.77    676.41
 REAL TIME  *       749.76 SEC
 DISK USED  *       146.10 GB      
 GA USED    *         0.01 MB       (max)       0.00 MB       (current)
 **********************************************************************************************************************************

1PROGRAM * RHF-SCF (OPEN SHELL)       Authors: W. Meyer, H.-J. Werner


 NUMBER OF ELECTRONS:      29+   28-    SPACE SYMMETRY=1    SPIN SYMMETRY: Doublet 
 CONVERGENCE THRESHOLDS:    1.00E-05 (Density)    1.14E-07 (Energy)
 MAX. NUMBER OF ITERATIONS:       60
 INTERPOLATION TYPE:            DIIS
 INTERPOLATION STEPS:              2 (START)      1 (STEP)
 LEVEL SHIFTS:                 -0.30 (CLOSED)  0.00 (OPEN) 



 Orbital guess generated from atomic densities. Full valence occupancy:   44

 Molecular orbital dump at record        2100.2

 ITERATION    DDIFF          GRAD             ENERGY        2-EL.EN.            DIPOLE MOMENTS         DIIS   ORB.
    1      0.000D+00      0.000D+00      -381.12795410    945.632380    0.57163   -0.48944    1.99917    0    start
    2      0.000D+00      0.264D-02      -381.22448713    945.746002    0.38495   -0.28654    1.74891    1    diag,B
    3      0.218D-02      0.936D-03      -381.24038736    945.714829    0.34803   -0.26955    1.65295    2    diag,B
    4      0.661D-03      0.374D-03      -381.24647274    945.684853    0.29076   -0.24749    1.60720    3    diag,B
    5      0.406D-03      0.152D-03      -381.24819503    945.682055    0.28449   -0.24917    1.60410    4    diag,B
    6      0.195D-03      0.762D-04      -381.24889049    945.673095    0.27102   -0.24966    1.60269    5    diag,B
    7      0.120D-03      0.467D-04      -381.24924709    945.662587    0.27138   -0.25222    1.60470    6    fixocc
    8      0.900D-04      0.282D-04      -381.24942339    945.670954    0.26986   -0.25476    1.60751    7    diag,B
    9      0.662D-04      0.170D-04      -381.24949783    945.671194    0.27114   -0.25624    1.61037    8    diag,B
   10      0.489D-04      0.977D-05      -381.24952321    945.674916    0.27172   -0.25754    1.61343    9    orth
   11      0.329D-04      0.526D-05      -381.24953045    945.675003    0.27228   -0.25817    1.61538    9    diag,B
   12      0.171D-04      0.288D-05      -381.24953260    945.675675    0.27243   -0.25859    1.61659    9    diag,B
   13      0.981D-05      0.142D-05      -381.24953308    945.676318    0.27270   -0.25873    1.61730    9    diag,B
   14      0.459D-05      0.854D-06      -381.24953323    945.676516    0.27287   -0.25880    1.61781    9    diag,B
   15      0.225D-05      0.603D-06      -381.24953333    945.676904    0.27309   -0.25883    1.61839    9    diag,B
   16      0.194D-05      0.442D-06      -381.24953336    945.677046    0.27326   -0.25885    1.61880    0    orth

 Final alpha occupancy:  29
 Final beta  occupancy:  28

 !RHF STATE 1.1 Energy               -381.249533355725
 Nuclear energy                       337.81434863
 One-electron energy                -1191.90240519
 Two-electron energy                  472.83852321
 Virial quotient                       -1.00126202
 !RHF STATE 1.1 Dipole moment           0.27326180    -0.25885248     1.61879533
 Dipole moment /Debye                   0.69451672    -0.65789427     4.11429782

 Orbital energies:

         1.1          2.1          3.1          4.1          5.1          6.1          7.1          8.1          9.1         10.1
    -20.615038   -20.613378   -20.587878   -11.356724   -11.284347   -11.247214   -11.247142    -1.479825    -1.396457    -1.162131

        11.1         12.1         13.1         14.1         15.1         16.1         17.1         18.1         19.1         20.1
     -1.105280    -0.971566    -0.931065    -0.804904    -0.718885    -0.690039    -0.675549    -0.645011    -0.605244    -0.586290

        21.1         22.1         23.1         24.1         25.1         26.1         27.1         28.1         29.1         30.1
     -0.581647    -0.570841    -0.561496    -0.539530    -0.524871    -0.506566    -0.473224    -0.429262    -0.402622     0.034281

        31.1
      0.043296

 HOMO     29.1    -0.402622 =     -10.9559eV
 LUMO     30.1     0.034281 =       0.9328eV
 LUMO-HOMO         0.436903 =      11.8887eV


 **********************************************************************************************************************************
 DATASETS  * FILE   NREC   LENGTH (MB)   RECORD NAMES
              1      18       18.19       500      610      700      900      950      970     1000      129      960     1100   
                                          VAR    BASINP    GEOM    SYMINP    ZMAT    AOBASIS   BASIS     P2S    ABASIS      S 
                                         1400     1410     1200     1210     1080     1600     1650     1700   
                                           T        V       H0       H01     AOSYM     SMH    MOLCAS    OPER   

              2       4        8.59       700     1000      520     2100   
                                         GEOM     BASIS   MCVARS     RHF  

 PROGRAMS   *        TOTAL        HF       INT
 CPU TIMES  *      1158.99    482.22    676.41
 REAL TIME  *      1332.65 SEC
 DISK USED  *       146.92 GB      
 SF USED    *         1.14 MB      
 GA USED    *         0.01 MB       (max)       0.00 MB       (current)
 **********************************************************************************************************************************


1PROGRAM * CCSD (Unrestricted open-shell coupled cluster)     Authors: C. Hampel, H.-J. Werner, 1991, M. Deegan, P.J. Knowles, 1992

                           UCCSD-F12 implementation by G. Knizia and H.-J. Werner, 2008

                   Density fitting integral evaluation by F.R. Manby, 2003,2007, G. Knizia, 2010

 Basis set CC-PVTZ/JKFIT generated.      Number of basis functions:   823 
 Basis set CC-PVTZ-F12/OPTRI generated.  Number of basis functions:   894 
 Basis set AUG-CC-PVTZ/MP2FIT generated. Number of basis functions:   1156 

 Convergence thresholds:  THRVAR = 1.00D-08  THRDEN = 1.14D-06

 CCSD(T)     terms to be evaluated (factor= 1.000)


 Number of core orbitals:           7 (   7 )
 Number of closed-shell orbitals:  21 (  21 )
 Number of active  orbitals:        1 (   1 )
 Number of external orbitals:     504 ( 504 )

 For full I/O caching in triples, increase memory by 1254.02 Mwords to 4254.30 Mwords.

 Number of N-1 electron functions:              43
 Number of N-2 electron functions:             903
 Number of singly external CSFs:             21715
 Number of doubly external CSFs:         173943210
 Total number of CSFs:                   173964925

 Molecular orbitals read from record     2100.2  Type=RHF/CANONICAL (state 1.1)

 Integral transformation finished. Total CPU:1941.80 sec, npass=  1  Memory used:1866.44 MW
 
 Geminal basis:    OPTFULL  GEM_TYPE=SLATER  BETA=1.0  NGEM=6

 Optimizing Gaussian exponents for each gem_beta

 Geminal optimization for beta= 1.0000
 Weight function:   m=0, omega= 1.4646

 Augmented Hessian optimization of geminal fit. Trust ratio= 0.40000
 Convergence reached after   2 iterations. Final gradient= 8.42D-16, Step= 4.39D-06, Delta= 1.28D-09
 
 Alpha:                 0.19532     0.81920     2.85917     9.50073    35.69989   197.79328
 Coeff:                 0.27070     0.30552     0.18297     0.10986     0.06810     0.04224
 
 
 WFN_F12=FIX,EG    DECOUPLE_EXPL=F   HYBRID=0    NOX=F   SEMIINT_F12=T   CORE_SINGLES=F
 
 AO(A)-basis ORBITAL           loaded. Number of functions:     533
 RI(R)-basis CC-PVTZ-F12/OPTRI loaded. Number of functions:     894
 DF-basis CC-PVTZ/JKFIT        loaded. Number of functions:     823

 Screening thresholds:   THRAO=  1.00D-10  THRMO=  1.00D-09  THRPROD=  1.00D-09
                         THRSW=  1.00D-05  THROV=  1.00D-12  THRF12=   1.00D-08

 CPU time for one-electron matrices              23.63 sec
 
 Construction of ABS:
 Pseudo-inverse stability          1.44E-10
 Smallest eigenvalue of S          4.45E-05  (threshold= 1.00E-08)
 Ratio eigmin/eigmax               2.04E-07  (threshold= 1.00E-09)
 Smallest eigenvalue of S kept     4.45E-05  (threshold= 4.45E-05, 0 functions deleted, 894 kept)
 
 Construction of CABS:
 Pseudo-inverse stability          4.86E-09
 Smallest eigenvalue of S          1.64E-07  (threshold= 1.00E-08)
 Ratio eigmin/eigmax               1.64E-07  (threshold= 1.00E-09)
 Smallest eigenvalue of S kept     1.64E-07  (threshold= 1.64E-07, 0 functions deleted, 894 kept)
 
 CPU time for basis constructions                 5.36 sec
 Fock operators(MO) rebuilt from dump record.
 CPU time for fock operators                      7.76 sec
 
                                      TOTAL          ALPHA          BETA    
  Singles Contributions MO        -0.006204489   -0.003083241   -0.003121248
  Singles Contributions CABS      -0.003669797   -0.001903372   -0.001766425
  Pure DF-RHF relaxation          -0.003661812
 
 CPU time for singles                            32.53 sec
 
 AO(A)-basis ORBITAL           loaded. Number of functions:     533
 RI(R)-basis CC-PVTZ-F12/OPTRI loaded. Number of functions:     894
 DF-basis AUG-CC-PVTZ/MP2FIT   loaded. Number of functions:    1156

 Screening thresholds:   THRAO=  1.00D-10  THRMO=  1.00D-09  THRPROD=  1.00D-09
                         THRSW=  1.00D-05  THROV=  1.00D-12  THRF12=   1.00D-08

 CPU time for transformed integrals             349.63 sec
 CPU time for F12 matrices                      310.13 sec

 Diagonal F12 ansatz with fixed amplitudes:   TS= 0.5000  TT= 0.2500  TN= 0.3750
 
 ITER.     SQ.NORM      CORR.ENERGY   TOTAL ENERGY  ENERGY CHANGE      VAR         CPU   MICRO    DIIS
   1      1.41417606    -1.60815920  -382.86135436    -1.6118E+00   4.10E-01     13.55  1  1  1   0  0
   2      1.41303587    -1.60627552  -382.85947068     1.8837E-03   1.28E-04    112.60  0  0  0   1  1
   3      1.41333473    -1.60657936  -382.85977453    -3.0384E-04   5.66E-07    221.14  0  0  0   2  2
   4      1.41333917    -1.60658039  -382.85977555    -1.0279E-06   2.07E-09    337.67  0  0  0   3  3
 
 - - Continuing with F12/conv. amplitude coupling turned on.
 
   5      1.41342219    -1.60730830  -382.86050347    -7.2895E-04   1.19E-04    447.42  1  1  1   1  1
   6      1.41342145    -1.60730834  -382.86050350    -3.1425E-08   1.94E-09    565.66  1  1  1   2  2
 
 CPU time for iterative RMP2-F12                565.66 sec
 
 
 DF-RMP2-F12 doubles corrections:
 - - - - - - - - - - - - - - - - 
  Approx.                             TOTAL           A-B            A-A            B-B    
  RMP2-F12/3C(FIX)                -0.124191551   -0.115153187   -0.004787329   -0.004251035
  RMP2-F12/3*C(FIX)               -0.123463602   -0.114796641   -0.004593664   -0.004073296
  RMP2-F12/3*C(DX)                -0.123929246   -0.115222667   -0.004614679   -0.004091901
  RMP2-F12/3*C(FIX,DX)            -0.131001318   -0.121795133   -0.004875956   -0.004330229
 
 DF-RMP2-F12 doubles energies:
 - - - - - - - - - - - - - - -
  Approx.                             TOTAL           A-B            A-A            B-B    
  RMP2                            -1.476912295   -1.113979933   -0.185615227   -0.177317136
  RMP2-F12/3C(FIX)                -1.601103846   -1.229133119   -0.190402556   -0.181568170
  RMP2-F12/3*C(FIX)               -1.600375897   -1.228776574   -0.190208891   -0.181390432
  RMP2-F12/3*C(DX)                -1.600841541   -1.229202600   -0.190229905   -0.181409036
  RMP2-F12/3*C(FIX,DX)            -1.607913613   -1.235775065   -0.190491183   -0.181647365
 
 
  Reference energy                   -381.249533355725
  CABS relaxation correction to RHF    -0.003661812103
  New reference energy               -381.253195167829
 
  RMP2-F12 singles (MO) energy         -0.006204489464
  RMP2-F12 pair energy                 -1.601103845960
  RMP2-F12 correlation energy          -1.607308335424
 
  RMP2-F12/3C(FIX) energy            -382.860503503253

 Starting RMP2 calculation

 ITER.      SQ.NORM     CORR.ENERGY   TOTAL ENERGY   ENERGY CHANGE        DEN1      VAR(S)    VAR(P)  DIIS     TIME
   1      1.40927326    -1.47851180  -382.72804516    -1.47851180    -0.00437699  0.28D-04  0.16D-02  1  1  3492.97
   2      1.41322663    -1.48320534  -382.73273869    -0.00469354    -0.00000790  0.31D-06  0.37D-05  2  2  3650.49
   3      1.41334862    -1.48328069  -382.73281405    -0.00007536    -0.00000004  0.77D-08  0.19D-07  3  3  3823.57
   4      1.41334984    -1.48328011  -382.73281347     0.00000058     0.00000000  0.21D-09  0.88D-10  4  4  3993.75

 Norm of t1 vector:      0.06823137      S-energy:    -0.00620446      T1 diagnostic:  0.00030369
 Norm of t2 vector:      0.63929205      P-energy:    -1.47707565
                                         Alpha-Beta:  -1.11444237
                                         Alpha-Alpha: -0.18545253
                                         Beta-Beta:   -0.17718075

 Spin contamination <S**2-Sz**2-Sz>     0.00137861
  Reference energy                   -381.253195167826
  RHF-RMP2 correlation energy          -1.483280113817
 !RHF-RMP2 energy                    -382.736475281643

 Starting UCCSD calculation

 ITER.      SQ.NORM     CORR.ENERGY   TOTAL ENERGY   ENERGY CHANGE        DEN1      VAR(S)    VAR(P)  DIIS     TIME
   1      1.39839518    -1.44471791  -382.69425127    -1.44471791    -0.04082825  0.76D-02  0.71D-02  0  0  7419.96
   2      1.43052994    -1.48025420  -382.72978756    -0.03553629    -0.00394162  0.43D-03  0.12D-02  1  1 10796.02
   3      1.44240798    -1.48512641  -382.73465976    -0.00487220    -0.00077366  0.46D-03  0.12D-03  2  2 14187.89
   4      1.45156430    -1.48994636  -382.73947971    -0.00481995    -0.00015130  0.10D-03  0.28D-04  3  3 17644.01
   5      1.45610249    -1.49066920  -382.74020255    -0.00072284    -0.00006945  0.79D-04  0.61D-05  4  4 21107.17
   6      1.45912223    -1.49083094  -382.74036430    -0.00016174    -0.00003658  0.39D-04  0.44D-05  5  5 24558.31
   7      1.46365369    -1.49113765  -382.74067101    -0.00030671    -0.00001755  0.20D-04  0.20D-05  6  6 28022.33
   8      1.46644572    -1.49121819  -382.74075154    -0.00008053    -0.00000988  0.10D-04  0.12D-05  6  2 31486.74
   9      1.46940757    -1.49135483  -382.74088818    -0.00013664    -0.00000550  0.56D-05  0.68D-06  6  1 34961.17
  10      1.47204133    -1.49144267  -382.74097602    -0.00008784    -0.00000271  0.27D-05  0.33D-06  6  3 38423.24
  11      1.47405192    -1.49145176  -382.74098511    -0.00000909    -0.00000128  0.11D-05  0.18D-06  6  5 41903.43
  12      1.47530351    -1.49147568  -382.74100904    -0.00002392    -0.00000040  0.32D-06  0.67D-07  6  4 45390.31
  13      1.47601173    -1.49147788  -382.74101123    -0.00000220    -0.00000012  0.76D-07  0.25D-07  6  6 48876.01
  14      1.47625987    -1.49148779  -382.74102115    -0.00000992    -0.00000003  0.22D-07  0.52D-08  6  2 52359.65
  15      1.47624826    -1.49148463  -382.74101799     0.00000316    -0.00000001  0.69D-08  0.21D-08  6  3 55823.63
  16      1.47627488    -1.49148279  -382.74101615     0.00000184     0.00000000  0.22D-08  0.36D-09  6  1 59294.69
  17      1.47625597    -1.49148095  -382.74101430     0.00000185     0.00000000  0.70D-09  0.14D-09  6  5 62777.06
  18      1.47622093    -1.49148031  -382.74101367     0.00000064     0.00000000  0.17D-09  0.33D-10  6  2 66238.65

 Norm of t1 vector:      0.20778398      S-energy:    -0.00663387      T1 diagnostic:  0.02083964
                                                                       D1 diagnostic:  0.11182726
 Norm of t2 vector:      0.65806287      P-energy:    -1.48484644
                                         Alpha-Beta:  -1.16036915
                                         Alpha-Alpha: -0.16622083
                                         Beta-Beta:   -0.15825646

 Singles amplitudes (print threshold =  0.500E-01):

         I         SYM. A    A   T(IA) [Beta-Beta]

        19         1         1      0.05294864
        21         1         1      0.13398388

 Spin contamination <S**2-Sz**2-Sz>     0.00269576

 For full I/O caching in triples, increase memory by 1505.43 Mwords to 4505.71 Mwords.
 

  Ecorr(MP2)                           -1.483280113817
  Ecorr(MP2-F12)                       -1.607471664600
  Scale factor for triples energy       1.083727644985

 RESULTS
 =======

  Reference energy                   -381.249533355723
  CABS relaxation correction to RHF    -0.003661812103
  New reference energy               -381.253195167826
 
  F12 corrections for ansatz 3C(FIX) added to UCCSD energy. Coupling mode: 15
 
  UCCSD-F12a singles energy            -0.006633874023
  UCCSD-F12a pair energy               -1.607355402417
  UCCSD-F12a correlation energy        -1.613989276440
  Triples (T) contribution (scaled)    -0.073507261447
  Total correlation energy             -1.687496537887
 
  RHF-UCCSD-F12a energy              -382.867184444266
  RHF-UCCSD[T]-F12a energy           -382.944157905076
  RHF-UCCSD-T-F12a energy            -382.939549235890
 !RHF-UCCSD(T)-F12a energy           -382.940691705714
 
  F12 corrections for ansatz 3C(FIX) added to UCCSD energy. Coupling mode: 15
 
  UCCSD-F12b singles energy            -0.006633874023
  UCCSD-F12b pair energy               -1.585133801980
  UCCSD-F12b correlation energy        -1.591767676003
  Triples (T) contribution (scaled)    -0.073507261447
  Total correlation energy             -1.665274937451
 
  RHF-UCCSD-F12b energy              -382.844962843830
  RHF-UCCSD[T]-F12b energy           -382.921936304639
  RHF-UCCSD-T-F12b energy            -382.917327635454
 !RHF-UCCSD(T)-F12b energy           -382.918470105277

 Program statistics:

 Available memory in ccsd:              2999995808
 Min. memory needed in ccsd:             476499949
 Max. memory used in ccsd:               700559786
 Max. memory used in cckext:             522715393 (19 integral passes)
 Max. memory used in cckint:            1866435477 ( 1 integral passes)



 **********************************************************************************************************************************
 DATASETS  * FILE   NREC   LENGTH (MB)   RECORD NAMES
              1      19       18.21       500      610      700      900      950      970     1000      129      960     1100   
                                          VAR    BASINP    GEOM    SYMINP    ZMAT    AOBASIS   BASIS     P2S    ABASIS      S 
                                         1400     1410     1200     1210     1080     1600     1650     1700      960(1)
                                           T        V       H0       H01     AOSYM     SMH    MOLCAS    OPER    ABASIS    

              2       5       12.01       700     1000      520     2100     7360   
                                         GEOM     BASIS   MCVARS     RHF    F12ABS    

 PROGRAMS   *        TOTALUCCSD(T)-F        HF       INT
 CPU TIMES  *    161271.66 160112.63    482.22    676.41
 REAL TIME  *    174511.05 SEC
 DISK USED  *       411.79 GB      
 SF USED    *       162.49 GB      
 GA USED    *         2.40 MB       (max)       0.00 MB       (current)
 **********************************************************************************************************************************

    UCCSD(T)-F12        HF-SCF  
   -382.91847011   -381.24953336
 **********************************************************************************************************************************
 Variable memory released
