
 Primary working directories    : /scratch/scratchdirs/nyee88
 Secondary working directories  : /scratch/scratchdirs/nyee88
 Wavefunction directory         : /global/homes/n/nyee88/wfu/
 Main file repository           : /scratch/scratchdirs/nyee88/

 SHA1      : d03110ad91d449d0c5f19172a0c0ba2e2d66b3a5
 NAME      : 2012.1.21
 ARCHNAME  : Linux/XT
 FC        : /opt/cray/craype/2.2.1/bin/ftn
 FCVERSION : 14.2-0
 BLASLIB   : 
 id        : lbl

 Nodes     nprocs
 nid02878     1
 nid02503     1
 nid02576     1
 nid02577     1
 nid02813     1
 nid02533     1
 nid02069     1
 nid02538     1
 nid02062     1
 nid03310     1
 nid03311     1
 nid02001     1
 Number of processes for MPI-2 version of Molpro:   nprocs(total)=   24   nprocs(compute)=   12   nprocs(helper)=   12
 ga_uses_ma=false, calling ma_init with nominal heap.
 GA-space will be limited to   8.0 MW (determined by -G option)

 Using customized tuning parameters: mindgm=7; mindgv=24; mindgc=4; mindgr=2; noblas=0; minvec=7
 default implementation of scratch files=sf  

 geometry = {angstrom
  C
  C                  1              B1
  H                  2              B2    1              A1
  C                  2              B3    1              A2    3              D1
  H                  4              B4    2              A3    1              D2
  H                  4              B5    2              A4    1              D3
  H                  4              B6    2              A5    1              D4
  C                  2              B7    1              A6    4              D5
  H                  8              B8    2              A7    1              D6
  H                  8              B9    2              A8    1              D7
  H                  8             B10    2              A9    1              D8
  O                  1             B11    2             A10    4              D9
  H                  1             B12   12             A11    2             D10
  O                  1             B13   12             A12    2             D11
  O                 14             B14    1             A13   12             D12
  H                 12             B15    1             A14    2             D13
 }
 
       B1 =           1.51184008
       B2 =           1.10250443
       B3 =           1.53156494
       B4 =           1.09319991
       B5 =           1.09074095
       B6 =           1.09242834
       B7 =           1.53389434
       B8 =           1.09226260
       B9 =           1.09402896
       B10 =          1.09241155
       B11 =          1.27589498
       B12 =          1.09961294
       B13 =          1.98580688
       B14 =          1.28794244
       B15 =          1.19282048
       A1 =         103.15036249
       A2 =         112.38286942
       A3 =         110.64985379
       A4 =         110.88716611
       A5 =         110.45156248
       A6 =         111.51956633
       A7 =         110.46721912
       A8 =         111.55231040
       A9 =         110.92679774
       A10 =        121.64793351
       A11 =        118.50100700
       A12 =         95.36179608
       A13 =         99.15350851
       A14 =        101.55246504
       D1 =        -116.12611943
       D2 =         -69.11493004
       D3 =          50.98292152
       D4 =         171.32447487
       D5 =        -128.46241999
       D6 =        -171.83055584
       D7 =         -52.11938780
       D8 =          68.35916894
       D9 =         -36.88857645
       D10 =        155.42285532
       D11 =       -109.31089889
       D12 =         -3.26845949
       D13 =        113.03686274
 
 memory,3000,M
 basis = vtz-f12
 hf
 uccsd(t)-f12,scale_trip=1

 Variables initialized (782), CPU time= 0.02 sec
 Commands  initialized (547), CPU time= 0.03 sec, 517 directives.
 Default parameters read. Elapsed time=19.49 sec

 Checking input...
 Passed
1


                                         ***  PROGRAM SYSTEM MOLPRO  ***
                         Copyright, University College Cardiff Consultants Limited, 2008

                                    Version 2012.1 linked Mar 12 2015 14:11:14


 **********************************************************************************************************************************
 LABEL *                                                                                 
 Linux-3.0.101-0.31.1_1.0502.8394-cray_gem_c/nid02878(x86_64) 64 bit mpp version         DATE: 22-Apr-15          TIME: 13:35:12  
 **********************************************************************************************************************************

 SHA1:             d03110ad91d449d0c5f19172a0c0ba2e2d66b3a5
 **********************************************************************************************************************************
 SETTING B1             =         1.51184008                                  
 SETTING B2             =         1.10250443                                  
 SETTING B3             =         1.53156494                                  
 SETTING B4             =         1.09319991                                  
 SETTING B5             =         1.09074095                                  
 SETTING B6             =         1.09242834                                  
 SETTING B7             =         1.53389434                                  
 SETTING B8             =         1.09226260                                  
 SETTING B9             =         1.09402896                                  
 SETTING B10            =         1.09241155                                  
 SETTING B11            =         1.27589498                                  
 SETTING B12            =         1.09961294                                  
 SETTING B13            =         1.98580688                                  
 SETTING B14            =         1.28794244                                  
 SETTING B15            =         1.19282048                                  
 SETTING A1             =       103.15036249                                  
 SETTING A2             =       112.38286942                                  
 SETTING A3             =       110.64985379                                  
 SETTING A4             =       110.88716611                                  
 SETTING A5             =       110.45156248                                  
 SETTING A6             =       111.51956633                                  
 SETTING A7             =       110.46721912                                  
 SETTING A8             =       111.55231040                                  
 SETTING A9             =       110.92679774                                  
 SETTING A10            =       121.64793351                                  
 SETTING A11            =       118.50100700                                  
 SETTING A12            =        95.36179608                                  
 SETTING A13            =        99.15350851                                  
 SETTING A14            =       101.55246504                                  
 SETTING D1             =      -116.12611943                                  
 SETTING D2             =       -69.11493004                                  
 SETTING D3             =        50.98292152                                  
 SETTING D4             =       171.32447487                                  
 SETTING D5             =      -128.46241999                                  
 SETTING D6             =      -171.83055584                                  
 SETTING D7             =       -52.11938780                                  
 SETTING D8             =        68.35916894                                  
 SETTING D9             =       -36.88857645                                  
 SETTING D10            =       155.42285532                                  
 SETTING D11            =      -109.31089889                                  
 SETTING D12            =        -3.26845949                                  
 SETTING D13            =       113.03686274                                  

 Variable memory set to 3000000000 words,  buffer space   230000 words

 SETTING BASIS          =    VTZ-F12


 Recomputing integrals since basis changed


 Using spherical harmonics

 Library entry C      S cc-pVTZ-F12          selected for orbital group  1
 Library entry C      P cc-pVTZ-F12          selected for orbital group  1
 Library entry C      D cc-pVTZ-F12          selected for orbital group  1
 Library entry C      F cc-pVTZ-F12          selected for orbital group  1
 Library entry H      S cc-pVTZ-F12          selected for orbital group  2
 Library entry H      P cc-pVTZ-F12          selected for orbital group  2
 Library entry H      D cc-pVTZ-F12          selected for orbital group  2
 Library entry O      S cc-pVTZ-F12          selected for orbital group  7
 Library entry O      P cc-pVTZ-F12          selected for orbital group  7
 Library entry O      D cc-pVTZ-F12          selected for orbital group  7
 Library entry O      F cc-pVTZ-F12          selected for orbital group  7

1PROGRAM * SEWARD (Integral evaluation for generally contracted gaussian basis sets)     Author: Roland Lindh, 1990

 Geometry written to block  1 of record 700

 Orientation using atomic masses  
 Molecule type: Asymmetric top
 Rotational constants:       1.8748137      1.6915042      3.7354292 GHz  (calculated with average atomic masses)

 Point group  C1  



 ATOMIC COORDINATES

 NR  ATOM    CHARGE       X              Y              Z

   1  C       6.00    0.598752278    1.588638423   -0.112641189
   2  C       6.00    0.542452138    0.383603648    2.477139323
   3  H       1.00    1.905028380    1.527145125    3.561752344
   4  C       6.00    1.493305305   -2.349753851    2.441779562
   5  H       1.00    0.158333251   -3.572693192    1.446792754
   6  H       1.00    3.318215128   -2.480773722    1.492521809
   7  H       1.00    1.702581530   -3.065640801    4.366725530
   8  C       6.00   -2.054712220    0.677391307    3.730351683
   9  H       1.00   -1.984677888    0.043573562    5.693457603
  10  H       1.00   -2.679914532    2.648007019    3.729332773
  11  H       1.00   -3.479854524   -0.445405905    2.745530645
  12  O       8.00    2.367836638    1.127189982   -1.684509791
  13  H       1.00   -0.441240813    3.379081368   -0.287788447
  14  O       8.00   -2.046222423   -0.287973012   -2.000676921
  15  O       8.00   -0.741509188   -0.941307908   -3.948635856
  16  H       1.00    1.257586219    0.013753745   -3.299622398

 Bond lengths in Bohr (Angstrom)

  1- 2  2.856963706   1-12  2.411092085   1-13  2.077967307   1-14  3.752631153   2- 3  2.083431431
       ( 1.511840080)       ( 1.275894980)       ( 1.099612940)       ( 1.985806880)       ( 1.102504430)

 2-4  2.894238289  2-8  2.898640217  4-5  2.065848437  4-6  2.061201676  4-7  2.064390381
     ( 1.531564940)     ( 1.533894340)     ( 1.093199910)     ( 1.090740950)     ( 1.092428340)

  8- 9  2.064077178   8-10  2.067415114   8-11  2.064358652  12-16  2.254104031  14-15  2.433858485
       ( 1.092262600)       ( 1.094028960)       ( 1.092411550)       ( 1.192820480)       ( 1.287942440)

 15-16  2.308623762
       ( 1.221671079)

 Bond angles

  1- 2- 3  103.15036249   1- 2- 4  112.38286942   1- 2- 8  111.51956633   1-12-16  101.55246504

  1-14-15   99.15350851   2- 1-12  121.64793351   2- 1-13  115.46559349   2- 1-14  103.37090698

  2-4-5  110.64985379   2-4-6  110.88716611   2-4-7  110.45156248   2-8-9  110.46721912

  2- 8-10  111.55231040   2- 8-11  110.92679774   3- 2- 4  108.05089368   3- 2- 8  107.77504651

  4-2-8  113.28877290   5-4-6  108.22142543   5-4-7  108.01860825   6-4-7  108.51978415

  9- 8-10  107.66329567   9- 8-11  108.06714345  10- 8-11  108.02465809  12- 1-13  118.50100700

 12- 1-14   95.36179608  12-16-15  146.33451846  13- 1-14   92.04694506  14-15-16   97.36231232

 NUCLEAR CHARGE:                   57
 NUMBER OF PRIMITIVE AOS:         693
 NUMBER OF SYMMETRY AOS:          621
 NUMBER OF CONTRACTIONS:          533   ( 533A   )
 NUMBER OF CORE ORBITALS:           7   (   7A   )
 NUMBER OF VALENCE ORBITALS:       37   (  37A   )


 NUCLEAR REPULSION ENERGY  331.94414836


 Eigenvalues of metric

         1 0.214E-04 0.348E-04 0.423E-04 0.611E-04 0.912E-04 0.114E-03 0.120E-03 0.126E-03


 Contracted 2-electron integrals neglected if value below      1.0D-12
 AO integral compression algorithm  1   Integral accuracy      1.0D-12

     37365.744 MB (compressed) written to integral file ( 42.9%)

     Node minimum: 2943.353 MB, node maximum: 3296.985 MB


 NUMBER OF SORTED TWO-ELECTRON INTEGRALS:  843886440.     BUFFER LENGTH:  32768
 NUMBER OF SEGMENTS:  27  SEGMENT LENGTH:   31999824      RECORD LENGTH: 524288

 Memory used in sort:      32.56 MW

 SORT1 READ 10875382542. AND WROTE   737547098. INTEGRALS IN   2123 RECORDS. CPU TIME:   549.99 SEC, REAL TIME:   571.46 SEC
 SORT2 READ  8831578335. AND WROTE 10126281516. INTEGRALS IN 137988 RECORDS. CPU TIME:    38.43 SEC, REAL TIME:    73.97 SEC

 Node minimum:   843791568.  Node maximum:   843922020. integrals

 OPERATOR DM      FOR CENTER  0  COORDINATES:    0.000000    0.000000    0.000000


 **********************************************************************************************************************************
 DATASETS  * FILE   NREC   LENGTH (MB)   RECORD NAMES
              1      18       18.19       500      610      700      900      950      970     1000      129      960     1100   
                                          VAR    BASINP    GEOM    SYMINP    ZMAT    AOBASIS   BASIS     P2S    ABASIS      S 
                                         1400     1410     1200     1210     1080     1600     1650     1700   
                                           T        V       H0       H01     AOSYM     SMH    MOLCAS    OPER   

 PROGRAMS   *        TOTAL       INT
 CPU TIMES  *       673.55    673.17
 REAL TIME  *       782.84 SEC
 DISK USED  *       142.81 GB      
 GA USED    *         0.01 MB       (max)       0.00 MB       (current)
 **********************************************************************************************************************************

1PROGRAM * RHF-SCF (OPEN SHELL)       Authors: W. Meyer, H.-J. Werner


 NUMBER OF ELECTRONS:      29+   28-    SPACE SYMMETRY=1    SPIN SYMMETRY: Doublet 
 CONVERGENCE THRESHOLDS:    1.00E-05 (Density)    1.14E-07 (Energy)
 MAX. NUMBER OF ITERATIONS:       60
 INTERPOLATION TYPE:            DIIS
 INTERPOLATION STEPS:              2 (START)      1 (STEP)
 LEVEL SHIFTS:                 -0.30 (CLOSED)  0.00 (OPEN) 



 Orbital guess generated from atomic densities. Full valence occupancy:   44

 Molecular orbital dump at record        2100.2

 ITERATION    DDIFF          GRAD             ENERGY        2-EL.EN.            DIPOLE MOMENTS         DIIS   ORB.
    1      0.000D+00      0.000D+00      -381.15457631    933.011940   -0.41730    0.35880    0.98265    0    start
    2      0.000D+00      0.283D-02      -381.25844623    933.676486    0.13016    0.34744    1.05389    1    diag,B
    3      0.223D-02      0.110D-02      -381.27498131    933.726612   -0.04519    0.37460    1.09253    2    diag,B
    4      0.704D-03      0.393D-03      -381.28043241    933.758175    0.02081    0.39952    1.11170    3    diag,B
    5      0.402D-03      0.154D-03      -381.28168307    933.785287    0.01653    0.41826    1.16149    4    diag,B
    6      0.203D-03      0.784D-04      -381.28201891    933.795121    0.02524    0.42468    1.17905    5    diag,B
    7      0.102D-03      0.412D-04      -381.28220722    933.787074    0.02413    0.43331    1.20390    6    fixocc
    8      0.770D-04      0.338D-04      -381.28231596    933.790817    0.02262    0.43720    1.21659    7    diag,B
    9      0.383D-04      0.297D-04      -381.28245257    933.786601    0.01852    0.44153    1.23033    8    diag,B
   10      0.413D-04      0.289D-04      -381.28270225    933.778435    0.00966    0.44910    1.25357    9    orth
   11      0.764D-04      0.264D-04      -381.28332170    933.738870   -0.02040    0.47207    1.32713    9    diag,B
   12      0.268D-03      0.178D-04      -381.28330698    933.748736   -0.02090    0.47114    1.32352    9    diag,B
   13      0.235D-04      0.137D-04      -381.28338678    933.726930   -0.03867    0.48351    1.36468    9    diag,B
   14      0.170D-03      0.149D-04      -381.28339588    933.741797   -0.03274    0.47814    1.34704    9    diag,B
   15      0.817D-04      0.735D-05      -381.28340350    933.736925   -0.03546    0.48050    1.35463    9    diag,B
   16      0.333D-04      0.966D-06      -381.28340356    933.737393   -0.03531    0.48032    1.35403    9    diag,B
   17      0.359D-05      0.114D-05      -381.28340377    933.737114   -0.03526    0.48029    1.35407    0    orth

 Final alpha occupancy:  29
 Final beta  occupancy:  28

 !RHF STATE 1.1 Energy               -381.283403769239
 Nuclear energy                       331.94414836
 One-electron energy                -1180.09610910
 Two-electron energy                  466.86855697
 Virial quotient                       -1.00108107
 !RHF STATE 1.1 Dipole moment          -0.03525965     0.48028906     1.35406672
 Dipole moment /Debye                  -0.08961521     1.22069306     3.44146888

 Orbital energies:

         1.1          2.1          3.1          4.1          5.1          6.1          7.1          8.1          9.1         10.1
    -20.669401   -20.624610   -20.565386   -11.381285   -11.263218   -11.236319   -11.227673    -1.545133    -1.405961    -1.123027

        11.1         12.1         13.1         14.1         15.1         16.1         17.1         18.1         19.1         20.1
     -1.087165    -0.952804    -0.913518    -0.794397    -0.776754    -0.696568    -0.672854    -0.642296    -0.629275    -0.606134

        21.1         22.1         23.1         24.1         25.1         26.1         27.1         28.1         29.1         30.1
     -0.568013    -0.554797    -0.548032    -0.532779    -0.508587    -0.502022    -0.455524    -0.441849    -0.508090     0.038701

        31.1
      0.046062

 HOMO     29.1    -0.508090 =     -13.8258eV
 LUMO     30.1     0.038701 =       1.0531eV
 LUMO-HOMO         0.546791 =      14.8789eV


 **********************************************************************************************************************************
 DATASETS  * FILE   NREC   LENGTH (MB)   RECORD NAMES
              1      18       18.19       500      610      700      900      950      970     1000      129      960     1100   
                                          VAR    BASINP    GEOM    SYMINP    ZMAT    AOBASIS   BASIS     P2S    ABASIS      S 
                                         1400     1410     1200     1210     1080     1600     1650     1700   
                                           T        V       H0       H01     AOSYM     SMH    MOLCAS    OPER   

              2       4        8.59       700     1000      520     2100   
                                         GEOM     BASIS   MCVARS     RHF  

 PROGRAMS   *        TOTAL        HF       INT
 CPU TIMES  *      1174.86    501.30    673.17
 REAL TIME  *      1422.20 SEC
 DISK USED  *       143.62 GB      
 SF USED    *         1.14 MB      
 GA USED    *         0.01 MB       (max)       0.00 MB       (current)
 **********************************************************************************************************************************


1PROGRAM * CCSD (Unrestricted open-shell coupled cluster)     Authors: C. Hampel, H.-J. Werner, 1991, M. Deegan, P.J. Knowles, 1992

                           UCCSD-F12 implementation by G. Knizia and H.-J. Werner, 2008

                   Density fitting integral evaluation by F.R. Manby, 2003,2007, G. Knizia, 2010

 Basis set CC-PVTZ/JKFIT generated.      Number of basis functions:   823 
 Basis set CC-PVTZ-F12/OPTRI generated.  Number of basis functions:   894 
 Basis set AUG-CC-PVTZ/MP2FIT generated. Number of basis functions:   1156 

 Convergence thresholds:  THRVAR = 1.00D-08  THRDEN = 1.14D-06

 CCSD(T)     terms to be evaluated (factor= 1.000)


 Number of core orbitals:           7 (   7 )
 Number of closed-shell orbitals:  21 (  21 )
 Number of active  orbitals:        1 (   1 )
 Number of external orbitals:     504 ( 504 )

 For full I/O caching in triples, increase memory by 1254.02 Mwords to 4254.30 Mwords.

 Number of N-1 electron functions:              43
 Number of N-2 electron functions:             903
 Number of singly external CSFs:             21715
 Number of doubly external CSFs:         173943210
 Total number of CSFs:                   173964925

 Molecular orbitals read from record     2100.2  Type=RHF/CANONICAL (state 1.1)

 Integral transformation finished. Total CPU:1951.62 sec, npass=  1  Memory used:1866.44 MW
 
 Geminal basis:    OPTFULL  GEM_TYPE=SLATER  BETA=1.0  NGEM=6

 Optimizing Gaussian exponents for each gem_beta

 Geminal optimization for beta= 1.0000
 Weight function:   m=0, omega= 1.4646

 Augmented Hessian optimization of geminal fit. Trust ratio= 0.40000
 Convergence reached after   2 iterations. Final gradient= 8.42D-16, Step= 4.39D-06, Delta= 1.28D-09
 
 Alpha:                 0.19532     0.81920     2.85917     9.50073    35.69989   197.79328
 Coeff:                 0.27070     0.30552     0.18297     0.10986     0.06810     0.04224
 
 
 WFN_F12=FIX,EG    DECOUPLE_EXPL=F   HYBRID=0    NOX=F   SEMIINT_F12=T   CORE_SINGLES=F
 
 AO(A)-basis ORBITAL           loaded. Number of functions:     533
 RI(R)-basis CC-PVTZ-F12/OPTRI loaded. Number of functions:     894
 DF-basis CC-PVTZ/JKFIT        loaded. Number of functions:     823

 Screening thresholds:   THRAO=  1.00D-10  THRMO=  1.00D-09  THRPROD=  1.00D-09
                         THRSW=  1.00D-05  THROV=  1.00D-12  THRF12=   1.00D-08

 CPU time for one-electron matrices              22.81 sec
 
 Construction of ABS:
 Pseudo-inverse stability          5.20E-10
 Smallest eigenvalue of S          5.60E-05  (threshold= 1.00E-08)
 Ratio eigmin/eigmax               2.57E-07  (threshold= 1.00E-09)
 Smallest eigenvalue of S kept     5.60E-05  (threshold= 5.60E-05, 0 functions deleted, 894 kept)
 
 Construction of CABS:
 Pseudo-inverse stability          3.26E-09
 Smallest eigenvalue of S          2.91E-07  (threshold= 1.00E-08)
 Ratio eigmin/eigmax               2.91E-07  (threshold= 1.00E-09)
 Smallest eigenvalue of S kept     2.91E-07  (threshold= 2.91E-07, 0 functions deleted, 894 kept)
 
 CPU time for basis constructions                 5.44 sec
 Fock operators(MO) rebuilt from dump record.
 CPU time for fock operators                      7.75 sec
 
                                      TOTAL          ALPHA          BETA    
  Singles Contributions MO        -0.006159943   -0.003020839   -0.003139104
  Singles Contributions CABS      -0.003568238   -0.001841255   -0.001726983
  Pure DF-RHF relaxation          -0.003546763
 
 CPU time for singles                            32.95 sec
 
 AO(A)-basis ORBITAL           loaded. Number of functions:     533
 RI(R)-basis CC-PVTZ-F12/OPTRI loaded. Number of functions:     894
 DF-basis AUG-CC-PVTZ/MP2FIT   loaded. Number of functions:    1156

 Screening thresholds:   THRAO=  1.00D-10  THRMO=  1.00D-09  THRPROD=  1.00D-09
                         THRSW=  1.00D-05  THROV=  1.00D-12  THRF12=   1.00D-08

 CPU time for transformed integrals             336.27 sec
 CPU time for F12 matrices                      269.97 sec

 Diagonal F12 ansatz with fixed amplitudes:   TS= 0.5000  TT= 0.2500  TN= 0.3750
 
 ITER.     SQ.NORM      CORR.ENERGY   TOTAL ENERGY  ENERGY CHANGE      VAR         CPU   MICRO    DIIS
   1      1.41199855    -1.60016227  -382.88711281    -1.6037E+00   4.08E-01     12.23  1  1  1   0  0
   2      1.41011219    -1.59710772  -382.88405825     3.0546E-03   1.78E-04    113.20  0  0  0   1  1
   3      1.41052345    -1.59756982  -382.88452036    -4.6211E-04   1.12E-06    223.71  0  0  0   2  2
   4      1.41052678    -1.59757200  -382.88452253    -2.1760E-06   5.27E-09    344.31  0  0  0   3  3
   5      1.41052762    -1.59757201  -382.88452254    -1.0617E-08   3.60E-11    474.13  0  0  0   4  4
 
 - - Continuing with F12/conv. amplitude coupling turned on.
 
   6      1.41057219    -1.59817362  -382.88512415    -6.0162E-04   1.17E-04    585.39  1  1  1   1  1
   7      1.41057128    -1.59817361  -382.88512414     8.2747E-09   2.47E-09    705.57  1  1  1   2  2
 
 CPU time for iterative RMP2-F12                705.57 sec
 
 
 DF-RMP2-F12 doubles corrections:
 - - - - - - - - - - - - - - - - 
  Approx.                             TOTAL           A-B            A-A            B-B    
  RMP2-F12/3C(FIX)                -0.123498378   -0.114569158   -0.004817152   -0.004112069
  RMP2-F12/3*C(FIX)               -0.122896778   -0.114311065   -0.004636377   -0.003949336
  RMP2-F12/3*C(DX)                -0.123379383   -0.114745931   -0.004665147   -0.003968306
  RMP2-F12/3*C(FIX,DX)            -0.130382758   -0.121233464   -0.004961056   -0.004188239
 
 DF-RMP2-F12 doubles energies:
 - - - - - - - - - - - - - - -
  Approx.                             TOTAL           A-B            A-A            B-B    
  RMP2                            -1.468515290   -1.105793341   -0.181907996   -0.180813952
  RMP2-F12/3C(FIX)                -1.592013668   -1.220362499   -0.186725148   -0.184926021
  RMP2-F12/3*C(FIX)               -1.591412067   -1.220104406   -0.186544374   -0.184763288
  RMP2-F12/3*C(DX)                -1.591894673   -1.220539272   -0.186573143   -0.184782258
  RMP2-F12/3*C(FIX,DX)            -1.598898048   -1.227026805   -0.186869052   -0.185002191
 
 
  Reference energy                   -381.283403769244
  CABS relaxation correction to RHF    -0.003546762596
  New reference energy               -381.286950531840
 
  RMP2-F12 singles (MO) energy         -0.006159943169
  RMP2-F12 pair energy                 -1.592013668088
  RMP2-F12 correlation energy          -1.598173611258
 
  RMP2-F12/3C(FIX) energy            -382.885124143098

 Starting RMP2 calculation

 ITER.      SQ.NORM     CORR.ENERGY   TOTAL ENERGY   ENERGY CHANGE        DEN1      VAR(S)    VAR(P)  DIIS     TIME
   1      1.40635910    -1.46996894  -382.75337271    -1.46996894    -0.00445752  0.35D-04  0.17D-02  1  1  3587.70
   2      1.41041219    -1.47475459  -382.75815835    -0.00478564    -0.00000794  0.10D-05  0.33D-05  2  2  3736.27
   3      1.41053427    -1.47482893  -382.75823270    -0.00007434    -0.00000007  0.39D-07  0.16D-07  3  3  3887.28
   4      1.41053673    -1.47482882  -382.75823259     0.00000011     0.00000000  0.11D-08  0.13D-09  4  4  4039.98

 Norm of t1 vector:      0.05963252      S-energy:    -0.00615979      T1 diagnostic:  0.00069175
 Norm of t2 vector:      0.63795038      P-energy:    -1.46866903
                                         Alpha-Beta:  -1.10625375
                                         Alpha-Alpha: -0.18174753
                                         Beta-Beta:   -0.18066775

 Spin contamination <S**2-Sz**2-Sz>     0.00161541
  Reference energy                   -381.286950531842
  RHF-RMP2 correlation energy          -1.474828821513
 !RHF-RMP2 energy                    -382.761779353355

 Starting UCCSD calculation

 ITER.      SQ.NORM     CORR.ENERGY   TOTAL ENERGY   ENERGY CHANGE        DEN1      VAR(S)    VAR(P)  DIIS     TIME
   1      1.39774285    -1.43298577  -382.71638954    -1.43298577    -0.04550288  0.12D-01  0.74D-02  0  0  7421.00
   2      1.43509360    -1.47267257  -382.75607634    -0.03968680    -0.00534650  0.78D-03  0.16D-02  1  1 10746.82
   3      1.45148482    -1.47637652  -382.75978029    -0.00370395    -0.00148134  0.12D-02  0.16D-03  2  2 14079.37
   4      1.46923385    -1.48321874  -382.76662251    -0.00684222    -0.00037817  0.30D-03  0.43D-04  3  3 17423.86
   5      1.48156193    -1.48506804  -382.76847181    -0.00184930    -0.00012737  0.11D-03  0.12D-04  4  4 20772.26
   6      1.49075739    -1.48580468  -382.76920845    -0.00073664    -0.00002490  0.16D-04  0.43D-05  5  5 24117.30
   7      1.49450947    -1.48610928  -382.76951305    -0.00030460    -0.00000523  0.30D-05  0.10D-05  6  6 27467.99
   8      1.49507493    -1.48613675  -382.76954052    -0.00002747    -0.00000142  0.83D-06  0.29D-06  6  2 30820.49
   9      1.49564274    -1.48622461  -382.76962838    -0.00008786    -0.00000041  0.34D-06  0.60D-07  6  4 34188.44
  10      1.49546594    -1.48618796  -382.76959173     0.00003666    -0.00000011  0.54D-07  0.29D-07  6  1 37547.97
  11      1.49564072    -1.48621269  -382.76961646    -0.00002473    -0.00000003  0.24D-07  0.46D-08  6  3 40912.73
  12      1.49562475    -1.48620466  -382.76960843     0.00000803    -0.00000001  0.65D-08  0.16D-08  6  5 44271.71
  13      1.49562415    -1.48620451  -382.76960828     0.00000016     0.00000000  0.41D-08  0.46D-09  6  6 47627.43

 Norm of t1 vector:      0.24490880      S-energy:    -0.00597706      T1 diagnostic:  0.02550585
                                                                       D1 diagnostic:  0.11541567
 Norm of t2 vector:      0.66003320      P-energy:    -1.48022744
                                         Alpha-Beta:  -1.15283382
                                         Alpha-Alpha: -0.16362033
                                         Beta-Beta:   -0.16377330

 Singles amplitudes (print threshold =  0.500E-01):

         I         SYM. A    A   T(IA) [Beta-Beta]

        13         1         1      0.15186385
        21         1        12     -0.05684906

 Spin contamination <S**2-Sz**2-Sz>     0.00221092

 For full I/O caching in triples, increase memory by 1505.43 Mwords to 4505.71 Mwords.
 

  Ecorr(MP2)                           -1.474828821513
  Ecorr(MP2-F12)                       -1.598327199876
  Scale factor for triples energy       1.083737432143

 RESULTS
 =======

  Reference energy                   -381.283403769246
  CABS relaxation correction to RHF    -0.003546762596
  New reference energy               -381.286950531842
 
  F12 corrections for ansatz 3C(FIX) added to UCCSD energy. Coupling mode: 15
 
  UCCSD-F12a singles energy            -0.005977062608
  UCCSD-F12a pair energy               -1.602155022074
  UCCSD-F12a correlation energy        -1.608132084682
  Triples (T) contribution (scaled)    -0.075214979962
  Total correlation energy             -1.683347064644
 
  RHF-UCCSD-F12a energy              -382.895082616524
  RHF-UCCSD[T]-F12a energy           -382.975239338845
  RHF-UCCSD-T-F12a energy            -382.969204798797
 !RHF-UCCSD(T)-F12a energy           -382.970297596486
 
  F12 corrections for ansatz 3C(FIX) added to UCCSD energy. Coupling mode: 15
 
  UCCSD-F12b singles energy            -0.005977062608
  UCCSD-F12b pair energy               -1.579968523466
  UCCSD-F12b correlation energy        -1.585945586074
  Triples (T) contribution (scaled)    -0.075214979962
  Total correlation energy             -1.661160566036
 
  RHF-UCCSD-F12b energy              -382.872896117916
  RHF-UCCSD[T]-F12b energy           -382.953052840237
  RHF-UCCSD-T-F12b energy            -382.947018300189
 !RHF-UCCSD(T)-F12b energy           -382.948111097878

 Program statistics:

 Available memory in ccsd:              2999995808
 Min. memory needed in ccsd:             476499949
 Max. memory used in ccsd:               700559786
 Max. memory used in cckext:             522715393 (14 integral passes)
 Max. memory used in cckint:            1866435477 ( 1 integral passes)



 **********************************************************************************************************************************
 DATASETS  * FILE   NREC   LENGTH (MB)   RECORD NAMES
              1      19       18.20       500      610      700      900      950      970     1000      129      960     1100   
                                          VAR    BASINP    GEOM    SYMINP    ZMAT    AOBASIS   BASIS     P2S    ABASIS      S 
                                         1400     1410     1200     1210     1080     1600     1650     1700      960(1)
                                           T        V       H0       H01     AOSYM     SMH    MOLCAS    OPER    ABASIS    

              2       5       12.01       700     1000      520     2100     7360   
                                         GEOM     BASIS   MCVARS     RHF    F12ABS    

 PROGRAMS   *        TOTALUCCSD(T)-F        HF       INT
 CPU TIMES  *    140354.85 139179.95    501.30    673.17
 REAL TIME  *    155256.19 SEC
 DISK USED  *       408.49 GB      
 SF USED    *       163.89 GB      
 GA USED    *         2.40 MB       (max)       0.00 MB       (current)
 **********************************************************************************************************************************

    UCCSD(T)-F12        HF-SCF  
   -382.94811110   -381.28340377
 **********************************************************************************************************************************
 Variable memory released
