
 Primary working directories    : /scratch/scratchdirs/nyee88
 Secondary working directories  : /scratch/scratchdirs/nyee88
 Wavefunction directory         : /global/homes/n/nyee88/wfu/
 Main file repository           : /scratch/scratchdirs/nyee88/

 SHA1      : d03110ad91d449d0c5f19172a0c0ba2e2d66b3a5
 NAME      : 2012.1.21
 ARCHNAME  : Linux/XT
 FC        : /opt/cray/craype/2.2.1/bin/ftn
 FCVERSION : 14.2-0
 BLASLIB   : 
 id        : lbl

 Nodes     nprocs
 nid04774     1
 nid04775     1
 nid04728     1
 nid04729     1
 nid04486     1
 nid04487     1
 nid04484     1
 nid04485     1
 nid04442     1
 nid04443     1
 nid04440     1
 nid04441     1
 Number of processes for MPI-2 version of Molpro:   nprocs(total)=   24   nprocs(compute)=   12   nprocs(helper)=   12
 ga_uses_ma=false, calling ma_init with nominal heap.
 GA-space will be limited to   8.0 MW (determined by -G option)

 Using customized tuning parameters: mindgm=7; mindgv=24; mindgc=4; mindgr=2; noblas=0; minvec=7
 default implementation of scratch files=sf  

 geometry = {angstrom
  O
  H                  1              B1
  O                  1              B2    2              A1
  C                  3              B3    1              A2    2              D1
  H                  4              B4    3              A3    1              D2
  O                  4              B5    3              A4    1              D3
  H                  6              B6    4              A5    3              D4
  C                  4              B7    3              A6    1              D5
  C                  8              B8    4              A7    3              D6
  H                  9              B9    8              A8    4              D7
  H                  9             B10    8              A9    4              D8
  H                  9             B11    8             A10    4              D9
  C                  8             B12    4             A11    3             D10
  H                 13             B13    8             A12    4             D11
  H                 13             B14    8             A13    4             D12
  H                 13             B15    8             A14    4             D13
 }
 
       B1 =           0.96990401
       B2 =           1.44883036
       B3 =           1.40668125
       B4 =           1.09310601
       B5 =           1.42147376
       B6 =           1.29400713
       B7 =           1.51468633
       B8 =           1.51165853
       B9 =           1.09746353
       B10 =          1.08946713
       B11 =          1.09226934
       B12 =          1.51033866
       B13 =          1.09195990
       B14 =          1.09802564
       B15 =          1.09243410
       A1 =         100.64347897
       A2 =         106.81129057
       A3 =         109.54939116
       A4 =         113.10161172
       A5 =          83.53900229
       A6 =         111.12855993
       A7 =         118.71527876
       A8 =         109.71765189
       A9 =         111.83889300
       A10 =        110.55901766
       A11 =        115.58150417
       A12 =        111.40921098
       A13 =        109.95471887
       A14 =        111.30787741
       D1 =          81.56238993
       D2 =          55.45785497
       D3 =         -70.05732293
       D4 =        -109.71598145
       D5 =        -171.55060910
       D6 =           5.15188919
       D7 =         -78.42747238
       D8 =          40.51698991
       D9 =         162.47244402
       D10 =       -143.33385909
       D11 =        -39.19916120
       D12 =         80.20761520
       D13 =       -160.48450401
 
 memory,3000,M
 basis = vtz-f12
 hf
 uccsd(t)-f12,scale_trip=1

 Variables initialized (782), CPU time= 0.02 sec
 Commands  initialized (547), CPU time= 0.04 sec, 517 directives.
 Default parameters read. Elapsed time= 0.55 sec

 Checking input...
 Passed
1


                                         ***  PROGRAM SYSTEM MOLPRO  ***
                         Copyright, University College Cardiff Consultants Limited, 2008

                                    Version 2012.1 linked Mar 12 2015 14:11:14


 **********************************************************************************************************************************
 LABEL *                                                                                 
 Linux-3.0.101-0.31.1_1.0502.8394-cray_gem_c/nid04774(x86_64) 64 bit mpp version         DATE: 01-May-15          TIME: 19:55:52  
 **********************************************************************************************************************************

 SHA1:             d03110ad91d449d0c5f19172a0c0ba2e2d66b3a5
 **********************************************************************************************************************************
 SETTING B1             =         0.96990401                                  
 SETTING B2             =         1.44883036                                  
 SETTING B3             =         1.40668125                                  
 SETTING B4             =         1.09310601                                  
 SETTING B5             =         1.42147376                                  
 SETTING B6             =         1.29400713                                  
 SETTING B7             =         1.51468633                                  
 SETTING B8             =         1.51165853                                  
 SETTING B9             =         1.09746353                                  
 SETTING B10            =         1.08946713                                  
 SETTING B11            =         1.09226934                                  
 SETTING B12            =         1.51033866                                  
 SETTING B13            =         1.09195990                                  
 SETTING B14            =         1.09802564                                  
 SETTING B15            =         1.09243410                                  
 SETTING A1             =       100.64347897                                  
 SETTING A2             =       106.81129057                                  
 SETTING A3             =       109.54939116                                  
 SETTING A4             =       113.10161172                                  
 SETTING A5             =        83.53900229                                  
 SETTING A6             =       111.12855993                                  
 SETTING A7             =       118.71527876                                  
 SETTING A8             =       109.71765189                                  
 SETTING A9             =       111.83889300                                  
 SETTING A10            =       110.55901766                                  
 SETTING A11            =       115.58150417                                  
 SETTING A12            =       111.40921098                                  
 SETTING A13            =       109.95471887                                  
 SETTING A14            =       111.30787741                                  
 SETTING D1             =        81.56238993                                  
 SETTING D2             =        55.45785497                                  
 SETTING D3             =       -70.05732293                                  
 SETTING D4             =      -109.71598145                                  
 SETTING D5             =      -171.55060910                                  
 SETTING D6             =         5.15188919                                  
 SETTING D7             =       -78.42747238                                  
 SETTING D8             =        40.51698991                                  
 SETTING D9             =       162.47244402                                  
 SETTING D10            =      -143.33385909                                  
 SETTING D11            =       -39.19916120                                  
 SETTING D12            =        80.20761520                                  
 SETTING D13            =      -160.48450401                                  

 Variable memory set to 3000000000 words,  buffer space   230000 words

 SETTING BASIS          =    VTZ-F12


 Recomputing integrals since basis changed


 Using spherical harmonics

 Library entry O      S cc-pVTZ-F12          selected for orbital group  1
 Library entry O      P cc-pVTZ-F12          selected for orbital group  1
 Library entry O      D cc-pVTZ-F12          selected for orbital group  1
 Library entry O      F cc-pVTZ-F12          selected for orbital group  1
 Library entry H      S cc-pVTZ-F12          selected for orbital group  2
 Library entry H      P cc-pVTZ-F12          selected for orbital group  2
 Library entry H      D cc-pVTZ-F12          selected for orbital group  2
 Library entry C      S cc-pVTZ-F12          selected for orbital group  4
 Library entry C      P cc-pVTZ-F12          selected for orbital group  4
 Library entry C      D cc-pVTZ-F12          selected for orbital group  4
 Library entry C      F cc-pVTZ-F12          selected for orbital group  4

1PROGRAM * SEWARD (Integral evaluation for generally contracted gaussian basis sets)     Author: Roland Lindh, 1990

 Geometry written to block  1 of record 700

 Orientation using atomic masses  
 Molecule type: Asymmetric top
 Rotational constants:       1.4943827      1.7249742      4.4157919 GHz  (calculated with average atomic masses)

 Point group  C1  



 ATOMIC COORDINATES

 NR  ATOM    CHARGE       X              Y              Z

   1  O       8.00   -0.649293154   -0.225624748   -4.715554330
   2  H       1.00    1.077642939    0.304691776   -5.025079869
   3  O       8.00   -0.411897172   -1.277572558   -2.198988258
   4  C       6.00   -0.496145735    0.765578298   -0.500551044
   5  H       1.00   -2.223151341    1.854584246   -0.814420968
   6  O       8.00    1.695824504    2.314719245   -0.605804723
   7  H       1.00    2.148914749    1.345891666    1.593210464
   8  C       6.00    0.125791373   -0.080037229    2.162366957
   9  C       6.00    0.936285198   -2.785821506    2.589113493
  10  H       1.00   -0.726848711   -4.024734278    2.576275501
  11  H       1.00    2.204462967   -3.448009861    1.108618122
  12  H       1.00    1.867605504   -2.983264676    4.420540766
  13  C       6.00   -1.339529725    1.215762733    4.240773614
  14  H       1.00   -1.592615138    3.224902701    3.844089991
  15  H       1.00   -3.222979428    0.363078879    4.416951369
  16  H       1.00   -0.388310423    1.021527752    6.062642763

 Bond lengths in Bohr (Angstrom)

 1-2  1.832852953  1-3  2.737892591  3-4  2.658242317  4-5  2.065670992  4-6  2.686196109
     ( 0.969904010)     ( 1.448830360)     ( 1.406681250)     ( 1.093106010)     ( 1.421473760)

  4- 8  2.862342339   6- 7  2.445319088   7- 8  2.539732372   8- 9  2.856620626   8-13  2.854126433
       ( 1.514686330)       ( 1.294007130)       ( 1.343968488)       ( 1.511658530)       ( 1.510338660)

  9-10  2.073905511   9-11  2.058794505   9-12  2.064089914  13-14  2.063505157  13-15  2.074967745
       ( 1.097463530)       ( 1.089467130)       ( 1.092269340)       ( 1.091959900)       ( 1.098025640)

 13-16  2.064401266
       ( 1.092434100)

 Bond angles

  1-3-4  106.81129057   2-1-3  100.64347897   3-4-5  109.54939116   3-4-6  113.10161172

  3-4-8  111.12855993   4-6-7   83.53900229   4-8-7   78.38876411   4-8-9  118.71527876

  4- 8-13  115.58150417   5- 4- 6  111.85384022   5- 4- 8  118.60483502   6- 4- 8   91.69175260

  6- 7- 8  106.04388319   7- 8- 9  109.83232999   7- 8-13  108.49744659   8- 9-10  109.71765189

  8- 9-11  111.83889300   8- 9-12  110.55901766   8-13-14  111.40921098   8-13-15  109.95471887

  8-13-16  111.30787741   9- 8-13  117.83426775  10- 9-11  107.30048195  10- 9-12  108.07023791

 11- 9-12  109.22947531  14-13-15  107.76454135  14-13-16  108.52842071  15-13-16  107.73698849

 NUCLEAR CHARGE:                   57
 NUMBER OF PRIMITIVE AOS:         693
 NUMBER OF SYMMETRY AOS:          621
 NUMBER OF CONTRACTIONS:          533   ( 533A   )
 NUMBER OF CORE ORBITALS:           7   (   7A   )
 NUMBER OF VALENCE ORBITALS:       37   (  37A   )


 NUCLEAR REPULSION ENERGY  331.26023141


 Eigenvalues of metric

         1 0.183E-04 0.246E-04 0.410E-04 0.639E-04 0.842E-04 0.875E-04 0.999E-04 0.127E-03


 Contracted 2-electron integrals neglected if value below      1.0D-12
 AO integral compression algorithm  1   Integral accuracy      1.0D-12

     35997.352 MB (compressed) written to integral file ( 41.5%)

     Node minimum: 2823.553 MB, node maximum: 3120.300 MB


 NUMBER OF SORTED TWO-ELECTRON INTEGRALS:  843886440.     BUFFER LENGTH:  32768
 NUMBER OF SEGMENTS:  27  SEGMENT LENGTH:   31999824      RECORD LENGTH: 524288

 Memory used in sort:      32.56 MW

 SORT1 READ 10837595869. AND WROTE   716442317. INTEGRALS IN   2063 RECORDS. CPU TIME:   527.29 SEC, REAL TIME:   547.04 SEC
 SORT2 READ  8544083186. AND WROTE 10126281516. INTEGRALS IN 132744 RECORDS. CPU TIME:    28.96 SEC, REAL TIME:   107.03 SEC

 Node minimum:   843791568.  Node maximum:   843922020. integrals

 OPERATOR DM      FOR CENTER  0  COORDINATES:    0.000000    0.000000    0.000000


 **********************************************************************************************************************************
 DATASETS  * FILE   NREC   LENGTH (MB)   RECORD NAMES
              1      18       18.19       500      610      700      900      950      970     1000      129      960     1100   
                                          VAR    BASINP    GEOM    SYMINP    ZMAT    AOBASIS   BASIS     P2S    ABASIS      S 
                                         1400     1410     1200     1210     1080     1600     1650     1700   
                                           T        V       H0       H01     AOSYM     SMH    MOLCAS    OPER   

 PROGRAMS   *        TOTAL       INT
 CPU TIMES  *       640.39    640.02
 REAL TIME  *       746.55 SEC
 DISK USED  *       138.01 GB      
 GA USED    *         0.01 MB       (max)       0.00 MB       (current)
 **********************************************************************************************************************************

1PROGRAM * RHF-SCF (OPEN SHELL)       Authors: W. Meyer, H.-J. Werner


 NUMBER OF ELECTRONS:      29+   28-    SPACE SYMMETRY=1    SPIN SYMMETRY: Doublet 
 CONVERGENCE THRESHOLDS:    1.00E-05 (Density)    1.14E-07 (Energy)
 MAX. NUMBER OF ITERATIONS:       60
 INTERPOLATION TYPE:            DIIS
 INTERPOLATION STEPS:              2 (START)      1 (STEP)
 LEVEL SHIFTS:                 -0.30 (CLOSED)  0.00 (OPEN) 



 Orbital guess generated from atomic densities. Full valence occupancy:   44

 Molecular orbital dump at record        2100.2

 ITERATION    DDIFF          GRAD             ENERGY        2-EL.EN.            DIPOLE MOMENTS         DIIS   ORB.
    1      0.000D+00      0.000D+00      -381.10317322    933.766273   -0.08416   -0.50428    1.80492    0    start
    2      0.000D+00      0.269D-02      -381.20327733    933.044409    0.03693   -0.13577    1.23898    1    diag,B
    3      0.226D-02      0.113D-02      -381.22128015    933.281274   -0.07363   -0.25374    1.26951    2    diag,B
    4      0.759D-03      0.402D-03      -381.22720249    933.157246   -0.03780   -0.16806    1.15157    3    diag,B
    5      0.396D-03      0.164D-03      -381.22891312    933.133710   -0.03948   -0.15921    1.11668    4    diag,B
    6      0.216D-03      0.772D-04      -381.22971144    933.087665   -0.03281   -0.13416    1.07573    5    diag,B
    7      0.139D-03      0.606D-04      -381.23028914    933.054148   -0.02737   -0.11671    1.04248    6    fixocc
    8      0.107D-03      0.514D-04      -381.23108643    933.010040   -0.02036   -0.08472    0.98456    7    diag,B
    9      0.162D-03      0.392D-04      -381.23184553    932.935698   -0.00836   -0.03793    0.90046    8    diag,B
   10      0.226D-03      0.250D-04      -381.23203328    932.911565   -0.00075   -0.01292    0.85933    9    orth
   11      0.111D-03      0.143D-04      -381.23207861    932.897638    0.00553    0.00150    0.83868    9    diag,B
   12      0.579D-04      0.567D-05      -381.23208467    932.888329    0.00704    0.00702    0.82932    9    diag,B
   13      0.273D-04      0.348D-05      -381.23208610    932.892398    0.00827    0.00750    0.83038    9    diag,B
   14      0.904D-05      0.242D-05      -381.23208680    932.889841    0.00852    0.00873    0.82830    9    diag,B
   15      0.744D-05      0.111D-05      -381.23208702    932.890593    0.00857    0.00858    0.82891    9    diag,B
   16      0.301D-05      0.690D-06      -381.23208711    932.890124    0.00862    0.00899    0.82823    9    diag,B
   17      0.284D-05      0.346D-06      -381.23208713    932.890140    0.00862    0.00903    0.82823    0    orth

 Final alpha occupancy:  29
 Final beta  occupancy:  28

 !RHF STATE 1.1 Energy               -381.232087132878
 Nuclear energy                       331.26023141
 One-electron energy                -1178.93738830
 Two-electron energy                  466.44506975
 Virial quotient                       -1.00119990
 !RHF STATE 1.1 Dipole moment           0.00861980     0.00902672     0.82823485
 Dipole moment /Debye                   0.02190791     0.02294213     2.10502512

 Orbital energies:

         1.1          2.1          3.1          4.1          5.1          6.1          7.1          8.1          9.1         10.1
    -20.631883   -20.629335   -20.593088   -11.347158   -11.273775   -11.237585   -11.232175    -1.491223    -1.359587    -1.227656

        11.1         12.1         13.1         14.1         15.1         16.1         17.1         18.1         19.1         20.1
     -1.080496    -0.957668    -0.898484    -0.799328    -0.742510    -0.671048    -0.653941    -0.648778    -0.618681    -0.591138

        21.1         22.1         23.1         24.1         25.1         26.1         27.1         28.1         29.1         30.1
     -0.566603    -0.555208    -0.542241    -0.524065    -0.513234    -0.490731    -0.474321    -0.456344    -0.430686     0.040398

        31.1
      0.048136

 HOMO     29.1    -0.430686 =     -11.7196eV
 LUMO     30.1     0.040398 =       1.0993eV
 LUMO-HOMO         0.471084 =      12.8188eV


 **********************************************************************************************************************************
 DATASETS  * FILE   NREC   LENGTH (MB)   RECORD NAMES
              1      18       18.19       500      610      700      900      950      970     1000      129      960     1100   
                                          VAR    BASINP    GEOM    SYMINP    ZMAT    AOBASIS   BASIS     P2S    ABASIS      S 
                                         1400     1410     1200     1210     1080     1600     1650     1700   
                                           T        V       H0       H01     AOSYM     SMH    MOLCAS    OPER   

              2       4        8.59       700     1000      520     2100   
                                         GEOM     BASIS   MCVARS     RHF  

 PROGRAMS   *        TOTAL        HF       INT
 CPU TIMES  *      1135.33    494.94    640.02
 REAL TIME  *      1352.48 SEC
 DISK USED  *       138.82 GB      
 SF USED    *         1.14 MB      
 GA USED    *         0.01 MB       (max)       0.00 MB       (current)
 **********************************************************************************************************************************


1PROGRAM * CCSD (Unrestricted open-shell coupled cluster)     Authors: C. Hampel, H.-J. Werner, 1991, M. Deegan, P.J. Knowles, 1992

                           UCCSD-F12 implementation by G. Knizia and H.-J. Werner, 2008

                   Density fitting integral evaluation by F.R. Manby, 2003,2007, G. Knizia, 2010

 Basis set CC-PVTZ/JKFIT generated.      Number of basis functions:   823 
 Basis set CC-PVTZ-F12/OPTRI generated.  Number of basis functions:   894 
 Basis set AUG-CC-PVTZ/MP2FIT generated. Number of basis functions:   1156 

 Convergence thresholds:  THRVAR = 1.00D-08  THRDEN = 1.14D-06

 CCSD(T)     terms to be evaluated (factor= 1.000)


 Number of core orbitals:           7 (   7 )
 Number of closed-shell orbitals:  21 (  21 )
 Number of active  orbitals:        1 (   1 )
 Number of external orbitals:     504 ( 504 )

 For full I/O caching in triples, increase memory by 1254.02 Mwords to 4254.30 Mwords.

 Number of N-1 electron functions:              43
 Number of N-2 electron functions:             903
 Number of singly external CSFs:             21715
 Number of doubly external CSFs:         173943210
 Total number of CSFs:                   173964925

 Molecular orbitals read from record     2100.2  Type=RHF/CANONICAL (state 1.1)

 Integral transformation finished. Total CPU:1941.86 sec, npass=  1  Memory used:1866.44 MW
 
 Geminal basis:    OPTFULL  GEM_TYPE=SLATER  BETA=1.0  NGEM=6

 Optimizing Gaussian exponents for each gem_beta

 Geminal optimization for beta= 1.0000
 Weight function:   m=0, omega= 1.4646

 Augmented Hessian optimization of geminal fit. Trust ratio= 0.40000
 Convergence reached after   2 iterations. Final gradient= 8.42D-16, Step= 4.39D-06, Delta= 1.28D-09
 
 Alpha:                 0.19532     0.81920     2.85917     9.50073    35.69989   197.79328
 Coeff:                 0.27070     0.30552     0.18297     0.10986     0.06810     0.04224
 
 
 WFN_F12=FIX,EG    DECOUPLE_EXPL=F   HYBRID=0    NOX=F   SEMIINT_F12=T   CORE_SINGLES=F
 
 AO(A)-basis ORBITAL           loaded. Number of functions:     533
 RI(R)-basis CC-PVTZ-F12/OPTRI loaded. Number of functions:     894
 DF-basis CC-PVTZ/JKFIT        loaded. Number of functions:     823

 Screening thresholds:   THRAO=  1.00D-10  THRMO=  1.00D-09  THRPROD=  1.00D-09
                         THRSW=  1.00D-05  THROV=  1.00D-12  THRF12=   1.00D-08

 CPU time for one-electron matrices              23.04 sec
 
 Construction of ABS:
 Pseudo-inverse stability          1.31E-10
 Smallest eigenvalue of S          3.88E-05  (threshold= 1.00E-08)
 Ratio eigmin/eigmax               1.75E-07  (threshold= 1.00E-09)
 Smallest eigenvalue of S kept     3.88E-05  (threshold= 3.88E-05, 0 functions deleted, 894 kept)
 
 Construction of CABS:
 Pseudo-inverse stability          4.58E-09
 Smallest eigenvalue of S          1.79E-07  (threshold= 1.00E-08)
 Ratio eigmin/eigmax               1.79E-07  (threshold= 1.00E-09)
 Smallest eigenvalue of S kept     1.79E-07  (threshold= 1.79E-07, 0 functions deleted, 894 kept)
 
 CPU time for basis constructions                 5.74 sec
 Fock operators(MO) rebuilt from dump record.
 CPU time for fock operators                      7.74 sec
 
                                      TOTAL          ALPHA          BETA    
  Singles Contributions MO        -0.006914093   -0.003422196   -0.003491897
  Singles Contributions CABS      -0.003599778   -0.001876345   -0.001723433
  Pure DF-RHF relaxation          -0.003585091
 
 CPU time for singles                            32.36 sec
 
 AO(A)-basis ORBITAL           loaded. Number of functions:     533
 RI(R)-basis CC-PVTZ-F12/OPTRI loaded. Number of functions:     894
 DF-basis AUG-CC-PVTZ/MP2FIT   loaded. Number of functions:    1156

 Screening thresholds:   THRAO=  1.00D-10  THRMO=  1.00D-09  THRPROD=  1.00D-09
                         THRSW=  1.00D-05  THROV=  1.00D-12  THRF12=   1.00D-08

 CPU time for transformed integrals             339.06 sec
 CPU time for F12 matrices                      288.63 sec

 Diagonal F12 ansatz with fixed amplitudes:   TS= 0.5000  TT= 0.2500  TN= 0.3750
 
 ITER.     SQ.NORM      CORR.ENERGY   TOTAL ENERGY  ENERGY CHANGE      VAR         CPU   MICRO    DIIS
   1      1.41220284    -1.59980200  -382.83547422    -1.6034E+00   4.07E-01     13.38  1  1  1   0  0
   2      1.41177175    -1.59812573  -382.83379796     1.6763E-03   2.29E-04    112.69  0  0  0   1  1
   3      1.41227397    -1.59866224  -382.83433447    -5.3651E-04   2.14E-06    221.24  0  0  0   2  2
   4      1.41228683    -1.59866618  -382.83433840    -3.9348E-06   1.73E-08    337.56  0  0  0   3  3
   5      1.41228873    -1.59866621  -382.83433843    -3.1411E-08   1.93E-10    462.07  0  0  0   4  4
 
 - - Continuing with F12/conv. amplitude coupling turned on.
 
   6      1.41235543    -1.59935128  -382.83502350    -6.8510E-04   1.20E-04    570.93  1  1  1   1  1
   7      1.41235457    -1.59935138  -382.83502360    -9.7732E-08   3.60E-09    690.27  1  1  1   2  2
 
 CPU time for iterative RMP2-F12                690.27 sec
 
 
 DF-RMP2-F12 doubles corrections:
 - - - - - - - - - - - - - - - - 
  Approx.                             TOTAL           A-B            A-A            B-B    
  RMP2-F12/3C(FIX)                -0.123998735   -0.114974253   -0.004830447   -0.004194035
  RMP2-F12/3*C(FIX)               -0.123313568   -0.114653663   -0.004638442   -0.004021464
  RMP2-F12/3*C(DX)                -0.123791765   -0.115089653   -0.004662299   -0.004039813
  RMP2-F12/3*C(FIX,DX)            -0.130772238   -0.121587194   -0.004925424   -0.004259621
 
 DF-RMP2-F12 doubles energies:
 - - - - - - - - - - - - - - -
  Approx.                             TOTAL           A-B            A-A            B-B    
  RMP2                            -1.468438547   -1.109457308   -0.184198746   -0.174782493
  RMP2-F12/3C(FIX)                -1.592437282   -1.224431562   -0.189029193   -0.178976528
  RMP2-F12/3*C(FIX)               -1.591752115   -1.224110971   -0.188837188   -0.178803957
  RMP2-F12/3*C(DX)                -1.592230312   -1.224546961   -0.188861045   -0.178822306
  RMP2-F12/3*C(FIX,DX)            -1.599210785   -1.231044502   -0.189124170   -0.179042114
 
 
  Reference energy                   -381.232087132882
  CABS relaxation correction to RHF    -0.003585091389
  New reference energy               -381.235672224271
 
  RMP2-F12 singles (MO) energy         -0.006914092624
  RMP2-F12 pair energy                 -1.592437282433
  RMP2-F12 correlation energy          -1.599351375057
 
  RMP2-F12/3C(FIX) energy            -382.835023599328

 Starting RMP2 calculation

 ITER.      SQ.NORM     CORR.ENERGY   TOTAL ENERGY   ENERGY CHANGE        DEN1      VAR(S)    VAR(P)  DIIS     TIME
   1      1.40775173    -1.47038829  -382.70247542    -1.47038829    -0.00466529  0.66D-04  0.17D-02  1  1  3583.71
   2      1.41211168    -1.47541645  -382.70750358    -0.00502816    -0.00001373  0.32D-05  0.54D-05  2  2  3731.87
   3      1.41229131    -1.47551827  -382.70760540    -0.00010182    -0.00000020  0.15D-06  0.39D-07  3  3  3887.13
   4      1.41229866    -1.47551892  -382.70760605    -0.00000065     0.00000000  0.44D-08  0.43D-09  4  4  4055.64

 Norm of t1 vector:      0.06942238      S-energy:    -0.00691365      T1 diagnostic:  0.00099953
 Norm of t2 vector:      0.63834097      P-energy:    -1.46860526
                                         Alpha-Beta:  -1.10992046
                                         Alpha-Alpha: -0.18403999
                                         Beta-Beta:   -0.17464481

 Spin contamination <S**2-Sz**2-Sz>     0.00191122
  Reference energy                   -381.235672224272
  RHF-RMP2 correlation energy          -1.475518916062
 !RHF-RMP2 energy                    -382.711191140334

 Starting UCCSD calculation

 ITER.      SQ.NORM     CORR.ENERGY   TOTAL ENERGY   ENERGY CHANGE        DEN1      VAR(S)    VAR(P)  DIIS     TIME
   1      1.40003577    -1.44009478  -382.67218192    -1.44009478    -0.04140500  0.79D-02  0.72D-02  0  0  7410.31
   2      1.43340516    -1.47606929  -382.70815643    -0.03597451    -0.00417607  0.52D-03  0.12D-02  1  1 10720.84
   3      1.44695829    -1.48165011  -382.71373725    -0.00558082    -0.00083871  0.48D-03  0.14D-03  2  2 14044.80
   4      1.45759027    -1.48688080  -382.71896793    -0.00523068    -0.00016502  0.11D-03  0.25D-04  3  3 17363.13
   5      1.46280251    -1.48772523  -382.71981236    -0.00084443    -0.00005589  0.52D-04  0.55D-05  4  4 20699.15
   6      1.46618286    -1.48794784  -382.72003497    -0.00022261    -0.00001728  0.14D-04  0.24D-05  5  5 24024.43
   7      1.46880115    -1.48820683  -382.72029397    -0.00025899    -0.00000351  0.25D-05  0.60D-06  6  6 27360.30
   8      1.46942927    -1.48823285  -382.72031999    -0.00002602    -0.00000102  0.71D-06  0.18D-06  6  2 30715.31
   9      1.46977898    -1.48827017  -382.72035730    -0.00003732    -0.00000031  0.24D-06  0.47D-07  6  1 34080.61
  10      1.46991083    -1.48828173  -382.72036887    -0.00001157    -0.00000008  0.53D-07  0.12D-07  6  3 37431.96
  11      1.46992833    -1.48827793  -382.72036506     0.00000380    -0.00000002  0.16D-07  0.40D-08  6  4 40764.60
  12      1.46995306    -1.48827739  -382.72036452     0.00000054    -0.00000001  0.46D-08  0.11D-08  6  5 44101.27

 Norm of t1 vector:      0.18574611      S-energy:    -0.00709898      T1 diagnostic:  0.01829055
                                                                       D1 diagnostic:  0.07695039
 Norm of t2 vector:      0.65988745      P-energy:    -1.48117840
                                         Alpha-Beta:  -1.15923154
                                         Alpha-Alpha: -0.16539347
                                         Beta-Beta:   -0.15655339

 Singles amplitudes (print threshold =  0.500E-01):

         I         SYM. A    A   T(IA) [Beta-Beta]

        16         1         1      0.06834420
        21         1         1     -0.07259092

 Spin contamination <S**2-Sz**2-Sz>     0.00247029

 For full I/O caching in triples, increase memory by 1505.43 Mwords to 4505.71 Mwords.
 

  Ecorr(MP2)                           -1.475518916062
  Ecorr(MP2-F12)                       -1.599517651410
  Scale factor for triples energy       1.084037374240

 RESULTS
 =======

  Reference energy                   -381.232087132883
  CABS relaxation correction to RHF    -0.003585091389
  New reference energy               -381.235672224272
 
  F12 corrections for ansatz 3C(FIX) added to UCCSD energy. Coupling mode: 15
 
  UCCSD-F12a singles energy            -0.007098982018
  UCCSD-F12a pair energy               -1.603518351996
  UCCSD-F12a correlation energy        -1.610617334015
  Triples (T) contribution (scaled)    -0.072526565544
  Total correlation energy             -1.683143899559
 
  RHF-UCCSD-F12a energy              -382.846289558287
  RHF-UCCSD[T]-F12a energy           -382.921354303964
  RHF-UCCSD-T-F12a energy            -382.917827366176
 !RHF-UCCSD(T)-F12a energy           -382.918816123831
 
  F12 corrections for ansatz 3C(FIX) added to UCCSD energy. Coupling mode: 15
 
  UCCSD-F12b singles energy            -0.007098982018
  UCCSD-F12b pair energy               -1.581441488150
  UCCSD-F12b correlation energy        -1.588540470168
  Triples (T) contribution (scaled)    -0.072526565544
  Total correlation energy             -1.661067035712
 
  RHF-UCCSD-F12b energy              -382.824212694440
  RHF-UCCSD[T]-F12b energy           -382.899277440117
  RHF-UCCSD-T-F12b energy            -382.895750502330
 !RHF-UCCSD(T)-F12b energy           -382.896739259984

 Program statistics:

 Available memory in ccsd:              2999995808
 Min. memory needed in ccsd:             476499949
 Max. memory used in ccsd:               700559786
 Max. memory used in cckext:             522715393 (13 integral passes)
 Max. memory used in cckint:            1866435477 ( 1 integral passes)



 **********************************************************************************************************************************
 DATASETS  * FILE   NREC   LENGTH (MB)   RECORD NAMES
              1      19       18.21       500      610      700      900      950      970     1000      129      960     1100   
                                          VAR    BASINP    GEOM    SYMINP    ZMAT    AOBASIS   BASIS     P2S    ABASIS      S 
                                         1400     1410     1200     1210     1080     1600     1650     1700      960(1)
                                           T        V       H0       H01     AOSYM     SMH    MOLCAS    OPER    ABASIS    

              2       5       12.01       700     1000      520     2100     7360   
                                         GEOM     BASIS   MCVARS     RHF    F12ABS    

 PROGRAMS   *        TOTALUCCSD(T)-F        HF       INT
 CPU TIMES  *    137932.82 136797.47    494.94    640.02
 REAL TIME  *    152185.47 SEC
 DISK USED  *       403.69 GB      
 SF USED    *       163.89 GB      
 GA USED    *         2.40 MB       (max)       0.00 MB       (current)
 **********************************************************************************************************************************

    UCCSD(T)-F12        HF-SCF  
   -382.89673926   -381.23208713
 **********************************************************************************************************************************
 Variable memory released
