
 Primary working directories    : /scratch/scratchdirs/nyee88
 Secondary working directories  : /scratch/scratchdirs/nyee88
 Wavefunction directory         : /global/homes/n/nyee88/wfu/
 Main file repository           : /scratch/scratchdirs/nyee88/

 SHA1      : d03110ad91d449d0c5f19172a0c0ba2e2d66b3a5
 NAME      : 2012.1.21
 ARCHNAME  : Linux/XT
 FC        : /opt/cray/craype/2.2.1/bin/ftn
 FCVERSION : 14.2-0
 BLASLIB   : 
 id        : lbl

 Nodes     nprocs
 nid01970     1
 nid01971     1
 nid01969     1
 nid01966     1
 nid02638     1
 nid02639     1
 nid02636     1
 nid02637     1
 nid02642     1
 nid01440     1
 nid01441     1
 nid01534     1
 Number of processes for MPI-2 version of Molpro:   nprocs(total)=   24   nprocs(compute)=   12   nprocs(helper)=   12
 ga_uses_ma=false, calling ma_init with nominal heap.
 GA-space will be limited to   8.0 MW (determined by -G option)

 Using customized tuning parameters: mindgm=7; mindgv=24; mindgc=4; mindgr=2; noblas=0; minvec=7
 default implementation of scratch files=sf  

 geometry = {angstrom
  C
  H                  1              B1
  H                  1              B2    2              A1
  C                  1              B3    2              A2    3              D1
  O                  1              B4    4              A3    3              D2
  O                  5              B5    1              A4    4              D3
  H                  1              B6    4              A5    6              D4
  C                  4              B7    1              A6    5              D5
  H                  8              B8    4              A7    1              D6
  H                  8              B9    4              A8    1              D7
  H                  8             B10    4              A9    1              D8
  C                  4             B11    1             A10    5              D9
  H                 12             B12    4             A11    1             D10
  H                 12             B13    4             A12    1             D11
  O                 12             B14    4             A13    1             D12
  H                 15             B15   12             A14    4             D13
 }
 
       B1 =           1.08244973
       B2 =           1.95763382
       B3 =           1.39008184
       B4 =           2.23910200
       B5 =           1.27126084
       B6 =           1.08156463
       B7 =           1.52651884
       B8 =           1.09364624
       B9 =           1.09501004
       B10 =          1.09207716
       B11 =          1.53744140
       B12 =          1.09406358
       B13 =          1.09891933
       B14 =          1.41864736
       B15 =          0.96337669
       A1 =         115.71752171
       A2 =         121.76431065
       A3 =          96.64966233
       A4 =          97.59202098
       A5 =         120.54772410
       A6 =         120.09019128
       A7 =         111.36994763
       A8 =         110.96318675
       A9 =         111.18411605
       A10 =        118.01016207
       A11 =        109.64678428
       A12 =        109.23262361
       A13 =        113.46866192
       A14 =        108.14636981
       D1 =         -48.16217012
       D2 =          -0.16473454
       D3 =          -1.19421357
       D4 =         -92.66622275
       D5 =        -107.37179659
       D6 =         154.29209845
       D7 =         -86.00809396
       D8 =          34.04156651
       D9 =         104.07898902
       D10 =         84.50016590
       D11 =       -158.42241844
       D12 =        -33.50238278
       D13 =        -66.35899235
 
 memory,3000,M
 basis = vtz-f12
 hf
 uccsd(t)-f12,scale_trip=1

 Variables initialized (782), CPU time= 0.03 sec
 Commands  initialized (547), CPU time= 0.03 sec, 517 directives.
 Default parameters read. Elapsed time=80.78 sec

 Checking input...
 Passed
1


                                         ***  PROGRAM SYSTEM MOLPRO  ***
                         Copyright, University College Cardiff Consultants Limited, 2008

                                    Version 2012.1 linked Mar 12 2015 14:11:14


 **********************************************************************************************************************************
 LABEL *                                                                                 
 Linux-3.0.101-0.31.1_1.0502.8394-cray_gem_c/nid01970(x86_64) 64 bit mpp version         DATE: 01-Jun-15          TIME: 10:48:51  
 **********************************************************************************************************************************

 SHA1:             d03110ad91d449d0c5f19172a0c0ba2e2d66b3a5
 **********************************************************************************************************************************
 SETTING B1             =         1.08244973                                  
 SETTING B2             =         1.95763382                                  
 SETTING B3             =         1.39008184                                  
 SETTING B4             =         2.23910200                                  
 SETTING B5             =         1.27126084                                  
 SETTING B6             =         1.08156463                                  
 SETTING B7             =         1.52651884                                  
 SETTING B8             =         1.09364624                                  
 SETTING B9             =         1.09501004                                  
 SETTING B10            =         1.09207716                                  
 SETTING B11            =         1.53744140                                  
 SETTING B12            =         1.09406358                                  
 SETTING B13            =         1.09891933                                  
 SETTING B14            =         1.41864736                                  
 SETTING B15            =         0.96337669                                  
 SETTING A1             =       115.71752171                                  
 SETTING A2             =       121.76431065                                  
 SETTING A3             =        96.64966233                                  
 SETTING A4             =        97.59202098                                  
 SETTING A5             =       120.54772410                                  
 SETTING A6             =       120.09019128                                  
 SETTING A7             =       111.36994763                                  
 SETTING A8             =       110.96318675                                  
 SETTING A9             =       111.18411605                                  
 SETTING A10            =       118.01016207                                  
 SETTING A11            =       109.64678428                                  
 SETTING A12            =       109.23262361                                  
 SETTING A13            =       113.46866192                                  
 SETTING A14            =       108.14636981                                  
 SETTING D1             =       -48.16217012                                  
 SETTING D2             =        -0.16473454                                  
 SETTING D3             =        -1.19421357                                  
 SETTING D4             =       -92.66622275                                  
 SETTING D5             =      -107.37179659                                  
 SETTING D6             =       154.29209845                                  
 SETTING D7             =       -86.00809396                                  
 SETTING D8             =        34.04156651                                  
 SETTING D9             =       104.07898902                                  
 SETTING D10            =        84.50016590                                  
 SETTING D11            =      -158.42241844                                  
 SETTING D12            =       -33.50238278                                  
 SETTING D13            =       -66.35899235                                  

 Variable memory set to 3000000000 words,  buffer space   230000 words

 SETTING BASIS          =    VTZ-F12


 Recomputing integrals since basis changed


 Using spherical harmonics

 Library entry C      S cc-pVTZ-F12          selected for orbital group  1
 Library entry C      P cc-pVTZ-F12          selected for orbital group  1
 Library entry C      D cc-pVTZ-F12          selected for orbital group  1
 Library entry C      F cc-pVTZ-F12          selected for orbital group  1
 Library entry H      S cc-pVTZ-F12          selected for orbital group  2
 Library entry H      P cc-pVTZ-F12          selected for orbital group  2
 Library entry H      D cc-pVTZ-F12          selected for orbital group  2
 Library entry O      S cc-pVTZ-F12          selected for orbital group  4
 Library entry O      P cc-pVTZ-F12          selected for orbital group  4
 Library entry O      D cc-pVTZ-F12          selected for orbital group  4
 Library entry O      F cc-pVTZ-F12          selected for orbital group  4

1PROGRAM * SEWARD (Integral evaluation for generally contracted gaussian basis sets)     Author: Roland Lindh, 1990

 Geometry written to block  1 of record 700

 Orientation using atomic masses  
 Molecule type: Asymmetric top
 Rotational constants:       1.5293568      2.0599950      2.7895306 GHz  (calculated with average atomic masses)

 Point group  C1  



 ATOMIC COORDINATES

 NR  ATOM    CHARGE       X              Y              Z

   1  C       6.00   -2.423745124    0.670219016    0.354120079
   2  H       1.00   -3.394262005    2.134139013    1.402567833
   3  H       1.00    1.225394439    0.442781449    0.917637767
   4  C       6.00   -0.217453934    1.159682342   -0.984973544
   5  O       8.00   -0.554312705   -0.676133845    3.903256277
   6  O       8.00    1.721369876   -0.465283850    3.162970049
   7  H       1.00   -3.361004003   -1.138333482    0.186635105
   8  C       6.00    0.607001734    3.881369415   -1.468916805
   9  H       1.00    2.652266629    4.012665300   -1.735127664
  10  H       1.00   -0.291579384    4.635098793   -3.173709624
  11  H       1.00    0.096268344    5.107372493    0.110651472
  12  C       6.00    0.575071612   -0.728511495   -3.045955432
  13  H       1.00   -0.403237593   -0.281487261   -4.811615706
  14  H       1.00    2.610246653   -0.530971140   -3.408643846
  15  O       8.00   -0.074324511   -3.266250538   -2.475737326
  16  H       1.00    0.908064195   -3.793208884   -1.036461986

 Bond lengths in Bohr (Angstrom)

 1-2  2.045533541  1-4  2.626873978  1-7  2.043860944  3-4  2.493128179  3-6  2.472264403
     ( 1.082449730)     ( 1.390081840)     ( 1.081564630)     ( 1.319306612)     ( 1.308265977)

  4- 8  2.884702542   4-12  2.905343189   5- 6  2.402334829   8- 9  2.066691878   8-10  2.069269087
       ( 1.526518840)       ( 1.537441400)       ( 1.271260840)       ( 1.093646240)       ( 1.095010040)

  8-11  2.063726747  12-13  2.067480537  12-14  2.076656574  12-15  2.680854987  15-16  1.820518105
       ( 1.092077160)       ( 1.094063580)       ( 1.098919330)       ( 1.418647360)       ( 0.963376690)

 Bond angles

  1- 4- 3   92.49127016   1- 4- 8  120.09019128   1- 4-12  118.01016207   2- 1- 4  121.76431065

  2- 1- 7  117.23885433   3- 4- 8  103.52824995   3- 4-12  101.33864480   3- 6- 5   97.01131578

  4- 1- 7  120.54772410   4- 3- 6  156.17912593   4- 8- 9  111.36994763   4- 8-10  110.96318675

  4- 8-11  111.18411605   4-12-13  109.64678428   4-12-14  109.23262361   4-12-15  113.46866192

  8- 4-12  114.59550221   9- 8-10  107.48679021   9- 8-11  107.80419011  10- 8-11  107.86178344

 12-15-16  108.14636981  13-12-14  107.09852082  13-12-15  105.76548911  14-12-15  111.38236591

 NUCLEAR CHARGE:                   57
 NUMBER OF PRIMITIVE AOS:         693
 NUMBER OF SYMMETRY AOS:          621
 NUMBER OF CONTRACTIONS:          533   ( 533A   )
 NUMBER OF CORE ORBITALS:           7   (   7A   )
 NUMBER OF VALENCE ORBITALS:       37   (  37A   )


 NUCLEAR REPULSION ENERGY  322.90862616


 Eigenvalues of metric

         1 0.144E-04 0.262E-04 0.399E-04 0.632E-04 0.655E-04 0.836E-04 0.923E-04 0.108E-03


 Contracted 2-electron integrals neglected if value below      1.0D-12
 AO integral compression algorithm  1   Integral accuracy      1.0D-12

     36811.571 MB (compressed) written to integral file ( 42.4%)

     Node minimum: 2806.514 MB, node maximum: 3287.548 MB


 NUMBER OF SORTED TWO-ELECTRON INTEGRALS:  843886440.     BUFFER LENGTH:  32768
 NUMBER OF SEGMENTS:  27  SEGMENT LENGTH:   31999824      RECORD LENGTH: 524288

 Memory used in sort:      32.56 MW

 SORT1 READ 10857761100. AND WROTE   727020098. INTEGRALS IN   2095 RECORDS. CPU TIME:   543.52 SEC, REAL TIME:   563.71 SEC
 SORT2 READ  8729639445. AND WROTE 10126281516. INTEGRALS IN 138720 RECORDS. CPU TIME:    35.75 SEC, REAL TIME:    84.36 SEC

 Node minimum:   843791568.  Node maximum:   843922020. integrals

 OPERATOR DM      FOR CENTER  0  COORDINATES:    0.000000    0.000000    0.000000


 **********************************************************************************************************************************
 DATASETS  * FILE   NREC   LENGTH (MB)   RECORD NAMES
              1      18       18.19       500      610      700      900      950      970     1000      129      960     1100   
                                          VAR    BASINP    GEOM    SYMINP    ZMAT    AOBASIS   BASIS     P2S    ABASIS      S 
                                         1400     1410     1200     1210     1080     1600     1650     1700   
                                           T        V       H0       H01     AOSYM     SMH    MOLCAS    OPER   

 PROGRAMS   *        TOTAL       INT
 CPU TIMES  *       664.55    664.16
 REAL TIME  *       975.83 SEC
 DISK USED  *       141.11 GB      
 GA USED    *         0.01 MB       (max)       0.00 MB       (current)
 **********************************************************************************************************************************

1PROGRAM * RHF-SCF (OPEN SHELL)       Authors: W. Meyer, H.-J. Werner


 NUMBER OF ELECTRONS:      29+   28-    SPACE SYMMETRY=1    SPIN SYMMETRY: Doublet 
 CONVERGENCE THRESHOLDS:    1.00E-05 (Density)    1.14E-07 (Energy)
 MAX. NUMBER OF ITERATIONS:       60
 INTERPOLATION TYPE:            DIIS
 INTERPOLATION STEPS:              2 (START)      1 (STEP)
 LEVEL SHIFTS:                 -0.30 (CLOSED)  0.00 (OPEN) 



 Orbital guess generated from atomic densities. Full valence occupancy:   44

 Molecular orbital dump at record        2100.2

 ITERATION    DDIFF          GRAD             ENERGY        2-EL.EN.            DIPOLE MOMENTS         DIIS   ORB.
    1      0.000D+00      0.000D+00      -381.10411335    915.877421    0.74078    0.86274   -0.29803    0    start
    2      0.000D+00      0.264D-02      -381.20014363    916.295317   -0.23227    0.85877   -0.83164    1    diag,B
    3      0.216D-02      0.107D-02      -381.21549447    916.404422   -0.07018    0.86281   -0.79786    2    diag,B
    4      0.718D-03      0.382D-03      -381.22112519    916.478311   -0.23573    0.86919   -0.84796    3    diag,B
    5      0.462D-03      0.204D-03      -381.22276208    916.525399   -0.26877    0.88652   -0.88901    4    diag,B
    6      0.236D-03      0.102D-03      -381.22368163    916.558919   -0.33299    0.89819   -0.90867    5    diag,B
    7      0.173D-03      0.772D-04      -381.22433518    916.573786   -0.37821    0.90539   -0.92293    6    fixocc
    8      0.143D-03      0.544D-04      -381.22478192    916.597511   -0.40637    0.90738   -0.92399    7    diag,B
    9      0.932D-04      0.470D-04      -381.22519752    916.598979   -0.42660    0.90501   -0.91758    8    diag,B
   10      0.908D-04      0.396D-04      -381.22584493    916.607271   -0.45637    0.89857   -0.89727    9    orth
   11      0.200D-03      0.201D-04      -381.22598379    916.607953   -0.46726    0.89483   -0.88477    9    diag,B
   12      0.100D-03      0.861D-05      -381.22599669    916.607356   -0.46944    0.89399   -0.88150    9    diag,B
   13      0.367D-04      0.304D-05      -381.22599749    916.607780   -0.46921    0.89400   -0.88132    9    diag,B
   14      0.821D-05      0.162D-05      -381.22599774    916.607671   -0.46900    0.89405   -0.88149    9    diag,B
   15      0.466D-05      0.662D-06      -381.22599778    916.607820   -0.46900    0.89405   -0.88148    9    diag,B
   16      0.244D-05      0.289D-06      -381.22599779    916.607854   -0.46901    0.89405   -0.88149    0    orth

 Final alpha occupancy:  29
 Final beta  occupancy:  28

 !RHF STATE 1.1 Energy               -381.225997785203
 Nuclear energy                       322.90862616
 One-electron energy                -1162.43855115
 Two-electron energy                  458.30392720
 Virial quotient                       -1.00101421
 !RHF STATE 1.1 Dipole moment          -0.46901140     0.89405365    -0.88149395
 Dipole moment /Debye                  -1.19202999     2.27230887    -2.24038739

 Orbital energies:

         1.1          2.1          3.1          4.1          5.1          6.1          7.1          8.1          9.1         10.1
    -20.639136   -20.604483   -20.568892   -11.306282   -11.295587   -11.243782   -11.241070    -1.521837    -1.374088    -1.116079

        11.1         12.1         13.1         14.1         15.1         16.1         17.1         18.1         19.1         20.1
     -1.063284    -0.961479    -0.936616    -0.787518    -0.716821    -0.701765    -0.675254    -0.635125    -0.625678    -0.600154

        21.1         22.1         23.1         24.1         25.1         26.1         27.1         28.1         29.1         30.1
     -0.587054    -0.584703    -0.563874    -0.542839    -0.506773    -0.458565    -0.439246    -0.372260    -0.490228     0.032411

        31.1
      0.045702

 HOMO     29.1    -0.490228 =     -13.3398eV
 LUMO     30.1     0.032411 =       0.8819eV
 LUMO-HOMO         0.522639 =      14.2217eV


 **********************************************************************************************************************************
 DATASETS  * FILE   NREC   LENGTH (MB)   RECORD NAMES
              1      18       18.19       500      610      700      900      950      970     1000      129      960     1100   
                                          VAR    BASINP    GEOM    SYMINP    ZMAT    AOBASIS   BASIS     P2S    ABASIS      S 
                                         1400     1410     1200     1210     1080     1600     1650     1700   
                                           T        V       H0       H01     AOSYM     SMH    MOLCAS    OPER   

              2       4        8.59       700     1000      520     2100   
                                         GEOM     BASIS   MCVARS     RHF  

 PROGRAMS   *        TOTAL        HF       INT
 CPU TIMES  *      1154.04    489.48    664.16
 REAL TIME  *      1570.36 SEC
 DISK USED  *       141.92 GB      
 SF USED    *         1.14 MB      
 GA USED    *         0.01 MB       (max)       0.00 MB       (current)
 **********************************************************************************************************************************


1PROGRAM * CCSD (Unrestricted open-shell coupled cluster)     Authors: C. Hampel, H.-J. Werner, 1991, M. Deegan, P.J. Knowles, 1992

                           UCCSD-F12 implementation by G. Knizia and H.-J. Werner, 2008

                   Density fitting integral evaluation by F.R. Manby, 2003,2007, G. Knizia, 2010

 Basis set CC-PVTZ/JKFIT generated.      Number of basis functions:   823 
 Basis set CC-PVTZ-F12/OPTRI generated.  Number of basis functions:   894 
 Basis set AUG-CC-PVTZ/MP2FIT generated. Number of basis functions:   1156 

 Convergence thresholds:  THRVAR = 1.00D-08  THRDEN = 1.14D-06

 CCSD(T)     terms to be evaluated (factor= 1.000)


 Number of core orbitals:           7 (   7 )
 Number of closed-shell orbitals:  21 (  21 )
 Number of active  orbitals:        1 (   1 )
 Number of external orbitals:     504 ( 504 )

 For full I/O caching in triples, increase memory by 1254.02 Mwords to 4254.30 Mwords.

 Number of N-1 electron functions:              43
 Number of N-2 electron functions:             903
 Number of singly external CSFs:             21715
 Number of doubly external CSFs:         173943210
 Total number of CSFs:                   173964925

 Molecular orbitals read from record     2100.2  Type=RHF/CANONICAL (state 1.1)

 Integral transformation finished. Total CPU:1943.58 sec, npass=  1  Memory used:1866.44 MW
 
 Geminal basis:    OPTFULL  GEM_TYPE=SLATER  BETA=1.0  NGEM=6

 Optimizing Gaussian exponents for each gem_beta

 Geminal optimization for beta= 1.0000
 Weight function:   m=0, omega= 1.4646

 Augmented Hessian optimization of geminal fit. Trust ratio= 0.40000
 Convergence reached after   2 iterations. Final gradient= 8.42D-16, Step= 4.39D-06, Delta= 1.28D-09
 
 Alpha:                 0.19532     0.81920     2.85917     9.50073    35.69989   197.79328
 Coeff:                 0.27070     0.30552     0.18297     0.10986     0.06810     0.04224
 
 
 WFN_F12=FIX,EG    DECOUPLE_EXPL=F   HYBRID=0    NOX=F   SEMIINT_F12=T   CORE_SINGLES=F
 
 AO(A)-basis ORBITAL           loaded. Number of functions:     533
 RI(R)-basis CC-PVTZ-F12/OPTRI loaded. Number of functions:     894
 DF-basis CC-PVTZ/JKFIT        loaded. Number of functions:     823

 Screening thresholds:   THRAO=  1.00D-10  THRMO=  1.00D-09  THRPROD=  1.00D-09
                         THRSW=  1.00D-05  THROV=  1.00D-12  THRF12=   1.00D-08

 CPU time for one-electron matrices              23.63 sec
 
 Construction of ABS:
 Pseudo-inverse stability          4.76E-10
 Smallest eigenvalue of S          2.48E-05  (threshold= 1.00E-08)
 Ratio eigmin/eigmax               1.14E-07  (threshold= 1.00E-09)
 Smallest eigenvalue of S kept     2.48E-05  (threshold= 2.48E-05, 0 functions deleted, 894 kept)
 
 Construction of CABS:
 Pseudo-inverse stability          6.79E-09
 Smallest eigenvalue of S          1.28E-07  (threshold= 1.00E-08)
 Ratio eigmin/eigmax               1.28E-07  (threshold= 1.00E-09)
 Smallest eigenvalue of S kept     1.28E-07  (threshold= 1.28E-07, 0 functions deleted, 894 kept)
 
 CPU time for basis constructions                 5.39 sec
 Fock operators(MO) rebuilt from dump record.
 CPU time for fock operators                      7.74 sec
 
                                      TOTAL          ALPHA          BETA    
  Singles Contributions MO        -0.005755138   -0.002834752   -0.002920386
  Singles Contributions CABS      -0.003552613   -0.001835124   -0.001717489
  Pure DF-RHF relaxation          -0.003529189
 
 CPU time for singles                            32.49 sec
 
 AO(A)-basis ORBITAL           loaded. Number of functions:     533
 RI(R)-basis CC-PVTZ-F12/OPTRI loaded. Number of functions:     894
 DF-basis AUG-CC-PVTZ/MP2FIT   loaded. Number of functions:    1156

 Screening thresholds:   THRAO=  1.00D-10  THRMO=  1.00D-09  THRPROD=  1.00D-09
                         THRSW=  1.00D-05  THROV=  1.00D-12  THRF12=   1.00D-08

 CPU time for transformed integrals             352.68 sec
 CPU time for F12 matrices                      317.92 sec

 Diagonal F12 ansatz with fixed amplitudes:   TS= 0.5000  TT= 0.2500  TN= 0.3750
 
 ITER.     SQ.NORM      CORR.ENERGY   TOTAL ENERGY  ENERGY CHANGE      VAR         CPU   MICRO    DIIS
   1      1.42383105    -1.60814100  -382.83766797    -1.6117E+00   4.21E-01     13.44  1  1  1   0  0
   2      1.42256424    -1.60579986  -382.83532683     2.3411E-03   1.89E-04    112.54  0  0  0   1  1
   3      1.42300380    -1.60628292  -382.83580989    -4.8306E-04   1.59E-06    220.74  0  0  0   2  2
   4      1.42301182    -1.60628589  -382.83581286    -2.9662E-06   9.57E-09    336.81  0  0  0   3  3
   5      1.42301313    -1.60628590  -382.83581288    -1.8229E-08   8.56E-11    461.07  0  0  0   4  4
 
 - - Continuing with F12/conv. amplitude coupling turned on.
 
   6      1.42304319    -1.60686743  -382.83639441    -5.8155E-04   1.18E-04    570.32  1  1  1   1  1
   7      1.42304241    -1.60686751  -382.83639448    -7.3618E-08   2.81E-09    688.66  1  1  1   2  2
 
 CPU time for iterative RMP2-F12                688.66 sec
 
 
 DF-RMP2-F12 doubles corrections:
 - - - - - - - - - - - - - - - - 
  Approx.                             TOTAL           A-B            A-A            B-B    
  RMP2-F12/3C(FIX)                -0.123247744   -0.114370151   -0.004790247   -0.004087347
  RMP2-F12/3*C(FIX)               -0.122666144   -0.114126279   -0.004612587   -0.003927278
  RMP2-F12/3*C(DX)                -0.123135677   -0.114547508   -0.004641494   -0.003946675
  RMP2-F12/3*C(FIX,DX)            -0.130038097   -0.120946690   -0.004931174   -0.004160233
 
 DF-RMP2-F12 doubles energies:
 - - - - - - - - - - - - - - -
  Approx.                             TOTAL           A-B            A-A            B-B    
  RMP2                            -1.477864623   -1.112700342   -0.184161998   -0.181002283
  RMP2-F12/3C(FIX)                -1.601112367   -1.227070493   -0.188952245   -0.185089630
  RMP2-F12/3*C(FIX)               -1.600530767   -1.226826621   -0.188774585   -0.184929561
  RMP2-F12/3*C(DX)                -1.601000300   -1.227247851   -0.188803491   -0.184948958
  RMP2-F12/3*C(FIX,DX)            -1.607902720   -1.233647032   -0.189093171   -0.185162517
 
 
  Reference energy                   -381.225997785203
  CABS relaxation correction to RHF    -0.003529188517
  New reference energy               -381.229526973720
 
  RMP2-F12 singles (MO) energy         -0.005755137815
  RMP2-F12 pair energy                 -1.601112367337
  RMP2-F12 correlation energy          -1.606867505152
 
  RMP2-F12/3C(FIX) energy            -382.836394478872

 Starting RMP2 calculation

 ITER.      SQ.NORM     CORR.ENERGY   TOTAL ENERGY   ENERGY CHANGE        DEN1      VAR(S)    VAR(P)  DIIS     TIME
   1      1.41806805    -1.47846881  -382.70446660    -1.47846881    -0.00482729  0.40D-04  0.19D-02  1  1  3626.52
   2      1.42282376    -1.48366803  -382.70966582    -0.00519922    -0.00001220  0.13D-05  0.62D-05  2  2  3779.63
   3      1.42301709    -1.48377232  -382.70977011    -0.00010429    -0.00000011  0.49D-07  0.35D-07  3  3  3939.19
   4      1.42302223    -1.48377270  -382.70977048    -0.00000037     0.00000000  0.13D-08  0.30D-09  4  4  4101.26

 Norm of t1 vector:      0.05742528      S-energy:    -0.00575494      T1 diagnostic:  0.00073055
 Norm of t2 vector:      0.64786153      P-energy:    -1.47801776
                                         Alpha-Beta:  -1.11315344
                                         Alpha-Alpha: -0.18400502
                                         Beta-Beta:   -0.18085929

 Spin contamination <S**2-Sz**2-Sz>     0.00161724
  Reference energy                   -381.229526973720
  RHF-RMP2 correlation energy          -1.483772698758
 !RHF-RMP2 energy                    -382.713299672478

 Starting UCCSD calculation

 ITER.      SQ.NORM     CORR.ENERGY   TOTAL ENERGY   ENERGY CHANGE        DEN1      VAR(S)    VAR(P)  DIIS     TIME
   1      1.40725540    -1.43943427  -382.66543206    -1.43943427    -0.04556236  0.14D-01  0.75D-02  0  0  7544.45
   2      1.44715744    -1.47909510  -382.70509288    -0.03966083    -0.00576942  0.87D-03  0.19D-02  1  1 10947.54
   3      1.46677245    -1.48303021  -382.70902800    -0.00393512    -0.00177762  0.16D-02  0.20D-03  2  2 14396.62
   4      1.48826492    -1.49027757  -382.71627536    -0.00724736    -0.00050155  0.41D-03  0.68D-04  3  3 17849.68
   5      1.50528050    -1.49261663  -382.71861442    -0.00233906    -0.00017500  0.16D-03  0.18D-04  4  4 21297.47
   6      1.51865732    -1.49365721  -382.71965500    -0.00104058    -0.00003019  0.20D-04  0.56D-05  5  5 24712.42
   7      1.52364151    -1.49403094  -382.72002872    -0.00037373    -0.00000640  0.36D-05  0.17D-05  6  6 28142.50
   8      1.52426822    -1.49407924  -382.72007703    -0.00004831    -0.00000179  0.14D-05  0.35D-06  6  2 31586.82
   9      1.52494482    -1.49417085  -382.72016863    -0.00009160    -0.00000056  0.54D-06  0.89D-07  6  4 35032.06
  10      1.52467836    -1.49412850  -382.72012628     0.00004235    -0.00000017  0.13D-06  0.35D-07  6  1 38478.85
  11      1.52493793    -1.49416165  -382.72015943    -0.00003315    -0.00000004  0.41D-07  0.78D-08  6  3 41988.11
  12      1.52491489    -1.49415416  -382.72015195     0.00000749    -0.00000002  0.14D-07  0.25D-08  6  6 45467.21
  13      1.52494573    -1.49415585  -382.72015364    -0.00000169    -0.00000001  0.50D-08  0.95D-09  6  5 48919.81
  14      1.52494004    -1.49415488  -382.72015267     0.00000097     0.00000000  0.15D-08  0.32D-09  6  2 52398.61

 Norm of t1 vector:      0.27330942      S-energy:    -0.00585741      T1 diagnostic:  0.02846074
                                                                       D1 diagnostic:  0.12638807
 Norm of t2 vector:      0.67100075      P-energy:    -1.48829747
                                         Alpha-Beta:  -1.15970443
                                         Alpha-Alpha: -0.16475804
                                         Beta-Beta:   -0.16383501

 Singles amplitudes (print threshold =  0.500E-01):

         I         SYM. A    A   T(IA) [Beta-Beta]

        13         1         1     -0.06077716
        14         1         1     -0.15163530
        21         1         6     -0.05857270
        21         1        11     -0.06820338

 Spin contamination <S**2-Sz**2-Sz>     0.00423835

 For full I/O caching in triples, increase memory by 1505.43 Mwords to 4505.71 Mwords.
 

  Ecorr(MP2)                           -1.483772698758
  Ecorr(MP2-F12)                       -1.607020443117
  Scale factor for triples energy       1.083063763380

 RESULTS
 =======

  Reference energy                   -381.225997785204
  CABS relaxation correction to RHF    -0.003529188517
  New reference energy               -381.229526973720
 
  F12 corrections for ansatz 3C(FIX) added to UCCSD energy. Coupling mode: 15
 
  UCCSD-F12a singles energy            -0.005857411238
  UCCSD-F12a pair energy               -1.609983428812
  UCCSD-F12a correlation energy        -1.615840840050
  Triples (T) contribution (scaled)    -0.078023744025
  Total correlation energy             -1.693864584075
 
  RHF-UCCSD-F12a energy              -382.845367813770
  RHF-UCCSD[T]-F12a energy           -382.929461040791
  RHF-UCCSD-T-F12a energy            -382.922192954257
 !RHF-UCCSD(T)-F12a energy           -382.923391557795
 
  F12 corrections for ansatz 3C(FIX) added to UCCSD energy. Coupling mode: 15
 
  UCCSD-F12b singles energy            -0.005857411238
  UCCSD-F12b pair energy               -1.587678919397
  UCCSD-F12b correlation energy        -1.593536330635
  Triples (T) contribution (scaled)    -0.078023744025
  Total correlation energy             -1.671560074660
 
  RHF-UCCSD-F12b energy              -382.823063304355
  RHF-UCCSD[T]-F12b energy           -382.907156531376
  RHF-UCCSD-T-F12b energy            -382.899888444842
 !RHF-UCCSD(T)-F12b energy           -382.901087048380

 Program statistics:

 Available memory in ccsd:              2999995808
 Min. memory needed in ccsd:             476499949
 Max. memory used in ccsd:               700559786
 Max. memory used in cckext:             522715393 (15 integral passes)
 Max. memory used in cckint:            1866435477 ( 1 integral passes)



 **********************************************************************************************************************************
 DATASETS  * FILE   NREC   LENGTH (MB)   RECORD NAMES
              1      19       18.21       500      610      700      900      950      970     1000      129      960     1100   
                                          VAR    BASINP    GEOM    SYMINP    ZMAT    AOBASIS   BASIS     P2S    ABASIS      S 
                                         1400     1410     1200     1210     1080     1600     1650     1700      960(1)
                                           T        V       H0       H01     AOSYM     SMH    MOLCAS    OPER    ABASIS    

              2       5       12.01       700     1000      520     2100     7360   
                                         GEOM     BASIS   MCVARS     RHF    F12ABS    

 PROGRAMS   *        TOTALUCCSD(T)-F        HF       INT
 CPU TIMES  *    146943.13 145789.07    489.48    664.16
 REAL TIME  *    159066.49 SEC
 DISK USED  *       406.79 GB      
 SF USED    *       163.89 GB      
 GA USED    *         2.40 MB       (max)       0.00 MB       (current)
 **********************************************************************************************************************************

    UCCSD(T)-F12        HF-SCF  
   -382.90108705   -381.22599779
 **********************************************************************************************************************************
 Variable memory released
