
 Primary working directories    : /scratch/scratchdirs/nyee88
 Secondary working directories  : /scratch/scratchdirs/nyee88
 Wavefunction directory         : /global/homes/n/nyee88/wfu/
 Main file repository           : /scratch/scratchdirs/nyee88/

 SHA1      : d03110ad91d449d0c5f19172a0c0ba2e2d66b3a5
 NAME      : 2012.1.21
 ARCHNAME  : Linux/XT
 FC        : /opt/cray/craype/2.2.1/bin/ftn
 FCVERSION : 14.2-0
 BLASLIB   : 
 id        : lbl

 Nodes     nprocs
 nid04089     1
 nid04090     1
 nid04068     1
 nid04069     1
 nid04356     1
 nid04357     1
 nid04836     1
 nid04837     1
 nid04838     1
 nid04856     1
 nid04857     1
 nid05126     1
 Number of processes for MPI-2 version of Molpro:   nprocs(total)=   24   nprocs(compute)=   12   nprocs(helper)=   12
 ga_uses_ma=false, calling ma_init with nominal heap.
 GA-space will be limited to   8.0 MW (determined by -G option)

 Using customized tuning parameters: mindgm=7; mindgv=24; mindgc=4; mindgr=2; noblas=0; minvec=7
 default implementation of scratch files=sf  

 geometry = {angstrom
  C
  C                  1              B1
  H                  2              B2    1              A1
  H                  2              B3    1              A2    3              D1
  C                  1              B4    2              A3    3              D2
  H                  5              B5    1              A4    2              D3
  H                  5              B6    1              A5    2              D4
  H                  5              B7    1              A6    2              D5
  O                  1              B8    2              A7    5              D6
  O                  9              B9    1              A8    2              D7
  H                 10             B10    9              A9    1              D8
  C                  1             B11    2             A10    5              D9
  H                 12             B12    1             A11    2             D10
  H                 12             B13    1             A12    2             D11
  O                 12             B14    1             A13    2             D12
  H                 15             B15   12             A14    1             D13
 }
 
       B1 =           1.39329270
       B2 =           1.08357999
       B3 =           1.08373901
       B4 =           1.50588612
       B5 =           1.09500245
       B6 =           1.08892830
       B7 =           1.09017947
       B8 =           1.91695223
       B9 =           1.39957847
       B10 =          0.96790202
       B11 =          1.52288098
       B12 =          1.09917183
       B13 =          1.09475552
       B14 =          1.41192108
       B15 =          0.96678176
       A1 =         120.90137863
       A2 =         121.12218779
       A3 =         119.75835221
       A4 =         109.34337763
       A5 =         110.48948227
       A6 =         110.99267613
       A7 =          98.55097656
       A8 =         112.30547435
       A9 =         102.36595358
       A10 =        118.00241186
       A11 =        108.67637701
       A12 =        108.65274239
       A13 =        113.35180584
       A14 =        105.15861228
       D1 =        -174.01840108
       D2 =        -170.74527720
       D3 =          70.67924943
       D4 =        -170.23863938
       D5 =         -49.08877719
       D6 =        -109.91431475
       D7 =          91.62221332
       D8 =        -107.55379865
       D9 =         152.14405538
       D10 =         35.57836426
       D11 =        -81.28123068
       D12 =        160.41080182
       D13 =        -52.59168538
 
 memory,3000,M
 basis = vtz-f12
 hf
 {rhf; shift,-1.0,-0.5}
 uccsd(t)-f12,scale_trip=1

 Variables initialized (782), CPU time= 0.02 sec
 Commands  initialized (547), CPU time= 0.04 sec, 517 directives.
 Default parameters read. Elapsed time= 0.50 sec

 Checking input...
 Passed
1


                                         ***  PROGRAM SYSTEM MOLPRO  ***
                         Copyright, University College Cardiff Consultants Limited, 2008

                                    Version 2012.1 linked Mar 12 2015 14:11:14


 **********************************************************************************************************************************
 LABEL *                                                                                 
 Linux-3.0.101-0.31.1_1.0502.8394-cray_gem_c/nid04089(x86_64) 64 bit mpp version         DATE: 22-Jun-15          TIME: 05:06:35  
 **********************************************************************************************************************************

 SHA1:             d03110ad91d449d0c5f19172a0c0ba2e2d66b3a5
 **********************************************************************************************************************************
 SETTING B1             =         1.39329270                                  
 SETTING B2             =         1.08357999                                  
 SETTING B3             =         1.08373901                                  
 SETTING B4             =         1.50588612                                  
 SETTING B5             =         1.09500245                                  
 SETTING B6             =         1.08892830                                  
 SETTING B7             =         1.09017947                                  
 SETTING B8             =         1.91695223                                  
 SETTING B9             =         1.39957847                                  
 SETTING B10            =         0.96790202                                  
 SETTING B11            =         1.52288098                                  
 SETTING B12            =         1.09917183                                  
 SETTING B13            =         1.09475552                                  
 SETTING B14            =         1.41192108                                  
 SETTING B15            =         0.96678176                                  
 SETTING A1             =       120.90137863                                  
 SETTING A2             =       121.12218779                                  
 SETTING A3             =       119.75835221                                  
 SETTING A4             =       109.34337763                                  
 SETTING A5             =       110.48948227                                  
 SETTING A6             =       110.99267613                                  
 SETTING A7             =        98.55097656                                  
 SETTING A8             =       112.30547435                                  
 SETTING A9             =       102.36595358                                  
 SETTING A10            =       118.00241186                                  
 SETTING A11            =       108.67637701                                  
 SETTING A12            =       108.65274239                                  
 SETTING A13            =       113.35180584                                  
 SETTING A14            =       105.15861228                                  
 SETTING D1             =      -174.01840108                                  
 SETTING D2             =      -170.74527720                                  
 SETTING D3             =        70.67924943                                  
 SETTING D4             =      -170.23863938                                  
 SETTING D5             =       -49.08877719                                  
 SETTING D6             =      -109.91431475                                  
 SETTING D7             =        91.62221332                                  
 SETTING D8             =      -107.55379865                                  
 SETTING D9             =       152.14405538                                  
 SETTING D10            =        35.57836426                                  
 SETTING D11            =       -81.28123068                                  
 SETTING D12            =       160.41080182                                  
 SETTING D13            =       -52.59168538                                  

 Variable memory set to 3000000000 words,  buffer space   230000 words

 SETTING BASIS          =    VTZ-F12


 Recomputing integrals since basis changed


 Using spherical harmonics

 Library entry C      S cc-pVTZ-F12          selected for orbital group  1
 Library entry C      P cc-pVTZ-F12          selected for orbital group  1
 Library entry C      D cc-pVTZ-F12          selected for orbital group  1
 Library entry C      F cc-pVTZ-F12          selected for orbital group  1
 Library entry H      S cc-pVTZ-F12          selected for orbital group  2
 Library entry H      P cc-pVTZ-F12          selected for orbital group  2
 Library entry H      D cc-pVTZ-F12          selected for orbital group  2
 Library entry O      S cc-pVTZ-F12          selected for orbital group  5
 Library entry O      P cc-pVTZ-F12          selected for orbital group  5
 Library entry O      D cc-pVTZ-F12          selected for orbital group  5
 Library entry O      F cc-pVTZ-F12          selected for orbital group  5

1PROGRAM * SEWARD (Integral evaluation for generally contracted gaussian basis sets)     Author: Roland Lindh, 1990

 Geometry written to block  1 of record 700

 Orientation using atomic masses  
 Molecule type: Asymmetric top
 Rotational constants:       1.7863208      2.1629977      2.9862837 GHz  (calculated with average atomic masses)

 Point group  C1  



 ATOMIC COORDINATES

 NR  ATOM    CHARGE       X              Y              Z

   1  C       6.00   -0.076584178    1.388695700   -0.449689905
   2  C       6.00    1.356619936    3.360080045    0.546277629
   3  H       1.00    3.308268567    3.628023922   -0.012492239
   4  H       1.00    0.618115302    4.559729245    2.032761239
   5  C       6.00   -2.876965552    1.287698449    0.046034320
   6  H       1.00   -3.815164724    2.798701526   -1.011541782
   7  H       1.00   -3.653952382   -0.513585013   -0.575345197
   8  H       1.00   -3.281276637    1.540285788    2.050257762
   9  O       8.00    1.191720652   -1.299119752    1.621460467
  10  O       8.00   -0.251655130   -1.646451817    3.810318540
  11  H       1.00    0.851504195   -0.993010068    5.114753091
  12  C       6.00    0.838562909    0.145943529   -2.878674620
  13  H       1.00    2.915020417    0.096659524   -2.859185203
  14  H       1.00    0.254093457    1.316088914   -4.481496974
  15  O       8.00   -0.202278336   -2.277125231   -3.284113336
  16  H       1.00    0.129217097   -3.203181846   -1.744539923

 Bond lengths in Bohr (Angstrom)

  1- 2  2.632941624   1- 5  2.845712352   1- 9  3.622514722   1-12  2.877827983   2- 3  2.047669423
       ( 1.393292700)       ( 1.505886120)       ( 1.916952230)       ( 1.522880980)       ( 1.083579990)

  2- 4  2.047969927   5- 6  2.069254744   5- 7  2.057776264   5- 8  2.060140632   9-10  2.644820008
       ( 1.083739010)       ( 1.095002450)       ( 1.088928300)       ( 1.090179470)       ( 1.399578470)

 10-11  1.829069740  12-13  2.077133730  12-14  2.068788114  12-15  2.668144160  15-16  1.826952755
       ( 0.967902020)       ( 1.099171830)       ( 1.094755520)       ( 1.411921080)       ( 0.966781760)

 Bond angles

  1-2-3  120.90137863   1-2-4  121.12218779   1-5-6  109.34337763   1-5-7  110.48948227

  1- 5- 8  110.99267613   1- 9-10  112.30547435   1-12-13  108.67637701   1-12-14  108.65274239

  1-12-15  113.35180584   2- 1- 5  119.75835221   2- 1- 9   98.55097656   2- 1-12  118.00241186

  3- 2- 4  117.71727874   5- 1- 9  102.62732024   5- 1-12  116.40020404   6- 5- 7  108.28045105

  6- 5- 8  108.58475339   7- 5- 8  109.08630974   9- 1-12   92.91314436   9-10-11  102.36595358

 12-15-16  105.15861228  13-12-14  107.64483584  13-12-15  111.70640050  14-12-15  106.60224003

 NUCLEAR CHARGE:                   57
 NUMBER OF PRIMITIVE AOS:         693
 NUMBER OF SYMMETRY AOS:          621
 NUMBER OF CONTRACTIONS:          533   ( 533A   )
 NUMBER OF CORE ORBITALS:           7   (   7A   )
 NUMBER OF VALENCE ORBITALS:       37   (  37A   )


 NUCLEAR REPULSION ENERGY  329.91416298


 Eigenvalues of metric

         1 0.250E-04 0.266E-04 0.337E-04 0.677E-04 0.809E-04 0.856E-04 0.960E-04 0.992E-04


 Contracted 2-electron integrals neglected if value below      1.0D-12
 AO integral compression algorithm  1   Integral accuracy      1.0D-12

     37630.247 MB (compressed) written to integral file ( 43.3%)

     Node minimum: 2958.557 MB, node maximum: 3283.091 MB


 NUMBER OF SORTED TWO-ELECTRON INTEGRALS:  843886440.     BUFFER LENGTH:  32768
 NUMBER OF SEGMENTS:  27  SEGMENT LENGTH:   31999824      RECORD LENGTH: 524288

 Memory used in sort:      32.56 MW

 SORT1 READ 10866914191. AND WROTE   739894339. INTEGRALS IN   2131 RECORDS. CPU TIME:   542.21 SEC, REAL TIME:   562.72 SEC
 SORT2 READ  8926595064. AND WROTE 10126281516. INTEGRALS IN 145716 RECORDS. CPU TIME:    40.28 SEC, REAL TIME:    78.50 SEC

 Node minimum:   843791568.  Node maximum:   843922020. integrals

 OPERATOR DM      FOR CENTER  0  COORDINATES:    0.000000    0.000000    0.000000


 **********************************************************************************************************************************
 DATASETS  * FILE   NREC   LENGTH (MB)   RECORD NAMES
              1      18       18.19       500      610      700      900      950      970     1000      129      960     1100   
                                          VAR    BASINP    GEOM    SYMINP    ZMAT    AOBASIS   BASIS     P2S    ABASIS      S 
                                         1400     1410     1200     1210     1080     1600     1650     1700   
                                           T        V       H0       H01     AOSYM     SMH    MOLCAS    OPER   

 PROGRAMS   *        TOTAL       INT
 CPU TIMES  *       668.24    667.84
 REAL TIME  *       735.32 SEC
 DISK USED  *       144.30 GB      
 GA USED    *         0.01 MB       (max)       0.00 MB       (current)
 **********************************************************************************************************************************

1PROGRAM * RHF-SCF (OPEN SHELL)       Authors: W. Meyer, H.-J. Werner


 NUMBER OF ELECTRONS:      29+   28-    SPACE SYMMETRY=1    SPIN SYMMETRY: Doublet 
 CONVERGENCE THRESHOLDS:    1.00E-05 (Density)    1.14E-07 (Energy)
 MAX. NUMBER OF ITERATIONS:       60
 INTERPOLATION TYPE:            DIIS
 INTERPOLATION STEPS:              2 (START)      1 (STEP)
 LEVEL SHIFTS:                 -0.30 (CLOSED)  0.00 (OPEN) 



 Orbital guess generated from atomic densities. Full valence occupancy:   44

 Molecular orbital dump at record        2100.2

 ITERATION    DDIFF          GRAD             ENERGY        2-EL.EN.            DIPOLE MOMENTS         DIIS   ORB.
    1      0.000D+00      0.000D+00      -381.13640893    932.972966    0.44545    1.28061    1.19299    0    start
    2      0.000D+00      0.249D-02      -381.22512680    931.230287    0.25723    1.22316    0.64123    1    diag,B
    3      0.210D-02      0.866D-03      -381.23875238    931.608632    0.30439    1.22204    0.60249    2    diag,B
    4      0.635D-03      0.351D-03      -381.24371787    931.635734    0.29310    1.27731    0.51995    3    diag,B
    5      0.387D-03      0.137D-03      -381.24529970    931.621040    0.29228    1.31479    0.47971    4    diag,B
    6      0.191D-03      0.774D-04      -381.24627559    931.669948    0.28303    1.36058    0.45052    5    diag,B
    7      0.119D-03      0.708D-04      -381.24686452    931.675116    0.27883    1.38348    0.43276    6    fixocc
    8      0.644D-04      0.680D-04      -381.24751783    931.692549    0.27258    1.40993    0.41373    7    diag,B
    9      0.668D-04      0.692D-04      -381.24595847    931.649995    0.28816    1.34380    0.46392    8    diag,B
   10      0.164D-03      0.644D-04      -381.24192118    931.506069    0.36364    1.08012    0.67910    9    orth
   11      0.643D-03      0.735D-04      -381.24204053    931.507262    0.35873    1.08899    0.66911    9    diag,B
   12      0.302D-04      0.661D-04      -381.24191371    931.499065    0.36062    1.05069    0.69066    9    diag,B
   13      0.780D-04      0.496D-04      -381.24146713    931.429497    0.39116    0.92548    0.78506    9    diag,B
   14      0.292D-03      0.678D-04      -381.24142626    931.413309    0.39839    0.89009    0.80959    9    diag,B
   15      0.788D-04      0.703D-04      -381.24148726    931.421619    0.39103    0.91367    0.78964    9    diag,B
   16      0.636D-04      0.623D-04      -381.24176610    931.429289    0.36105    0.96705    0.72917    9    diag,B
   17      0.193D-03      0.192D-04      -381.24159841    931.409488    0.38014    0.90726    0.77964    9    diag,B
   18      0.152D-03      0.415D-04      -381.24167781    931.411339    0.36860    0.92298    0.75920    9    diag,B
   19      0.690D-04      0.258D-04      -381.24168366    931.408548    0.36735    0.92067    0.75884    9    diag,B
   20      0.764D-05      0.235D-04      -381.24169939    931.409722    0.36481    0.92373    0.75441    9    orth
   21      0.152D-04      0.192D-04      -381.24168778    931.402329    0.36636    0.91346    0.76019    9    diag,B
   22      0.189D-04      0.173D-04      -381.24168180    931.397211    0.36704    0.90618    0.76385    9    diag,B
   23      0.119D-04      0.154D-04      -381.24167451    931.379024    0.36464    0.88761    0.76743    9    diag,B
   24      0.284D-04      0.538D-05      -381.24166303    931.365444    0.36649    0.87133    0.77659    9    diag,B
   25      0.312D-04      0.423D-05      -381.24165076    931.345947    0.36916    0.84289    0.79209    9    diag,B
   26      0.518D-04      0.313D-05      -381.24164716    931.329079    0.37023    0.82042    0.80345    9    diag,B
   27      0.403D-04      0.211D-05      -381.24164472    931.311850    0.37181    0.79548    0.81639    9    diag,B
   28      0.442D-04      0.138D-05      -381.24164277    931.296739    0.37350    0.77495    0.82725    9    diag,B
   29      0.362D-04      0.113D-05      -381.24163887    931.278498    0.37550    0.74908    0.84091    9    diag,B
   30      0.454D-04      0.146D-05      -381.24163994    931.281845    0.37499    0.75412    0.83810    9    orth
   31      0.912D-05      0.118D-05      -381.24164031    931.283066    0.37477    0.75596    0.83705    9    diag,B
   32      0.334D-05      0.109D-05      -381.24164358    931.299511    0.37256    0.77945    0.82432    9    diag,B
   33      0.408D-04      0.644D-06      -381.24164527    931.310764    0.37125    0.79518    0.81597    9    diag,B
   34      0.267D-04      0.723D-06      -381.24164556    931.312487    0.37104    0.79758    0.81468    9    diag,B
   35      0.418D-05      0.739D-06      -381.24164479    931.307738    0.37162    0.79089    0.81827    9    diag,B
   36      0.116D-04      0.699D-06      -381.24164171    931.289208    0.37392    0.76464    0.83244    9    diag,B
   37      0.457D-04      0.939D-06      -381.24165043    931.333531    0.36854    0.82718    0.79879    9    diag,B
   38      0.107D-03      0.154D-05      -381.24164065    931.284748    0.37467    0.75808    0.83616    9    diag,B
   39      0.119D-03      0.123D-05      -381.24162730    931.256553    0.37853    0.71708    0.85868    9    diag,B
   40      0.738D-04      0.361D-05      -381.24164258    931.293790    0.37335    0.77101    0.82896    9    orth
   41      0.968D-04      0.797D-06      -381.24164589    931.314630    0.37086    0.80040    0.81318    9    diag,B
   42      0.507D-04      0.833D-06      -381.24164779    931.324180    0.36976    0.81382    0.80601    9    diag,B
   43      0.228D-04      0.114D-05      -381.24165015    931.332773    0.36870    0.82596    0.79946    9    diag,B
   44      0.206D-04      0.152D-05      -381.24164868    931.327706    0.36931    0.81883    0.80330    9    diag,B
   45      0.121D-04      0.128D-05      -381.24164656    931.318363    0.37047    0.80565    0.81041    9    diag,B
   46      0.224D-04      0.954D-06      -381.24164628    931.316907    0.37064    0.80361    0.81150    9    diag,B
   47      0.347D-05      0.911D-06      -381.24165109    931.335588    0.36837    0.82994    0.79732    9    diag,B
   48      0.448D-04      0.167D-05      -381.24164683    931.319742    0.37031    0.80758    0.80938    9    diag,B
   49      0.380D-04      0.998D-06      -381.24164439    931.305457    0.37207    0.78742    0.82026    9    diag,B
   50      0.346D-04      0.783D-06      -381.24163972    931.281274    0.37513    0.75301    0.83890    9    orth
   51      0.601D-04      0.137D-05      -381.24164706    931.320780    0.37012    0.80907    0.80852    9    diag,B
   52      0.973D-04      0.100D-05      -381.24164532    931.311258    0.37129    0.79565    0.81575    9    diag,B
   53      0.229D-04      0.780D-06      -381.24164169    931.289353    0.37410    0.76460    0.83259    9    diag,B
   54      0.539D-04      0.986D-06      -381.24165960    931.353570    0.36627    0.85518    0.78383    9    diag,B
   55      0.154D-03      0.303D-05      -381.24165197    931.338108    0.36812    0.83343    0.79550    9    diag,B
   56      0.365D-04      0.186D-05      -381.24164535    931.311551    0.37131    0.79605    0.81558    9    diag,B
   57      0.635D-04      0.807D-06      -381.24164565    931.313349    0.37110    0.79859    0.81422    9    diag,B
   58      0.434D-05      0.841D-06      -381.24166881    931.366018    0.36486    0.87275    0.77447    9    diag,B
   59      0.125D-03      0.427D-05      -381.24164890    931.322631    0.36889    0.81826    0.80250    9    orth
   60      0.843D-04      0.440D-05      -381.24164933    931.337230    0.36850    0.82518    0.80029    0    orth

 Final alpha occupancy:  29
 Final beta  occupancy:  28

 !RHF STATE 1.1 Energy               -381.241649329869
 Nuclear energy                       329.91416298
 One-electron energy                -1176.82442746
 Two-electron energy                  465.66861515
 Virial quotient                       -1.00106838
 !RHF STATE 1.1 Dipole moment           0.36850172     0.82517583     0.80029025
 Dipole moment /Debye                   0.93657661     2.09725039     2.03400169

 Orbital energies:

         1.1          2.1          3.1          4.1          5.1          6.1          7.1          8.1          9.1         10.1
    -20.648189   -20.640102   -20.550014   -11.281106   -11.277852   -11.239929   -11.219129    -1.485385    -1.360269    -1.175660

        11.1         12.1         13.1         14.1         15.1         16.1         17.1         18.1         19.1         20.1
     -1.081108    -0.944414    -0.916213    -0.756674    -0.728980    -0.688562    -0.647994    -0.645125    -0.613085    -0.605455

        21.1         22.1         23.1         24.1         25.1         26.1         27.1         28.1         29.1         30.1
     -0.585747    -0.551384    -0.537978    -0.525042    -0.494879    -0.491763    -0.445332    -0.396012    -0.427734     0.039858

        31.1
      0.050415

 HOMO     29.1    -0.427734 =     -11.6392eV
 LUMO     30.1     0.039858 =       1.0846eV
 LUMO-HOMO         0.467592 =      12.7238eV

 No convergence



 **********************************************************************************************************************************
 DATASETS  * FILE   NREC   LENGTH (MB)   RECORD NAMES
              1      18       18.19       500      610      700      900      950      970     1000      129      960     1100   
                                          VAR    BASINP    GEOM    SYMINP    ZMAT    AOBASIS   BASIS     P2S    ABASIS      S 
                                         1400     1410     1200     1210     1080     1600     1650     1700   
                                           T        V       H0       H01     AOSYM     SMH    MOLCAS    OPER   

              2       4        8.59       700     1000      520     2100   
                                         GEOM     BASIS   MCVARS     RHF  

 PROGRAMS   *        TOTAL        HF       INT
 CPU TIMES  *      2427.61   1759.37    667.84
 REAL TIME  *      2841.81 SEC
 DISK USED  *       145.12 GB      
 SF USED    *         1.14 MB      
 GA USED    *         0.01 MB       (max)       0.00 MB       (current)
 **********************************************************************************************************************************

1PROGRAM * RHF-SCF (OPEN SHELL)       Authors: W. Meyer, H.-J. Werner


 NUMBER OF ELECTRONS:      29+   28-    SPACE SYMMETRY=1    SPIN SYMMETRY: Doublet 
 CONVERGENCE THRESHOLDS:    1.00E-05 (Density)    1.14E-07 (Energy)
 MAX. NUMBER OF ITERATIONS:       60
 INTERPOLATION TYPE:            DIIS
 INTERPOLATION STEPS:              2 (START)      1 (STEP)
 LEVEL SHIFTS:                 -1.00 (CLOSED) -0.50 (OPEN) 



 Molecular orbitals read from record     2100.2  Type=RHF/CANONICAL (state 1.1)

 Molecular orbital dump at record        2101.2

 ITERATION    DDIFF          GRAD             ENERGY        2-EL.EN.            DIPOLE MOMENTS         DIIS   ORB.
    1      0.000D+00      0.000D+00      -381.24164933    931.337230    0.36850    0.82518    0.80029    0    start
    2      0.000D+00      0.575D-05      -381.24164977    931.329763    0.36869    0.82356    0.80029    1    diag,B
    3      0.389D-05      0.149D-05      -381.24164985    931.330787    0.36858    0.82380    0.80019    2    diag,B
    4      0.937D-06      0.987D-06      -381.24164997    931.331777    0.36853    0.82459    0.79983    0    orth

 Final alpha occupancy:  29
 Final beta  occupancy:  28

 !RHF STATE 1.1 Energy               -381.241649974338
 Nuclear energy                       329.91416298
 One-electron energy                -1176.82170170
 Two-electron energy                  465.66588875
 Virial quotient                       -1.00107585
 !RHF STATE 1.1 Dipole moment           0.36852731     0.82458722     0.79983454
 Dipole moment /Debye                   0.93664165     2.09575438     2.03284346

 Orbital energies:

         1.1          2.1          3.1          4.1          5.1          6.1          7.1          8.1          9.1         10.1
    -20.647171   -20.639753   -20.549983   -11.281151   -11.278083   -11.240424   -11.219185    -1.484966    -1.360235    -1.175315

        11.1         12.1         13.1         14.1         15.1         16.1         17.1         18.1         19.1         20.1
     -1.081190    -0.944503    -0.916346    -0.756735    -0.728644    -0.688575    -0.647993    -0.645067    -0.612990    -0.605400

        21.1         22.1         23.1         24.1         25.1         26.1         27.1         28.1         29.1         30.1
     -0.585726    -0.551366    -0.537996    -0.525145    -0.494556    -0.491700    -0.445354    -0.396137    -0.427045     0.039828

        31.1
      0.050403

 HOMO     29.1    -0.427045 =     -11.6205eV
 LUMO     30.1     0.039828 =       1.0838eV
 LUMO-HOMO         0.466873 =      12.7043eV


 **********************************************************************************************************************************
 DATASETS  * FILE   NREC   LENGTH (MB)   RECORD NAMES
              1      18       18.19       500      610      700      900      950      970     1000      129      960     1100   
                                          VAR    BASINP    GEOM    SYMINP    ZMAT    AOBASIS   BASIS     P2S    ABASIS      S 
                                         1400     1410     1200     1210     1080     1600     1650     1700   
                                           T        V       H0       H01     AOSYM     SMH    MOLCAS    OPER   

              2       5       20.01       700     1000      520     2100     2101   
                                         GEOM     BASIS   MCVARS     RHF      RHF  

 PROGRAMS   *        TOTAL       RHF        HF       INT
 CPU TIMES  *      2542.48    114.83   1759.37    667.84
 REAL TIME  *      2979.53 SEC
 DISK USED  *       145.12 GB      
 SF USED    *         1.14 MB      
 GA USED    *         0.01 MB       (max)       0.00 MB       (current)
 **********************************************************************************************************************************


1PROGRAM * CCSD (Unrestricted open-shell coupled cluster)     Authors: C. Hampel, H.-J. Werner, 1991, M. Deegan, P.J. Knowles, 1992

                           UCCSD-F12 implementation by G. Knizia and H.-J. Werner, 2008

                   Density fitting integral evaluation by F.R. Manby, 2003,2007, G. Knizia, 2010

 Basis set CC-PVTZ/JKFIT generated.      Number of basis functions:   823 
 Basis set CC-PVTZ-F12/OPTRI generated.  Number of basis functions:   894 
 Basis set AUG-CC-PVTZ/MP2FIT generated. Number of basis functions:   1156 

 Convergence thresholds:  THRVAR = 1.00D-08  THRDEN = 1.14D-06

 CCSD(T)     terms to be evaluated (factor= 1.000)


 Number of core orbitals:           7 (   7 )
 Number of closed-shell orbitals:  21 (  21 )
 Number of active  orbitals:        1 (   1 )
 Number of external orbitals:     504 ( 504 )

 For full I/O caching in triples, increase memory by 1254.02 Mwords to 4254.30 Mwords.

 Number of N-1 electron functions:              43
 Number of N-2 electron functions:             903
 Number of singly external CSFs:             21715
 Number of doubly external CSFs:         173943210
 Total number of CSFs:                   173964925

 Molecular orbitals read from record     2101.2  Type=RHF/CANONICAL (state 1.1)

 Integral transformation finished. Total CPU:1942.78 sec, npass=  1  Memory used:1866.44 MW
 
 Geminal basis:    OPTFULL  GEM_TYPE=SLATER  BETA=1.0  NGEM=6

 Optimizing Gaussian exponents for each gem_beta

 Geminal optimization for beta= 1.0000
 Weight function:   m=0, omega= 1.4646

 Augmented Hessian optimization of geminal fit. Trust ratio= 0.40000
 Convergence reached after   2 iterations. Final gradient= 8.42D-16, Step= 4.39D-06, Delta= 1.28D-09
 
 Alpha:                 0.19532     0.81920     2.85917     9.50073    35.69989   197.79328
 Coeff:                 0.27070     0.30552     0.18297     0.10986     0.06810     0.04224
 
 
 WFN_F12=FIX,EG    DECOUPLE_EXPL=F   HYBRID=0    NOX=F   SEMIINT_F12=T   CORE_SINGLES=F
 
 AO(A)-basis ORBITAL           loaded. Number of functions:     533
 RI(R)-basis CC-PVTZ-F12/OPTRI loaded. Number of functions:     894
 DF-basis CC-PVTZ/JKFIT        loaded. Number of functions:     823

 Screening thresholds:   THRAO=  1.00D-10  THRMO=  1.00D-09  THRPROD=  1.00D-09
                         THRSW=  1.00D-05  THROV=  1.00D-12  THRF12=   1.00D-08

 CPU time for one-electron matrices              23.10 sec
 
 Construction of ABS:
 Pseudo-inverse stability          8.32E-10
 Smallest eigenvalue of S          2.80E-05  (threshold= 1.00E-08)
 Ratio eigmin/eigmax               1.29E-07  (threshold= 1.00E-09)
 Smallest eigenvalue of S kept     2.80E-05  (threshold= 2.80E-05, 0 functions deleted, 894 kept)
 
 Construction of CABS:
 Pseudo-inverse stability          4.32E-09
 Smallest eigenvalue of S          1.51E-07  (threshold= 1.00E-08)
 Ratio eigmin/eigmax               1.51E-07  (threshold= 1.00E-09)
 Smallest eigenvalue of S kept     1.51E-07  (threshold= 1.51E-07, 0 functions deleted, 894 kept)
 
 CPU time for basis constructions                 5.36 sec
 Fock operators(MO) rebuilt from dump record.
 CPU time for fock operators                      7.72 sec
 
                                      TOTAL          ALPHA          BETA    
  Singles Contributions MO        -0.008623114   -0.004207266   -0.004415848
  Singles Contributions CABS      -0.003598179   -0.001849533   -0.001748646
  Pure DF-RHF relaxation          -0.003583352
 
 CPU time for singles                            32.77 sec
 
 AO(A)-basis ORBITAL           loaded. Number of functions:     533
 RI(R)-basis CC-PVTZ-F12/OPTRI loaded. Number of functions:     894
 DF-basis AUG-CC-PVTZ/MP2FIT   loaded. Number of functions:    1156

 Screening thresholds:   THRAO=  1.00D-10  THRMO=  1.00D-09  THRPROD=  1.00D-09
                         THRSW=  1.00D-05  THROV=  1.00D-12  THRF12=   1.00D-08

 CPU time for transformed integrals             345.07 sec
 CPU time for F12 matrices                      281.77 sec

 Diagonal F12 ansatz with fixed amplitudes:   TS= 0.5000  TT= 0.2500  TN= 0.3750
 
 ITER.     SQ.NORM      CORR.ENERGY   TOTAL ENERGY  ENERGY CHANGE      VAR         CPU   MICRO    DIIS
   1      1.42584254    -1.60436684  -382.84960017    -1.6080E+00   4.16E-01     12.78  1  1  1   0  0
   2      1.42558583    -1.60236020  -382.84759353     2.0066E-03   5.32E-04    111.93  0  0  0   1  1
   3      1.42671277    -1.60332739  -382.84856072    -9.6719E-04   1.16E-05    220.78  0  0  0   2  2
   4      1.42676798    -1.60334336  -382.84857668    -1.5967E-05   2.38E-07    338.14  0  0  0   3  3
   5      1.42678238    -1.60334369  -382.84857701    -3.2950E-07   3.37E-09    463.87  0  0  0   4  4
 
 - - Continuing with F12/conv. amplitude coupling turned on.
 
   6      1.42682452    -1.60396373  -382.84919706    -6.2038E-04   1.19E-04    574.39  1  1  1   1  1
   7      1.42682405    -1.60396374  -382.84919707    -1.1245E-08   5.70E-09    693.04  1  1  1   2  2
 
 CPU time for iterative RMP2-F12                693.04 sec
 
 
 DF-RMP2-F12 doubles corrections:
 - - - - - - - - - - - - - - - - 
  Approx.                             TOTAL           A-B            A-A            B-B    
  RMP2-F12/3C(FIX)                -0.123665756   -0.114779991   -0.004759219   -0.004126546
  RMP2-F12/3*C(FIX)               -0.123045698   -0.114509648   -0.004575986   -0.003960064
  RMP2-F12/3*C(DX)                -0.123504034   -0.114927853   -0.004599535   -0.003976647
  RMP2-F12/3*C(FIX,DX)            -0.130417482   -0.121360009   -0.004864307   -0.004193166
 
 DF-RMP2-F12 doubles energies:
 - - - - - - - - - - - - - - -
  Approx.                             TOTAL           A-B            A-A            B-B    
  RMP2                            -1.471674874   -1.111915269   -0.182808161   -0.176951444
  RMP2-F12/3C(FIX)                -1.595340630   -1.226695260   -0.187567380   -0.181077990
  RMP2-F12/3*C(FIX)               -1.594720573   -1.226424917   -0.187384147   -0.180911509
  RMP2-F12/3*C(DX)                -1.595178909   -1.226843122   -0.187407696   -0.180928091
  RMP2-F12/3*C(FIX,DX)            -1.602092356   -1.233275278   -0.187672468   -0.181144610
 
 
  Reference energy                   -381.241649974342
  CABS relaxation correction to RHF    -0.003583351904
  New reference energy               -381.245233326246
 
  RMP2-F12 singles (MO) energy         -0.008623114248
  RMP2-F12 pair energy                 -1.595340630306
  RMP2-F12 correlation energy          -1.603963744554
 
  RMP2-F12/3C(FIX) energy            -382.849197070799

 Starting RMP2 calculation

 ITER.      SQ.NORM     CORR.ENERGY   TOTAL ENERGY   ENERGY CHANGE        DEN1      VAR(S)    VAR(P)  DIIS     TIME
   1      1.42027743    -1.47455015  -382.71620013    -1.47455015    -0.00522588  0.24D-03  0.21D-02  1  1  3594.84
   2      1.42615290    -1.48022183  -382.72187180    -0.00567168    -0.00004263  0.18D-04  0.19D-04  2  2  3754.13
   3      1.42672184    -1.48044924  -382.72209921    -0.00022741    -0.00000110  0.96D-06  0.31D-06  3  3  3931.66
   4      1.42678575    -1.48046225  -382.72211222    -0.00001301    -0.00000003  0.32D-07  0.63D-08  4  4  4118.99
   5      1.42679194    -1.48046306  -382.72211303    -0.00000081     0.00000000  0.12D-08  0.21D-09  5  5  4327.86

 Norm of t1 vector:      0.09666355      S-energy:    -0.00862278      T1 diagnostic:  0.00213728
 Norm of t2 vector:      0.64610223      P-energy:    -1.47184028
                                         Alpha-Beta:  -1.11236913
                                         Alpha-Alpha: -0.18265176
                                         Beta-Beta:   -0.17681939

 Spin contamination <S**2-Sz**2-Sz>     0.00522058
  Reference energy                   -381.245233326248
  RHF-RMP2 correlation energy          -1.480463058008
 !RHF-RMP2 energy                    -382.725696384256

 Starting UCCSD calculation

 ITER.      SQ.NORM     CORR.ENERGY   TOTAL ENERGY   ENERGY CHANGE        DEN1      VAR(S)    VAR(P)  DIIS     TIME
   1      1.40893555    -1.43990209  -382.68155207    -1.43990209    -0.04363439  0.94D-02  0.78D-02  0  0  7746.70
   2      1.44826943    -1.47833776  -382.71998773    -0.03843566    -0.00510186  0.95D-03  0.16D-02  1  1 11155.05
   3      1.46498979    -1.48303829  -382.72468826    -0.00470053    -0.00134842  0.93D-03  0.23D-03  2  2 14542.69
   4      1.48337837    -1.48969503  -382.73134501    -0.00665675    -0.00037140  0.32D-03  0.59D-04  3  3 17964.93
   5      1.49688020    -1.49150447  -382.73315445    -0.00180944    -0.00015843  0.16D-03  0.18D-04  4  4 21415.21
   6      1.50868264    -1.49227019  -382.73392017    -0.00076572    -0.00006042  0.56D-04  0.11D-04  5  5 24911.26
   7      1.51797559    -1.49289116  -382.73454113    -0.00062097    -0.00002125  0.17D-04  0.49D-05  6  6 28364.82
   8      1.52194145    -1.49308259  -382.73473256    -0.00019143    -0.00000849  0.75D-05  0.17D-05  6  2 31866.66
   9      1.52505625    -1.49328127  -382.73493125    -0.00019869    -0.00000318  0.28D-05  0.52D-06  6  1 35357.45
  10      1.52610379    -1.49331019  -382.73496017    -0.00002892    -0.00000123  0.90D-06  0.26D-06  6  4 38896.58
  11      1.52743492    -1.49338833  -382.73503830    -0.00007813    -0.00000040  0.30D-06  0.84D-07  6  3 42411.12
  12      1.52796849    -1.49340058  -382.73505055    -0.00001225    -0.00000014  0.11D-06  0.27D-07  6  5 45966.57
  13      1.52794592    -1.49339327  -382.73504324     0.00000731    -0.00000006  0.49D-07  0.88D-08  6  3 49487.24
  14      1.52797169    -1.49338882  -382.73503879     0.00000445    -0.00000003  0.24D-07  0.32D-08  6  1 52988.03
  15      1.52791679    -1.49338278  -382.73503275     0.00000604    -0.00000001  0.14D-07  0.17D-08  6  6 56512.24
  16      1.52791051    -1.49338426  -382.73503423    -0.00000148    -0.00000001  0.54D-08  0.95D-09  6  2 60014.28
  17      1.52796156    -1.49338717  -382.73503714    -0.00000291     0.00000000  0.16D-08  0.41D-09  6  4 63539.45
  18      1.52800284    -1.49339076  -382.73504074    -0.00000360     0.00000000  0.35D-09  0.15D-09  6  5 67071.47
  19      1.52801124    -1.49339118  -382.73504116    -0.00000042     0.00000000  0.89D-10  0.28D-10  6  4 70564.40

 Norm of t1 vector:      0.27774924      S-energy:    -0.01112762      T1 diagnostic:  0.02550259
                                                                       D1 diagnostic:  0.11777430
 Norm of t2 vector:      0.67146601      P-energy:    -1.48226356
                                         Alpha-Beta:  -1.16143712
                                         Alpha-Alpha: -0.16334777
                                         Beta-Beta:   -0.15747868

 Singles amplitudes (print threshold =  0.500E-01):

         I         SYM. A    A   T(IA) [Alpha-Alpha]

        22         1        17      0.07314183
 
         I         SYM. A    A   T(IA) [Beta-Beta]

        12         1         1     -0.06702033
        21         1         1      0.12232349
        21         1        17      0.07570576

 Doubles amplitudes (print threshold =  0.500E-01):

         I         J         SYM. A    SYM. B    A         B      T(IJ, AB) [Alpha-Beta]

        22        21         1         1        17         1      0.05973640

 Spin contamination <S**2-Sz**2-Sz>     0.02062256

 For full I/O caching in triples, increase memory by 1505.43 Mwords to 4505.71 Mwords.
 

  Ecorr(MP2)                           -1.480463058008
  Ecorr(MP2-F12)                       -1.604128813961
  Scale factor for triples energy       1.083531808027

 RESULTS
 =======

  Reference energy                   -381.241649974343
  CABS relaxation correction to RHF    -0.003583351904
  New reference energy               -381.245233326248
 
  F12 corrections for ansatz 3C(FIX) added to UCCSD energy. Coupling mode: 15
 
  UCCSD-F12a singles energy            -0.011127618884
  UCCSD-F12a pair energy               -1.604324424695
  UCCSD-F12a correlation energy        -1.615452043580
  Triples (T) contribution (scaled)    -0.074438986470
  Total correlation energy             -1.689891030050
 
  RHF-UCCSD-F12a energy              -382.860685369827
  RHF-UCCSD[T]-F12a energy           -382.938044760473
  RHF-UCCSD-T-F12a energy            -382.934537944765
 !RHF-UCCSD(T)-F12a energy           -382.935124356297
 
  F12 corrections for ansatz 3C(FIX) added to UCCSD energy. Coupling mode: 15
 
  UCCSD-F12b singles energy            -0.011127618884
  UCCSD-F12b pair energy               -1.582308677174
  UCCSD-F12b correlation energy        -1.593436296058
  Triples (T) contribution (scaled)    -0.074438986470
  Total correlation energy             -1.667875282528
 
  RHF-UCCSD-F12b energy              -382.838669622306
  RHF-UCCSD[T]-F12b energy           -382.916029012952
  RHF-UCCSD-T-F12b energy            -382.912522197243
 !RHF-UCCSD(T)-F12b energy           -382.913108608776

 Program statistics:

 Available memory in ccsd:              2999995808
 Min. memory needed in ccsd:             476499949
 Max. memory used in ccsd:               700559786
 Max. memory used in cckext:             522715393 (20 integral passes)
 Max. memory used in cckint:            1866435477 ( 1 integral passes)



 **********************************************************************************************************************************
 DATASETS  * FILE   NREC   LENGTH (MB)   RECORD NAMES
              1      19       18.20       500      610      700      900      950      970     1000      129      960     1100   
                                          VAR    BASINP    GEOM    SYMINP    ZMAT    AOBASIS   BASIS     P2S    ABASIS      S 
                                         1400     1410     1200     1210     1080     1600     1650     1700      960(1)
                                           T        V       H0       H01     AOSYM     SMH    MOLCAS    OPER    ABASIS    

              2       6       23.43       700     1000      520     2100     2101     7360   
                                         GEOM     BASIS   MCVARS     RHF      RHF    F12ABS    

 PROGRAMS   *        TOTALUCCSD(T)-F       RHF        HF       INT
 CPU TIMES  *    165530.93 162988.42    114.83   1759.37    667.84
 REAL TIME  *    182671.69 SEC
 DISK USED  *       410.12 GB      
 SF USED    *       163.89 GB      
 GA USED    *         2.40 MB       (max)       0.00 MB       (current)
 **********************************************************************************************************************************

    UCCSD(T)-F12        RHF-SCF         HF-SCF  
   -382.91310861   -381.24164997   -381.24164933
 **********************************************************************************************************************************
 Variable memory released
