
 Primary working directories    : /scratch/goldmanm/molpro_scratch
 Secondary working directories  : /scratch/goldmanm/molpro_scratch
 Wavefunction directory         : /home/goldmanm/wfu/
 Main file repository           : /scratch/goldmanm/molpro_scratch/

 SHA1      : 5e3d8ac6839c721e2824de82269b4736200146bd
 NAME      : 2015.1.37
 ARCHNAME  : linux/x86_64
 FC        : /opt/intel/composer_xe_2015.1.133/bin/intel64/ifort
 BLASLIB   : -Wl,-_start-group /opt/intel/mkl/lib/intel64/libmkl_intel_ilp64.a /opt/intel/mkl/lib/intel64/libmkl_intel_thread.a /opt/intel/mkl/lib/intel64/libmkl_core.a -Wl,-_end-group
 id        : phalgunlolur

 Nodes     nprocs
 node08       1

 Using customized tuning parameters: mindgm=1; mindgv=20; mindgc=4; mindgr=1; noblas=0; minvec=7
 default implementation of scratch files=df  

    r2 =         1.50224 ang
    r3 =         1.49934 ang
    a3 =       118.57702 degree
    r4 =         2.12300 ang
    a4 =       102.09804 degree
    d4 =       248.72126 degree
    r5 =         1.23983 ang
    a5 =       105.46932 degree
    d5 =        62.64374 degree
    r6 =         1.37298 ang
    a6 =       108.01913 degree
    d6 =       138.54480 degree
    r7 =         1.45649 ang
    a7 =       110.89914 degree
    d7 =       183.99583 degree
    r8 =         1.09147 ang
    a8 =       111.10378 degree
    d8 =       182.21988 degree
    r9 =         1.09090 ang
    a9 =       108.70456 degree
    d9 =        62.45660 degree
    r10 =         1.09659 ang
    a10 =       110.61821 degree
    d10 =       302.68003 degree
    r11 =         1.09802 ang
    a11 =       110.05702 degree
    d11 =        61.01574 degree
    r12 =         1.09036 ang
    a12 =       108.59965 degree
    d12 =       301.66078 degree
    r13 =         1.08845 ang
    a13 =       111.72448 degree
    d13 =       181.48527 degree
    r14 =         1.10814 ang
    a14 =        91.93160 degree
    d14 =       299.64214 degree
    r15 =         1.10662 ang
    a15 =        90.95964 degree
    d15 =       185.42636 degree
    r16 =         0.96727 ang
    a16 =        98.55708 degree
    d16 =       215.84379 degree
 geometry={ang
 C
 C, 1, r2
 C, 2, r3, 1, a3
 C, 2, r4, 1, a4, 3, d4
 O, 4, r5, 2, a5, 1, d5
 O, 2, r6, 1, a6, 3, d6
 O, 6, r7, 2, a7, 1, d7
 H, 1, r8, 2, a8, 3, d8
 H, 1, r9, 2, a9, 3, d9
 H, 1, r10, 2, a10, 3, d10
 H, 3, r11, 2, a11, 1, d11
 H, 3, r12, 2, a12, 1, d12
 H, 3, r13, 2, a13, 1, d13
 H, 4, r14, 2, a14, 1, d14
 H, 4, r15, 2, a15, 1, d15
 H, 7, r16, 6, a16, 2, d16
 }
 
 memory,1900,M
 basis = vtz-f12
 hf
 uccsd(t)-f12,scale_trip=1
 

 Variables initialized (889), CPU time= 0.00 sec
 Commands  initialized (702), CPU time= 0.01 sec, 572 directives.
 Default parameters read. Elapsed time= 0.07 sec

 Checking input...
 Passed
1


                                         ***  PROGRAM SYSTEM MOLPRO  ***
                                       Copyright, TTI GmbH Stuttgart, 2015
                                    Version 2015.1 linked Aug 10 2018 15:00:15


 **********************************************************************************************************************************
 LABEL *                                                                                 
  64 bit serial version                                                                  DATE: 05-Jul-19          TIME: 16:09:04  
 **********************************************************************************************************************************

 SHA1:             5e3d8ac6839c721e2824de82269b4736200146bd
 **********************************************************************************************************************************
 SETTING R2             =         1.50224000  ANG                             
 SETTING R3             =         1.49934000  ANG                             
 SETTING A3             =       118.57702000  DEGREE                          
 SETTING R4             =         2.12300000  ANG                             
 SETTING A4             =       102.09804000  DEGREE                          
 SETTING D4             =       248.72126000  DEGREE                          
 SETTING R5             =         1.23983000  ANG                             
 SETTING A5             =       105.46932000  DEGREE                          
 SETTING D5             =        62.64374000  DEGREE                          
 SETTING R6             =         1.37298000  ANG                             
 SETTING A6             =       108.01913000  DEGREE                          
 SETTING D6             =       138.54480000  DEGREE                          
 SETTING R7             =         1.45649000  ANG                             
 SETTING A7             =       110.89914000  DEGREE                          
 SETTING D7             =       183.99583000  DEGREE                          
 SETTING R8             =         1.09147000  ANG                             
 SETTING A8             =       111.10378000  DEGREE                          
 SETTING D8             =       182.21988000  DEGREE                          
 SETTING R9             =         1.09090000  ANG                             
 SETTING A9             =       108.70456000  DEGREE                          
 SETTING D9             =        62.45660000  DEGREE                          
 SETTING R10            =         1.09659000  ANG                             
 SETTING A10            =       110.61821000  DEGREE                          
 SETTING D10            =       302.68003000  DEGREE                          
 SETTING R11            =         1.09802000  ANG                             
 SETTING A11            =       110.05702000  DEGREE                          
 SETTING D11            =        61.01574000  DEGREE                          
 SETTING R12            =         1.09036000  ANG                             
 SETTING A12            =       108.59965000  DEGREE                          
 SETTING D12            =       301.66078000  DEGREE                          
 SETTING R13            =         1.08845000  ANG                             
 SETTING A13            =       111.72448000  DEGREE                          
 SETTING D13            =       181.48527000  DEGREE                          
 SETTING R14            =         1.10814000  ANG                             
 SETTING A14            =        91.93160000  DEGREE                          
 SETTING D14            =       299.64214000  DEGREE                          
 SETTING R15            =         1.10662000  ANG                             
 SETTING A15            =        90.95964000  DEGREE                          
 SETTING D15            =       185.42636000  DEGREE                          
 SETTING R16            =         0.96727000  ANG                             
 SETTING A16            =        98.55708000  DEGREE                          
 SETTING D16            =       215.84379000  DEGREE                          

 Variable memory set to 1900000000 words,  buffer space   230000 words

 SETTING BASIS          =    VTZ-F12


 Recomputing integrals since basis changed


 Using spherical harmonics

 Library entry C      S cc-pVTZ-F12          selected for orbital group  1
 Library entry C      P cc-pVTZ-F12          selected for orbital group  1
 Library entry C      D cc-pVTZ-F12          selected for orbital group  1
 Library entry C      F cc-pVTZ-F12          selected for orbital group  1
 Library entry O      S cc-pVTZ-F12          selected for orbital group  2
 Library entry O      P cc-pVTZ-F12          selected for orbital group  2
 Library entry O      D cc-pVTZ-F12          selected for orbital group  2
 Library entry O      F cc-pVTZ-F12          selected for orbital group  2
 Library entry H      S cc-pVTZ-F12          selected for orbital group  3
 Library entry H      P cc-pVTZ-F12          selected for orbital group  3
 Library entry H      D cc-pVTZ-F12          selected for orbital group  3


 PROGRAM * SEWARD (Integral evaluation for generally contracted gaussian basis sets)     Author: Roland Lindh, 1990

 Geometry written to block  1 of record 700

 Orientation using atomic masses  
 Molecule type: Asymmetric top
 Rotational constants:       1.6661758      1.8921991      3.2555536 GHz  (calculated with average atomic masses)

 Point group  C1  



 ATOMIC COORDINATES

 NR  ATOM    CHARGE       X              Y              Z

   1  C       6.00   -1.087088749   -3.270605214    0.747015221
   2  C       6.00    0.129093605   -0.945486287   -0.336328579
   3  C       6.00    2.957417627   -0.777720590   -0.352595273
   4  C       6.00   -0.871182281    1.857727222    2.353781459
   5  O       8.00    0.136294269    1.186560897    4.359745213
   6  O       8.00   -1.164249193   -0.291830204   -2.488471668
   7  O       8.00    0.027706468    1.851753304   -3.737397874
   8  H       1.00   -3.140696376   -3.182816159    0.576069412
   9  H       1.00   -0.589920277   -3.407846440    2.742956051
  10  H       1.00   -0.420417896   -4.968458134   -0.236389716
  11  H       1.00    3.755303151   -2.320838328   -1.487325732
  12  H       1.00    3.636871892   -0.945368860    1.585398823
  13  H       1.00    3.609639791    1.008620539   -1.136378210
  14  H       1.00   -2.915346785    1.552417002    2.017102334
  15  H       1.00   -0.021640989    3.352899073    1.163867741
  16  H       1.00   -1.481026601    2.686238320   -4.344429769

 Bond lengths in Bohr (Angstrom)

  1- 2  2.838822173   1- 8  2.062579373   1- 9  2.061502229   1-10  2.072254771   2- 3  2.833341968
       ( 1.502240000)       ( 1.091470000)       ( 1.090900000)       ( 1.096590000)       ( 1.499340000)

  2- 4  4.011888562   2- 6  2.594556175   3-11  2.074957079   3-12  2.060481777   3-13  2.056872400
       ( 2.123000000)       ( 1.372980000)       ( 1.098020000)       ( 1.090360000)       ( 1.088450000)

  4- 5  2.342939141   4-14  2.094081108   4-15  2.091208724   6- 7  2.752367203   7-16  1.827875389
       ( 1.239830000)       ( 1.108140000)       ( 1.106620000)       ( 1.456490000)       ( 0.967270000)

 Bond angles

  1-2-3  118.57702000   1-2-4  102.09804000   1-2-6  108.01913000   2-1-8  111.10378000

  2- 1- 9  108.70456000   2- 1-10  110.61821000   2- 3-11  110.05702000   2- 3-12  108.59965000

  2- 3-13  111.72448000   2- 4- 5  105.46932000   2- 4-14   91.93160000   2- 4-15   90.95964000

  2-6-7  110.89914000   3-2-4  102.20227137   3-2-6  118.54970094   4-2-6  104.82568803

  5- 4-14  121.04042141   5- 4-15  121.15117546   6- 7-16   98.55708000   8- 1- 9  108.85634020

  8- 1-10  108.41243756   9- 1-10  109.10700963  11- 3-12  109.08981907  11- 3-13  108.39417441

 12- 3-13  108.93542140  14- 4-15  114.16207155

 NUCLEAR CHARGE:                   57
 NUMBER OF PRIMITIVE AOS:         693
 NUMBER OF SYMMETRY AOS:          621
 NUMBER OF CONTRACTIONS:          533   ( 533A   )
 NUMBER OF CORE ORBITALS:           7   (   7A   )
 NUMBER OF VALENCE ORBITALS:       37   (  37A   )


 NUCLEAR REPULSION ENERGY  327.50516869


 Eigenvalues of metric

         1 0.238E-04 0.268E-04 0.416E-04 0.554E-04 0.933E-04 0.123E-03 0.127E-03 0.142E-03


 Contracted 2-electron integrals neglected if value below      1.0D-12
 AO integral compression algorithm  1   Integral accuracy      1.0D-12

     36963.877 MB (compressed) written to integral file ( 42.8%)


 NUMBER OF SORTED TWO-ELECTRON INTEGRALS:10126281516.     BUFFER LENGTH:  32768
 NUMBER OF SEGMENTS: 159  SEGMENT LENGTH:   63999810      RECORD LENGTH: 262144

 Memory used in sort:      64.29 MW

 SORT1 READ 10801715003. AND WROTE  8845371464. INTEGRALS IN  50696 RECORDS. CPU TIME:   146.40 SEC, REAL TIME:   478.69 SEC
 SORT2 READ  8845371464. AND WROTE 10126281516. INTEGRALS IN 141006 RECORDS. CPU TIME:   125.36 SEC, REAL TIME:   196.45 SEC

 FILE SIZES:   FILE 1: 36994.4 MBYTE,  FILE 4:106317.3 MBYTE,   TOTAL: 143311.7 MBYTE

 OPERATOR DM      FOR CENTER  0  COORDINATES:    0.000000    0.000000    0.000000


 **********************************************************************************************************************************
 DATASETS  * FILE   NREC   LENGTH (MB)   RECORD NAMES
              1      19    34661.31       500      610      700      900      950      970     1000      129      960     1100   
                                          VAR    BASINP    GEOM    SYMINP    ZMAT    AOBASIS   BASIS     P2S    ABASIS      S 
                                         1400     1410     1200     1210     1080     1600     1650     1300     1700   
                                           T        V       H0       H01     AOSYM     SMH    MOLCAS    ERIS     OPER   

 PROGRAMS   *        TOTAL       INT
 CPU TIMES  *       605.37    605.29
 REAL TIME  *      1129.88 SEC
 DISK USED  *       143.31 GB      
 **********************************************************************************************************************************


 PROGRAM * RHF-SCF (OPEN SHELL)       Authors: W. Meyer, H.-J. Werner


 NUMBER OF ELECTRONS:      29+   28-    SPACE SYMMETRY=1    SPIN SYMMETRY: Doublet 
 CONVERGENCE THRESHOLDS:    1.00E-05 (Density)    1.14E-07 (Energy)
 MAX. NUMBER OF ITERATIONS:       60
 INTERPOLATION TYPE:            DIIS
 INTERPOLATION STEPS:              2 (START)      1 (STEP)
 LEVEL SHIFTS:                 -0.60 (CLOSED) -0.30 (OPEN) 



 Orbital guess generated from atomic densities. Full valence occupancy:   44

 Molecular orbital dump at record        2100.2

 Initial alpha occupancy:  29
 Initial beta  occupancy:  28
 Wave function symmetry:    1

 ITERATION    DDIFF          GRAD             ENERGY        2-EL.EN.            DIPOLE MOMENTS         DIIS   ORB.
    1      0.000D+00      0.000D+00      -381.08087619    924.677527   -0.83804   -0.50623   -3.07088    0    start
    2      0.000D+00      0.320D-02      -381.22319705    925.133496   -0.31581   -0.33217   -1.70640    1    diag,B
    3      0.238D-02      0.128D-02      -381.24592908    925.238399   -0.41064   -0.26445   -1.70991    2    diag,B
    4      0.762D-03      0.480D-03      -381.25694378    925.271988   -0.40800   -0.16534   -1.50971    3    diag,B
    5      0.533D-03      0.207D-03      -381.26057997    925.357644   -0.43149   -0.09943   -1.41145    4    diag,B
    6      0.319D-03      0.990D-04      -381.26189175    925.381833   -0.44915   -0.05553   -1.35773    5    diag,B
    7      0.198D-03      0.609D-04      -381.26255588    925.410969   -0.46620   -0.02340   -1.31543    6    fixocc
    8      0.158D-03      0.374D-04      -381.26285461    925.436729   -0.47903    0.00271   -1.28249    7    diag,B
    9      0.126D-03      0.188D-04      -381.26292262    925.446836   -0.48709    0.01627   -1.26534    8    diag,B
   10      0.670D-04      0.811D-05      -381.26292993    925.450590   -0.48935    0.01967   -1.26247    9    orth
   11      0.245D-04      0.365D-05      -381.26293119    925.449946   -0.49024    0.02079   -1.26178    9    diag,B
   12      0.125D-04      0.153D-05      -381.26293136    925.449972   -0.49032    0.02073   -1.26227    9    diag,B
   13      0.420D-05      0.698D-06      -381.26293140    925.449945   -0.49045    0.02087   -1.26221    9    diag,B
   14      0.278D-05      0.333D-06      -381.26293141    925.449992   -0.49044    0.02083   -1.26226    0    orth

 Final alpha occupancy:  29
 Final beta  occupancy:  28

 !RHF STATE 1.1 Energy               -381.262931405766
 Nuclear energy                       327.50516869
 One-electron energy                -1171.49309620
 Two-electron energy                  462.72499610
 Virial quotient                       -1.00113622
 !RHF STATE 1.1 Dipole moment          -0.49043874     0.02083167    -1.26225714
 Dipole moment /Debye                  -1.24648928     0.05294537    -3.20812751

 Orbital energies:

         1.1          2.1          3.1          4.1          5.1          6.1          7.1          8.1          9.1         10.1
    -20.658892   -20.651679   -20.525922   -11.320986   -11.318314   -11.233705   -11.229567    -1.508634    -1.350302    -1.274402

        11.1         12.1         13.1         14.1         15.1         16.1         17.1         18.1         19.1         20.1
     -1.048643    -0.964489    -0.860916    -0.788024    -0.743136    -0.677260    -0.669377    -0.659211    -0.611844    -0.605087

        21.1         22.1         23.1         24.1         25.1         26.1         27.1         28.1         29.1         30.1
     -0.581950    -0.556670    -0.552997    -0.543077    -0.512193    -0.501746    -0.487856    -0.408560    -0.352247     0.043573

        31.1
      0.045344

 HOMO     29.1    -0.352247 =      -9.5851eV
 LUMO     30.1     0.043573 =       1.1857eV
 LUMO-HOMO         0.395820 =      10.7708eV


 **********************************************************************************************************************************
 DATASETS  * FILE   NREC   LENGTH (MB)   RECORD NAMES
              1      19    34661.31       500      610      700      900      950      970     1000      129      960     1100   
                                          VAR    BASINP    GEOM    SYMINP    ZMAT    AOBASIS   BASIS     P2S    ABASIS      S 
                                         1400     1410     1200     1210     1080     1600     1650     1300     1700   
                                           T        V       H0       H01     AOSYM     SMH    MOLCAS    ERIS     OPER   

              2       4       11.04       700     1000      520     2100   
                                         GEOM     BASIS   MCVARS     RHF  

 PROGRAMS   *        TOTAL        HF       INT
 CPU TIMES  *      2357.49   1752.12    605.29
 REAL TIME  *      2973.66 SEC
 DISK USED  *       143.31 GB      
 **********************************************************************************************************************************


 PROGRAM * CCSD (Unrestricted open-shell coupled cluster)     Authors: C. Hampel, H.-J. Werner, 1991, M. Deegan, P.J. Knowles, 1992

                           UCCSD-F12 implementation by G. Knizia and H.-J. Werner, 2008

                   Density fitting integral evaluation by F.R. Manby, 2003,2007, G. Knizia, 2010

 Basis set CC-PVTZ/JKFIT generated.      Number of basis functions:   823 
 Basis set CC-PVTZ-F12/OPTRI generated.  Number of basis functions:   894 
 Basis set AUG-CC-PVTZ/MP2FIT generated. Number of basis functions:   1156 

 Convergence thresholds:  THRVAR = 1.00D-08  THRDEN = 1.14D-06

 CCSD(T)     terms to be evaluated (factor= 1.000)


 Number of core orbitals:           7 (   7 )
 Number of closed-shell orbitals:  21 (  21 )
 Number of active  orbitals:        1 (   1 )
 Number of external orbitals:     504 ( 504 )

 For full I/O caching in triples, increase memory by 2352.23 Mwords to 4252.51 Mwords.

 Number of N-1 electron functions:              43
 Number of N-2 electron functions:             903
 Number of singly external CSFs:             21715
 Number of doubly external CSFs:         173943210
 Total number of CSFs:                   173964925

 Molecular orbitals read from record     2100.2  Type=RHF/CANONICAL (state 1.1)

 Integral transformation finished. Total CPU: 998.06 sec, npass=  1  Memory used:1866.44 MW
 
 Geminal basis:    OPTFULL  GEM_TYPE=SLATER  BETA=1.0  NGEM=6

 Optimizing Gaussian exponents for each gem_beta

 Geminal optimization for beta= 1.0000
 Weight function:   m=0, omega= 1.4646

 Augmented Hessian optimization of geminal fit. Trust ratio= 0.40000
 Convergence reached after   2 iterations. Final gradient= 8.41D-16, Step= 4.29D-06, Delta= 1.28D-09
 
 Alpha:                 0.19532     0.81920     2.85917     9.50073    35.69989   197.79328
 Coeff:                 0.27070     0.30552     0.18297     0.10986     0.06810     0.04224
 
 
 WFN_F12=FIX,EG    DECOUPLE_EXPL=F   HYBRID=0    NOX=F   SEMIINT_F12=T   CORE_SINGLES=F
 
 AO(A)-basis ORBITAL           loaded. Number of functions:     533
 RI(R)-basis CC-PVTZ-F12/OPTRI loaded. Number of functions:     894
 DF-basis CC-PVTZ/JKFIT        loaded. Number of functions:     823

 Screening thresholds:   THRAO=  1.00D-10  THRMO=  1.00D-09  THRPROD=  1.00D-09
                         THRSW=  1.00D-05  THROV=  1.00D-12  THRAOF12=   1.00D-08

 CPU time for one-electron matrices              39.22 sec
 
 Construction of ABS:
 Pseudo-inverse stability          2.53E-11
 Smallest eigenvalue of S          5.49E-05  (threshold= 1.00E-08)
 Ratio eigmin/eigmax               5.42E-06  (threshold= 1.00E-09)
 Smallest eigenvalue of S kept     5.49E-05  (threshold= 5.49E-05, 0 functions deleted, 894 kept)
 
 Construction of CABS:
 Pseudo-inverse stability          7.46E-10
 Smallest eigenvalue of S          1.59E-07  (threshold= 1.00E-08)
 Ratio eigmin/eigmax               1.59E-07  (threshold= 1.00E-09)
 Smallest eigenvalue of S kept     1.59E-07  (threshold= 1.59E-07, 0 functions deleted, 894 kept)
 
 CPU time for basis constructions                 0.58 sec
 Fock operators(MO) rebuilt from dump record.
 CPU time for fock operators                      1.36 sec
 
                                      TOTAL          ALPHA          BETA    
  Singles Contributions MO        -0.003341073   -0.001687549   -0.001653523
  Singles Contributions CABS      -0.003588122   -0.001854360   -0.001733762
  Pure DF-RHF relaxation          -0.003579275
 
 CPU time for singles                             2.84 sec
 
 AO(A)-basis ORBITAL           loaded. Number of functions:     533
 RI(R)-basis CC-PVTZ-F12/OPTRI loaded. Number of functions:     894
 DF-basis AUG-CC-PVTZ/MP2FIT   loaded. Number of functions:    1156

 Screening thresholds:   THRAO=  1.00D-10  THRMO=  1.00D-09  THRPROD=  1.00D-09
                         THRSW=  1.00D-05  THROV=  1.00D-12  THRAOF12=   1.00D-08

 CPU time for transformed integrals             691.01 sec
 CPU time for F12 matrices                       42.45 sec

 Diagonal F12 ansatz with fixed amplitudes:   TS= 0.5000  TT= 0.2500  TN= 0.3750
 
 ITER.     SQ.NORM      CORR.ENERGY   TOTAL ENERGY  ENERGY CHANGE      VAR         CPU   MICRO    DIIS
   1      1.40874065    -1.58681826  -382.85332894    -1.5904E+00   4.06E-01      2.28  1  1  1   0  0
   2      1.40804669    -1.58559413  -382.85210482     1.2241E-03   2.12E-04     25.94  0  0  0   1  1
   3      1.40849122    -1.58603206  -382.85254274    -4.3793E-04   1.77E-06     50.42  0  0  0   2  2
   4      1.40849926    -1.58603496  -382.85254564    -2.9021E-06   1.46E-08     75.78  0  0  0   3  3
   5      1.40850077    -1.58603499  -382.85254567    -2.3731E-08   1.40E-10    101.77  0  0  0   4  4
 
 - - Continuing with F12/conv. amplitude coupling turned on.
 
   6      1.40853884    -1.58660253  -382.85311321    -5.6756E-04   1.17E-04    126.90  1  1  1   1  1
   7      1.40853830    -1.58660240  -382.85311308     1.2444E-07   3.21E-09    152.69  1  1  1   2  2
 
 CPU time for iterative RMP2-F12                152.69 sec
 
 
 DF-RMP2-F12 doubles corrections:
 - - - - - - - - - - - - - - - - 
  Approx.                             TOTAL           A-B            A-A            B-B    
  RMP2-F12/3C(FIX)                -0.123496207   -0.114643263   -0.004701517   -0.004151427
  RMP2-F12/3*C(FIX)               -0.122928792   -0.114425099   -0.004517955   -0.003985738
  RMP2-F12/3*C(DX)                -0.123393650   -0.114846588   -0.004540444   -0.004006618
  RMP2-F12/3*C(FIX,DX)            -0.130438858   -0.121392130   -0.004791292   -0.004255435
 
 DF-RMP2-F12 doubles energies:
 - - - - - - - - - - - - - - -
  Approx.                             TOTAL           A-B            A-A            B-B    
  RMP2                            -1.459765123   -1.105012907   -0.183590695   -0.171161521
  RMP2-F12/3C(FIX)                -1.583261329   -1.219656169   -0.188292212   -0.175312948
  RMP2-F12/3*C(FIX)               -1.582693914   -1.219438006   -0.188108650   -0.175147259
  RMP2-F12/3*C(DX)                -1.583158773   -1.219859495   -0.188131139   -0.175168139
  RMP2-F12/3*C(FIX,DX)            -1.590203980   -1.226405037   -0.188381987   -0.175416956
 
 
  Reference energy                   -381.262931405775
  CABS relaxation correction to RHF    -0.003579275074
  New reference energy               -381.266510680850
 
  RMP2-F12 singles (MO) energy         -0.003341072699
  RMP2-F12 pair energy                 -1.583261329415
  RMP2-F12 correlation energy          -1.586602402114
 
 !RMP2-F12/3C(FIX) energy            -382.853113082963

 Starting RMP2 calculation

 ITER.      SQ.NORM     CORR.ENERGY   TOTAL ENERGY   ENERGY CHANGE        DEN1      VAR(S)    VAR(P)  DIIS     TIME
   1      1.40404313    -1.45822749  -382.72115890    -1.45822749    -0.00458313  0.43D-04  0.17D-02  1  1  2070.22
   2      1.40833039    -1.46315449  -382.72608589    -0.00492699    -0.00001199  0.16D-05  0.57D-05  2  2  2096.85
   3      1.40850329    -1.46325450  -382.72618590    -0.00010001    -0.00000012  0.55D-07  0.46D-07  3  3  2124.40
   4      1.40850896    -1.46325511  -382.72618652    -0.00000061    -0.00000000  0.11D-08  0.34D-09  4  4  2155.82

 Norm of t1 vector:      0.05287424      S-energy:    -0.00334091      T1 diagnostic:  0.00069734
 Norm of t2 vector:      0.63695626      P-energy:    -1.45991420
                                         Alpha-Beta:  -1.10546766
                                         Alpha-Alpha: -0.18342243
                                         Beta-Beta:   -0.17102411

 Spin contamination <S**2-Sz**2-Sz>     0.00114129
  Reference energy                   -381.266510680847
  RHF-RMP2 correlation energy          -1.463255111705
 !RHF-RMP2 energy                    -382.729765792552

 Starting UCCSD calculation

 ITER.      SQ.NORM     CORR.ENERGY   TOTAL ENERGY   ENERGY CHANGE        DEN1      VAR(S)    VAR(P)  DIIS     TIME
   1      1.39776230    -1.42828239  -382.69121380    -1.42828239    -0.04195793  0.89D-02  0.72D-02  0  0  7522.97
   2      1.43278552    -1.46462450  -382.72755591    -0.03634211    -0.00440518  0.64D-03  0.13D-02  1  1 12882.84
   3      1.44836170    -1.47058242  -382.73351383    -0.00595792    -0.00095678  0.61D-03  0.15D-03  2  2 18232.87
   4      1.46076039    -1.47620207  -382.73913347    -0.00561965    -0.00020760  0.14D-03  0.36D-04  3  3 23588.64
   5      1.46760984    -1.47714410  -382.74007550    -0.00094203    -0.00007102  0.64D-04  0.82D-05  4  4 28942.95
   6      1.47231911    -1.47748709  -382.74041849    -0.00034299    -0.00002109  0.15D-04  0.38D-05  5  5 34290.27
   7      1.47559747    -1.47779121  -382.74072262    -0.00030413    -0.00000481  0.36D-05  0.80D-06  6  6 39635.38
   8      1.47636092    -1.47780436  -382.74073577    -0.00001315    -0.00000144  0.92D-06  0.29D-06  6  2 44988.82
   9      1.47682368    -1.47785608  -382.74078749    -0.00005172    -0.00000044  0.34D-06  0.66D-07  6  1 50342.08
  10      1.47688423    -1.47785394  -382.74078535     0.00000214    -0.00000014  0.11D-06  0.23D-07  6  4 55690.27
  11      1.47702879    -1.47786565  -382.74079706    -0.00001171    -0.00000006  0.57D-07  0.72D-08  6  3 61015.38
  12      1.47702446    -1.47786321  -382.74079462     0.00000244    -0.00000003  0.27D-07  0.46D-08  6  6 66385.88
  13      1.47706632    -1.47786326  -382.74079467    -0.00000005    -0.00000001  0.15D-07  0.16D-08  6  5 71734.19
  14      1.47705439    -1.47786092  -382.74079233     0.00000234    -0.00000001  0.62D-08  0.96D-09  6  1 77135.20
  15      1.47704525    -1.47785900  -382.74079040     0.00000193    -0.00000000  0.33D-08  0.39D-09  6  2 82547.65
  16      1.47703873    -1.47785897  -382.74079037     0.00000003    -0.00000000  0.10D-08  0.21D-09  6  4 87976.99

 Norm of t1 vector:      0.20013707      S-energy:    -0.00454169      T1 diagnostic:  0.01961724
                                                                       D1 diagnostic:  0.09145509
 Norm of t2 vector:      0.66104757      P-energy:    -1.47331727
                                         Alpha-Beta:  -1.15604768
                                         Alpha-Alpha: -0.16425773
                                         Beta-Beta:   -0.15301186

 Singles amplitudes (print threshold =  0.500E-01):

         I         SYM. A    A   T(IA) [Beta-Beta]

        18         1         1     -0.05439978
        19         1         1      0.07855084

 Spin contamination <S**2-Sz**2-Sz>     0.00555368

 For full I/O caching in triples, increase memory by 2605.43 Mwords to 4505.71 Mwords.
 

  Ecorr(MP2)                           -1.463255111705
  Ecorr(MP2-F12)                       -1.586751318557
  Scale factor for triples energy       1.084398274685

 RESULTS
 =======

  Reference energy                   -381.262931405773
  CABS relaxation correction to RHF    -0.003579275074
  New reference energy               -381.266510680847
 
  F12 corrections for ansatz 3C(FIX) added to UCCSD energy. Coupling mode: 15
 
  UCCSD-F12a singles energy            -0.004541691568
  UCCSD-F12a pair energy               -1.595260087740
  UCCSD-F12a correlation energy        -1.599801779308
  Triples (T) contribution (scaled)    -0.072352279441
  Total correlation energy             -1.672154058748
 
  RHF-UCCSD-F12a energy              -382.866312460155
  RHF-UCCSD[T]-F12a energy           -382.942366098410
  RHF-UCCSD-T-F12a energy            -382.937640492707
 !RHF-UCCSD(T)-F12a energy           -382.938664739595
 
  F12 corrections for ansatz 3C(FIX) added to UCCSD energy. Coupling mode: 15
 
  UCCSD-F12b singles energy            -0.004541691568
  UCCSD-F12b pair energy               -1.573107382011
  UCCSD-F12b correlation energy        -1.577649073578
  Triples (T) contribution (scaled)    -0.072352279441
  Total correlation energy             -1.650001353019
 
  RHF-UCCSD-F12b energy              -382.844159754426
  RHF-UCCSD[T]-F12b energy           -382.920213392680
  RHF-UCCSD-T-F12b energy            -382.915487786977
 !RHF-UCCSD(T)-F12b energy           -382.916512033866

 Program statistics:

 Available memory in ccsd:              1899995808
 Min. memory needed in ccsd:             476529013
 Max. memory used in ccsd:               700588850
 Max. memory used in cckext:             522715393 (17 integral passes)
 Max. memory used in cckint:            1866435477 ( 1 integral passes)



 **********************************************************************************************************************************
 DATASETS  * FILE   NREC   LENGTH (MB)   RECORD NAMES
              1      20    34661.33       500      610      700      900      950      970     1000      129      960     1100   
                                          VAR    BASINP    GEOM    SYMINP    ZMAT    AOBASIS   BASIS     P2S    ABASIS      S 
                                         1400     1410     1200     1210     1080     1600     1650     1300     1700      960(1)
                                           T        V       H0       H01     AOSYM     SMH    MOLCAS    ERIS     OPER    ABASIS    

              2       5       14.46       700     1000      520     2100     7360   
                                         GEOM     BASIS   MCVARS     RHF    F12ABS    

 PROGRAMS   *        TOTALUCCSD(T)-F        HF       INT
 CPU TIMES  *    304559.20 302201.71   1752.12    605.29
 REAL TIME  *    308754.63 SEC
 DISK USED  *       206.43 GB      
 **********************************************************************************************************************************

 UCCSD(T)-F12/cc-pVTZ-F12 energy=   -382.916512033866

    UCCSD(T)-F12        HF-SCF  
   -382.91651203   -381.26293141
 **********************************************************************************************************************************
 Molpro calculation terminated
 Variable memory released
