
 Primary working directories    : /scratch/scratchdirs/nyee88
 Secondary working directories  : /scratch/scratchdirs/nyee88
 Wavefunction directory         : /global/homes/n/nyee88/wfu/
 Main file repository           : /scratch/scratchdirs/nyee88/

 SHA1      : d03110ad91d449d0c5f19172a0c0ba2e2d66b3a5
 NAME      : 2012.1.21
 ARCHNAME  : Linux/XT
 FC        : /opt/cray/craype/2.2.1/bin/ftn
 FCVERSION : 14.2-0
 BLASLIB   : 
 id        : lbl

 Nodes     nprocs
 nid03476     3
 nid02274     3
 nid03040     3
 nid02132     3
 nid02133     3
 nid02099     3
 Number of processes for MPI-2 version of Molpro:   nprocs(total)=   24   nprocs(compute)=   18   nprocs(helper)=    6
 ga_uses_ma=false, calling ma_init with nominal heap.
 GA-space will be limited to   8.0 MW (determined by -G option)

 Using customized tuning parameters: mindgm=7; mindgv=24; mindgc=4; mindgr=2; noblas=0; minvec=7
 default implementation of scratch files=sf  

 geometry = {angstrom
  C
  H                  1              B1
  H                  1              B2    2              A1
  H                  1              B3    2              A2    3              D1
  C                  1              B4    2              A3    4              D2
  C                  5              B5    1              A4    2              D3
  H                  6              B6    5              A5    1              D4
  H                  6              B7    5              A6    1              D5
  H                  6              B8    5              A7    1              D6
  C                  5              B9    1              A8    6              D7
  H                 10             B10    5              A9    1              D8
  H                 10             B11    5             A10    1              D9
  O                 10             B12    5             A11    1             D10
  H                 13             B13   10             A12    5             D11
 }
 
       B1 =           1.09690318
       B2 =           1.09851609
       B3 =           1.10574688
       B4 =           1.49632924
       B5 =           1.49765078
       B6 =           1.10567196
       B7 =           1.09411029
       B8 =           1.09840034
       B9 =           1.50013857
       B10 =          1.10305417
       B11 =          1.10311722
       B12 =          1.43036976
       B13 =          0.97087616
       A1 =         108.14510835
       A2 =         106.75234116
       A3 =         112.03961583
       A4 =         119.10766895
       A5 =         111.57078155
       A6 =         111.08669488
       A7 =         111.73654194
       A8 =         119.53692958
       A9 =         111.51777847
       A10 =        109.85744489
       A11 =        113.63338574
       A12 =        106.49984943
       D1 =         113.63082930
       D2 =         123.05104653
       D3 =         167.25434820
       D4 =          69.11914643
       D5 =        -171.20133274
       D6 =         -49.60878756
       D7 =         161.36218402
       D8 =         -91.68128869
       D9 =          26.06340945
       D10 =        151.10287584
       D11 =        -54.14724720
 
 memory,3000,M
 basis = vtz-f12
 hf
 uccsd(t)-f12,scale_trip=1

 Variables initialized (782), CPU time= 0.02 sec
 Commands  initialized (547), CPU time= 0.03 sec, 517 directives.
 Default parameters read. Elapsed time= 5.41 sec

 Checking input...
 Passed
1


                                         ***  PROGRAM SYSTEM MOLPRO  ***
                         Copyright, University College Cardiff Consultants Limited, 2008

                                    Version 2012.1 linked Mar 12 2015 14:11:14


 **********************************************************************************************************************************
 LABEL *                                                                                 
 Linux-3.0.101-0.31.1_1.0502.8394-cray_gem_c/nid03476(x86_64) 64 bit mpp version         DATE: 21-Jun-15          TIME: 13:33:45  
 **********************************************************************************************************************************

 SHA1:             d03110ad91d449d0c5f19172a0c0ba2e2d66b3a5
 **********************************************************************************************************************************
 SETTING B1             =         1.09690318                                  
 SETTING B2             =         1.09851609                                  
 SETTING B3             =         1.10574688                                  
 SETTING B4             =         1.49632924                                  
 SETTING B5             =         1.49765078                                  
 SETTING B6             =         1.10567196                                  
 SETTING B7             =         1.09411029                                  
 SETTING B8             =         1.09840034                                  
 SETTING B9             =         1.50013857                                  
 SETTING B10            =         1.10305417                                  
 SETTING B11            =         1.10311722                                  
 SETTING B12            =         1.43036976                                  
 SETTING B13            =         0.97087616                                  
 SETTING A1             =       108.14510835                                  
 SETTING A2             =       106.75234116                                  
 SETTING A3             =       112.03961583                                  
 SETTING A4             =       119.10766895                                  
 SETTING A5             =       111.57078155                                  
 SETTING A6             =       111.08669488                                  
 SETTING A7             =       111.73654194                                  
 SETTING A8             =       119.53692958                                  
 SETTING A9             =       111.51777847                                  
 SETTING A10            =       109.85744489                                  
 SETTING A11            =       113.63338574                                  
 SETTING A12            =       106.49984943                                  
 SETTING D1             =       113.63082930                                  
 SETTING D2             =       123.05104653                                  
 SETTING D3             =       167.25434820                                  
 SETTING D4             =        69.11914643                                  
 SETTING D5             =      -171.20133274                                  
 SETTING D6             =       -49.60878756                                  
 SETTING D7             =       161.36218402                                  
 SETTING D8             =       -91.68128869                                  
 SETTING D9             =        26.06340945                                  
 SETTING D10            =       151.10287584                                  
 SETTING D11            =       -54.14724720                                  

 Variable memory set to 3000000000 words,  buffer space   230000 words

 SETTING BASIS          =    VTZ-F12


 Recomputing integrals since basis changed


 Using spherical harmonics

 Library entry C      S cc-pVTZ-F12          selected for orbital group  1
 Library entry C      P cc-pVTZ-F12          selected for orbital group  1
 Library entry C      D cc-pVTZ-F12          selected for orbital group  1
 Library entry C      F cc-pVTZ-F12          selected for orbital group  1
 Library entry H      S cc-pVTZ-F12          selected for orbital group  2
 Library entry H      P cc-pVTZ-F12          selected for orbital group  2
 Library entry H      D cc-pVTZ-F12          selected for orbital group  2
 Library entry O      S cc-pVTZ-F12          selected for orbital group  7
 Library entry O      P cc-pVTZ-F12          selected for orbital group  7
 Library entry O      D cc-pVTZ-F12          selected for orbital group  7
 Library entry O      F cc-pVTZ-F12          selected for orbital group  7

1PROGRAM * SEWARD (Integral evaluation for generally contracted gaussian basis sets)     Author: Roland Lindh, 1990

 Geometry written to block  1 of record 700

 Orientation using atomic masses  
 Molecule type: Asymmetric top
 Rotational constants:       2.6283175      3.5368628      7.4834076 GHz  (calculated with average atomic masses)

 Point group  C1  



 ATOMIC COORDINATES

 NR  ATOM    CHARGE       X              Y              Z

   1  C       6.00    0.268940877    1.562356483    3.336352253
   2  H       1.00    0.847381600    3.511848179    2.934380240
   3  H       1.00    1.623719338    0.750792693    4.683674696
   4  H       1.00   -1.554546284    1.672185936    4.350791966
   5  C       6.00    0.084581679    0.003848347    0.984186752
   6  C       6.00   -0.144253869   -2.807969936    1.210151819
   7  H       1.00   -1.994588141   -3.366798869    2.003648840
   8  H       1.00    0.033147949   -3.719577385   -0.637100524
   9  H       1.00    1.293630576   -3.596445319    2.482639550
  10  C       6.00   -0.660395841    1.239341313   -1.456089080
  11  H       1.00   -2.721832278    1.160476492   -1.754880887
  12  H       1.00   -0.148038009    3.259510819   -1.412297056
  13  O       8.00    0.366391598    0.026282399   -3.642511518
  14  H       1.00    2.181061859   -0.060299826   -3.386458906

 Bond lengths in Bohr (Angstrom)

 1-2  2.072846603  1-3  2.075894561  1-4  2.089558774  1-5  2.827652466  5-6  2.830149815
     ( 1.096903180)     ( 1.098516090)     ( 1.105746880)     ( 1.496329240)     ( 1.497650780)

  5-10  2.834851056   6- 7  2.089417196   6- 8  2.067568806   6- 9  2.075675825  10-11  2.084470289
       ( 1.500138570)       ( 1.105671960)       ( 1.094110290)       ( 1.098400340)       ( 1.103054170)

 10-12  2.084589437  10-13  2.703007113  13-14  1.834690050
       ( 1.103117220)       ( 1.430369760)       ( 0.970876160)

 Bond angles

  1- 5- 6  119.10766895   1- 5-10  119.53692958   2- 1- 3  108.14510835   2- 1- 4  106.75234116

  2-1-5  112.03961583   3-1-4  105.96076161   3-1-5  111.52868340   4-1-5  112.08100736

  5- 6- 7  111.57078155   5- 6- 8  111.08669488   5- 6- 9  111.73654194   5-10-11  111.51777847

  5-10-12  109.85744489   5-10-13  113.63338574   6- 5-10  118.71679590   7- 6- 8  107.29924587

  7- 6- 9  106.20354307   8- 6- 9  108.71126287  10-13-14  106.49984943  11-10-12  106.42405158

 11-10-13  104.04857650  12-10-13  111.01054729

 NUCLEAR CHARGE:                   41
 NUMBER OF PRIMITIVE AOS:         549
 NUMBER OF SYMMETRY AOS:          495
 NUMBER OF CONTRACTIONS:          427   ( 427A   )
 NUMBER OF CORE ORBITALS:           5   (   5A   )
 NUMBER OF VALENCE ORBITALS:       29   (  29A   )


 NUCLEAR REPULSION ENERGY  181.75683819


 Eigenvalues of metric

         1 0.272E-04 0.341E-04 0.530E-04 0.109E-03 0.114E-03 0.124E-03 0.135E-03 0.147E-03


 Contracted 2-electron integrals neglected if value below      1.0D-12
 AO integral compression algorithm  1   Integral accuracy      1.0D-12

     16983.523 MB (compressed) written to integral file ( 46.8%)

     Node minimum: 880.542 MB, node maximum: 1067.188 MB


 NUMBER OF SORTED TWO-ELECTRON INTEGRALS:  231937668.     BUFFER LENGTH:  32768
 NUMBER OF SEGMENTS:   8  SEGMENT LENGTH:   31996008      RECORD LENGTH: 524288

 Memory used in sort:      32.55 MW

 SORT1 READ  4537413001. AND WROTE   213445103. INTEGRALS IN    614 RECORDS. CPU TIME:   259.70 SEC, REAL TIME:   267.41 SEC
 SORT2 READ  3830406332. AND WROTE  4175015131. INTEGRALS IN  66924 RECORDS. CPU TIME:     8.76 SEC, REAL TIME:    28.31 SEC

 Node minimum:   231902136.  Node maximum:   231988438. integrals

 OPERATOR DM      FOR CENTER  0  COORDINATES:    0.000000    0.000000    0.000000


 **********************************************************************************************************************************
 DATASETS  * FILE   NREC   LENGTH (MB)   RECORD NAMES
              1      18       14.45       500      610      700      900      950      970     1000      129      960     1100   
                                          VAR    BASINP    GEOM    SYMINP    ZMAT    AOBASIS   BASIS     P2S    ABASIS      S 
                                         1400     1410     1200     1210     1080     1600     1650     1700   
                                           T        V       H0       H01     AOSYM     SMH    MOLCAS    OPER   

 PROGRAMS   *        TOTAL       INT
 CPU TIMES  *       298.97    298.51
 REAL TIME  *       338.70 SEC
 DISK USED  *        62.76 GB      
 GA USED    *         0.01 MB       (max)       0.00 MB       (current)
 **********************************************************************************************************************************

1PROGRAM * RHF-SCF (OPEN SHELL)       Authors: W. Meyer, H.-J. Werner


 NUMBER OF ELECTRONS:      21+   20-    SPACE SYMMETRY=1    SPIN SYMMETRY: Doublet 
 CONVERGENCE THRESHOLDS:    1.00E-05 (Density)    1.00E-07 (Energy)
 MAX. NUMBER OF ITERATIONS:       60
 INTERPOLATION TYPE:            DIIS
 INTERPOLATION STEPS:              2 (START)      1 (STEP)
 LEVEL SHIFTS:                 -0.30 (CLOSED)  0.00 (OPEN) 



 Orbital guess generated from atomic densities. Full valence occupancy:   34

 Molecular orbital dump at record        2100.2

 ITERATION    DDIFF          GRAD             ENERGY        2-EL.EN.            DIPOLE MOMENTS         DIIS   ORB.
    1      0.000D+00      0.000D+00      -231.52778648    524.959672    0.39285    0.26597    1.03955    0    start
    2      0.000D+00      0.270D-02      -231.60175177    521.058246    0.22157    0.13601    0.68678    1    diag,B
    3      0.245D-02      0.106D-02      -231.61467493    522.025587    0.24582    0.18585    0.69258    2    diag,B
    4      0.712D-03      0.428D-03      -231.61987028    521.914295    0.24949    0.18631    0.65426    3    diag,B
    5      0.502D-03      0.143D-03      -231.62077318    521.869735    0.25808    0.18983    0.65176    4    diag,B
    6      0.216D-03      0.538D-04      -231.62092567    521.867088    0.26442    0.19096    0.64950    5    diag,B
    7      0.109D-03      0.176D-04      -231.62094131    521.860308    0.26699    0.19107    0.64931    6    fixocc
    8      0.405D-04      0.568D-05      -231.62094295    521.860756    0.26749    0.19111    0.64900    7    diag,B
    9      0.137D-04      0.212D-05      -231.62094321    521.860593    0.26764    0.19111    0.64893    8    diag,B
   10      0.478D-05      0.820D-06      -231.62094326    521.860586    0.26763    0.19113    0.64893    9    orth
   11      0.234D-05      0.297D-06      -231.62094326    521.860603    0.26764    0.19113    0.64893    0    orth

 Final alpha occupancy:  21
 Final beta  occupancy:  20

 !RHF STATE 1.1 Energy               -231.620943262834
 Nuclear energy                       181.75683819
 One-electron energy                 -674.30808282
 Two-electron energy                  260.93030137
 Virial quotient                       -1.00125787
 !RHF STATE 1.1 Dipole moment           0.26764451     0.19112857     0.64893426
 Dipole moment /Debye                   0.68023993     0.48576856     1.64931834

 Orbital energies:

         1.1          2.1          3.1          4.1          5.1          6.1          7.1          8.1          9.1         10.1
    -20.554130   -11.276590   -11.225724   -11.224306   -11.216709    -1.353197    -1.065971    -0.940586    -0.921573    -0.746568

        11.1         12.1         13.1         14.1         15.1         16.1         17.1         18.1         19.1         20.1
     -0.672613    -0.625273    -0.602893    -0.575239    -0.563670    -0.534981    -0.530873    -0.502190    -0.477490    -0.444718

        21.1         22.1         23.1
     -0.336898     0.045387     0.050666

 HOMO     21.1    -0.336898 =      -9.1675eV
 LUMO     22.1     0.045387 =       1.2350eV
 LUMO-HOMO         0.382285 =      10.4025eV


 **********************************************************************************************************************************
 DATASETS  * FILE   NREC   LENGTH (MB)   RECORD NAMES
              1      18       14.45       500      610      700      900      950      970     1000      129      960     1100   
                                          VAR    BASINP    GEOM    SYMINP    ZMAT    AOBASIS   BASIS     P2S    ABASIS      S 
                                         1400     1410     1200     1210     1080     1600     1650     1700   
                                           T        V       H0       H01     AOSYM     SMH    MOLCAS    OPER   

              2       4        5.68       700     1000      520     2100   
                                         GEOM     BASIS   MCVARS     RHF  

 PROGRAMS   *        TOTAL        HF       INT
 CPU TIMES  *       400.85    101.88    298.51
 REAL TIME  *       472.85 SEC
 DISK USED  *        63.59 GB      
 SF USED    *         0.73 MB      
 GA USED    *         0.01 MB       (max)       0.00 MB       (current)
 **********************************************************************************************************************************


1PROGRAM * CCSD (Unrestricted open-shell coupled cluster)     Authors: C. Hampel, H.-J. Werner, 1991, M. Deegan, P.J. Knowles, 1992

                           UCCSD-F12 implementation by G. Knizia and H.-J. Werner, 2008

                   Density fitting integral evaluation by F.R. Manby, 2003,2007, G. Knizia, 2010

 Basis set CC-PVTZ/JKFIT generated.      Number of basis functions:   665 
 Basis set CC-PVTZ-F12/OPTRI generated.  Number of basis functions:   744 
 Basis set AUG-CC-PVTZ/MP2FIT generated. Number of basis functions:   944 

 Convergence thresholds:  THRVAR = 1.00D-08  THRDEN = 1.00D-06

 CCSD(T)     terms to be evaluated (factor= 1.000)


 Number of core orbitals:           5 (   5 )
 Number of closed-shell orbitals:  15 (  15 )
 Number of active  orbitals:        1 (   1 )
 Number of external orbitals:     406 ( 406 )

 Memory could be reduced to 1704.36 Mwords without degradation in triples

 Number of N-1 electron functions:              31
 Number of N-2 electron functions:             465
 Number of singly external CSFs:             12617
 Number of doubly external CSFs:          58345485
 Total number of CSFs:                    58358102

 Molecular orbitals read from record     2100.2  Type=RHF/CANONICAL (state 1.1)

 Integral transformation finished. Total CPU: 642.47 sec, npass=  1  Memory used: 707.86 MW
 
 Geminal basis:    OPTFULL  GEM_TYPE=SLATER  BETA=1.0  NGEM=6

 Optimizing Gaussian exponents for each gem_beta

 Geminal optimization for beta= 1.0000
 Weight function:   m=0, omega= 1.4646

 Augmented Hessian optimization of geminal fit. Trust ratio= 0.40000
 Convergence reached after   2 iterations. Final gradient= 8.42D-16, Step= 4.39D-06, Delta= 1.28D-09
 
 Alpha:                 0.19532     0.81920     2.85917     9.50073    35.69989   197.79328
 Coeff:                 0.27070     0.30552     0.18297     0.10986     0.06810     0.04224
 
 
 WFN_F12=FIX,EG    DECOUPLE_EXPL=F   HYBRID=0    NOX=F   SEMIINT_F12=T   CORE_SINGLES=F
 
 AO(A)-basis ORBITAL           loaded. Number of functions:     427
 RI(R)-basis CC-PVTZ-F12/OPTRI loaded. Number of functions:     744
 DF-basis CC-PVTZ/JKFIT        loaded. Number of functions:     665

 Screening thresholds:   THRAO=  1.00D-10  THRMO=  1.00D-09  THRPROD=  1.00D-09
                         THRSW=  1.00D-05  THROV=  1.00D-12  THRF12=   1.00D-08

 CPU time for one-electron matrices              11.32 sec
 
 Construction of ABS:
 Pseudo-inverse stability          3.11E-10
 Smallest eigenvalue of S          6.25E-05  (threshold= 1.00E-08)
 Ratio eigmin/eigmax               2.85E-07  (threshold= 1.00E-09)
 Smallest eigenvalue of S kept     6.25E-05  (threshold= 6.25E-05, 0 functions deleted, 744 kept)
 
 Construction of CABS:
 Pseudo-inverse stability          2.87E-09
 Smallest eigenvalue of S          2.72E-07  (threshold= 1.00E-08)
 Ratio eigmin/eigmax               2.72E-07  (threshold= 1.00E-09)
 Smallest eigenvalue of S kept     2.72E-07  (threshold= 2.72E-07, 0 functions deleted, 744 kept)
 
 CPU time for basis constructions                 3.20 sec
 Fock operators(MO) rebuilt from dump record.
 CPU time for fock operators                      4.48 sec
 
                                      TOTAL          ALPHA          BETA    
  Singles Contributions MO        -0.002859238   -0.001446224   -0.001413013
  Singles Contributions CABS      -0.002370949   -0.001215133   -0.001155815
  Pure DF-RHF relaxation          -0.002366223
 
 CPU time for singles                            18.36 sec
 
 AO(A)-basis ORBITAL           loaded. Number of functions:     427
 RI(R)-basis CC-PVTZ-F12/OPTRI loaded. Number of functions:     744
 DF-basis AUG-CC-PVTZ/MP2FIT   loaded. Number of functions:     944

 Screening thresholds:   THRAO=  1.00D-10  THRMO=  1.00D-09  THRPROD=  1.00D-09
                         THRSW=  1.00D-05  THROV=  1.00D-12  THRF12=   1.00D-08

 CPU time for transformed integrals             107.67 sec
 CPU time for F12 matrices                      110.08 sec

 Diagonal F12 ansatz with fixed amplitudes:   TS= 0.5000  TT= 0.2500  TN= 0.3750
 
 ITER.     SQ.NORM      CORR.ENERGY   TOTAL ENERGY  ENERGY CHANGE      VAR         CPU   MICRO    DIIS
   1      1.27355631    -1.02931111  -232.65262059    -1.0317E+00   2.72E-01      6.22  1  1  1   0  0
   2      1.27308792    -1.02861685  -232.65192634     6.9425E-04   1.03E-04     39.49  0  0  0   1  1
   3      1.27330031    -1.02885273  -232.65216221    -2.3587E-04   5.49E-07     77.09  0  0  0   2  2
   4      1.27330249    -1.02885378  -232.65216327    -1.0577E-06   2.78E-09    118.50  0  0  0   3  3
   5      1.27330284    -1.02885379  -232.65216327    -5.3470E-09   1.97E-11    164.09  0  0  0   4  4
 
 - - Continuing with F12/conv. amplitude coupling turned on.
 
   6      1.27329476    -1.02920772  -232.65251721    -3.5394E-04   7.81E-05    201.56  1  1  1   1  1
   7      1.27329425    -1.02920779  -232.65251728    -7.1550E-08   2.17E-09    243.26  1  1  1   2  2
 
 CPU time for iterative RMP2-F12                243.26 sec
 
 
 DF-RMP2-F12 doubles corrections:
 - - - - - - - - - - - - - - - - 
  Approx.                             TOTAL           A-B            A-A            B-B    
  RMP2-F12/3C(FIX)                -0.079425067   -0.074295674   -0.002784180   -0.002345213
  RMP2-F12/3*C(FIX)               -0.079071064   -0.074107822   -0.002694730   -0.002268512
  RMP2-F12/3*C(DX)                -0.079226626   -0.074251490   -0.002701359   -0.002273777
  RMP2-F12/3*C(FIX,DX)            -0.082320993   -0.077207574   -0.002765034   -0.002348385
 
 DF-RMP2-F12 doubles energies:
 - - - - - - - - - - - - - - -
  Approx.                             TOTAL           A-B            A-A            B-B    
  RMP2                            -0.946923487   -0.728521628   -0.116527471   -0.101874389
  RMP2-F12/3C(FIX)                -1.026348554   -0.802817302   -0.119311651   -0.104219602
  RMP2-F12/3*C(FIX)               -1.025994551   -0.802629450   -0.119222201   -0.104142901
  RMP2-F12/3*C(DX)                -1.026150114   -0.802773117   -0.119228830   -0.104148166
  RMP2-F12/3*C(FIX,DX)            -1.029244481   -0.805729202   -0.119292505   -0.104222774
 
 
  Reference energy                   -231.620943262838
  CABS relaxation correction to RHF    -0.002366223112
  New reference energy               -231.623309485949
 
  RMP2-F12 singles (MO) energy         -0.002859237850
  RMP2-F12 pair energy                 -1.026348554030
  RMP2-F12 correlation energy          -1.029207791880
 
  RMP2-F12/3C(FIX) energy            -232.652517277829

 Starting RMP2 calculation

 ITER.      SQ.NORM     CORR.ENERGY   TOTAL ENERGY   ENERGY CHANGE        DEN1      VAR(S)    VAR(P)  DIIS     TIME
   1      1.27056338    -0.94658527  -232.56752853    -0.94658527    -0.00304721  0.19D-04  0.11D-02  1  1  1231.68
   2      1.27324099    -0.94985678  -232.57080004    -0.00327151    -0.00000471  0.49D-06  0.20D-05  2  2  1281.89
   3      1.27331129    -0.94990263  -232.57084590    -0.00004585    -0.00000003  0.17D-07  0.82D-08  3  3  1333.89
   4      1.27331241    -0.94990256  -232.57084582     0.00000008     0.00000000  0.43D-09  0.44D-10  4  4  1385.91

 Norm of t1 vector:      0.04371295      S-energy:    -0.00285918      T1 diagnostic:  0.00049163
 Norm of t2 vector:      0.52096217      P-energy:    -0.94704338
                                         Alpha-Beta:  -0.72884882
                                         Alpha-Alpha: -0.11640570
                                         Beta-Beta:   -0.10178886

 Spin contamination <S**2-Sz**2-Sz>     0.00107390
  Reference energy                   -231.623309485948
  RHF-RMP2 correlation energy          -0.949902555583
 !RHF-RMP2 energy                    -232.573212041531

 Starting UCCSD calculation

 ITER.      SQ.NORM     CORR.ENERGY   TOTAL ENERGY   ENERGY CHANGE        DEN1      VAR(S)    VAR(P)  DIIS     TIME
   1      1.28154432    -0.95087919  -232.57182245    -0.95087919    -0.02432705  0.36D-02  0.49D-02  1  1  2121.85
   2      1.30389459    -0.97412981  -232.59507307    -0.02325062    -0.00195375  0.19D-03  0.59D-03  2  2  2842.16
   3      1.31245018    -0.97905566  -232.59999892    -0.00492585    -0.00021653  0.97D-04  0.45D-04  3  3  3604.79
   4      1.31575079    -0.98056324  -232.60150651    -0.00150758    -0.00003403  0.14D-04  0.82D-05  4  4  4318.62
   5      1.31686447    -0.98073673  -232.60167999    -0.00017349    -0.00000768  0.54D-05  0.13D-05  5  5  5031.00
   6      1.31739223    -0.98079125  -232.60173452    -0.00005452    -0.00000142  0.84D-06  0.31D-06  6  6  5748.00
   7      1.31762036    -0.98082335  -232.60176661    -0.00003209    -0.00000024  0.15D-06  0.48D-07  6  1  6482.11
   8      1.31766698    -0.98082714  -232.60177041    -0.00000380    -0.00000005  0.35D-07  0.11D-07  6  2  7227.99
   9      1.31768878    -0.98082848  -232.60177174    -0.00000134    -0.00000001  0.12D-07  0.20D-08  6  3  7944.65
  10      1.31769530    -0.98082921  -232.60177247    -0.00000073     0.00000000  0.27D-08  0.59D-09  6  4  8661.93

 Norm of t1 vector:      0.11008752      S-energy:    -0.00329043      T1 diagnostic:  0.01221112
                                                                       D1 diagnostic:  0.03845505
 Norm of t2 vector:      0.55278933      P-energy:    -0.97753878
                                         Alpha-Beta:  -0.77563567
                                         Alpha-Alpha: -0.10785715
                                         Beta-Beta:   -0.09404596

 Spin contamination <S**2-Sz**2-Sz>     0.00110418

 Memory could be reduced to 1791.72 Mwords without degradation in triples
 

  Ecorr(MP2)                           -0.949902555583
  Ecorr(MP2-F12)                       -1.029327622463
  Scale factor for triples energy       1.083613910094

 RESULTS
 =======

  Reference energy                   -231.620943262836
  CABS relaxation correction to RHF    -0.002366223112
  New reference energy               -231.623309485948
 
  F12 corrections for ansatz 3C(FIX) added to UCCSD energy. Coupling mode: 15
 
  UCCSD-F12a singles energy            -0.003290427818
  UCCSD-F12a pair energy               -1.056168363620
  UCCSD-F12a correlation energy        -1.059458791438
  Triples (T) contribution (scaled)    -0.042503826882
  Total correlation energy             -1.101962618320
 
  RHF-UCCSD-F12a energy              -232.682768277386
  RHF-UCCSD[T]-F12a energy           -232.726598750783
  RHF-UCCSD-T-F12a energy            -232.724751558453
 !RHF-UCCSD(T)-F12a energy           -232.725272104268
 
  F12 corrections for ansatz 3C(FIX) added to UCCSD energy. Coupling mode: 15
 
  UCCSD-F12b singles energy            -0.003290427818
  UCCSD-F12b pair energy               -1.041185096285
  UCCSD-F12b correlation energy        -1.044475524103
  Triples (T) contribution (scaled)    -0.042503826882
  Total correlation energy             -1.086979350986
 
  RHF-UCCSD-F12b energy              -232.667785010051
  RHF-UCCSD[T]-F12b energy           -232.711615483448
  RHF-UCCSD-T-F12b energy            -232.709768291118
 !RHF-UCCSD(T)-F12b energy           -232.710288836933

 Program statistics:

 Available memory in ccsd:              2999997692
 Min. memory needed in ccsd:             162261563
 Max. memory used in ccsd:               236384108
 Max. memory used in cckext:             174319813 (11 integral passes)
 Max. memory used in cckint:             707860198 ( 1 integral passes)



 **********************************************************************************************************************************
 DATASETS  * FILE   NREC   LENGTH (MB)   RECORD NAMES
              1      19       14.45       500      610      700      900      950      970     1000      129      960     1100   
                                          VAR    BASINP    GEOM    SYMINP    ZMAT    AOBASIS   BASIS     P2S    ABASIS      S 
                                         1400     1410     1200     1210     1080     1600     1650     1700      960(1)
                                           T        V       H0       H01     AOSYM     SMH    MOLCAS    OPER    ABASIS    

              2       5        7.87       700     1000      520     2100     7360   
                                         GEOM     BASIS   MCVARS     RHF    F12ABS    

 PROGRAMS   *        TOTALUCCSD(T)-F        HF       INT
 CPU TIMES  *     20751.74  20350.85    101.88    298.51
 REAL TIME  *     23462.84 SEC
 DISK USED  *       196.29 GB      
 SF USED    *        59.26 GB      
 GA USED    *         2.40 MB       (max)       0.00 MB       (current)
 **********************************************************************************************************************************

    UCCSD(T)-F12        HF-SCF  
   -232.71028884   -231.62094326
 **********************************************************************************************************************************
 Variable memory released
