
 Primary working directories    : /scratch/scratchdirs/nyee88
 Secondary working directories  : /scratch/scratchdirs/nyee88
 Wavefunction directory         : /global/homes/n/nyee88/wfu/
 Main file repository           : /scratch/scratchdirs/nyee88/

 SHA1      : d03110ad91d449d0c5f19172a0c0ba2e2d66b3a5
 NAME      : 2012.1.21
 ARCHNAME  : Linux/XT
 FC        : /opt/cray/craype/2.2.1/bin/ftn
 FCVERSION : 14.2-0
 BLASLIB   : 
 id        : lbl

 Nodes     nprocs
 nid03725     1
 nid03670     1
 nid03671     1
 nid03720     1
 nid03721     1
 nid03958     1
 nid03959     1
 nid04008     1
 nid04009     1
 nid04010     1
 nid04011     1
 nid03956     1
 Number of processes for MPI-2 version of Molpro:   nprocs(total)=   24   nprocs(compute)=   12   nprocs(helper)=   12
 ga_uses_ma=false, calling ma_init with nominal heap.
 GA-space will be limited to   8.0 MW (determined by -G option)

 Using customized tuning parameters: mindgm=7; mindgv=24; mindgc=4; mindgr=2; noblas=0; minvec=7
 default implementation of scratch files=sf  

 geometry = {angstrom
  O
  H                  1              B1
  O                  1              B2    2              A1
  C                  3              B3    1              A2    2              D1
  H                  4              B4    3              A3    1              D2
  O                  4              B5    3              A4    1              D3
  C                  4              B6    3              A5    1              D4
  H                  7              B7    4              A6    3              D5
  C                  7              B8    4              A7    3              D6
  H                  9              B9    7              A8    4              D7
  H                  9             B10    7              A9    4              D8
  H                  9             B11    7             A10    4              D9
  C                  7             B12    4             A11    3             D10
  H                 13             B13    7             A12    4             D11
  H                 13             B14    7             A13    4             D12
  H                 13             B15    7             A14    4             D13
 }
 
       B1 =           0.96696514
       B2 =           1.45362629
       B3 =           1.41990996
       B4 =           1.10345959
       B5 =           1.23098497
       B6 =           1.95732547
       B7 =           1.08933280
       B8 =           1.50258352
       B9 =           1.09295812
       B10 =          1.09197091
       B11 =          1.09799531
       B12 =          1.50230688
       B13 =          1.09137578
       B14 =          1.09079151
       B15 =          1.09831854
       A1 =         100.03445455
       A2 =         108.04338110
       A3 =         109.86859114
       A4 =         115.94180813
       A5 =         102.95892932
       A6 =          95.51205443
       A7 =         105.39795325
       A8 =         112.19330623
       A9 =         111.00718190
       A10 =        109.59269078
       A11 =        106.05347671
       A12 =        111.32160354
       A13 =        111.36516401
       A14 =        109.20340002
       D1 =        -118.31652618
       D2 =          27.42750864
       D3 =         175.15325954
       D4 =         -71.29041632
       D5 =          53.38706876
       D6 =         171.03844015
       D7 =         -59.09275669
       D8 =          62.69090942
       D9 =        -178.24524142
       D10 =        -63.75470685
       D11 =        -67.89784743
       D12 =         53.76099401
       D13 =        172.75580268
 
 memory,3000,M
 basis = vtz-f12
 hf
 uccsd(t)-f12,scale_trip=1

 Variables initialized (782), CPU time= 0.02 sec
 Commands  initialized (547), CPU time= 0.04 sec, 517 directives.
 Default parameters read. Elapsed time= 0.83 sec

 Checking input...
 Passed
1


                                         ***  PROGRAM SYSTEM MOLPRO  ***
                         Copyright, University College Cardiff Consultants Limited, 2008

                                    Version 2012.1 linked Mar 12 2015 14:11:14


 **********************************************************************************************************************************
 LABEL *                                                                                 
 Linux-3.0.101-0.31.1_1.0502.8394-cray_gem_c/nid03725(x86_64) 64 bit mpp version         DATE: 01-May-15          TIME: 19:55:49  
 **********************************************************************************************************************************

 SHA1:             d03110ad91d449d0c5f19172a0c0ba2e2d66b3a5
 **********************************************************************************************************************************
 SETTING B1             =         0.96696514                                  
 SETTING B2             =         1.45362629                                  
 SETTING B3             =         1.41990996                                  
 SETTING B4             =         1.10345959                                  
 SETTING B5             =         1.23098497                                  
 SETTING B6             =         1.95732547                                  
 SETTING B7             =         1.08933280                                  
 SETTING B8             =         1.50258352                                  
 SETTING B9             =         1.09295812                                  
 SETTING B10            =         1.09197091                                  
 SETTING B11            =         1.09799531                                  
 SETTING B12            =         1.50230688                                  
 SETTING B13            =         1.09137578                                  
 SETTING B14            =         1.09079151                                  
 SETTING B15            =         1.09831854                                  
 SETTING A1             =       100.03445455                                  
 SETTING A2             =       108.04338110                                  
 SETTING A3             =       109.86859114                                  
 SETTING A4             =       115.94180813                                  
 SETTING A5             =       102.95892932                                  
 SETTING A6             =        95.51205443                                  
 SETTING A7             =       105.39795325                                  
 SETTING A8             =       112.19330623                                  
 SETTING A9             =       111.00718190                                  
 SETTING A10            =       109.59269078                                  
 SETTING A11            =       106.05347671                                  
 SETTING A12            =       111.32160354                                  
 SETTING A13            =       111.36516401                                  
 SETTING A14            =       109.20340002                                  
 SETTING D1             =      -118.31652618                                  
 SETTING D2             =        27.42750864                                  
 SETTING D3             =       175.15325954                                  
 SETTING D4             =       -71.29041632                                  
 SETTING D5             =        53.38706876                                  
 SETTING D6             =       171.03844015                                  
 SETTING D7             =       -59.09275669                                  
 SETTING D8             =        62.69090942                                  
 SETTING D9             =      -178.24524142                                  
 SETTING D10            =       -63.75470685                                  
 SETTING D11            =       -67.89784743                                  
 SETTING D12            =        53.76099401                                  
 SETTING D13            =       172.75580268                                  

 Variable memory set to 3000000000 words,  buffer space   230000 words

 SETTING BASIS          =    VTZ-F12


 Recomputing integrals since basis changed


 Using spherical harmonics

 Library entry O      S cc-pVTZ-F12          selected for orbital group  1
 Library entry O      P cc-pVTZ-F12          selected for orbital group  1
 Library entry O      D cc-pVTZ-F12          selected for orbital group  1
 Library entry O      F cc-pVTZ-F12          selected for orbital group  1
 Library entry H      S cc-pVTZ-F12          selected for orbital group  2
 Library entry H      P cc-pVTZ-F12          selected for orbital group  2
 Library entry H      D cc-pVTZ-F12          selected for orbital group  2
 Library entry C      S cc-pVTZ-F12          selected for orbital group  4
 Library entry C      P cc-pVTZ-F12          selected for orbital group  4
 Library entry C      D cc-pVTZ-F12          selected for orbital group  4
 Library entry C      F cc-pVTZ-F12          selected for orbital group  4

1PROGRAM * SEWARD (Integral evaluation for generally contracted gaussian basis sets)     Author: Roland Lindh, 1990

 Geometry written to block  1 of record 700

 Orientation using atomic masses  
 Molecule type: Asymmetric top
 Rotational constants:       1.6247688      1.8000018      3.4204450 GHz  (calculated with average atomic masses)

 Point group  C1  



 ATOMIC COORDINATES

 NR  ATOM    CHARGE       X              Y              Z

   1  O       8.00   -0.882719792   -1.801634980    3.806598236
   2  H       1.00   -1.183141364   -1.200582012    5.505864229
   3  O       8.00    0.729763135    0.212815800    2.864445460
   4  C       6.00   -0.518812947    1.377479395    0.794566597
   5  H       1.00   -2.583094890    1.170523725    1.004615035
   6  O       8.00    0.532942926    3.245896300   -0.107734968
   7  C       6.00   -0.297156306   -1.189805844   -1.858941177
   8  H       1.00   -1.114104583   -2.707935342   -0.734010965
   9  C       6.00   -1.950991496   -0.243101011   -3.963977193
  10  H       1.00   -3.906824342    0.027647195   -3.357961172
  11  H       1.00   -1.240361492    1.541674062   -4.717450707
  12  H       1.00   -1.968179324   -1.625863916   -5.510885277
  13  C       6.00    2.468881853   -1.510480144   -2.411960043
  14  H       1.00    3.256769017    0.176493124   -3.299008102
  15  H       1.00    3.535221972   -1.919902253   -0.696081691
  16  H       1.00    2.724076634   -3.105489142   -3.715267514

 Bond lengths in Bohr (Angstrom)

 1-2  1.827299293  1-3  2.746955586  3-4  2.683240956  4-5  2.085236422  4-6  2.326224465
     ( 0.966965140)     ( 1.453626290)     ( 1.419909960)     ( 1.103459590)     ( 1.230984970)

  4- 7  3.698809088   7- 8  2.058540658   7- 9  2.839471342   7-13  2.838948569   9-10  2.065391520
       ( 1.957325470)       ( 1.089332800)       ( 1.502583520)       ( 1.502306880)       ( 1.092958120)

  9-11  2.063525963   9-12  2.074910429  13-14  2.062401331  13-15  2.061297220  13-16  2.075521246
       ( 1.091970910)       ( 1.097995310)       ( 1.091375780)       ( 1.090791510)       ( 1.098318540)

 Bond angles

  1-3-4  108.04338110   2-1-3  100.03445455   3-4-5  109.86859114   3-4-6  115.94180813

  3- 4- 7  102.95892932   4- 7- 8   95.51205443   4- 7- 9  105.39795325   4- 7-13  106.05347671

  5- 4- 6  124.49777248   5- 4- 7   93.59491081   6- 4- 7  104.60341244   7- 9-10  112.19330623

  7- 9-11  111.00718190   7- 9-12  109.59269078   7-13-14  111.32160354   7-13-15  111.36516401

  7-13-16  109.20340002   8- 7- 9  114.82563490   8- 7-13  114.19317577   9- 7-13  117.43449445

 10- 9-11  108.65482830  10- 9-12  107.35342146  11- 9-12  107.88021370  14-13-15  108.83662120

 14-13-16  108.15222480  15-13-16  107.84663098

 NUCLEAR CHARGE:                   57
 NUMBER OF PRIMITIVE AOS:         693
 NUMBER OF SYMMETRY AOS:          621
 NUMBER OF CONTRACTIONS:          533   ( 533A   )
 NUMBER OF CORE ORBITALS:           7   (   7A   )
 NUMBER OF VALENCE ORBITALS:       37   (  37A   )


 NUCLEAR REPULSION ENERGY  326.49412494


 Eigenvalues of metric

         1 0.297E-04 0.346E-04 0.422E-04 0.633E-04 0.108E-03 0.122E-03 0.140E-03 0.143E-03


 Contracted 2-electron integrals neglected if value below      1.0D-12
 AO integral compression algorithm  1   Integral accuracy      1.0D-12

     36048.208 MB (compressed) written to integral file ( 41.6%)

     Node minimum: 2885.681 MB, node maximum: 3199.468 MB


 NUMBER OF SORTED TWO-ELECTRON INTEGRALS:  843886440.     BUFFER LENGTH:  32768
 NUMBER OF SEGMENTS:  27  SEGMENT LENGTH:   31999824      RECORD LENGTH: 524288

 Memory used in sort:      32.56 MW

 SORT1 READ 10836614821. AND WROTE   719025001. INTEGRALS IN   2072 RECORDS. CPU TIME:   529.39 SEC, REAL TIME:   549.79 SEC
 SORT2 READ  8599018435. AND WROTE 10126281516. INTEGRALS IN 135336 RECORDS. CPU TIME:    45.70 SEC, REAL TIME:   107.82 SEC

 Node minimum:   843791568.  Node maximum:   843922020. integrals

 OPERATOR DM      FOR CENTER  0  COORDINATES:    0.000000    0.000000    0.000000


 **********************************************************************************************************************************
 DATASETS  * FILE   NREC   LENGTH (MB)   RECORD NAMES
              1      18       18.19       500      610      700      900      950      970     1000      129      960     1100   
                                          VAR    BASINP    GEOM    SYMINP    ZMAT    AOBASIS   BASIS     P2S    ABASIS      S 
                                         1400     1410     1200     1210     1080     1600     1650     1700   
                                           T        V       H0       H01     AOSYM     SMH    MOLCAS    OPER   

 PROGRAMS   *        TOTAL       INT
 CPU TIMES  *       659.65    659.24
 REAL TIME  *       751.18 SEC
 DISK USED  *       138.66 GB      
 GA USED    *         0.01 MB       (max)       0.00 MB       (current)
 **********************************************************************************************************************************

1PROGRAM * RHF-SCF (OPEN SHELL)       Authors: W. Meyer, H.-J. Werner


 NUMBER OF ELECTRONS:      29+   28-    SPACE SYMMETRY=1    SPIN SYMMETRY: Doublet 
 CONVERGENCE THRESHOLDS:    1.00E-05 (Density)    1.14E-07 (Energy)
 MAX. NUMBER OF ITERATIONS:       60
 INTERPOLATION TYPE:            DIIS
 INTERPOLATION STEPS:              2 (START)      1 (STEP)
 LEVEL SHIFTS:                 -0.30 (CLOSED)  0.00 (OPEN) 



 Orbital guess generated from atomic densities. Full valence occupancy:   44

 Molecular orbital dump at record        2100.2

 ITERATION    DDIFF          GRAD             ENERGY        2-EL.EN.            DIPOLE MOMENTS         DIIS   ORB.
    1      0.000D+00      0.000D+00      -381.10646884    924.213595   -1.26408   -1.88557    0.37901    0    start
    2      0.000D+00      0.321D-02      -381.23282960    923.565947   -0.80489   -1.03576   -0.16801    1    diag,B
    3      0.273D-02      0.155D-02      -381.26105814    923.657520   -0.89816   -1.21211   -0.02289    2    diag,B
    4      0.933D-03      0.416D-03      -381.26892230    923.657799   -0.89043   -1.11472   -0.02896    3    diag,B
    5      0.418D-03      0.171D-03      -381.27114293    923.616027   -0.88286   -1.08781   -0.02643    4    diag,B
    6      0.218D-03      0.749D-04      -381.27175763    923.603557   -0.88300   -1.06775   -0.02025    5    diag,B
    7      0.128D-03      0.378D-04      -381.27190263    923.591124   -0.87761   -1.05503   -0.01641    6    fixocc
    8      0.690D-04      0.203D-04      -381.27194618    923.590682   -0.87573   -1.04979   -0.01488    7    diag,B
    9      0.397D-04      0.110D-04      -381.27196315    923.591327   -0.87342   -1.04557   -0.01403    8    diag,B
   10      0.221D-04      0.674D-05      -381.27197196    923.592134   -0.87198   -1.04360   -0.01428    9    orth
   11      0.183D-04      0.344D-05      -381.27197447    923.593012   -0.87120   -1.04271   -0.01500    9    diag,B
   12      0.104D-04      0.160D-05      -381.27197506    923.593165   -0.87081   -1.04233   -0.01564    9    diag,B
   13      0.565D-05      0.750D-06      -381.27197517    923.593617   -0.87068   -1.04213   -0.01596    9    diag,B
   14      0.207D-05      0.504D-06      -381.27197521    923.593644   -0.87063   -1.04186   -0.01597    0    orth

 Final alpha occupancy:  29
 Final beta  occupancy:  28

 !RHF STATE 1.1 Energy               -381.271975205260
 Nuclear energy                       326.49412494
 One-electron energy                -1169.56292217
 Two-electron energy                  461.79682202
 Virial quotient                       -1.00130722
 !RHF STATE 1.1 Dipole moment          -0.87062797    -1.04185953    -0.01597348
 Dipole moment /Debye                  -2.21277063    -2.64796935    -0.04059788

 Orbital energies:

         1.1          2.1          3.1          4.1          5.1          6.1          7.1          8.1          9.1         10.1
    -20.645259   -20.643816   -20.535292   -11.375458   -11.278162   -11.233624   -11.225322    -1.499360    -1.375357    -1.229253

        11.1         12.1         13.1         14.1         15.1         16.1         17.1         18.1         19.1         20.1
     -1.078196    -0.953808    -0.862617    -0.788881    -0.734731    -0.702678    -0.664342    -0.638984    -0.620204    -0.583738

        21.1         22.1         23.1         24.1         25.1         26.1         27.1         28.1         29.1         30.1
     -0.576571    -0.556698    -0.545771    -0.522157    -0.511687    -0.507785    -0.467039    -0.443615    -0.368481     0.041250

        31.1
      0.047468

 HOMO     29.1    -0.368481 =     -10.0269eV
 LUMO     30.1     0.041250 =       1.1225eV
 LUMO-HOMO         0.409731 =      11.1493eV


 **********************************************************************************************************************************
 DATASETS  * FILE   NREC   LENGTH (MB)   RECORD NAMES
              1      18       18.19       500      610      700      900      950      970     1000      129      960     1100   
                                          VAR    BASINP    GEOM    SYMINP    ZMAT    AOBASIS   BASIS     P2S    ABASIS      S 
                                         1400     1410     1200     1210     1080     1600     1650     1700   
                                           T        V       H0       H01     AOSYM     SMH    MOLCAS    OPER   

              2       4        8.59       700     1000      520     2100   
                                         GEOM     BASIS   MCVARS     RHF  

 PROGRAMS   *        TOTAL        HF       INT
 CPU TIMES  *      1075.64    415.97    659.24
 REAL TIME  *      1259.36 SEC
 DISK USED  *       139.47 GB      
 SF USED    *         1.14 MB      
 GA USED    *         0.01 MB       (max)       0.00 MB       (current)
 **********************************************************************************************************************************


1PROGRAM * CCSD (Unrestricted open-shell coupled cluster)     Authors: C. Hampel, H.-J. Werner, 1991, M. Deegan, P.J. Knowles, 1992

                           UCCSD-F12 implementation by G. Knizia and H.-J. Werner, 2008

                   Density fitting integral evaluation by F.R. Manby, 2003,2007, G. Knizia, 2010

 Basis set CC-PVTZ/JKFIT generated.      Number of basis functions:   823 
 Basis set CC-PVTZ-F12/OPTRI generated.  Number of basis functions:   894 
 Basis set AUG-CC-PVTZ/MP2FIT generated. Number of basis functions:   1156 

 Convergence thresholds:  THRVAR = 1.00D-08  THRDEN = 1.14D-06

 CCSD(T)     terms to be evaluated (factor= 1.000)


 Number of core orbitals:           7 (   7 )
 Number of closed-shell orbitals:  21 (  21 )
 Number of active  orbitals:        1 (   1 )
 Number of external orbitals:     504 ( 504 )

 For full I/O caching in triples, increase memory by 1254.02 Mwords to 4254.30 Mwords.

 Number of N-1 electron functions:              43
 Number of N-2 electron functions:             903
 Number of singly external CSFs:             21715
 Number of doubly external CSFs:         173943210
 Total number of CSFs:                   173964925

 Molecular orbitals read from record     2100.2  Type=RHF/CANONICAL (state 1.1)

 Integral transformation finished. Total CPU:1946.25 sec, npass=  1  Memory used:1866.44 MW
 
 Geminal basis:    OPTFULL  GEM_TYPE=SLATER  BETA=1.0  NGEM=6

 Optimizing Gaussian exponents for each gem_beta

 Geminal optimization for beta= 1.0000
 Weight function:   m=0, omega= 1.4646

 Augmented Hessian optimization of geminal fit. Trust ratio= 0.40000
 Convergence reached after   2 iterations. Final gradient= 8.42D-16, Step= 4.39D-06, Delta= 1.28D-09
 
 Alpha:                 0.19532     0.81920     2.85917     9.50073    35.69989   197.79328
 Coeff:                 0.27070     0.30552     0.18297     0.10986     0.06810     0.04224
 
 
 WFN_F12=FIX,EG    DECOUPLE_EXPL=F   HYBRID=0    NOX=F   SEMIINT_F12=T   CORE_SINGLES=F
 
 AO(A)-basis ORBITAL           loaded. Number of functions:     533
 RI(R)-basis CC-PVTZ-F12/OPTRI loaded. Number of functions:     894
 DF-basis CC-PVTZ/JKFIT        loaded. Number of functions:     823

 Screening thresholds:   THRAO=  1.00D-10  THRMO=  1.00D-09  THRPROD=  1.00D-09
                         THRSW=  1.00D-05  THROV=  1.00D-12  THRF12=   1.00D-08

 CPU time for one-electron matrices              23.31 sec
 
 Construction of ABS:
 Pseudo-inverse stability          1.63E-10
 Smallest eigenvalue of S          6.67E-05  (threshold= 1.00E-08)
 Ratio eigmin/eigmax               3.11E-07  (threshold= 1.00E-09)
 Smallest eigenvalue of S kept     6.67E-05  (threshold= 6.67E-05, 0 functions deleted, 894 kept)
 
 Construction of CABS:
 Pseudo-inverse stability          4.64E-09
 Smallest eigenvalue of S          2.33E-07  (threshold= 1.00E-08)
 Ratio eigmin/eigmax               2.33E-07  (threshold= 1.00E-09)
 Smallest eigenvalue of S kept     2.33E-07  (threshold= 2.33E-07, 0 functions deleted, 894 kept)
 
 CPU time for basis constructions                 5.44 sec
 Fock operators(MO) rebuilt from dump record.
 CPU time for fock operators                      7.77 sec
 
                                      TOTAL          ALPHA          BETA    
  Singles Contributions MO        -0.004308295   -0.002161731   -0.002146564
  Singles Contributions CABS      -0.003656169   -0.001908369   -0.001747800
  Pure DF-RHF relaxation          -0.003644491
 
 CPU time for singles                            32.71 sec
 
 AO(A)-basis ORBITAL           loaded. Number of functions:     533
 RI(R)-basis CC-PVTZ-F12/OPTRI loaded. Number of functions:     894
 DF-basis AUG-CC-PVTZ/MP2FIT   loaded. Number of functions:    1156

 Screening thresholds:   THRAO=  1.00D-10  THRMO=  1.00D-09  THRPROD=  1.00D-09
                         THRSW=  1.00D-05  THROV=  1.00D-12  THRF12=   1.00D-08

 CPU time for transformed integrals             337.75 sec
 CPU time for F12 matrices                      285.27 sec

 Diagonal F12 ansatz with fixed amplitudes:   TS= 0.5000  TT= 0.2500  TN= 0.3750
 
 ITER.     SQ.NORM      CORR.ENERGY   TOTAL ENERGY  ENERGY CHANGE      VAR         CPU   MICRO    DIIS
   1      1.41256192    -1.59422304  -382.86984274    -1.5979E+00   4.09E-01     13.62  1  1  1   0  0
   2      1.41133191    -1.59242499  -382.86804468     1.7981E-03   1.48E-04    113.40  0  0  0   1  1
   3      1.41165911    -1.59274592  -382.86836561    -3.2093E-04   8.32E-07    222.33  0  0  0   2  2
   4      1.41166315    -1.59274731  -382.86836701    -1.3928E-06   4.68E-09    340.32  0  0  0   3  3
   5      1.41166386    -1.59274732  -382.86836701    -8.0179E-09   3.15E-11    465.56  0  0  0   4  4
 
 - - Continuing with F12/conv. amplitude coupling turned on.
 
   6      1.41170791    -1.59334354  -382.86896324    -5.9624E-04   1.19E-04    574.38  1  1  1   1  1
   7      1.41170712    -1.59334335  -382.86896305     1.9480E-07   2.48E-09    692.78  1  1  1   2  2
 
 CPU time for iterative RMP2-F12                692.78 sec
 
 
 DF-RMP2-F12 doubles corrections:
 - - - - - - - - - - - - - - - - 
  Approx.                             TOTAL           A-B            A-A            B-B    
  RMP2-F12/3C(FIX)                -0.123801220   -0.114921118   -0.004706972   -0.004173131
  RMP2-F12/3*C(FIX)               -0.123205188   -0.114678713   -0.004521445   -0.004005030
  RMP2-F12/3*C(DX)                -0.123684400   -0.115111969   -0.004545336   -0.004027094
  RMP2-F12/3*C(FIX,DX)            -0.130679489   -0.121613854   -0.004793974   -0.004271662
 
 DF-RMP2-F12 doubles energies:
 - - - - - - - - - - - - - - -
  Approx.                             TOTAL           A-B            A-A            B-B    
  RMP2                            -1.465233835   -1.107938905   -0.184316040   -0.172978890
  RMP2-F12/3C(FIX)                -1.589035055   -1.222860023   -0.189023012   -0.177152020
  RMP2-F12/3*C(FIX)               -1.588439023   -1.222617618   -0.188837485   -0.176983920
  RMP2-F12/3*C(DX)                -1.588918234   -1.223050875   -0.188861376   -0.177005984
  RMP2-F12/3*C(FIX,DX)            -1.595913324   -1.229552759   -0.189110014   -0.177250551
 
 
  Reference energy                   -381.271975205263
  CABS relaxation correction to RHF    -0.003644490832
  New reference energy               -381.275619696095
 
  RMP2-F12 singles (MO) energy         -0.004308294562
  RMP2-F12 pair energy                 -1.589035054969
  RMP2-F12 correlation energy          -1.593343349531
 
  RMP2-F12/3C(FIX) energy            -382.868963045626

 Starting RMP2 calculation

 ITER.      SQ.NORM     CORR.ENERGY   TOTAL ENERGY   ENERGY CHANGE        DEN1      VAR(S)    VAR(P)  DIIS     TIME
   1      1.40741900    -1.46482977  -382.73680497    -1.46482977    -0.00445332  0.35D-04  0.17D-02  1  1  3584.52
   2      1.41152850    -1.46960675  -382.74158195    -0.00477698    -0.00000889  0.73D-06  0.43D-05  2  2  3735.67
   3      1.41166916    -1.46969076  -382.74166596    -0.00008401    -0.00000007  0.23D-07  0.28D-07  3  3  3886.61
   4      1.41167206    -1.46969069  -382.74166590     0.00000006     0.00000000  0.62D-09  0.14D-09  4  4  4039.63

 Norm of t1 vector:      0.06026821      S-energy:    -0.00430823      T1 diagnostic:  0.00050351
 Norm of t2 vector:      0.63877993      P-energy:    -1.46538247
                                         Alpha-Beta:  -1.10839600
                                         Alpha-Alpha: -0.18414777
                                         Beta-Beta:   -0.17283870

 Spin contamination <S**2-Sz**2-Sz>     0.00121761
  Reference energy                   -381.275619696094
  RHF-RMP2 correlation energy          -1.469690692972
 !RHF-RMP2 energy                    -382.745310389066

 Starting UCCSD calculation

 ITER.      SQ.NORM     CORR.ENERGY   TOTAL ENERGY   ENERGY CHANGE        DEN1      VAR(S)    VAR(P)  DIIS     TIME
   1      1.39850297    -1.43206381  -382.70403902    -1.43206381    -0.04231596  0.88D-02  0.73D-02  0  0  7415.76
   2      1.43263102    -1.46879577  -382.74077097    -0.03673195    -0.00434338  0.54D-03  0.13D-02  1  1 10729.37
   3      1.44561089    -1.47359971  -382.74557492    -0.00480395    -0.00092356  0.53D-03  0.15D-03  2  2 14053.88
   4      1.45655430    -1.47916440  -382.75113960    -0.00556468    -0.00015552  0.96D-04  0.27D-04  3  3 17391.35
   5      1.46116130    -1.47997820  -382.75195341    -0.00081380    -0.00005139  0.45D-04  0.63D-05  4  4 20734.08
   6      1.46404310    -1.48013779  -382.75211300    -0.00015959    -0.00001632  0.14D-04  0.24D-05  5  5 24069.19
   7      1.46606524    -1.48032543  -382.75230064    -0.00018764    -0.00000548  0.50D-05  0.77D-06  6  6 27407.45
   8      1.46677720    -1.48033557  -382.75231077    -0.00001014    -0.00000221  0.20D-05  0.34D-06  6  2 30750.35
   9      1.46739998    -1.48039373  -382.75236894    -0.00005817    -0.00000086  0.77D-06  0.12D-06  6  1 34087.50
  10      1.46763148    -1.48039807  -382.75237328    -0.00000434    -0.00000030  0.26D-06  0.47D-07  6  4 37447.73
  11      1.46786474    -1.48041324  -382.75238845    -0.00001517    -0.00000011  0.10D-06  0.16D-07  6  3 40804.44
  12      1.46792184    -1.48041205  -382.75238726     0.00000119    -0.00000005  0.46D-07  0.74D-08  6  5 44149.92
  13      1.46796937    -1.48041206  -382.75238726     0.00000000    -0.00000002  0.19D-07  0.33D-08  6  6 47493.14
  14      1.46794066    -1.48040732  -382.75238252     0.00000474    -0.00000001  0.58D-08  0.11D-08  6  1 50833.16
  15      1.46793907    -1.48040555  -382.75238076     0.00000176     0.00000000  0.19D-08  0.44D-09  6  2 54176.98
  16      1.46793575    -1.48040571  -382.75238091    -0.00000015     0.00000000  0.99D-09  0.19D-09  6  3 57524.19

 Norm of t1 vector:      0.18456547      S-energy:    -0.00533363      T1 diagnostic:  0.01791055
                                                                       D1 diagnostic:  0.08276542
 Norm of t2 vector:      0.65868911      P-energy:    -1.47507208
                                         Alpha-Beta:  -1.15624855
                                         Alpha-Alpha: -0.16476688
                                         Beta-Beta:   -0.15405665

 Singles amplitudes (print threshold =  0.500E-01):

         I         SYM. A    A   T(IA) [Beta-Beta]

        12         1         1      0.06387445
        20         1         1      0.05996381

 Spin contamination <S**2-Sz**2-Sz>     0.00403773

 For full I/O caching in triples, increase memory by 1505.43 Mwords to 4505.71 Mwords.
 

  Ecorr(MP2)                           -1.469690692972
  Ecorr(MP2-F12)                       -1.593491913293
  Scale factor for triples energy       1.084236241620

 RESULTS
 =======

  Reference energy                   -381.271975205262
  CABS relaxation correction to RHF    -0.003644490832
  New reference energy               -381.275619696094
 
  F12 corrections for ansatz 3C(FIX) added to UCCSD energy. Coupling mode: 15
 
  UCCSD-F12a singles energy            -0.005333628724
  UCCSD-F12a pair energy               -1.597289110953
  UCCSD-F12a correlation energy        -1.602622739676
  Triples (T) contribution (scaled)    -0.072839649986
  Total correlation energy             -1.675462389662
 
  RHF-UCCSD-F12a energy              -382.878242435771
  RHF-UCCSD[T]-F12a energy           -382.954580255334
  RHF-UCCSD-T-F12a energy            -382.949996753679
 !RHF-UCCSD(T)-F12a energy           -382.951082085756
 
  F12 corrections for ansatz 3C(FIX) added to UCCSD energy. Coupling mode: 15
 
  UCCSD-F12b singles energy            -0.005333628724
  UCCSD-F12b pair energy               -1.575135757850
  UCCSD-F12b correlation energy        -1.580469386574
  Triples (T) contribution (scaled)    -0.072839649986
  Total correlation energy             -1.653309036560
 
  RHF-UCCSD-F12b energy              -382.856089082668
  RHF-UCCSD[T]-F12b energy           -382.932426902231
  RHF-UCCSD-T-F12b energy            -382.927843400576
 !RHF-UCCSD(T)-F12b energy           -382.928928732654

 Program statistics:

 Available memory in ccsd:              2999995808
 Min. memory needed in ccsd:             476499949
 Max. memory used in ccsd:               700559786
 Max. memory used in cckext:             522715393 (17 integral passes)
 Max. memory used in cckint:            1866435477 ( 1 integral passes)



 **********************************************************************************************************************************
 DATASETS  * FILE   NREC   LENGTH (MB)   RECORD NAMES
              1      19       18.21       500      610      700      900      950      970     1000      129      960     1100   
                                          VAR    BASINP    GEOM    SYMINP    ZMAT    AOBASIS   BASIS     P2S    ABASIS      S 
                                         1400     1410     1200     1210     1080     1600     1650     1700      960(1)
                                           T        V       H0       H01     AOSYM     SMH    MOLCAS    OPER    ABASIS    

              2       5       12.01       700     1000      520     2100     7360   
                                         GEOM     BASIS   MCVARS     RHF    F12ABS    

 PROGRAMS   *        TOTALUCCSD(T)-F        HF       INT
 CPU TIMES  *    151659.89 150584.22    415.97    659.24
 REAL TIME  *    167826.03 SEC
 DISK USED  *       404.34 GB      
 SF USED    *       163.89 GB      
 GA USED    *         2.40 MB       (max)       0.00 MB       (current)
 **********************************************************************************************************************************

    UCCSD(T)-F12        HF-SCF  
   -382.92892873   -381.27197521
 **********************************************************************************************************************************
 Variable memory released
