
 Primary working directories    : /scratch/scratchdirs/nyee88
 Secondary working directories  : /scratch/scratchdirs/nyee88
 Wavefunction directory         : /global/homes/n/nyee88/wfu/
 Main file repository           : /scratch/scratchdirs/nyee88/

 SHA1      : d03110ad91d449d0c5f19172a0c0ba2e2d66b3a5
 NAME      : 2012.1.21
 ARCHNAME  : Linux/XT
 FC        : /opt/cray/craype/2.2.1/bin/ftn
 FCVERSION : 14.2-0
 BLASLIB   : 
 id        : lbl

 Nodes     nprocs
 nid03267     3
 nid02876     3
 nid02877     3
 nid02786     3
 nid02787     3
 nid02878     3
 Number of processes for MPI-2 version of Molpro:   nprocs(total)=   24   nprocs(compute)=   18   nprocs(helper)=    6
 ga_uses_ma=false, calling ma_init with nominal heap.
 GA-space will be limited to   8.0 MW (determined by -G option)

 Using customized tuning parameters: mindgm=7; mindgv=24; mindgc=4; mindgr=2; noblas=0; minvec=7
 default implementation of scratch files=sf  

 geometry = {angstrom
  C
  H                  1              B1
  C                  1              B2    2              A1
  H                  3              B3    1              A2    2              D1
  C                  3              B4    1              A3    2              D2
  H                  5              B5    3              A4    1              D3
  H                  5              B6    3              A5    1              D4
  H                  5              B7    3              A6    1              D5
  C                  3              B8    1              A7    5              D6
  H                  9              B9    3              A8    1              D7
  H                  9             B10    3              A9    1              D8
  O                  1             B11    3             A10    9              D9
  O                  9             B12    3             A11    1             D10
  H                 13             B13    9             A12    3             D11
 }
 
       B1 =           1.11254573
       B2 =           1.51476330
       B3 =           1.10066498
       B4 =           1.53773499
       B5 =           1.09324785
       B6 =           1.09211590
       B7 =           1.09395845
       B8 =           1.53475731
       B9 =           1.09279541
       B10 =          1.09995137
       B11 =          1.20895434
       B12 =          1.41559146
       B13 =          0.96514768
       A1 =         115.06748619
       A2 =         105.13353405
       A3 =         110.29174053
       A4 =         111.54577201
       A5 =         110.47947123
       A6 =         111.16558797
       A7 =         111.67755352
       A8 =         109.29964027
       A9 =         109.02046354
       A10 =        124.96837406
       A11 =        112.83964975
       A12 =        105.88312033
       D1 =          69.54678556
       D2 =         -47.15147579
       D3 =          53.69302494
       D4 =         173.44235043
       D5 =         -66.75867493
       D6 =        -126.38206270
       D7 =        -178.95117765
       D8 =          63.83532402
       D9 =           6.53028303
       D10 =        -60.50286016
       D11 =         65.68102198
 
 memory,3000,M
 basis = vtz-f12
 hf
 ccsd(t)-f12,scale_trip=1

 Variables initialized (782), CPU time= 0.02 sec
 Commands  initialized (547), CPU time= 0.04 sec, 517 directives.
 Default parameters read. Elapsed time=24.71 sec

 Checking input...
 Passed
1


                                         ***  PROGRAM SYSTEM MOLPRO  ***
                         Copyright, University College Cardiff Consultants Limited, 2008

                                    Version 2012.1 linked Mar 12 2015 14:11:14


 **********************************************************************************************************************************
 LABEL *                                                                                 
 Linux-3.0.101-0.31.1_1.0502.8394-cray_gem_c/nid03267(x86_64) 64 bit mpp version         DATE: 29-May-15          TIME: 11:51:18  
 **********************************************************************************************************************************

 SHA1:             d03110ad91d449d0c5f19172a0c0ba2e2d66b3a5
 **********************************************************************************************************************************
 SETTING B1             =         1.11254573                                  
 SETTING B2             =         1.51476330                                  
 SETTING B3             =         1.10066498                                  
 SETTING B4             =         1.53773499                                  
 SETTING B5             =         1.09324785                                  
 SETTING B6             =         1.09211590                                  
 SETTING B7             =         1.09395845                                  
 SETTING B8             =         1.53475731                                  
 SETTING B9             =         1.09279541                                  
 SETTING B10            =         1.09995137                                  
 SETTING B11            =         1.20895434                                  
 SETTING B12            =         1.41559146                                  
 SETTING B13            =         0.96514768                                  
 SETTING A1             =       115.06748619                                  
 SETTING A2             =       105.13353405                                  
 SETTING A3             =       110.29174053                                  
 SETTING A4             =       111.54577201                                  
 SETTING A5             =       110.47947123                                  
 SETTING A6             =       111.16558797                                  
 SETTING A7             =       111.67755352                                  
 SETTING A8             =       109.29964027                                  
 SETTING A9             =       109.02046354                                  
 SETTING A10            =       124.96837406                                  
 SETTING A11            =       112.83964975                                  
 SETTING A12            =       105.88312033                                  
 SETTING D1             =        69.54678556                                  
 SETTING D2             =       -47.15147579                                  
 SETTING D3             =        53.69302494                                  
 SETTING D4             =       173.44235043                                  
 SETTING D5             =       -66.75867493                                  
 SETTING D6             =      -126.38206270                                  
 SETTING D7             =      -178.95117765                                  
 SETTING D8             =        63.83532402                                  
 SETTING D9             =         6.53028303                                  
 SETTING D10            =       -60.50286016                                  
 SETTING D11            =        65.68102198                                  

 Variable memory set to 3000000000 words,  buffer space   230000 words

 SETTING BASIS          =    VTZ-F12


 Recomputing integrals since basis changed


 Using spherical harmonics

 Library entry C      S cc-pVTZ-F12          selected for orbital group  1
 Library entry C      P cc-pVTZ-F12          selected for orbital group  1
 Library entry C      D cc-pVTZ-F12          selected for orbital group  1
 Library entry C      F cc-pVTZ-F12          selected for orbital group  1
 Library entry H      S cc-pVTZ-F12          selected for orbital group  2
 Library entry H      P cc-pVTZ-F12          selected for orbital group  2
 Library entry H      D cc-pVTZ-F12          selected for orbital group  2
 Library entry O      S cc-pVTZ-F12          selected for orbital group  9
 Library entry O      P cc-pVTZ-F12          selected for orbital group  9
 Library entry O      D cc-pVTZ-F12          selected for orbital group  9
 Library entry O      F cc-pVTZ-F12          selected for orbital group  9

1PROGRAM * SEWARD (Integral evaluation for generally contracted gaussian basis sets)     Author: Roland Lindh, 1990

 Geometry written to block  1 of record 700

 Orientation using atomic masses  
 Molecule type: Asymmetric top
 Rotational constants:       2.0479162      3.3779137      4.2024315 GHz  (calculated with average atomic masses)

 Point group  C1  



 ATOMIC COORDINATES

 NR  ATOM    CHARGE       X              Y              Z

   1  C       6.00    0.412253729   -2.296169806    0.698995192
   2  H       1.00    1.134719999   -3.547507525    2.226185585
   3  C       6.00    0.675238757    0.509186778    1.203623437
   4  H       1.00    2.717897228    0.889179918    1.106845628
   5  C       6.00   -0.251299775    1.142164051    3.884128850
   6  H       1.00    0.690332198   -0.022512525    5.307140367
   7  H       1.00    0.136820357    3.118502633    4.334371921
   8  H       1.00   -2.288306753    0.837355497    4.061184336
   9  C       6.00   -0.631093558    2.093237426   -0.844754279
  10  H       1.00   -0.366694272    4.098666169   -0.428916959
  11  H       1.00   -2.673515025    1.709941436   -0.797795140
  12  O       8.00   -0.496851099   -3.207452775   -1.188451534
  13  O       8.00    0.384500258    1.677212483   -3.284333419
  14  H       1.00   -0.011908009   -0.053472484   -3.701553752

 Bond lengths in Bohr (Angstrom)

  1- 2  2.102406738   1- 3  2.862487791   1-12  2.284592608   3- 4  2.079955375   3- 5  2.905897994
       ( 1.112545730)       ( 1.514763300)       ( 1.208954340)       ( 1.100664980)       ( 1.537734990)

  3- 9  2.900270994   5- 6  2.065939030   5- 7  2.063799955   5- 8  2.067281870   9-10  2.065084043
       ( 1.534757310)       ( 1.093247850)       ( 1.092115900)       ( 1.093958450)       ( 1.092795410)

  9-11  2.078606847   9-13  2.675080173  13-14  1.823864792
       ( 1.099951370)       ( 1.415591460)       ( 0.965147680)

 Bond angles

  1-3-4  105.13353405   1-3-5  110.29174053   1-3-9  111.67755352   2-1-3  115.06748619

  2- 1-12  119.96410929   3- 1-12  124.96837406   3- 5- 6  111.54577201   3- 5- 7  110.47947123

  3- 5- 8  111.16558797   3- 9-10  109.29964027   3- 9-11  109.02046354   3- 9-13  112.83964975

  4-3-5  108.43658653   4-3-9  108.04095225   5-3-9  112.88640506   6-5-7  107.69050262

  6- 5- 8  107.87847123   7- 5- 8  107.92775803   9-13-14  105.88312033  10- 9-11  107.47734551

 10- 9-13  106.62203407  11- 9-13  111.40547840

 NUCLEAR CHARGE:                   48
 NUMBER OF PRIMITIVE AOS:         600
 NUMBER OF SYMMETRY AOS:          538
 NUMBER OF CONTRACTIONS:          462   ( 462A   )
 NUMBER OF CORE ORBITALS:           6   (   6A   )
 NUMBER OF VALENCE ORBITALS:       32   (  32A   )


 NUCLEAR REPULSION ENERGY  244.73551774


 Eigenvalues of metric

         1 0.233E-04 0.415E-04 0.497E-04 0.897E-04 0.108E-03 0.117E-03 0.125E-03 0.138E-03


 Contracted 2-electron integrals neglected if value below      1.0D-12
 AO integral compression algorithm  1   Integral accuracy      1.0D-12

     22701.408 MB (compressed) written to integral file ( 45.7%)

     Node minimum: 1170.997 MB, node maximum: 1337.459 MB


 NUMBER OF SORTED TWO-ELECTRON INTEGRALS:  317712798.     BUFFER LENGTH:  32768
 NUMBER OF SEGMENTS:  10  SEGMENT LENGTH:   31996008      RECORD LENGTH: 524288

 Memory used in sort:      32.55 MW

 SORT1 READ  6204902778. AND WROTE   286442821. INTEGRALS IN    824 RECORDS. CPU TIME:   342.60 SEC, REAL TIME:   353.78 SEC
 SORT2 READ  5160749106. AND WROTE  5719525581. INTEGRALS IN  88722 RECORDS. CPU TIME:    13.45 SEC, REAL TIME:    35.38 SEC

 Node minimum:   317700916.  Node maximum:   317801928. integrals

 OPERATOR DM      FOR CENTER  0  COORDINATES:    0.000000    0.000000    0.000000


 **********************************************************************************************************************************
 DATASETS  * FILE   NREC   LENGTH (MB)   RECORD NAMES
              1      18       15.58       500      610      700      900      950      970     1000      129      960     1100   
                                          VAR    BASINP    GEOM    SYMINP    ZMAT    AOBASIS   BASIS     P2S    ABASIS      S 
                                         1400     1410     1200     1210     1080     1600     1650     1700   
                                           T        V       H0       H01     AOSYM     SMH    MOLCAS    OPER   

 PROGRAMS   *        TOTAL       INT
 CPU TIMES  *       395.77    395.43
 REAL TIME  *       496.21 SEC
 DISK USED  *        84.35 GB      
 GA USED    *         0.01 MB       (max)       0.00 MB       (current)
 **********************************************************************************************************************************

1PROGRAM * RHF-SCF (CLOSED SHELL)       Authors: W. Meyer, H.-J. Werner


 NUMBER OF ELECTRONS:      24+   24-    SPACE SYMMETRY=1    SPIN SYMMETRY: Singlet 
 CONVERGENCE THRESHOLDS:    1.00E-05 (Density)    1.00E-07 (Energy)
 MAX. NUMBER OF ITERATIONS:       60
 INTERPOLATION TYPE:            DIIS
 INTERPOLATION STEPS:              2 (START)      1 (STEP)
 LEVEL SHIFTS:                  0.00 (CLOSED)  0.00 (OPEN) 



 Orbital guess generated from atomic densities. Full valence occupancy:   38

 Molecular orbital dump at record        2100.2

 ITERATION    DDIFF          GRAD             ENERGY        2-EL.EN.            DIPOLE MOMENTS         DIIS   ORB.
    1      0.000D+00      0.000D+00      -305.86342076    705.618486    0.28582    0.17964    2.14749    0    start
    2      0.000D+00      0.325D-02      -305.94060543    701.760109    0.02344    0.16618    1.12279    1    diag
    3      0.336D-02      0.217D-02      -305.97386540    703.497996    0.15488    0.20194    1.52244    2    diag
    4      0.135D-02      0.409D-03      -305.97616233    703.452587    0.12363    0.16663    1.45262    3    diag
    5      0.361D-03      0.138D-03      -305.97640913    703.361006    0.13297    0.17985    1.45884    4    diag
    6      0.131D-03      0.394D-04      -305.97643965    703.374801    0.12758    0.17631    1.45481    5    diag
    7      0.485D-04      0.156D-04      -305.97644473    703.372255    0.12814    0.17549    1.45290    6    diag
    8      0.221D-04      0.652D-05      -305.97644577    703.371037    0.12771    0.17524    1.45243    7    diag
    9      0.923D-05      0.258D-05      -305.97644596    703.372209    0.12758    0.17493    1.45192    8    diag
   10      0.465D-05      0.534D-06      -305.97644597    703.371766    0.12758    0.17482    1.45182    9    orth
   11      0.116D-05      0.120D-06      -305.97644598    703.372016    0.12757    0.17482    1.45184    0    orth

 Final occupancy:  24

 !RHF STATE 1.1 Energy               -305.976445975055
 Nuclear energy                       244.73551774
 One-electron energy                 -902.39797166
 Two-electron energy                  351.68600794
 Virial quotient                       -1.00122064
 !RHF STATE 1.1 Dipole moment           0.12756906     0.17481914     1.45183661
 Dipole moment /Debye                   0.32422697     0.44431684     3.68995888

 Orbital energies:

         1.1          2.1          3.1          4.1          5.1          6.1          7.1          8.1          9.1         10.1
    -20.570677   -20.547842   -11.344773   -11.281528   -11.254802   -11.243827    -1.411202    -1.354609    -1.093164    -0.933751

        11.1         12.1         13.1         14.1         15.1         16.1         17.1         18.1         19.1         20.1
     -0.895238    -0.784745    -0.711990    -0.670118    -0.654257    -0.613640    -0.599040    -0.569856    -0.559804    -0.544786

        21.1         22.1         23.1         24.1         25.1         26.1
     -0.505440    -0.500082    -0.443921    -0.423886     0.036197     0.048753

 HOMO     24.1    -0.423886 =     -11.5345eV
 LUMO     25.1     0.036197 =       0.9850eV
 LUMO-HOMO         0.460083 =      12.5195eV


 **********************************************************************************************************************************
 DATASETS  * FILE   NREC   LENGTH (MB)   RECORD NAMES
              1      18       15.58       500      610      700      900      950      970     1000      129      960     1100   
                                          VAR    BASINP    GEOM    SYMINP    ZMAT    AOBASIS   BASIS     P2S    ABASIS      S 
                                         1400     1410     1200     1210     1080     1600     1650     1700   
                                           T        V       H0       H01     AOSYM     SMH    MOLCAS    OPER   

              2       4        4.85       700     1000      520     2100   
                                         GEOM     BASIS   MCVARS     RHF  

 PROGRAMS   *        TOTAL        HF       INT
 CPU TIMES  *       520.13    124.35    395.43
 REAL TIME  *       674.29 SEC
 DISK USED  *        85.00 GB      
 SF USED    *         0.86 MB      
 GA USED    *         0.01 MB       (max)       0.00 MB       (current)
 **********************************************************************************************************************************


1PROGRAM * CCSD (Closed-shell coupled cluster)     Authors: C. Hampel, H.-J. Werner, 1991, M. Deegan, P.J. Knowles, 1992

                                  CCSD-F12 implementation by  H.-J. Werner, 2007

                   Density fitting integral evaluation by F.R. Manby, 2003,2007, G. Knizia, 2010

 Basis set CC-PVTZ/JKFIT generated.      Number of basis functions:   714 
 Basis set CC-PVTZ-F12/OPTRI generated.  Number of basis functions:   778 
 Basis set AUG-CC-PVTZ/MP2FIT generated. Number of basis functions:   1004 

 Convergence thresholds:  THRVAR = 1.00D-08  THRDEN = 1.00D-06

 CCSD(T)     terms to be evaluated (factor= 1.000)


 Number of core orbitals:           6 (   6 )
 Number of closed-shell orbitals:  18 (  18 )
 Number of external orbitals:     438 ( 438 )

 Molecular orbitals read from record     2100.2  Type=RHF/CANONICAL (state 1.1)

 MP2-F12 correlation treatment (H.-J. Werner, 2006)
 ==================================================

 Using MP2-F12 with ansatz 3C(FIX)

 Using projected zeroth-order Hamiltonian (+Z)

 FOCKRIB=T FOCKRIC=T FOCKRIP=T CABSP=T CABSA=T CABSK=T CABSF=T GBC=F EBC=F DMAT=T NOFIK=T NOPAO=1 SOLVE=-1  USEPAO=0
 EXCH_A= T EXCH_B= F EXCH_C= F EXCH_P= F
 
 Geminal basis:    OPTFULL  GEM_TYPE=SLATER  BETA=1.0  NGEM=6

 Optimizing Gaussian exponents for each gem_beta

 Geminal optimization for beta= 1.0000
 Weight function:   m=0, omega= 1.4646

 Augmented Hessian optimization of geminal fit. Trust ratio= 0.40000
 Convergence reached after   2 iterations. Final gradient= 8.09D-16, Step= 4.29D-06, Delta= 1.28D-09
 
 Alpha:                 0.19532     0.81920     2.85917     9.50073    35.69989   197.79328
 Coeff:                 0.27070     0.30552     0.18297     0.10986     0.06810     0.04224
 

 All pairs explicitly correlated. Number of r12-pairs:          171

 Excluding core orbitals from MO domains
 
 AO(A)-basis ORBITAL           loaded. Number of functions:     462
 RI(R)-basis CC-PVTZ-F12/OPTRI loaded. Number of functions:     778
 DF-basis CC-PVTZ/JKFIT        loaded. Number of functions:     714

 Screening thresholds:   THRAO=  1.00D-10  THRMO=  1.00D-09  THRPROD=  1.00D-09
                         THRSW=  1.00D-05  THROV=  1.00D-12  THRF12=   1.00D-08

 CPU time for Fock operators                      9.43 sec
 
 Construction of ABS:
 Smallest eigenvalue of S          7.54E-05  (threshold= 1.00E-08)
 Ratio eigmin/eigmax               3.44E-07  (threshold= 1.00E-09)
 Smallest eigenvalue of S kept     7.54E-05  (threshold= 7.54E-05, 0 functions deleted, 778 kept)
 
 Construction of CABS:
 Smallest eigenvalue of S          3.12E-07  (threshold= 1.00E-08)
 Ratio eigmin/eigmax               3.12E-07  (threshold= 1.00E-09)
 Smallest eigenvalue of S kept     3.12E-07  (threshold= 3.12E-07, 0 functions deleted, 778 kept)
 
 CPU time for CABS singles                        7.23 sec

 CABS-singles contribution of  -0.00288092 patched into reference energy.
 New reference energy        -305.97932690
 
 AO(A)-basis ORBITAL           loaded. Number of functions:     462
 RI(R)-basis CC-PVTZ-F12/OPTRI loaded. Number of functions:     778
 DF-basis AUG-CC-PVTZ/MP2FIT   loaded. Number of functions:    1004

 Screening thresholds:   THRAO=  1.00D-10  THRMO=  1.00D-09  THRPROD=  1.00D-09
                         THRSW=  1.00D-05  THROV=  1.00D-12  THRF12=   1.00D-08

 CPU time for 3-index integral evaluation        10.85 sec
 CPU time for first  half transformation          1.49 sec ( 3773.9 MFLOP/sec)
 CPU time for second half transformation          0.79 sec (  223.8 MFLOP/sec)
 CPU time for sorting                             1.52 sec
 CPU time for fitting                             0.82 sec ( 4479.5 MFLOP/sec)
 CPU time for tilde quantities                    0.88 sec ( 6904.9 MFLOP/sec)
 CPU time for assembly                           12.32 sec ( 5635.0 MFLOP/sec)
 CPU time for tranop_f12                         15.67 sec ( 6064.0 MFLOP/sec)
 CPU time for f12 integrals (total)              84.85 sec, Elapsed time:    177.44 sec
 F12-matrices built in 18 passes.
 F12-matrices built in 18 passes.
 F12-matrices built in 18 passes.
 F12-matrices built in 18 passes.
 FC-matrix built in 18 passes.
 CPU time for f12 matrices (total)               17.25 sec, Elapsed time:     19.25 sec

 Diagonal F12 approximation with fixed coefficients:  TSING= 0.500,  TTRIP= 0.250 (scaled by -1/beta)

 DF-MP2-F12 energy corrections:
 ==============================
 Approx.                                    Singlet             Triplet             Total
 DF-MP2-F12/3*C(DX,FIX)                -0.095380939501     -0.010547838590     -0.105928778091
 DF-MP2-F12/3*C(FIX)                   -0.090482791522     -0.009975072087     -0.100457863608
 DF-MP2-F12/3C(FIX)                    -0.090580516988     -0.010344394898     -0.100924911887

 DF-MP2-F12 correlation energies:
 ================================
 Approx.                                    Singlet             Triplet             Ecorr            Total Energy
 DF-MP2                                -0.763068579455     -0.428972222337     -1.192040801792   -307.171367701166
 DF-MP2-F12/3*C(DX,FIX)                -0.858449518955     -0.439520060928     -1.297969579883   -307.277296479257
 DF-MP2-F12/3*C(FIX)                   -0.853551370976     -0.438947294424     -1.292498665400   -307.271825564774
 DF-MP2-F12/3C(FIX)                    -0.853649096443     -0.439316617236     -1.292965713679   -307.272292613053

 SCS-DF-MP2 energies (F_SING= 1.20000  F_TRIP= 0.62222  F_PARALLEL= 0.33333):
 ============================================================================
 SCS-DF-MP2                            -1.182598344800   -307.161925244174
 SCS-DF-MP2-F12/3*C(DX,FIX)            -1.303618571768   -307.282945471142
 SCS-DF-MP2-F12/3*C(FIX)               -1.297384406147   -307.276711305521
 SCS-DF-MP2-F12/3C(FIX)                -1.297731477567   -307.277058376941
 Symmetry transformation completed.

 Number of N-1 electron functions:              18
 Number of N-2 electron functions:             171
 Number of singly external CSFs:              7884
 Number of doubly external CSFs:          31082670
 Total number of CSFs:                    31090555

 Pair and operator lists are different

 Length of J-op  integral file:               4.22 GB
 Length of K-op  integral file:               4.88 GB
 Length of 3-ext integral record:             0.00 MB

 Memory could be reduced to 1798.50 Mwords without degradation in triples

 Integral transformation finished. Total CPU: 997.70 sec, npass=  1  Memory used:1002.93 MW

 Reference energy:                   -305.97932690

 Adding F12 terms to K(Cij), methodcc=6,  factor= 1.0

 ITER.      SQ.NORM     CORR.ENERGY   TOTAL ENERGY   ENERGY CHANGE        DEN1      VAR(S)    VAR(P)  DIIS     TIME
   1      1.33053005    -1.20628067  -307.18560757    -0.01408790     0.01841067  0.63D-02  0.58D-02  1  1  1328.25
   2      1.35274810    -1.20648079  -307.18580769    -0.00020012    -0.02617358  0.11D-03  0.82D-03  2  2  1526.26
   3      1.36135161    -1.20701457  -307.18634147    -0.00053379    -0.00457329  0.13D-03  0.55D-04  3  3  1724.27
   4      1.36520201    -1.20695263  -307.18627953     0.00006194    -0.00204259  0.98D-05  0.83D-05  4  4  1922.61
   5      1.36642292    -1.20697257  -307.18629947    -0.00001993    -0.00032241  0.28D-05  0.90D-06  5  5  2121.12
   6      1.36683611    -1.20694748  -307.18627438     0.00002508    -0.00003231  0.31D-06  0.11D-06  6  6  2320.31
   7      1.36693565    -1.20694097  -307.18626787     0.00000652    -0.00001332  0.36D-07  0.17D-07  6  1  2519.44
   8      1.36694752    -1.20694090  -307.18626780     0.00000007     0.00000204  0.84D-08  0.28D-08  6  3  2718.53
   9      1.36695816    -1.20693998  -307.18626688     0.00000091    -0.00000374  0.19D-08  0.48D-09  6  2  2917.47

 Norm of t1 vector:      0.10654703      S-energy:     0.00000054      T1 diagnostic:  0.01255669
                                                                       D1 diagnostic:  0.04744951

 Adding energy correction from Wij-K(Fij), methodcc=6  factor= 1.0
 
  CCSD correlation energy              -1.206939984095
  MP2-F12 correction (uncoupled)       -0.096817021138
  C*T doubles correction               -0.002953135120
  f12b correction                       0.018267791363

   CPU time for triples:   2037.51 sec for i =  1 - 13 / 18 (~  39.4 % done)
   CPU time for triples:   2377.50 sec for i = 14 - 17 / 18 (~  84.8 % done)
   CPU time for triples:    848.66 sec for i = 18 - 18 / 18 (  100.0 % done)

 Total CPU time for triples:   5336.43 sec

  Ecorr(MP2)                           -1.192192768056
  Ecorr(MP2-F12)                       -1.293117679942
  Scale factor for triples energy       1.084654860012


 RESULTS
 =======

  Reference energy                   -305.976445975056
  F12 singles correction               -0.002880924319

 F12 singles corrections added to reference energy

  New reference energy               -305.979326899375

  F12a singlet correction              -0.089812015423
  F12a triplet correction              -0.009958140835
  F12a total correction                -0.099770156258

 F12a corrections for ansatz F12/3C(FIX) added to CCSD energy
 
  CCSD-F12a singlet pair energy        -0.910723465383
  CCSD-F12a triplet pair energy        -0.395987214325
  CCSD-F12a correlation energy         -1.306710140353

  Triples (T) contribution (scaled)    -0.056353969267
  Total correlation energy             -1.363064109620

  CCSD-F12a total energy             -307.286037039728
  CCSD[T]-F12a energy                -307.344717274956
  CCSD-T-F12a energy                 -307.341516476776
 !CCSD(T)-F12a total energy          -307.342391008995

 F12b corrections for ansatz F12/3C(FIX) added to CCSD(T)-F12a energy

  CCSD-F12b singlet pair energy        -0.893669604092
  CCSD-F12b triplet pair energy        -0.394773284252
  CCSD-F12b correlation energy         -1.288442348990

  Triples (T) contribution (scaled)    -0.056353969267
  Total correlation energy             -1.344796318257

  CCSD-F12b total energy             -307.267769248364
  CCSD[T]-F12b energy                -307.326449483593
  CCSD-T-F12b energy                 -307.323248685413
 !CCSD(T)-F12b total energy          -307.324123217631

 Timing summary (sec):

 STEP                 CPU(USER)    SYS     CPU(TOT)    WALL
 Transformation        999.22     66.84   1066.06   1073.90
 CCSD iterations      1780.52    167.90   1948.42   2113.42
 Triples              5336.43    128.89   5465.32   5481.27
 MP2-F12               138.35     42.82    181.17    261.10
 F12b energy           139.69      3.78    143.47    145.05

 Program statistics:

 Available memory in ccsd:              2999997749
 Min. memory needed in ccsd:              73520536
 Max. memory used in ccsd:               102558334
 Max. memory used in cckext:              75132414 (10 integral passes)



 **********************************************************************************************************************************
 DATASETS  * FILE   NREC   LENGTH (MB)   RECORD NAMES
              1      20     6521.82       500      610      700      900      950      970     1000      129      960     1100   
                                          VAR    BASINP    GEOM    SYMINP    ZMAT    AOBASIS   BASIS     P2S    ABASIS      S 
                                         1400     1410     1200     1210     1080     1600     1650     1700      960(1)  1380   
                                           T        V       H0       H01     AOSYM     SMH    MOLCAS    OPER    ABASIS    JKOP   

              2       6        9.13       700     1000      520     2100     7360     7350   
                                         GEOM     BASIS   MCVARS     RHF    F12ABS    EF12   

 PROGRAMS   *        TOTAL   CCSD(T)        HF       INT
 CPU TIMES  *      8914.65   8394.49    124.35    395.43
 REAL TIME  *      9762.28 SEC
 DISK USED  *        94.65 GB      
 SF USED    *        18.78 GB      
 GA USED    *         2.40 MB       (max)       0.00 MB       (current)
 **********************************************************************************************************************************

     CCSD(T)-F12        HF-SCF  
   -307.32412322   -305.97644598
 **********************************************************************************************************************************
 Variable memory released
