
 Primary working directories    : /scratch/goldmanm/molpro_scratch
 Secondary working directories  : /scratch/goldmanm/molpro_scratch
 Wavefunction directory         : /home/goldmanm/wfu/
 Main file repository           : /scratch/goldmanm/molpro_scratch/

 SHA1      : 5e3d8ac6839c721e2824de82269b4736200146bd
 NAME      : 2015.1.37
 ARCHNAME  : linux/x86_64
 FC        : /opt/intel/composer_xe_2015.1.133/bin/intel64/ifort
 BLASLIB   : -Wl,-_start-group /opt/intel/mkl/lib/intel64/libmkl_intel_ilp64.a /opt/intel/mkl/lib/intel64/libmkl_intel_thread.a /opt/intel/mkl/lib/intel64/libmkl_core.a -Wl,-_end-group
 id        : phalgunlolur

 Nodes     nprocs
 node02       1

 Using customized tuning parameters: mindgm=1; mindgv=20; mindgc=4; mindgr=1; noblas=0; minvec=7
 default implementation of scratch files=df  

 geometry = {angstrom
  C
  H                  1              B1
  H                  1              B2    2              A1
  O                  1              B3    2              A2    3              D1
  H                  4              B4    1              A3    2              D2
  C                  1              B5    4              A4    5              D3
  C                  6              B6    1              A5    4              D4
  H                  7              B7    6              A6    1              D5
  H                  7              B8    6              A7    1              D6
  H                  7              B9    6              A8    1              D7
  C                  6             B10    1              A9    4              D8
  H                 11             B11    6             A10    1              D9
  H                 11             B12    6             A11    1             D10
  H                 11             B13    6             A12    1             D11
  O                  6             B14    1             A13    4             D12
  O                 15             B15    6             A14    1             D13
 }
 
    B1    =        1.10030553
    B2    =        1.10285029
    B3    =        1.34928994
    B4    =        1.35223804
    B5    =        1.62768625
    B6    =        1.52134647
    B7    =        1.09207379
    B8    =        1.09185065
    B9    =        1.09114612
    B10    =       1.52537549
    B11    =       1.09221756
    B12    =       1.09238506
    B13    =       1.08746327
    B14    =       1.41856161
    B15    =       1.40037608
    A1    =      110.56861884
    A2    =      114.17422703
    A3    =      103.72925914
    A4    =      109.62013412
    A5    =      110.27767156
    A6    =      110.14500427
    A7    =      110.05997389
    A8    =      110.77015431
    A9    =      110.15385686
    A10    =     109.61302536
    A11    =     109.46397153
    A12    =     111.16720236
    A13    =     103.37985074
    A14    =     110.23018781
    D1    =     -127.16138827
    D2    =      -92.35180110
    D3    =       27.07958650
    D4    =     -167.91922424
    D5    =     -176.80878301
    D6    =      -57.39223946
    D7    =       62.98868599
    D8    =       65.36973924
    D9    =       72.34192040
    D10    =    -168.50387538
    D11    =     -48.04032406
    D12    =     -55.62567721
    D13    =      66.26811149
 
 memory,1900,M
 basis = vtz-f12
 {hf,iptyp='KAIN',maxit=300}
 uccsd(t)-f12,scale_trip=1

 Variables initialized (889), CPU time= 0.00 sec
 Commands  initialized (702), CPU time= 0.01 sec, 572 directives.
 Default parameters read. Elapsed time= 0.09 sec

 Checking input...
 Passed
1


                                         ***  PROGRAM SYSTEM MOLPRO  ***
                                       Copyright, TTI GmbH Stuttgart, 2015
                                    Version 2015.1 linked Aug 10 2018 15:00:15


 **********************************************************************************************************************************
 LABEL *                                                                                 
  64 bit serial version                                                                  DATE: 04-Sep-19          TIME: 22:50:43  
 **********************************************************************************************************************************

 SHA1:             5e3d8ac6839c721e2824de82269b4736200146bd
 **********************************************************************************************************************************
 SETTING B1             =         1.10030553                                  
 SETTING B2             =         1.10285029                                  
 SETTING B3             =         1.34928994                                  
 SETTING B4             =         1.35223804                                  
 SETTING B5             =         1.62768625                                  
 SETTING B6             =         1.52134647                                  
 SETTING B7             =         1.09207379                                  
 SETTING B8             =         1.09185065                                  
 SETTING B9             =         1.09114612                                  
 SETTING B10            =         1.52537549                                  
 SETTING B11            =         1.09221756                                  
 SETTING B12            =         1.09238506                                  
 SETTING B13            =         1.08746327                                  
 SETTING B14            =         1.41856161                                  
 SETTING B15            =         1.40037608                                  
 SETTING A1             =       110.56861884                                  
 SETTING A2             =       114.17422703                                  
 SETTING A3             =       103.72925914                                  
 SETTING A4             =       109.62013412                                  
 SETTING A5             =       110.27767156                                  
 SETTING A6             =       110.14500427                                  
 SETTING A7             =       110.05997389                                  
 SETTING A8             =       110.77015431                                  
 SETTING A9             =       110.15385686                                  
 SETTING A10            =       109.61302536                                  
 SETTING A11            =       109.46397153                                  
 SETTING A12            =       111.16720236                                  
 SETTING A13            =       103.37985074                                  
 SETTING A14            =       110.23018781                                  
 SETTING D1             =      -127.16138827                                  
 SETTING D2             =       -92.35180110                                  
 SETTING D3             =        27.07958650                                  
 SETTING D4             =      -167.91922424                                  
 SETTING D5             =      -176.80878301                                  
 SETTING D6             =       -57.39223946                                  
 SETTING D7             =        62.98868599                                  
 SETTING D8             =        65.36973924                                  
 SETTING D9             =        72.34192040                                  
 SETTING D10            =      -168.50387538                                  
 SETTING D11            =       -48.04032406                                  
 SETTING D12            =       -55.62567721                                  
 SETTING D13            =        66.26811149                                  

 Variable memory set to 1900000000 words,  buffer space   230000 words

 SETTING BASIS          =    VTZ-F12


 Recomputing integrals since basis changed


 Using spherical harmonics

 Library entry C      S cc-pVTZ-F12          selected for orbital group  1
 Library entry C      P cc-pVTZ-F12          selected for orbital group  1
 Library entry C      D cc-pVTZ-F12          selected for orbital group  1
 Library entry C      F cc-pVTZ-F12          selected for orbital group  1
 Library entry H      S cc-pVTZ-F12          selected for orbital group  2
 Library entry H      P cc-pVTZ-F12          selected for orbital group  2
 Library entry H      D cc-pVTZ-F12          selected for orbital group  2
 Library entry O      S cc-pVTZ-F12          selected for orbital group  3
 Library entry O      P cc-pVTZ-F12          selected for orbital group  3
 Library entry O      D cc-pVTZ-F12          selected for orbital group  3
 Library entry O      F cc-pVTZ-F12          selected for orbital group  3


 PROGRAM * SEWARD (Integral evaluation for generally contracted gaussian basis sets)     Author: Roland Lindh, 1990

 Geometry written to block  1 of record 700

 Orientation using atomic masses  
 Molecule type: Asymmetric top
 Rotational constants:       2.4605091      2.0944616      3.3398602 GHz  (calculated with average atomic masses)

 Point group  C1  



 ATOMIC COORDINATES

 NR  ATOM    CHARGE       X              Y              Z

   1  C       6.00    2.479948943    0.619396044   -0.587125865
   2  H       1.00    2.834029004    2.651921347   -0.328558036
   3  H       1.00    4.044801800   -0.503522910    0.208926184
   4  O       8.00    1.957407879   -0.051978758   -2.990795527
   5  H       1.00   -0.592756390    0.058375479   -3.110572721
   6  C       6.00    0.098588294   -0.092294563    1.224962234
   7  C       6.00    0.405075718    1.141476401    3.803544527
   8  H       1.00   -1.139041078    0.575536383    5.050283068
   9  H       1.00    2.184930553    0.550496386    4.663812451
  10  H       1.00    0.397244942    3.196642634    3.636392811
  11  C       6.00   -0.252237132   -2.951596572    1.326753304
  12  H       1.00    1.260602046   -3.795716075    2.448735075
  13  H       1.00   -2.061794036   -3.391305696    2.217556109
  14  H       1.00   -0.217771968   -3.770980968   -0.557517967
  15  O       8.00   -1.961317204    1.174834958    0.068551097
  16  O       8.00   -2.469313372    0.119318733   -2.304395041

 Bond lengths in Bohr (Angstrom)

 1-2  2.079276105  1-3  2.084085004  1-4  2.549788449  1-6  3.075881229  4-5  2.555359551
     ( 1.100305530)     ( 1.102850290)     ( 1.349289940)     ( 1.627686250)     ( 1.352238040)

  5-16  2.043306789   6- 7  2.874928169   6-11  2.882541913   6-15  2.680692934   7- 8  2.063720371
       ( 1.081271388)       ( 1.521346470)       ( 1.525375490)       ( 1.418561610)       ( 1.092073790)

  7- 9  2.063298697   7-10  2.061967329  11-12  2.063992057  11-13  2.064308586  11-14  2.055007751
       ( 1.091850650)       ( 1.091146120)       ( 1.092217560)       ( 1.092385060)       ( 1.087463270)

 15-16  2.646327263
       ( 1.400376080)

 Bond angles

  1- 4- 5  103.72925914   1- 6- 7  110.27767156   1- 6-11  110.15385686   1- 6-15  103.37985074

  2-1-3  110.56861884   2-1-4  114.17422703   2-1-6  106.54413816   3-1-4  111.84421383

  3- 1- 6  103.39260752   4- 1- 6  109.62013412   4- 5-16  154.06876705   5-16-15  100.91695404

  6- 7- 8  110.14500427   6- 7- 9  110.05997389   6- 7-10  110.77015431   6-11-12  109.61302536

  6-11-13  109.46397153   6-11-14  111.16720236   6-15-16  110.23018781   7- 6-11  114.01591763

  7- 6-15  105.42545671   8- 7- 9  108.36113689   8- 7-10  108.63024086   9- 7-10  108.81750396

 11- 6-15  112.99105671  12-11-13  108.71272029  12-11-14  108.84885382  13-11-14  108.99249382

 NUCLEAR CHARGE:                   57
 NUMBER OF PRIMITIVE AOS:         693
 NUMBER OF SYMMETRY AOS:          621
 NUMBER OF CONTRACTIONS:          533   ( 533A   )
 NUMBER OF CORE ORBITALS:           7   (   7A   )
 NUMBER OF VALENCE ORBITALS:       37   (  37A   )


 NUCLEAR REPULSION ENERGY  345.76881256


 Eigenvalues of metric

         1 0.190E-04 0.278E-04 0.325E-04 0.513E-04 0.809E-04 0.929E-04 0.114E-03 0.120E-03


 Contracted 2-electron integrals neglected if value below      1.0D-12
 AO integral compression algorithm  1   Integral accuracy      1.0D-12

     39623.328 MB (compressed) written to integral file ( 45.5%)


 NUMBER OF SORTED TWO-ELECTRON INTEGRALS:10126281516.     BUFFER LENGTH:  32768
 NUMBER OF SEGMENTS: 159  SEGMENT LENGTH:   63999810      RECORD LENGTH: 262144

 Memory used in sort:      64.29 MW

 SORT1 READ 10882449116. AND WROTE  9218002915. INTEGRALS IN  52827 RECORDS. CPU TIME:   205.54 SEC, REAL TIME:   481.67 SEC
 SORT2 READ  9218002915. AND WROTE 10126281516. INTEGRALS IN 151151 RECORDS. CPU TIME:   164.83 SEC, REAL TIME:   969.30 SEC

 FILE SIZES:   FILE 1: 39653.9 MBYTE,  FILE 4:110786.3 MBYTE,   TOTAL: 150440.2 MBYTE

 OPERATOR DM      FOR CENTER  0  COORDINATES:    0.000000    0.000000    0.000000


 **********************************************************************************************************************************
 DATASETS  * FILE   NREC   LENGTH (MB)   RECORD NAMES
              1      19    37136.59       500      610      700      900      950      970     1000      129      960     1100   
                                          VAR    BASINP    GEOM    SYMINP    ZMAT    AOBASIS   BASIS     P2S    ABASIS      S 
                                         1400     1410     1200     1210     1080     1600     1650     1300     1700   
                                           T        V       H0       H01     AOSYM     SMH    MOLCAS    ERIS     OPER   

 PROGRAMS   *        TOTAL       INT
 CPU TIMES  *       882.58    882.44
 REAL TIME  *      2001.32 SEC
 DISK USED  *       150.44 GB      
 **********************************************************************************************************************************


 PROGRAM * RHF-SCF (OPEN SHELL)       Authors: W. Meyer, H.-J. Werner


 NUMBER OF ELECTRONS:      29+   28-    SPACE SYMMETRY=1    SPIN SYMMETRY: Doublet 
 CONVERGENCE THRESHOLDS:    1.00E-05 (Density)    1.14E-07 (Energy)
 MAX. NUMBER OF ITERATIONS:      300
 INTERPOLATION TYPE:            KAIN
 INTERPOLATION STEPS:              2 (START)      1 (STEP)
 LEVEL SHIFTS:                 -0.60 (CLOSED) -0.30 (OPEN) 



 Orbital guess generated from atomic densities. Full valence occupancy:   44

 Molecular orbital dump at record        2100.2

 Initial alpha occupancy:  29
 Initial beta  occupancy:  28
 Wave function symmetry:    1

 ITERATION    DDIFF          GRAD             ENERGY        2-EL.EN.            DIPOLE MOMENTS         DIIS   ORB.
    1      0.000D+00      0.000D+00      -381.08510712    959.349719    0.11366    0.06110    2.64080    0    start
    2      0.000D+00      0.337D-02      -381.20312369    961.405140    0.54492   -0.32003    1.66982    1    diag,B
    3      0.222D-02      0.139D-02      -381.22310885    961.090291    0.42174   -0.18822    1.75131    2    diag,B
    4      0.850D-03      0.530D-03      -381.23224500    961.157865    0.54121   -0.22736    1.51177    3    diag,B
    5      0.612D-03      0.269D-03      -381.23677962    961.249194    0.64845   -0.22659    1.42966    4    diag,B
    6      0.357D-03      0.259D-03      -381.24938589    960.978082    0.90490   -0.19869    1.20790    5    diag,B
    7      0.201D-02      0.883D-03      -381.25281473    961.524038    1.05138   -0.27758    1.14932    6    fixocc
     Orbital 20.1 strongly deviates from fixed occupation: 1.88981  (now: 2.00)
     Orbital 29.1 strongly deviates from fixed occupation: 1.12621  (now: 1.00)
     Note:  Use {hf,nitord=N} to fix occupations at iteration N
            Use {gthresh,occdev=1.0} to suppress deviation warnings
    8      0.124D-02      0.379D-03      -381.24692855    961.100164    0.93875   -0.14882    1.18541    7    diag,B
    9      0.188D-02      0.103D-02      -381.26338847    961.372268    1.12626   -0.23254    1.02400    8    diag,B
   10      0.834D-03      0.293D-03      -381.26450835    961.593964    1.27356   -0.27110    0.92014    9    orth
   11      0.519D-03      0.149D-03      -381.26492038    961.502462    1.26914   -0.25394    0.91497    9    diag,B
   12      0.206D-03      0.397D-04      -381.26496692    961.502989    1.26154   -0.25567    0.92222    9    diag,B
   13      0.107D-03      0.249D-04      -381.26496444    961.521606    1.27552   -0.25745    0.91251    9    diag,B
   14      0.518D-04      0.483D-04      -381.26496214    961.480730    1.26120   -0.24054    0.92271    9    diag,B
   15      0.209D-03      0.899D-04      -381.26529283    961.508811    1.27550   -0.24293    0.91752    9    diag,B
   16      0.212D-03      0.378D-04      -381.26555709    961.557671    1.30312   -0.23147    0.90285    9    diag,B
   17      0.346D-03      0.520D-04      -381.26577518    961.566559    1.32001   -0.22658    0.88702    9    diag,B
   18      0.332D-03      0.630D-04      -381.26610794    961.627364    1.34424   -0.20795    0.86353    9    diag,B
   19      0.518D-03      0.561D-04      -381.26628854    961.615838    1.35086   -0.19485    0.86200    9    diag,B
   20      0.320D-03      0.489D-04      -381.26632404    961.666306    1.38881   -0.18794    0.82297    9    orth
   21      0.402D-03      0.748D-04      -381.26638092    961.651958    1.38201   -0.18770    0.83605    9    diag,B
   22      0.142D-03      0.148D-04      -381.26638391    961.678667    1.40294   -0.18326    0.81925    9    diag,B
   23      0.239D-03      0.380D-04      -381.26639289    961.657513    1.38722   -0.18549    0.83588    9    diag,B
   24      0.167D-03      0.171D-04      -381.26640518    961.677429    1.40237   -0.18262    0.82443    9    diag,B
   25      0.159D-03      0.790D-05      -381.26640680    961.687159    1.40727   -0.18168    0.82160    9    diag,B
   26      0.618D-04      0.883D-05      -381.26640784    961.685838    1.40595   -0.18167    0.82320    9    diag,B
   27      0.192D-04      0.298D-05      -381.26640808    961.687438    1.40641   -0.18133    0.82330    9    diag,B
   28      0.177D-04      0.672D-06      -381.26640808    961.687526    1.40663   -0.18128    0.82310    9    diag,B
   29      0.409D-05      0.342D-06      -381.26640808    961.687548    1.40658   -0.18126    0.82326    0    orth

 Final alpha occupancy:  29
 Final beta  occupancy:  28

 !RHF STATE 1.1 Energy               -381.266408084592
 Nuclear energy                       345.76881256
 One-electron energy                -1207.87899474
 Two-electron energy                  480.84377410
 Virial quotient                       -1.00068285
 !RHF STATE 1.1 Dipole moment           1.40657525    -0.18126011     0.82325576
 Dipole moment /Debye                   3.57492352    -0.46068707     2.09237038

 Orbital energies:

         1.1          2.1          3.1          4.1          5.1          6.1          7.1          8.1          9.1         10.1
    -20.654607   -20.599780   -20.580282   -11.318433   -11.307556   -11.236102   -11.227646    -1.478594    -1.405269    -1.198891

        11.1         12.1         13.1         14.1         15.1         16.1         17.1         18.1         19.1         20.1
     -1.049254    -0.960151    -0.931632    -0.811523    -0.720872    -0.685185    -0.662671    -0.644838    -0.629304    -0.602791

        21.1         22.1         23.1         24.1         25.1         26.1         27.1         28.1         29.1         30.1
     -0.566754    -0.558118    -0.546803    -0.539541    -0.506182    -0.496191    -0.453944    -0.411430    -0.622766     0.035855

        31.1
      0.045693

 HOMO     29.1    -0.622766 =     -16.9463eV
 LUMO     30.1     0.035855 =       0.9757eV
 LUMO-HOMO         0.658621 =      17.9220eV


 **********************************************************************************************************************************
 DATASETS  * FILE   NREC   LENGTH (MB)   RECORD NAMES
              1      19    37136.59       500      610      700      900      950      970     1000      129      960     1100   
                                          VAR    BASINP    GEOM    SYMINP    ZMAT    AOBASIS   BASIS     P2S    ABASIS      S 
                                         1400     1410     1200     1210     1080     1600     1650     1300     1700   
                                           T        V       H0       H01     AOSYM     SMH    MOLCAS    ERIS     OPER   

              2       4       11.04       700     1000      520     2100   
                                         GEOM     BASIS   MCVARS     RHF  

 PROGRAMS   *        TOTAL        HF       INT
 CPU TIMES  *      5431.05   4548.47    882.44
 REAL TIME  *      6878.26 SEC
 DISK USED  *       150.44 GB      
 **********************************************************************************************************************************


 PROGRAM * CCSD (Unrestricted open-shell coupled cluster)     Authors: C. Hampel, H.-J. Werner, 1991, M. Deegan, P.J. Knowles, 1992

                           UCCSD-F12 implementation by G. Knizia and H.-J. Werner, 2008

                   Density fitting integral evaluation by F.R. Manby, 2003,2007, G. Knizia, 2010

 Basis set CC-PVTZ/JKFIT generated.      Number of basis functions:   823 
 Basis set CC-PVTZ-F12/OPTRI generated.  Number of basis functions:   894 
 Basis set AUG-CC-PVTZ/MP2FIT generated. Number of basis functions:   1156 

 Convergence thresholds:  THRVAR = 1.00D-08  THRDEN = 1.14D-06

 CCSD(T)     terms to be evaluated (factor= 1.000)


 Number of core orbitals:           7 (   7 )
 Number of closed-shell orbitals:  21 (  21 )
 Number of active  orbitals:        1 (   1 )
 Number of external orbitals:     504 ( 504 )

 For full I/O caching in triples, increase memory by 2352.23 Mwords to 4252.51 Mwords.

 Number of N-1 electron functions:              43
 Number of N-2 electron functions:             903
 Number of singly external CSFs:             21715
 Number of doubly external CSFs:         173943210
 Total number of CSFs:                   173964925

 Molecular orbitals read from record     2100.2  Type=RHF/CANONICAL (state 1.1)

 Integral transformation finished. Total CPU:1666.50 sec, npass=  1  Memory used:1866.44 MW
 
 Geminal basis:    OPTFULL  GEM_TYPE=SLATER  BETA=1.0  NGEM=6

 Optimizing Gaussian exponents for each gem_beta

 Geminal optimization for beta= 1.0000
 Weight function:   m=0, omega= 1.4646

 Augmented Hessian optimization of geminal fit. Trust ratio= 0.40000
 Convergence reached after   2 iterations. Final gradient= 8.17D-16, Step= 4.34D-06, Delta= 1.28D-09
 
 Alpha:                 0.19532     0.81920     2.85917     9.50073    35.69989   197.79328
 Coeff:                 0.27070     0.30552     0.18297     0.10986     0.06810     0.04224
 
 
 WFN_F12=FIX,EG    DECOUPLE_EXPL=F   HYBRID=0    NOX=F   SEMIINT_F12=T   CORE_SINGLES=F
 
 AO(A)-basis ORBITAL           loaded. Number of functions:     533
 RI(R)-basis CC-PVTZ-F12/OPTRI loaded. Number of functions:     894
 DF-basis CC-PVTZ/JKFIT        loaded. Number of functions:     823

 Screening thresholds:   THRAO=  1.00D-10  THRMO=  1.00D-09  THRPROD=  1.00D-09
                         THRSW=  1.00D-05  THROV=  1.00D-12  THRAOF12=   1.00D-08

 CPU time for one-electron matrices              77.61 sec
 
 Construction of ABS:
 Pseudo-inverse stability          3.39E-11
 Smallest eigenvalue of S          4.34E-05  (threshold= 1.00E-08)
 Ratio eigmin/eigmax               4.02E-06  (threshold= 1.00E-09)
 Smallest eigenvalue of S kept     4.34E-05  (threshold= 4.34E-05, 0 functions deleted, 894 kept)
 
 Construction of CABS:
 Pseudo-inverse stability          1.28E-09
 Smallest eigenvalue of S          8.95E-08  (threshold= 1.00E-08)
 Ratio eigmin/eigmax               8.95E-08  (threshold= 1.00E-09)
 Smallest eigenvalue of S kept     8.95E-08  (threshold= 8.95E-08, 0 functions deleted, 894 kept)
 
 CPU time for basis constructions                 2.05 sec
 Fock operators(MO) rebuilt from dump record.
 CPU time for fock operators                      5.29 sec
 
                                      TOTAL          ALPHA          BETA    
  Singles Contributions MO        -0.004367164   -0.002182400   -0.002184764
  Singles Contributions CABS      -0.003609572   -0.001880838   -0.001728734
  Pure DF-RHF relaxation          -0.003592037
 
 CPU time for singles                             9.23 sec
 
 AO(A)-basis ORBITAL           loaded. Number of functions:     533
 RI(R)-basis CC-PVTZ-F12/OPTRI loaded. Number of functions:     894
 DF-basis AUG-CC-PVTZ/MP2FIT   loaded. Number of functions:    1156

 Screening thresholds:   THRAO=  1.00D-10  THRMO=  1.00D-09  THRPROD=  1.00D-09
                         THRSW=  1.00D-05  THROV=  1.00D-12  THRAOF12=   1.00D-08

 CPU time for transformed integrals            2528.85 sec
 CPU time for F12 matrices                      155.60 sec

 Diagonal F12 ansatz with fixed amplitudes:   TS= 0.5000  TT= 0.2500  TN= 0.3750
 
 ITER.     SQ.NORM      CORR.ENERGY   TOTAL ENERGY  ENERGY CHANGE      VAR         CPU   MICRO    DIIS
   1      1.38987874    -1.56541797  -382.83541809    -1.5690E+00   3.87E-01      4.12  1  1  1   0  0
   2      1.39071090    -1.56547910  -382.83547922    -6.1133E-05   2.12E-04     61.04  0  0  0   1  1
   3      1.39117050    -1.56602103  -382.83602115    -5.4193E-04   2.40E-06    119.70  0  0  0   2  2
   4      1.39118507    -1.56602580  -382.83602592    -4.7679E-06   2.38E-08    179.03  0  0  0   3  3
   5      1.39118709    -1.56602585  -382.83602597    -4.5278E-08   3.58E-10    239.08  0  0  0   4  4
 
 - - Continuing with F12/conv. amplitude coupling turned on.
 
   6      1.39127241    -1.56672315  -382.83672327    -6.9735E-04   1.18E-04    299.57  1  1  1   1  1
   7      1.39127187    -1.56672357  -382.83672369    -4.2419E-07   4.28E-09    360.77  1  1  1   2  2
 
 CPU time for iterative RMP2-F12                360.77 sec
 
 
 DF-RMP2-F12 doubles corrections:
 - - - - - - - - - - - - - - - - 
  Approx.                             TOTAL           A-B            A-A            B-B    
  RMP2-F12/3C(FIX)                -0.123372250   -0.114435545   -0.004809539   -0.004127166
  RMP2-F12/3*C(FIX)               -0.122674521   -0.114100597   -0.004618146   -0.003955779
  RMP2-F12/3*C(DX)                -0.123143097   -0.114527097   -0.004643231   -0.003972769
  RMP2-F12/3*C(FIX,DX)            -0.130284092   -0.121150847   -0.004936928   -0.004196317
 
 DF-RMP2-F12 doubles energies:
 - - - - - - - - - - - - - - -
  Approx.                             TOTAL           A-B            A-A            B-B    
  RMP2                            -1.438984160   -1.090198772   -0.180787965   -0.167997423
  RMP2-F12/3C(FIX)                -1.562356409   -1.204634317   -0.185597503   -0.172124588
  RMP2-F12/3*C(FIX)               -1.561658681   -1.204299369   -0.185406111   -0.171953201
  RMP2-F12/3*C(DX)                -1.562127257   -1.204725870   -0.185431196   -0.171970192
  RMP2-F12/3*C(FIX,DX)            -1.569268252   -1.211349620   -0.185724892   -0.172193740
 
 
  Reference energy                   -381.266408084583
  CABS relaxation correction to RHF    -0.003592036530
  New reference energy               -381.270000121113
 
  RMP2-F12 singles (MO) energy         -0.004367164433
  RMP2-F12 pair energy                 -1.562356409317
  RMP2-F12 correlation energy          -1.566723573749
 
 !RMP2-F12/3C(FIX) energy            -382.836723694862

 Starting RMP2 calculation

 ITER.      SQ.NORM     CORR.ENERGY   TOTAL ENERGY   ENERGY CHANGE        DEN1      VAR(S)    VAR(P)  DIIS     TIME
   1      1.38694746    -1.43846847  -382.70487655    -1.43846847    -0.00459452  0.49D-04  0.17D-02  1  1  5017.04
   2      1.39103092    -1.44341958  -382.70982766    -0.00495111    -0.00001346  0.31D-05  0.49D-05  2  2  5075.16
   3      1.39118707    -1.44351364  -382.70992172    -0.00009406    -0.00000028  0.26D-06  0.40D-07  3  3  5134.31
   4      1.39119615    -1.44351504  -382.70992313    -0.00000140    -0.00000001  0.12D-07  0.76D-09  4  4  5195.95
   5      1.39119757    -1.44351523  -382.70992332    -0.00000019    -0.00000000  0.31D-09  0.40D-10  5  5  5257.10

 Norm of t1 vector:      0.04901604      S-energy:    -0.00436708      T1 diagnostic:  0.00094394
 Norm of t2 vector:      0.62353428      P-energy:    -1.43914815
                                         Alpha-Beta:  -1.09066135
                                         Alpha-Alpha: -0.18062949
                                         Beta-Beta:   -0.16785731

 Spin contamination <S**2-Sz**2-Sz>     0.00141738
  Reference energy                   -381.270000121115
  RHF-RMP2 correlation energy          -1.443515232559
 !RHF-RMP2 energy                    -382.713515353674

 Starting UCCSD calculation

 ITER.      SQ.NORM     CORR.ENERGY   TOTAL ENERGY   ENERGY CHANGE        DEN1      VAR(S)    VAR(P)  DIIS     TIME
   1      1.38971776    -1.42072216  -382.68713025    -1.42072216    -0.03972451  0.93D-02  0.66D-02  0  0 22773.58
   2      1.42347821    -1.45509533  -382.72150341    -0.03437316    -0.00483330  0.82D-03  0.14D-02  1  1 39860.59
   3      1.44308603    -1.46168802  -382.72809611    -0.00659270    -0.00159777  0.15D-02  0.16D-03  2  2 56100.26
   4      1.45807812    -1.46672457  -382.73313265    -0.00503654    -0.00074606  0.73D-03  0.79D-04  3  3 72194.82
   5      1.48005082    -1.46965910  -382.73606718    -0.00293453    -0.00047868  0.57D-03  0.32D-04  4  4 88281.83
   6      1.50339233    -1.47102065  -382.73742874    -0.00136156    -0.00029909  0.35D-03  0.23D-04  5  5104461.49
   7      1.53613925    -1.47265718  -382.73906527    -0.00163653    -0.00020969  0.25D-03  0.14D-04  6  6120602.24
   8      1.55313139    -1.47323853  -382.73964661    -0.00058134    -0.00018179  0.21D-03  0.12D-04  6  4137010.83
   9      1.57862420    -1.47389876  -382.74030684    -0.00066023    -0.00016248  0.19D-03  0.10D-04  6  1153590.34
  10      1.60807968    -1.47451461  -382.74092269    -0.00061585    -0.00015050  0.17D-03  0.98D-05  6  6170048.44
  11      1.69599157    -1.47636063  -382.74276871    -0.00184602    -0.00013359  0.14D-03  0.85D-05  6  2186649.32
  12      1.72885351    -1.47651685  -382.74292493    -0.00015622    -0.00011495  0.12D-03  0.88D-05  6  3203082.58
  13      2.08908910    -1.48034870  -382.74675679    -0.00383185    -0.00007192  0.71D-04  0.57D-05  6  4219803.63
  14      2.08893102    -1.48028221  -382.74669030     0.00006649    -0.00006526  0.61D-04  0.62D-05  6  1236469.63
  15      2.27621159    -1.48124628  -382.74765436    -0.00096407    -0.00002492  0.21D-04  0.36D-05  6  5252842.61
  16      2.42601316    -1.48237720  -382.74878528    -0.00113092    -0.00001242  0.10D-04  0.19D-05  6  4269621.55
  17      2.37575440    -1.48173121  -382.74813930     0.00064598    -0.00000865  0.60D-05  0.17D-05  6  3286061.55
  18      2.43272421    -1.48217900  -382.74858708    -0.00044778    -0.00000488  0.43D-05  0.67D-06  6  4302432.67
  19      2.42169648    -1.48192599  -382.74833407     0.00025301    -0.00000277  0.24D-05  0.39D-06  6  3319001.28
  20      2.43932965    -1.48206528  -382.74847337    -0.00013929    -0.00000171  0.14D-05  0.30D-06  6  6335338.25
  21      2.46274689    -1.48220298  -382.74861107    -0.00013770    -0.00000088  0.75D-06  0.14D-06  6  2351894.92
  22      2.47628061    -1.48224721  -382.74865530    -0.00004423    -0.00000040  0.30D-06  0.76D-07  6  1368421.81
  23      2.48346262    -1.48228031  -382.74868840    -0.00003310    -0.00000021  0.16D-06  0.36D-07  6  5384708.52
  24      2.48476596    -1.48230761  -382.74871569    -0.00002729    -0.00000007  0.63D-07  0.11D-07  6  3401435.52
  25      2.48308635    -1.48231276  -382.74872084    -0.00000515    -0.00000004  0.36D-07  0.65D-08  6  4417912.91
  26      2.47977239    -1.48230623  -382.74871432     0.00000653    -0.00000002  0.21D-07  0.30D-08  6  1434709.79
  27      2.47835173    -1.48230063  -382.74870871     0.00000560    -0.00000001  0.13D-07  0.22D-08  6  6451271.65
  28      2.47683884    -1.48229135  -382.74869944     0.00000927    -0.00000001  0.11D-07  0.11D-08  6  2467513.09
  29      2.47582417    -1.48228333  -382.74869141     0.00000803    -0.00000001  0.59D-08  0.94D-09  6  5483839.80
  30      2.47443524    -1.48227227  -382.74868036     0.00001105    -0.00000000  0.22D-08  0.38D-09  6  1500216.36
  31      2.47371901    -1.48226604  -382.74867413     0.00000623    -0.00000000  0.58D-09  0.19D-09  6  3517146.73
  32      2.47327518    -1.48226224  -382.74867032     0.00000380    -0.00000000  0.20D-09  0.79D-10  6  2533668.37
  33      2.47302811    -1.48226114  -382.74866923     0.00000109    -0.00000000  0.88D-10  0.18D-10  6  4549902.80

 Norm of t1 vector:      0.97499503      S-energy:    -0.00617911      T1 diagnostic:  0.10430352
                                                                       D1 diagnostic:  0.67494080
 Norm of t2 vector:      0.72278129      P-energy:    -1.47608203
                                         Alpha-Beta:  -1.15297658
                                         Alpha-Alpha: -0.16335655
                                         Beta-Beta:   -0.15974890

 Singles amplitudes (print threshold =  0.500E-01):

         I         SYM. A    A   T(IA) [Beta-Beta]

         8         1         1      0.18727403
         9         1         1      0.05773106
        10         1         1     -0.06465515
        11         1         1     -0.17582582
        12         1         1      0.10104080
        14         1         1     -0.16896968
        15         1         1      0.05041765
        17         1         1     -0.10884340
        18         1         1     -0.07196858
        20         1         1      0.55600354
        21         1         1      0.68230702

 Spin contamination <S**2-Sz**2-Sz>     0.01204309

 For full I/O caching in triples, increase memory by 2605.43 Mwords to 4505.71 Mwords.
 

  Ecorr(MP2)                           -1.443515232559
  Ecorr(MP2-F12)                       -1.566887482065
  Scale factor for triples energy       1.085466538020

 RESULTS
 =======

  Reference energy                   -381.266408084585
  CABS relaxation correction to RHF    -0.003592036530
  New reference energy               -381.270000121115
 
  F12 corrections for ansatz 3C(FIX) added to UCCSD energy. Coupling mode: 15
 
  UCCSD-F12a singles energy            -0.006179111130
  UCCSD-F12a pair energy               -1.597817941404
  UCCSD-F12a correlation energy        -1.603997052534
  Triples (T) contribution (scaled)    -0.076252566508
  Total correlation energy             -1.680249619042
 
  RHF-UCCSD-F12a energy              -382.873997173649
  RHF-UCCSD[T]-F12a energy           -382.971848964258
  RHF-UCCSD-T-F12a energy            -382.951018867239
 !RHF-UCCSD(T)-F12a energy           -382.950249740157
 
  F12 corrections for ansatz 3C(FIX) added to UCCSD energy. Coupling mode: 15
 
  UCCSD-F12b singles energy            -0.006179111130
  UCCSD-F12b pair energy               -1.575700280159
  UCCSD-F12b correlation energy        -1.581879391289
  Triples (T) contribution (scaled)    -0.076252566508
  Total correlation energy             -1.658131957797
 
  RHF-UCCSD-F12b energy              -382.851879512404
  RHF-UCCSD[T]-F12b energy           -382.949731303012
  RHF-UCCSD-T-F12b energy            -382.928901205994
 !RHF-UCCSD(T)-F12b energy           -382.928132078912

 Program statistics:

 Available memory in ccsd:              1899995808
 Min. memory needed in ccsd:             476529013
 Max. memory used in ccsd:               700588850
 Max. memory used in cckext:             522715393 (34 integral passes)
 Max. memory used in cckint:            1866435477 ( 1 integral passes)



 **********************************************************************************************************************************
 DATASETS  * FILE   NREC   LENGTH (MB)   RECORD NAMES
              1      20    37136.60       500      610      700      900      950      970     1000      129      960     1100   
                                          VAR    BASINP    GEOM    SYMINP    ZMAT    AOBASIS   BASIS     P2S    ABASIS      S 
                                         1400     1410     1200     1210     1080     1600     1650     1300     1700      960(1)
                                           T        V       H0       H01     AOSYM     SMH    MOLCAS    ERIS     OPER    ABASIS    

              2       5       14.46       700     1000      520     2100     7360   
                                         GEOM     BASIS   MCVARS     RHF    F12ABS    

 PROGRAMS   *        TOTALUCCSD(T)-F        HF       INT
 CPU TIMES  *   1183637.811178206.75   4548.47    882.44
 REAL TIME  *   1196598.52 SEC
 DISK USED  *       208.91 GB      
 **********************************************************************************************************************************

 UCCSD(T)-F12/cc-pVTZ-F12 energy=   -382.928132078912

    UCCSD(T)-F12        HF-SCF  
   -382.92813208   -381.26640808
 **********************************************************************************************************************************
 Molpro calculation terminated
 Variable memory released
