
 Primary working directories    : /scratch/scratchdirs/nyee88
 Secondary working directories  : /scratch/scratchdirs/nyee88
 Wavefunction directory         : /global/homes/n/nyee88/wfu/
 Main file repository           : /scratch/scratchdirs/nyee88/

 SHA1      : d03110ad91d449d0c5f19172a0c0ba2e2d66b3a5
 NAME      : 2012.1.21
 ARCHNAME  : Linux/XT
 FC        : /opt/cray/craype/2.2.1/bin/ftn
 FCVERSION : 14.2-0
 BLASLIB   : 
 id        : lbl

 Nodes     nprocs
 nid06033     1
 nid05964     1
 nid05965     1
 nid06322     1
 nid06323     1
 nid06252     1
 nid00177     1
 nid00178     1
 nid00179     1
 nid00109     1
 nid00111     1
 nid00112     1
 Number of processes for MPI-2 version of Molpro:   nprocs(total)=   24   nprocs(compute)=   12   nprocs(helper)=   12
 ga_uses_ma=false, calling ma_init with nominal heap.
 GA-space will be limited to   8.0 MW (determined by -G option)

 Using customized tuning parameters: mindgm=7; mindgv=24; mindgc=4; mindgr=2; noblas=0; minvec=7
 default implementation of scratch files=sf  

 geometry = {angstrom
  C
  H                  1              B1
  C                  1              B2    2              A1
  H                  3              B3    1              A2    2              D1
  H                  3              B4    1              A3    2              D2
  H                  3              B5    1              A4    2              D3
  C                  1              B6    3              A5    5              D4
  H                  7              B7    1              A6    3              D5
  H                  7              B8    1              A7    3              D6
  H                  7              B9    1              A8    3              D7
  C                  1             B10    3              A9    7              D8
  H                 11             B11    1             A10    3              D9
  O                 11             B12    1             A11    3             D10
  O                 11             B13    1             A12    3             D11
  O                 14             B14   11             A13    1             D12
  H                 15             B15   14             A14   11             D13
 }
 
       B1 =           1.10000230
       B2 =           1.53215906
       B3 =           1.09284984
       B4 =           1.09082774
       B5 =           1.09323558
       B6 =           1.53294152
       B7 =           1.09246407
       B8 =           1.09437822
       B9 =           1.09286277
       B10 =          1.52783863
       B11 =          1.10185295
       B12 =          1.28539713
       B13 =          1.68976382
       B14 =          1.38294753
       B15 =          0.97004531
       A1 =         108.04322265
       A2 =         110.55947804
       A3 =         110.48600489
       A4 =         110.93169927
       A5 =         113.27626464
       A6 =         111.02095918
       A7 =         111.51116826
       A8 =         110.58230548
       A9 =         112.12380842
       A10 =        113.54352371
       A11 =        120.23013504
       A12 =        103.79407309
       A13 =        109.83576152
       A14 =        102.45230692
       D1 =         -56.99739860
       D2 =          63.35644957
       D3 =        -176.77806166
       D4 =        -177.06570274
       D5 =          59.86995957
       D6 =        -179.73912891
       D7 =         -60.04170431
       D8 =         127.58358696
       D9 =        -169.64251871
       D10 =         43.62324375
       D11 =        -62.48836809
       D12 =       -150.11141437
       D13 =       -115.27611550
 
 memory,3000,M
 basis = vtz-f12
 hf
 uccsd(t)-f12,scale_trip=1

 Variables initialized (782), CPU time= 0.03 sec
 Commands  initialized (547), CPU time= 0.04 sec, 517 directives.
 Default parameters read. Elapsed time= 1.08 sec

 Checking input...
 Passed
1


                                         ***  PROGRAM SYSTEM MOLPRO  ***
                         Copyright, University College Cardiff Consultants Limited, 2008

                                    Version 2012.1 linked Mar 12 2015 14:11:14


 **********************************************************************************************************************************
 LABEL *                                                                                 
 Linux-3.0.101-0.31.1_1.0502.8394-cray_gem_c/nid06033(x86_64) 64 bit mpp version         DATE: 12-Jun-15          TIME: 01:35:57  
 **********************************************************************************************************************************

 SHA1:             d03110ad91d449d0c5f19172a0c0ba2e2d66b3a5
 **********************************************************************************************************************************
 SETTING B1             =         1.10000230                                  
 SETTING B2             =         1.53215906                                  
 SETTING B3             =         1.09284984                                  
 SETTING B4             =         1.09082774                                  
 SETTING B5             =         1.09323558                                  
 SETTING B6             =         1.53294152                                  
 SETTING B7             =         1.09246407                                  
 SETTING B8             =         1.09437822                                  
 SETTING B9             =         1.09286277                                  
 SETTING B10            =         1.52783863                                  
 SETTING B11            =         1.10185295                                  
 SETTING B12            =         1.28539713                                  
 SETTING B13            =         1.68976382                                  
 SETTING B14            =         1.38294753                                  
 SETTING B15            =         0.97004531                                  
 SETTING A1             =       108.04322265                                  
 SETTING A2             =       110.55947804                                  
 SETTING A3             =       110.48600489                                  
 SETTING A4             =       110.93169927                                  
 SETTING A5             =       113.27626464                                  
 SETTING A6             =       111.02095918                                  
 SETTING A7             =       111.51116826                                  
 SETTING A8             =       110.58230548                                  
 SETTING A9             =       112.12380842                                  
 SETTING A10            =       113.54352371                                  
 SETTING A11            =       120.23013504                                  
 SETTING A12            =       103.79407309                                  
 SETTING A13            =       109.83576152                                  
 SETTING A14            =       102.45230692                                  
 SETTING D1             =       -56.99739860                                  
 SETTING D2             =        63.35644957                                  
 SETTING D3             =      -176.77806166                                  
 SETTING D4             =      -177.06570274                                  
 SETTING D5             =        59.86995957                                  
 SETTING D6             =      -179.73912891                                  
 SETTING D7             =       -60.04170431                                  
 SETTING D8             =       127.58358696                                  
 SETTING D9             =      -169.64251871                                  
 SETTING D10            =        43.62324375                                  
 SETTING D11            =       -62.48836809                                  
 SETTING D12            =      -150.11141437                                  
 SETTING D13            =      -115.27611550                                  

 Variable memory set to 3000000000 words,  buffer space   230000 words

 SETTING BASIS          =    VTZ-F12


 Recomputing integrals since basis changed


 Using spherical harmonics

 Library entry C      S cc-pVTZ-F12          selected for orbital group  1
 Library entry C      P cc-pVTZ-F12          selected for orbital group  1
 Library entry C      D cc-pVTZ-F12          selected for orbital group  1
 Library entry C      F cc-pVTZ-F12          selected for orbital group  1
 Library entry H      S cc-pVTZ-F12          selected for orbital group  2
 Library entry H      P cc-pVTZ-F12          selected for orbital group  2
 Library entry H      D cc-pVTZ-F12          selected for orbital group  2
 Library entry O      S cc-pVTZ-F12          selected for orbital group  9
 Library entry O      P cc-pVTZ-F12          selected for orbital group  9
 Library entry O      D cc-pVTZ-F12          selected for orbital group  9
 Library entry O      F cc-pVTZ-F12          selected for orbital group  9

1PROGRAM * SEWARD (Integral evaluation for generally contracted gaussian basis sets)     Author: Roland Lindh, 1990

 Geometry written to block  1 of record 700

 Orientation using atomic masses  
 Molecule type: Asymmetric top
 Rotational constants:       1.8803566      1.5679219      3.6456262 GHz  (calculated with average atomic masses)

 Point group  C1  



 ATOMIC COORDINATES

 NR  ATOM    CHARGE       X              Y              Z

   1  C       6.00    0.076408085    0.625114354   -2.453098517
   2  H       1.00    1.021277432    2.150900656   -3.502004908
   3  C       6.00    1.231663421   -1.892132355   -3.296881376
   4  H       1.00    1.048392719   -2.125358242   -5.340655941
   5  H       1.00    3.230663777   -1.971107023   -2.799901430
   6  H       1.00    0.280320153   -3.483269585   -2.385159614
   7  C       6.00   -2.767445617    0.810731903   -2.972446372
   8  H       1.00   -3.799471500   -0.679531020   -1.984506384
   9  H       1.00   -3.533413348    2.630650230   -2.357527337
  10  H       1.00   -3.150294515    0.622232680   -4.993088008
  11  C       6.00    0.703182999    1.241606286    0.296991485
  12  H       1.00   -0.374505964    2.854257666    1.054289423
  13  O       8.00    2.954223444    0.901713764    1.144084648
  14  O       8.00   -0.662069004   -1.132093003    1.939582863
  15  O       8.00   -1.372758513   -0.279126446    4.305420277
  16  H       1.00   -0.305812704   -1.269382264    5.419578652

 Bond lengths in Bohr (Angstrom)

  1- 2  2.078703091   1- 3  2.895361013   1- 7  2.896839648   1-11  2.887196584   3- 4  2.065186900
       ( 1.100002300)       ( 1.532159060)       ( 1.532941520)       ( 1.527838630)       ( 1.092849840)

  3- 5  2.061365685   3- 6  2.065915843   7- 8  2.064457901   7- 9  2.068075120   7-10  2.065211335
       ( 1.090827740)       ( 1.093235580)       ( 1.092464070)       ( 1.094378220)       ( 1.092862770)

 11-12  2.082200313  11-13  2.429048546  11-14  3.193190847  14-15  2.613392086  15-16  1.833119971
       ( 1.101852950)       ( 1.285397130)       ( 1.689763820)       ( 1.382947530)       ( 0.970045310)

 Bond angles

  1-3-4  110.55947804   1-3-5  110.48600489   1-3-6  110.93169927   1-7-8  111.02095918

  1- 7- 9  111.51116826   1- 7-10  110.58230548   1-11-12  113.54352371   1-11-13  120.23013504

  1-11-14  103.79407309   2- 1- 3  108.04322265   2- 1- 7  107.98311278   2- 1-11  103.01626375

  3- 1- 7  113.27626464   3- 1-11  112.12380842   4- 3- 5  108.68253720   4- 3- 6  107.99271800

  5- 3- 6  108.09885952   7- 1-11  111.72809380   8- 7- 9  107.92694118   8- 7-10  108.03875480

  9- 7-10  107.61279086  11-14-15  109.83576152  12-11-13  117.46337051  12-11-14   99.63390162

 13-11-14   96.47736742  14-15-16  102.45230692

 NUCLEAR CHARGE:                   57
 NUMBER OF PRIMITIVE AOS:         693
 NUMBER OF SYMMETRY AOS:          621
 NUMBER OF CONTRACTIONS:          533   ( 533A   )
 NUMBER OF CORE ORBITALS:           7   (   7A   )
 NUMBER OF VALENCE ORBITALS:       37   (  37A   )


 NUCLEAR REPULSION ENERGY  328.44673283


 Eigenvalues of metric

         1 0.240E-04 0.362E-04 0.401E-04 0.622E-04 0.868E-04 0.114E-03 0.122E-03 0.131E-03


 Contracted 2-electron integrals neglected if value below      1.0D-12
 AO integral compression algorithm  1   Integral accuracy      1.0D-12

     36315.595 MB (compressed) written to integral file ( 41.7%)

     Node minimum: 2819.359 MB, node maximum: 3277.849 MB


 NUMBER OF SORTED TWO-ELECTRON INTEGRALS:  843886440.     BUFFER LENGTH:  32768
 NUMBER OF SEGMENTS:  27  SEGMENT LENGTH:   31999824      RECORD LENGTH: 524288

 Memory used in sort:      32.56 MW

 SORT1 READ 10889432151. AND WROTE   716379142. INTEGRALS IN   2061 RECORDS. CPU TIME:   532.79 SEC, REAL TIME:   552.84 SEC
 SORT2 READ  8624204281. AND WROTE 10126281516. INTEGRALS IN 132660 RECORDS. CPU TIME:    75.43 SEC, REAL TIME:   120.73 SEC

 Node minimum:   843791568.  Node maximum:   843922020. integrals

 OPERATOR DM      FOR CENTER  0  COORDINATES:    0.000000    0.000000    0.000000


 **********************************************************************************************************************************
 DATASETS  * FILE   NREC   LENGTH (MB)   RECORD NAMES
              1      18       18.19       500      610      700      900      950      970     1000      129      960     1100   
                                          VAR    BASINP    GEOM    SYMINP    ZMAT    AOBASIS   BASIS     P2S    ABASIS      S 
                                         1400     1410     1200     1210     1080     1600     1650     1700   
                                           T        V       H0       H01     AOSYM     SMH    MOLCAS    OPER   

 PROGRAMS   *        TOTAL       INT
 CPU TIMES  *       692.90    692.51
 REAL TIME  *       768.03 SEC
 DISK USED  *       139.29 GB      
 GA USED    *         0.01 MB       (max)       0.00 MB       (current)
 **********************************************************************************************************************************

1PROGRAM * RHF-SCF (OPEN SHELL)       Authors: W. Meyer, H.-J. Werner


 NUMBER OF ELECTRONS:      29+   28-    SPACE SYMMETRY=1    SPIN SYMMETRY: Doublet 
 CONVERGENCE THRESHOLDS:    1.00E-05 (Density)    1.14E-07 (Energy)
 MAX. NUMBER OF ITERATIONS:       60
 INTERPOLATION TYPE:            DIIS
 INTERPOLATION STEPS:              2 (START)      1 (STEP)
 LEVEL SHIFTS:                 -0.30 (CLOSED)  0.00 (OPEN) 



 Orbital guess generated from atomic densities. Full valence occupancy:   44

 Molecular orbital dump at record        2100.2

 ITERATION    DDIFF          GRAD             ENERGY        2-EL.EN.            DIPOLE MOMENTS         DIIS   ORB.
    1      0.000D+00      0.000D+00      -381.04390384    927.703965   -2.25589   -0.64681    0.86691    0    start
    2      0.000D+00      0.342D-02      -381.19274892    927.329785   -0.76769   -0.27874    0.39314    1    diag,B
    3      0.305D-02      0.180D-02      -381.22841846    927.265908   -1.13240   -0.33017    0.33084    2    diag,B
    4      0.106D-02      0.475D-03      -381.23891768    927.304635   -1.00686   -0.26934    0.22504    3    diag,B
    5      0.459D-03      0.236D-03      -381.24385676    927.265475   -0.97583   -0.26808    0.13253    4    diag,B
    6      0.285D-03      0.164D-03      -381.24653059    927.277199   -0.95998   -0.25638    0.09197    5    diag,B
    7      0.202D-03      0.104D-03      -381.24839231    927.278017   -0.95303   -0.26025    0.05915    6    fixocc
    8      0.210D-03      0.552D-04      -381.24884733    927.289525   -0.95974   -0.26360    0.05615    7    diag,B
    9      0.117D-03      0.230D-04      -381.24890313    927.282504   -0.96726   -0.26861    0.06280    8    diag,B
   10      0.440D-04      0.168D-04      -381.24893777    927.285147   -0.97517   -0.27164    0.06830    9    orth
   11      0.251D-04      0.138D-04      -381.24897672    927.277957   -0.98541   -0.27728    0.07415    9    diag,B
   12      0.279D-04      0.124D-04      -381.24904930    927.271234   -1.00696   -0.28855    0.08373    9    diag,B
   13      0.584D-04      0.928D-05      -381.24910500    927.258449   -1.02934   -0.30074    0.09227    9    diag,B
   14      0.661D-04      0.689D-05      -381.24912117    927.256923   -1.03601   -0.30407    0.09412    9    diag,B
   15      0.226D-04      0.601D-05      -381.24913700    927.252782   -1.04371   -0.30805    0.09728    9    diag,B
   16      0.275D-04      0.530D-05      -381.24914992    927.250602   -1.04601   -0.30886    0.09770    9    diag,B
   17      0.207D-04      0.445D-05      -381.24917085    927.243382   -1.05869   -0.31515    0.10306    9    diag,B
   18      0.550D-04      0.276D-05      -381.24917717    927.239657   -1.06457   -0.31792    0.10565    9    diag,B
   19      0.316D-04      0.150D-05      -381.24917834    927.237640   -1.06706   -0.31911    0.10694    9    diag,B
   20      0.145D-04      0.672D-06      -381.24917847    927.237037   -1.06829   -0.31970    0.10748    9    orth
   21      0.533D-05      0.336D-06      -381.24917848    927.236822   -1.06836   -0.31973    0.10746    9    diag,B
   22      0.134D-05      0.155D-06      -381.24917849    927.236825   -1.06833   -0.31971    0.10743    0    orth

 Final alpha occupancy:  29
 Final beta  occupancy:  28

 !RHF STATE 1.1 Energy               -381.249178487080
 Nuclear energy                       328.44673283
 One-electron energy                -1173.31432385
 Two-electron energy                  463.61841253
 Virial quotient                       -1.00106224
 !RHF STATE 1.1 Dipole moment          -1.06832630    -0.31970593     0.10743104
 Dipole moment /Debye                  -2.71523675    -0.81255820     0.27304458

 Orbital energies:

         1.1          2.1          3.1          4.1          5.1          6.1          7.1          8.1          9.1         10.1
    -20.727511   -20.689642   -20.514138   -11.339745   -11.239469   -11.223825   -11.212036    -1.556395    -1.335052    -1.221046

        11.1         12.1         13.1         14.1         15.1         16.1         17.1         18.1         19.1         20.1
     -1.079369    -0.938098    -0.888774    -0.793288    -0.771188    -0.699338    -0.664328    -0.630043    -0.616602    -0.605105

        21.1         22.1         23.1         24.1         25.1         26.1         27.1         28.1         29.1         30.1
     -0.562393    -0.548128    -0.540307    -0.518216    -0.493981    -0.483533    -0.457847    -0.398080    -0.582551     0.043048

        31.1
      0.051617

 HOMO     29.1    -0.582551 =     -15.8520eV
 LUMO     30.1     0.043048 =       1.1714eV
 LUMO-HOMO         0.625599 =      17.0234eV


 **********************************************************************************************************************************
 DATASETS  * FILE   NREC   LENGTH (MB)   RECORD NAMES
              1      18       18.19       500      610      700      900      950      970     1000      129      960     1100   
                                          VAR    BASINP    GEOM    SYMINP    ZMAT    AOBASIS   BASIS     P2S    ABASIS      S 
                                         1400     1410     1200     1210     1080     1600     1650     1700   
                                           T        V       H0       H01     AOSYM     SMH    MOLCAS    OPER   

              2       4        8.59       700     1000      520     2100   
                                         GEOM     BASIS   MCVARS     RHF  

 PROGRAMS   *        TOTAL        HF       INT
 CPU TIMES  *      1325.36    632.46    692.51
 REAL TIME  *      1530.35 SEC
 DISK USED  *       140.11 GB      
 SF USED    *         1.14 MB      
 GA USED    *         0.01 MB       (max)       0.00 MB       (current)
 **********************************************************************************************************************************


1PROGRAM * CCSD (Unrestricted open-shell coupled cluster)     Authors: C. Hampel, H.-J. Werner, 1991, M. Deegan, P.J. Knowles, 1992

                           UCCSD-F12 implementation by G. Knizia and H.-J. Werner, 2008

                   Density fitting integral evaluation by F.R. Manby, 2003,2007, G. Knizia, 2010

 Basis set CC-PVTZ/JKFIT generated.      Number of basis functions:   823 
 Basis set CC-PVTZ-F12/OPTRI generated.  Number of basis functions:   894 
 Basis set AUG-CC-PVTZ/MP2FIT generated. Number of basis functions:   1156 

 Convergence thresholds:  THRVAR = 1.00D-08  THRDEN = 1.14D-06

 CCSD(T)     terms to be evaluated (factor= 1.000)


 Number of core orbitals:           7 (   7 )
 Number of closed-shell orbitals:  21 (  21 )
 Number of active  orbitals:        1 (   1 )
 Number of external orbitals:     504 ( 504 )

 For full I/O caching in triples, increase memory by 1254.02 Mwords to 4254.30 Mwords.

 Number of N-1 electron functions:              43
 Number of N-2 electron functions:             903
 Number of singly external CSFs:             21715
 Number of doubly external CSFs:         173943210
 Total number of CSFs:                   173964925

 Molecular orbitals read from record     2100.2  Type=RHF/CANONICAL (state 1.1)

 Integral transformation finished. Total CPU:1939.76 sec, npass=  1  Memory used:1866.44 MW
 
 Geminal basis:    OPTFULL  GEM_TYPE=SLATER  BETA=1.0  NGEM=6

 Optimizing Gaussian exponents for each gem_beta

 Geminal optimization for beta= 1.0000
 Weight function:   m=0, omega= 1.4646

 Augmented Hessian optimization of geminal fit. Trust ratio= 0.40000
 Convergence reached after   2 iterations. Final gradient= 8.42D-16, Step= 4.39D-06, Delta= 1.28D-09
 
 Alpha:                 0.19532     0.81920     2.85917     9.50073    35.69989   197.79328
 Coeff:                 0.27070     0.30552     0.18297     0.10986     0.06810     0.04224
 
 
 WFN_F12=FIX,EG    DECOUPLE_EXPL=F   HYBRID=0    NOX=F   SEMIINT_F12=T   CORE_SINGLES=F
 
 AO(A)-basis ORBITAL           loaded. Number of functions:     533
 RI(R)-basis CC-PVTZ-F12/OPTRI loaded. Number of functions:     894
 DF-basis CC-PVTZ/JKFIT        loaded. Number of functions:     823

 Screening thresholds:   THRAO=  1.00D-10  THRMO=  1.00D-09  THRPROD=  1.00D-09
                         THRSW=  1.00D-05  THROV=  1.00D-12  THRF12=   1.00D-08

 CPU time for one-electron matrices              22.95 sec
 
 Construction of ABS:
 Pseudo-inverse stability          3.34E-10
 Smallest eigenvalue of S          5.81E-05  (threshold= 1.00E-08)
 Ratio eigmin/eigmax               2.67E-07  (threshold= 1.00E-09)
 Smallest eigenvalue of S kept     5.81E-05  (threshold= 5.81E-05, 0 functions deleted, 894 kept)
 
 Construction of CABS:
 Pseudo-inverse stability          4.49E-09
 Smallest eigenvalue of S          2.81E-07  (threshold= 1.00E-08)
 Ratio eigmin/eigmax               2.81E-07  (threshold= 1.00E-09)
 Smallest eigenvalue of S kept     2.81E-07  (threshold= 2.81E-07, 0 functions deleted, 894 kept)
 
 CPU time for basis constructions                 5.36 sec
 Fock operators(MO) rebuilt from dump record.
 CPU time for fock operators                      7.74 sec
 
                                      TOTAL          ALPHA          BETA    
  Singles Contributions MO        -0.006427212   -0.003182714   -0.003244498
  Singles Contributions CABS      -0.003600450   -0.001879723   -0.001720727
  Pure DF-RHF relaxation          -0.003582184
 
 CPU time for singles                            31.75 sec
 
 AO(A)-basis ORBITAL           loaded. Number of functions:     533
 RI(R)-basis CC-PVTZ-F12/OPTRI loaded. Number of functions:     894
 DF-basis AUG-CC-PVTZ/MP2FIT   loaded. Number of functions:    1156

 Screening thresholds:   THRAO=  1.00D-10  THRMO=  1.00D-09  THRPROD=  1.00D-09
                         THRSW=  1.00D-05  THROV=  1.00D-12  THRF12=   1.00D-08

 CPU time for transformed integrals             345.02 sec
 CPU time for F12 matrices                      282.08 sec

 Diagonal F12 ansatz with fixed amplitudes:   TS= 0.5000  TT= 0.2500  TN= 0.3750
 
 ITER.     SQ.NORM      CORR.ENERGY   TOTAL ENERGY  ENERGY CHANGE      VAR         CPU   MICRO    DIIS
   1      1.40941705    -1.58507493  -382.83783560    -1.5887E+00   4.05E-01     13.42  1  1  1   0  0
   2      1.41068313    -1.58492315  -382.83768382     1.5178E-04   3.61E-04    113.26  0  0  0   1  1
   3      1.41152271    -1.58577370  -382.83853437    -8.5055E-04   5.98E-06    222.54  0  0  0   2  2
   4      1.41157272    -1.58578472  -382.83854539    -1.1014E-05   6.86E-08    340.95  0  0  0   3  3
   5      1.41157853    -1.58578485  -382.83854552    -1.2785E-07   9.82E-10    468.03  0  0  0   4  4
 
 - - Continuing with F12/conv. amplitude coupling turned on.
 
   6      1.41163404    -1.58643362  -382.83919429    -6.4890E-04   1.20E-04    577.63  1  1  1   1  1
   7      1.41163328    -1.58643352  -382.83919419     1.0480E-07   5.45E-09    696.01  1  1  1   2  2
 
 CPU time for iterative RMP2-F12                696.01 sec
 
 
 DF-RMP2-F12 doubles corrections:
 - - - - - - - - - - - - - - - - 
  Approx.                             TOTAL           A-B            A-A            B-B    
  RMP2-F12/3C(FIX)                -0.123106719   -0.114257067   -0.004795199   -0.004054452
  RMP2-F12/3*C(FIX)               -0.122458048   -0.113966028   -0.004605086   -0.003886934
  RMP2-F12/3*C(DX)                -0.122918272   -0.114382927   -0.004632015   -0.003903330
  RMP2-F12/3*C(FIX,DX)            -0.129808140   -0.120786354   -0.004914048   -0.004107737
 
 DF-RMP2-F12 doubles energies:
 - - - - - - - - - - - - - - -
  Approx.                             TOTAL           A-B            A-A            B-B    
  RMP2                            -1.456899585   -1.102426679   -0.179793225   -0.174679682
  RMP2-F12/3C(FIX)                -1.580006304   -1.216683746   -0.184588424   -0.178734134
  RMP2-F12/3*C(FIX)               -1.579357634   -1.216392707   -0.184398311   -0.178566616
  RMP2-F12/3*C(DX)                -1.579817858   -1.216809606   -0.184425240   -0.178583012
  RMP2-F12/3*C(FIX,DX)            -1.586707725   -1.223213033   -0.184707273   -0.178787419
 
 
  Reference energy                   -381.249178487077
  CABS relaxation correction to RHF    -0.003582183877
  New reference energy               -381.252760670953
 
  RMP2-F12 singles (MO) energy         -0.006427211838
  RMP2-F12 pair energy                 -1.580006303907
  RMP2-F12 correlation energy          -1.586433515745
 
  RMP2-F12/3C(FIX) energy            -382.839194186699

 Starting RMP2 calculation

 ITER.      SQ.NORM     CORR.ENERGY   TOTAL ENERGY   ENERGY CHANGE        DEN1      VAR(S)    VAR(P)  DIIS     TIME
   1      1.40615245    -1.45776464  -382.70694313    -1.45776464    -0.00511540  0.10D-03  0.20D-02  1  1  3581.70
   2      1.41125023    -1.46331984  -382.71249832    -0.00555520    -0.00002812  0.60D-05  0.12D-04  2  2  3730.25
   3      1.41156602    -1.46348378  -382.71266227    -0.00016395    -0.00000053  0.35D-06  0.14D-06  3  3  3882.44
   4      1.41158624    -1.46348811  -382.71266660    -0.00000432    -0.00000002  0.14D-07  0.21D-08  4  4  4036.61
   5      1.41158849    -1.46348858  -382.71266707    -0.00000048     0.00000000  0.50D-09  0.64D-10  5  5  4206.14

 Norm of t1 vector:      0.06770030      S-energy:    -0.00642705      T1 diagnostic:  0.00133545
 Norm of t2 vector:      0.63796956      P-energy:    -1.45706154
                                         Alpha-Beta:  -1.10288353
                                         Alpha-Alpha: -0.17963689
                                         Beta-Beta:   -0.17454112

 Spin contamination <S**2-Sz**2-Sz>     0.00236923
  Reference energy                   -381.252760670954
  RHF-RMP2 correlation energy          -1.463488584233
 !RHF-RMP2 energy                    -382.716249255187

 Starting UCCSD calculation

 ITER.      SQ.NORM     CORR.ENERGY   TOTAL ENERGY   ENERGY CHANGE        DEN1      VAR(S)    VAR(P)  DIIS     TIME
   1      1.40210768    -1.42786140  -382.67703989    -1.42786140    -0.04556643  0.13D-01  0.74D-02  0  0  7550.92
   2      1.44247468    -1.46752694  -382.71670543    -0.03966554    -0.00607874  0.12D-02  0.17D-02  1  1 10848.44
   3      1.46368466    -1.47262223  -382.72180072    -0.00509528    -0.00203352  0.17D-02  0.23D-03  2  2 14164.30
   4      1.48805219    -1.48037285  -382.72955134    -0.00775063    -0.00076411  0.68D-03  0.82D-04  3  3 17494.74
   5      1.51554091    -1.48390773  -382.73308622    -0.00353488    -0.00034839  0.37D-03  0.28D-04  4  4 20839.50
   6      1.53857958    -1.48539896  -382.73457745    -0.00149124    -0.00016234  0.16D-03  0.17D-04  5  5 24182.03
   7      1.56112726    -1.48678529  -382.73596378    -0.00138633    -0.00008329  0.87D-04  0.71D-05  6  6 27520.92
   8      1.57096528    -1.48708237  -382.73626086    -0.00029707    -0.00004909  0.47D-04  0.49D-05  6  2 30867.73
   9      1.58751736    -1.48797869  -382.73715718    -0.00089632    -0.00002430  0.21D-04  0.28D-05  6  1 34226.80
  10      1.60128056    -1.48844836  -382.73762685    -0.00046967    -0.00000931  0.72D-05  0.13D-05  6  3 37585.16
  11      1.60980113    -1.48869533  -382.73787382    -0.00024697    -0.00000385  0.29D-05  0.59D-06  6  4 40951.92
  12      1.61178945    -1.48869549  -382.73787398    -0.00000016    -0.00000164  0.13D-05  0.25D-06  6  5 44334.13
  13      1.61405574    -1.48873518  -382.73791366    -0.00003968    -0.00000082  0.73D-06  0.11D-06  6  6 47697.94
  14      1.61401475    -1.48871688  -382.73789537     0.00001830    -0.00000040  0.34D-06  0.57D-07  6  1 51054.67
  15      1.61441709    -1.48870841  -382.73788690     0.00000847    -0.00000020  0.19D-06  0.25D-07  6  2 54421.14
  16      1.61395567    -1.48868275  -382.73786124     0.00002566    -0.00000009  0.83D-07  0.12D-07  6  5 58114.61
  17      1.61368739    -1.48866760  -382.73784609     0.00001515    -0.00000006  0.57D-07  0.71D-08  6  3 61500.68
  18      1.61368956    -1.48866701  -382.73784549     0.00000060    -0.00000004  0.44D-07  0.52D-08  6  4 64904.76
  19      1.61383059    -1.48867204  -382.73785052    -0.00000503    -0.00000003  0.34D-07  0.37D-08  6  6 68295.25
  20      1.61398518    -1.48867813  -382.73785662    -0.00000609    -0.00000002  0.24D-07  0.32D-08  6  2 71702.32
  21      1.61431970    -1.48869166  -382.73787015    -0.00001353    -0.00000001  0.14D-07  0.18D-08  6  1 75122.57
  22      1.61444226    -1.48869463  -382.73787312    -0.00000297    -0.00000001  0.89D-08  0.11D-08  6  5 78521.64
  23      1.61455731    -1.48869695  -382.73787544    -0.00000232     0.00000000  0.39D-08  0.60D-09  6  1 81901.87
  24      1.61459057    -1.48869640  -382.73787489     0.00000055     0.00000000  0.18D-08  0.34D-09  6  6 85304.92

 Norm of t1 vector:      0.39240784      S-energy:    -0.00879684      T1 diagnostic:  0.04043557
                                                                       D1 diagnostic:  0.24388122
 Norm of t2 vector:      0.67868009      P-energy:    -1.47989956
                                         Alpha-Beta:  -1.15883101
                                         Alpha-Alpha: -0.16041013
                                         Beta-Beta:   -0.16065842

 Singles amplitudes (print threshold =  0.500E-01):

         I         SYM. A    A   T(IA) [Beta-Beta]

        10         1         1      0.13091428
        11         1         1     -0.06795837
        14         1         1     -0.10896970
        18         1         1     -0.14871986
        20         1         1      0.24227089

 Spin contamination <S**2-Sz**2-Sz>     0.01009984

 For full I/O caching in triples, increase memory by 1505.43 Mwords to 4505.71 Mwords.
 

  Ecorr(MP2)                           -1.463488584233
  Ecorr(MP2-F12)                       -1.586595302792
  Scale factor for triples energy       1.084118673617

 RESULTS
 =======

  Reference energy                   -381.249178487077
  CABS relaxation correction to RHF    -0.003582183877
  New reference energy               -381.252760670954
 
  F12 corrections for ansatz 3C(FIX) added to UCCSD energy. Coupling mode: 15
 
  UCCSD-F12a singles energy            -0.008796841161
  UCCSD-F12a pair energy               -1.601375496988
  UCCSD-F12a correlation energy        -1.610172338149
  Triples (T) contribution (scaled)    -0.075143982388
  Total correlation energy             -1.685316320537
 
  RHF-UCCSD-F12a energy              -382.862933009102
  RHF-UCCSD[T]-F12a energy           -382.944269346104
  RHF-UCCSD-T-F12a energy            -382.938828405887
 !RHF-UCCSD(T)-F12a energy           -382.938076991491
 
  F12 corrections for ansatz 3C(FIX) added to UCCSD energy. Coupling mode: 15
 
  UCCSD-F12b singles energy            -0.008796841161
  UCCSD-F12b pair energy               -1.579350231960
  UCCSD-F12b correlation energy        -1.588147073120
  Triples (T) contribution (scaled)    -0.075143982388
  Total correlation energy             -1.663291055509
 
  RHF-UCCSD-F12b energy              -382.840907744074
  RHF-UCCSD[T]-F12b energy           -382.922244081076
  RHF-UCCSD-T-F12b energy            -382.916803140859
 !RHF-UCCSD(T)-F12b energy           -382.916051726462

 Program statistics:

 Available memory in ccsd:              2999995808
 Min. memory needed in ccsd:             476499949
 Max. memory used in ccsd:               700559786
 Max. memory used in cckext:             522715393 (25 integral passes)
 Max. memory used in cckint:            1866435477 ( 1 integral passes)



 **********************************************************************************************************************************
 DATASETS  * FILE   NREC   LENGTH (MB)   RECORD NAMES
              1      19       18.20       500      610      700      900      950      970     1000      129      960     1100   
                                          VAR    BASINP    GEOM    SYMINP    ZMAT    AOBASIS   BASIS     P2S    ABASIS      S 
                                         1400     1410     1200     1210     1080     1600     1650     1700      960(1)
                                           T        V       H0       H01     AOSYM     SMH    MOLCAS    OPER    ABASIS    

              2       5       12.01       700     1000      520     2100     7360   
                                         GEOM     BASIS   MCVARS     RHF    F12ABS    

 PROGRAMS   *        TOTALUCCSD(T)-F        HF       INT
 CPU TIMES  *    180410.57 179085.19    632.46    692.51
 REAL TIME  *    201055.94 SEC
 DISK USED  *       404.98 GB      
 SF USED    *       163.89 GB      
 GA USED    *         2.40 MB       (max)       0.00 MB       (current)
 **********************************************************************************************************************************

    UCCSD(T)-F12        HF-SCF  
   -382.91605173   -381.24917849
 **********************************************************************************************************************************
 Variable memory released
