
 Primary working directories    : /scratch/nyee/181445
 Secondary working directories  : /scratch/nyee/181445
 Wavefunction directory         : /home/nyee/wfu/
 Main file repository           : /scratch/nyee/181445/

 ARCHNAME  : Linux/x86_64
 FC        : /opt/intel/Compiler/11.0/074/bin/intel64/ifort
 FCVERSION : 11.0
 BLASLIB   : -L/opt/intel/Compiler/11.0/074/mkl/lib/em64t -lmkl_intel_ilp64 -lmkl_sequential -lmkl_core
 id        : mitsand

 Nodes     nprocs
 node17       4
 ga_uses_ma=false, calling ma_init with nominal heap.
 GA-space will be limited to   8.0 MW (determined by -G option)

 Using customized tuning parameters: mindgm=16; mindgv=16; mindgc=16; mindgr=1; noblas=0; mincuda=1000; minvec=7
 default implementation of scratch files=sf  

 geometry = {angstrom
  C
  H                  1              B1
  H                  1              B2    2              A1
  O                  1              B3    2              A2    3              D1
  H                  4              B4    1              A3    2              D2
  C                  1              B5    4              A4    5              D3
  C                  6              B6    1              A5    4              D4
  H                  7              B7    6              A6    1              D5
  H                  7              B8    6              A7    1              D6
  H                  7              B9    6              A8    1              D7
  C                  6             B10    1              A9    4              D8
  H                 11             B11    6             A10    1              D9
  H                 11             B12    6             A11    1             D10
  H                 11             B13    6             A12    1             D11
  O                  6             B14    1             A13    4             D12
  O                 15             B15    6             A14    1             D13
 }
  
    B1    =        1.09984933
    B2    =        1.10107820
    B3    =        1.41330587
    B4    =        0.97152389
    B5    =        1.51369752
    B6    =        1.49942101
    B7    =        1.09343475
    B8    =        1.10075928
    B9    =        1.09220579
    B10    =       1.39152827
    B11    =       1.09185327
    B12    =       1.09070654
    B13    =       1.36365641
    B14    =       2.38239047
    B15    =       1.28555708
    A1    =      106.93442810
    A2    =      105.68260043
    A3    =      106.10708325
    A4    =      114.36200924
    A5    =      117.18236684
    A6    =      111.77450621
    A7    =      109.05888825
    A8    =      111.03416455
    A9    =      119.97488843
    A10    =     118.27041708
    A11    =     118.47359719
    A12    =      96.58792736
    A13    =      91.97476691
    A14    =      96.00379893
    D1    =     -119.44459238
    D2    =     -178.79731353
    D3    =      -60.01408276
    D4    =      -44.91793261
    D5    =      164.61855409
    D6    =      -76.20896142
    D7    =       41.73847713
    D8    =      144.20434795
    D9    =       11.40138043
    D10    =     157.99985367
    D11    =     -94.29742788
    D12    =      50.61244781
    D13    =     120.75146409
  
 basis = vdz-f12
 hf
 uccsd(t)-f12
  

 Variables initialized (665), CPU time= 0.03 sec
 Commands  initialized (462), CPU time= 0.01 sec, 486 directives.
 Default parameters read. Elapsed time= 0.10 sec

 Checking input...
 Passed
1


                                         ***  PROGRAM SYSTEM MOLPRO  ***
                         Copyright, University College Cardiff Consultants Limited, 2008

                                    Version 2010.1 linked 7 Mar 2011 15:11:57 


 **********************************************************************************************************************************
 LABEL *                                                                                 
 Linux-2.6.32-24-generic/node17(x86_64) 64 bit mpp version                               DATE: 19-Aug-13          TIME: 11:25:34  
 **********************************************************************************************************************************

 Patch level:      19
 **********************************************************************************************************************************
 SETTING B1             =         1.09984933                                  
 SETTING B2             =         1.10107820                                  
 SETTING B3             =         1.41330587                                  
 SETTING B4             =         0.97152389                                  
 SETTING B5             =         1.51369752                                  
 SETTING B6             =         1.49942101                                  
 SETTING B7             =         1.09343475                                  
 SETTING B8             =         1.10075928                                  
 SETTING B9             =         1.09220579                                  
 SETTING B10            =         1.39152827                                  
 SETTING B11            =         1.09185327                                  
 SETTING B12            =         1.09070654                                  
 SETTING B13            =         1.36365641                                  
 SETTING B14            =         2.38239047                                  
 SETTING B15            =         1.28555708                                  
 SETTING A1             =       106.93442810                                  
 SETTING A2             =       105.68260043                                  
 SETTING A3             =       106.10708325                                  
 SETTING A4             =       114.36200924                                  
 SETTING A5             =       117.18236684                                  
 SETTING A6             =       111.77450621                                  
 SETTING A7             =       109.05888825                                  
 SETTING A8             =       111.03416455                                  
 SETTING A9             =       119.97488843                                  
 SETTING A10            =       118.27041708                                  
 SETTING A11            =       118.47359719                                  
 SETTING A12            =        96.58792736                                  
 SETTING A13            =        91.97476691                                  
 SETTING A14            =        96.00379893                                  
 SETTING D1             =      -119.44459238                                  
 SETTING D2             =      -178.79731353                                  
 SETTING D3             =       -60.01408276                                  
 SETTING D4             =       -44.91793261                                  
 SETTING D5             =       164.61855409                                  
 SETTING D6             =       -76.20896142                                  
 SETTING D7             =        41.73847713                                  
 SETTING D8             =       144.20434795                                  
 SETTING D9             =        11.40138043                                  
 SETTING D10            =       157.99985367                                  
 SETTING D11            =       -94.29742788                                  
 SETTING D12            =        50.61244781                                  
 SETTING D13            =       120.75146409                                  

 Variable memory set to  471859200 words,  buffer space   230000 words

 SETTING BASIS          =    VDZ-F12


 Recomputing integrals since basis changed


 Using spherical harmonics

 Library entry C      S cc-pVDZ-F12          selected for orbital group  1
 Library entry C      P cc-pVDZ-F12          selected for orbital group  1
 Library entry C      D cc-pVDZ-F12          selected for orbital group  1
 Library entry H      S cc-pVDZ-F12          selected for orbital group  2
 Library entry H      P cc-pVDZ-F12          selected for orbital group  2
 Library entry O      S cc-pVDZ-F12          selected for orbital group  3
 Library entry O      P cc-pVDZ-F12          selected for orbital group  3
 Library entry O      D cc-pVDZ-F12          selected for orbital group  3

1PROGRAM * SEWARD (Integral evaluation for generally contracted gaussian basis sets)     Author: Roland Lindh, 1990

 Geometry written to block  1 of record 700

 Orientation using atomic masses  
 Molecule type: Asymmetric top
 Rotational constants:       2.0762355      1.7003591      2.9665990 GHz  (calculated with average atomic masses)

 Point group  C1  



 ATOMIC COORDINATES

 NR  ATOM    CHARGE       X              Y              Z

   1  C       6.00   -0.230841388    1.531648826    2.499210962
   2  H       1.00    0.852357708    1.948954219    4.223258747
   3  H       1.00   -0.825105491    3.358446862    1.699759622
   4  O       8.00   -2.315517682    0.063536717    3.294029236
   5  H       1.00   -3.261388113   -0.342908776    1.773926705
   6  C       6.00    1.509327311    0.208447658    0.654417833
   7  C       6.00    2.220681103   -2.471008936    1.240235572
   8  H       1.00    3.036192460   -3.424066258   -0.401771282
   9  H       1.00    3.645466005   -2.479698595    2.755777774
  10  H       1.00    0.591782252   -3.536871219    1.926236704
  11  C       6.00    2.662902127    1.574081223   -1.274090617
  12  H       1.00    2.570894392    3.634102312   -1.202889027
  13  H       1.00    4.376926021    0.812049975   -2.128324051
  14  H       1.00    0.892051893    1.086697449   -3.081616990
  15  O       8.00   -1.935035361   -0.953705318   -2.001586733
  16  O       8.00   -1.123780394    0.190617597   -3.985052334

 Bond lengths in Bohr (Angstrom)

 1-2  2.078414020  1-3  2.080736247  1-4  2.670761034  1-6  2.860473759  4-5  1.835914082
     (1.099849330)     (1.101078200)     (1.413305870)     (1.513697520)     (0.971523890)

  6- 7  2.833495065   6-11  2.629607334   7- 8  2.066292220   7- 9  2.080133576   7-10  2.063969822
       (1.499421010)       (1.391528270)       (1.093434750)       (1.100759280)       (1.092205790)

 11-12  2.063303656  11-13  2.061136650  11-14  2.576937152  14-16  2.383848638  15-16  2.429350808
       (1.091853270)       (1.090706540)       (1.363656410)       (1.261478369)       (1.285557080)

 Bond angles

  1- 4- 5  106.10708325   1- 6- 7  117.18236684   1- 6-11  119.97488843   2- 1- 3  106.93442810

  2-1-4  105.68260043   2-1-6  108.10702308   3-1-4  111.96408470   3-1-6  109.39522115

  4- 1- 6  114.36200924   6- 7- 8  111.77450621   6- 7- 9  109.05888825   6- 7-10  111.03416455

  6-11-12  118.27041708   6-11-13  118.47359719   6-11-14   96.58792736   7- 6-11  122.18055815

  8- 7- 9  107.86150323   8- 7-10  109.71918322   9- 7-10  107.23257735  11-14-16  156.63907658

 12-11-13  114.86682641  12-11-14  100.50921371  13-11-14  102.17123834  14-16-15   98.62837798

 NUCLEAR CHARGE:                   57
 NUMBER OF PRIMITIVE AOS:         386
 NUMBER OF SYMMETRY AOS:          372
 NUMBER OF CONTRACTIONS:          291   ( 291A   )
 NUMBER OF CORE ORBITALS:           7   (   7A   )
 NUMBER OF VALENCE ORBITALS:       37   (  37A   )


 NUCLEAR REPULSION ENERGY  326.74679986


 Eigenvalues of metric

         1 0.581E-04 0.880E-04 0.111E-03 0.259E-03 0.349E-03 0.422E-03 0.547E-03 0.659E-03


 Contracted 2-electron integrals neglected if value below      1.0D-11
 AO integral compression algorithm  1   Integral accuracy      1.0D-11

     3534.750 MB (compressed) written to integral file ( 44.2%)

     Node minimum: 855.114 MB, node maximum: 910.950 MB


 NUMBER OF SORTED TWO-ELECTRON INTEGRALS:  225632524.     BUFFER LENGTH:  32768
 NUMBER OF SEGMENTS:  15  SEGMENT LENGTH:   15998348      RECORD LENGTH: 524288

 Memory used in sort:      16.56 MW

 SORT1 READ  1000561733. AND WROTE   207564145. INTEGRALS IN    602 RECORDS. CPU TIME:   439.62 SEC, REAL TIME:   562.47 SEC
 SORT2 READ   829957352. AND WROTE   902551341. INTEGRALS IN  13412 RECORDS. CPU TIME:    27.06 SEC, REAL TIME:   250.30 SEC

 Node minimum:   225621903.  Node maximum:   225653768. integrals

 OPERATOR DM      FOR CENTER  0  COORDINATES:    0.000000    0.000000    0.000000


 **********************************************************************************************************************************
 DATASETS  * FILE   NREC   LENGTH (MB)   RECORD NAMES
              1      18        5.96       500      610      700      900      950      970     1000      129      960     1100   
                                          VAR    BASINP    GEOM    SYMINP    ZMAT    AOBASIS   BASIS     P2S    ABASIS      S 
                                         1400     1410     1200     1210     1080     1600     1650     1700   
                                           T        V       H0       H01     AOSYM     SMH    MOLCAS    OPER   

 PROGRAMS   *        TOTAL       INT
 CPU TIMES  *       480.60    480.50
 REAL TIME  *       877.79 SEC
 DISK USED  *        13.39 GB      
 GA USED    *         0.01 MB       (max)       0.00 MB       (current)
 **********************************************************************************************************************************

1PROGRAM * RHF-SCF (OPEN SHELL)       Authors: W. Meyer, H.-J. Werner


 NUMBER OF ELECTRONS:      29+   28-    SPACE SYMMETRY=1    SPIN SYMMETRY=Doublet 
 CONVERGENCE THRESHOLDS:    1.00E-05 (Density)    1.14E-07 (Energy)
 MAX. NUMBER OF ITERATIONS:       60
 INTERPOLATION TYPE:            DIIS
 INTERPOLATION STEPS:              2 (START)      1 (STEP)
 LEVEL SHIFTS:                 -0.30 (CLOSED)  0.00 (OPEN) 



 Orbital guess generated from atomic densities. Full valence occupancy:   44

 Molecular orbital dump at record        2100.2

 ITERATION    DDIFF          GRAD             ENERGY        2-EL.EN.            DIPOLE MOMENTS         DIIS
    1      0.000D+00      0.000D+00      -381.09733406    923.897103    1.23934    0.54342   -0.29996    0
    2      0.000D+00      0.299D-02      -381.18794295    923.655396    1.28809    0.30908    0.48183    1
    3      0.438D-02      0.122D-02      -381.20235374    923.931546    1.29974    0.40437    0.33991    2
    4      0.142D-02      0.482D-03      -381.20747727    923.773221    1.27215    0.33057    0.53985    3
    5      0.920D-03      0.354D-03      -381.20942864    923.853317    1.30194    0.34897    0.54642    4
    6      0.454D-03      0.123D-03      -381.21044403    923.843372    1.30688    0.32934    0.61238    5
    7      0.353D-03      0.114D-03      -381.21113273    923.829077    1.30766    0.31425    0.65873    6
    8      0.276D-03      0.819D-04      -381.21154200    923.841010    1.30403    0.30244    0.68665    7
    9      0.203D-03      0.578D-04      -381.21180352    923.833234    1.29539    0.29174    0.70529    8
   10      0.204D-03      0.315D-04      -381.21187460    923.838984    1.28985    0.28948    0.70372    9
   11      0.128D-03      0.781D-05      -381.21188065    923.835684    1.28808    0.28889    0.70195    9
   12      0.368D-04      0.400D-05      -381.21188160    923.835326    1.28760    0.28912    0.70040    9
   13      0.164D-04      0.187D-05      -381.21188181    923.835836    1.28746    0.28931    0.69951    9
   14      0.786D-05      0.830D-06      -381.21188186    923.835813    1.28736    0.28930    0.69932    9
   15      0.407D-05      0.446D-06      -381.21188186    923.835894    1.28737    0.28933    0.69927    0

 Final alpha occupancy:  29
 Final beta  occupancy:  28

 !RHF STATE 1.1 Energy               -381.211881864734
 Nuclear energy                       326.74679986
 One-electron energy                -1169.87662853
 Two-electron energy                  461.91794681
 Virial quotient                       -1.00150181
 !RHF STATE 1.1 Dipole moment           1.28737499     0.28933231     0.69927317
 Dipole moment /Debye                   3.27196652     0.73536120     1.77725871

 Orbital energies:

         1.1          2.1          3.1          4.1          5.1          6.1          7.1          8.1          9.1         10.1
    -20.635661   -20.605762   -20.574520   -11.326091   -11.310019   -11.250554   -11.231205    -1.511770    -1.380202    -1.125201

        11.1         12.1         13.1         14.1         15.1         16.1         17.1         18.1         19.1         20.1
     -1.072006    -0.974034    -0.949679    -0.771490    -0.719041    -0.704052    -0.666769    -0.634787    -0.624960    -0.611598

        21.1         22.1         23.1         24.1         25.1         26.1         27.1         28.1         29.1         30.1
     -0.590525    -0.576218    -0.562693    -0.544123    -0.512422    -0.470452    -0.464788    -0.372426    -0.494680     0.047874

        31.1
      0.052092


 **********************************************************************************************************************************
 DATASETS  * FILE   NREC   LENGTH (MB)   RECORD NAMES
              1      18        5.96       500      610      700      900      950      970     1000      129      960     1100   
                                          VAR    BASINP    GEOM    SYMINP    ZMAT    AOBASIS   BASIS     P2S    ABASIS      S 
                                         1400     1410     1200     1210     1080     1600     1650     1700   
                                           T        V       H0       H01     AOSYM     SMH    MOLCAS    OPER   

              2       3        2.92       700     1000     2100   
                                         GEOM     BASIS     RHF  

 PROGRAMS   *        TOTAL        HF       INT
 CPU TIMES  *       535.20     54.59    480.50
 REAL TIME  *       955.37 SEC
 DISK USED  *        13.46 GB      
 SF USED    *         0.34 MB      
 GA USED    *         0.01 MB       (max)       0.00 MB       (current)
 **********************************************************************************************************************************


1PROGRAM * CCSD (Unrestricted open-shell coupled cluster)     Authors: C. Hampel, H.-J. Werner, 1991, M. Deegan, P.J. Knowles, 1992

                           UCCSD-F12 implementation by G. Knizia and H.-J. Werner, 2008

                   Density fitting integral evaluation by F.R. Manby, 2003,2007, G. Knizia, 2010

 Basis set CC-PVDZ/JKFIT generated.      Number of basis functions:   697 
 Basis set CC-PVDZ-F12/OPTRI generated.  Number of basis functions:   660 
 Basis set AUG-CC-PVDZ/MP2FIT generated. Number of basis functions:   711 

 Convergence thresholds:  THRVAR = 1.00D-08  THRDEN = 1.14D-06

 CCSD(T)     terms to be evaluated (factor= 1.000)


 Number of core orbitals:           7 (   7 )
 Number of closed-shell orbitals:  21 (  21 )
 Number of active  orbitals:        1 (   1 )
 Number of external orbitals:     262 ( 262 )

 For full I/O caching in triples, increase memory by 220.45 Mwords to 692.59 Mwords.

 Number of N-1 electron functions:              43
 Number of N-2 electron functions:             903
 Number of singly external CSFs:             11309
 Number of doubly external CSFs:          47149851
 Total number of CSFs:                    47161160

 Molecular orbitals read from record     2100.2  Type=RHF/CANONICAL (state 1.1)

 Integral transformation finished. Total CPU: 223.25 sec, npass=  1  Memory used: 320.70 MW
 
 Geminal basis:    OPTFULL  GEM_TYPE=SLATER  BETA=1.0  NGEM=6

 Optimizing Gaussian exponents for each gem_beta

 Geminal optimization for beta= 1.0000
 Weight function:   m=0, omega= 1.4646

 Augmented Hessian optimization of geminal fit. Trust ratio= 0.40000
 Convergence reached after   2 iterations. Final gradient= 8.43D-16, Step= 4.27D-06, Delta= 1.28D-09
 
 Alpha:                 0.19532     0.81920     2.85917     9.50073    35.69989   197.79328
 Coeff:                 0.27070     0.30552     0.18297     0.10986     0.06810     0.04224
 
 
 WFN_F12=FIX,EG    DECOUPLE_EXPL=F   HYBRID=0    NOX=F   SEMIINT_F12=T   CORE_SINGLES=F
 
 AO(A)-basis ORBITAL           loaded. Number of functions:     291
 RI(R)-basis CC-PVDZ-F12/OPTRI loaded. Number of functions:     660
 DF-basis CC-PVDZ/JKFIT        loaded. Number of functions:     697

 Screening thresholds:   THRAO=  1.00D-10  THRMO=  1.00D-09  THRPROD=  1.00D-09
                         THRSW=  1.00D-05  THROV=  1.00D-12  THRF12=   1.00D-08

 CPU time for one-electron matrices              15.89 sec
 
 Construction of ABS:
 Pseudo-inverse stability          1.03E-10
 Smallest eigenvalue of S          7.46E-05  (threshold= 1.00E-08)
 Ratio eigmin/eigmax               4.91E-07  (threshold= 1.00E-09)
 Smallest eigenvalue of S kept     7.46E-05  (threshold= 7.46E-05, 0 functions deleted, 660 kept)
 
 Construction of CABS:
 Pseudo-inverse stability          3.74E-10
 Smallest eigenvalue of S          2.69E-06  (threshold= 1.00E-08)
 Ratio eigmin/eigmax               2.69E-06  (threshold= 1.00E-09)
 Smallest eigenvalue of S kept     2.69E-06  (threshold= 2.69E-06, 0 functions deleted, 660 kept)
 
 CPU time for basis constructions                 1.26 sec
 Fock operators(MO) rebuilt from dump record.
 CPU time for fock operators                      2.69 sec
 
                                      TOTAL          ALPHA          BETA    
  Singles Contributions MO        -0.005389692   -0.002652207   -0.002737486
  Singles Contributions CABS      -0.017129318   -0.008459753   -0.008669564
  Pure DF-RHF relaxation          -0.016833173
 
 CPU time for singles                             4.91 sec
 
 AO(A)-basis ORBITAL           loaded. Number of functions:     291
 RI(R)-basis CC-PVDZ-F12/OPTRI loaded. Number of functions:     660
 DF-basis AUG-CC-PVDZ/MP2FIT   loaded. Number of functions:     711

 Screening thresholds:   THRAO=  1.00D-10  THRMO=  1.00D-09  THRPROD=  1.00D-09
                         THRSW=  1.00D-05  THROV=  1.00D-12  THRF12=   1.00D-08

 CPU time for transformed integrals             241.74 sec
 CPU time for F12 matrices                      438.50 sec

 Diagonal F12 ansatz with fixed amplitudes:   TS= 0.5000  TT= 0.2500  TN= 0.3750
 
 ITER.     SQ.NORM      CORR.ENERGY   TOTAL ENERGY  ENERGY CHANGE      VAR         CPU   MICRO    DIIS
   1      1.39765120    -1.58060363  -382.80931866    -1.5974E+00   3.94E-01      3.86  1  1  1   0  0
   2      1.39694101    -1.57903114  -382.80774618     1.5725E-03   1.78E-04     30.39  0  0  0   1  1
   3      1.39735613    -1.57948703  -382.80820207    -4.5590E-04   1.51E-06     60.42  0  0  0   2  2
   4      1.39736601    -1.57948989  -382.80820493    -2.8547E-06   8.16E-09     93.78  0  0  0   3  3
   5      1.39736713    -1.57948990  -382.80820494    -1.5599E-08   7.90E-11    129.95  0  0  0   4  4
 
 --- Continuing with F12/conv. amplitude coupling turned on.
 
   6      1.39928547    -1.58675909  -382.81547413    -7.2692E-03   2.77E-04    158.48  1  1  1   1  1
   7      1.39928229    -1.58675941  -382.81547444    -3.1429E-07   1.23E-08    191.11  1  1  1   2  2
   8      1.39928250    -1.58675934  -382.81547438     6.3083E-08   3.02E-11    226.39  1  1  1   3  3
 
 CPU time for iterative RMP2-F12                226.39 sec
 
 
 DF-RMP2-F12 doubles corrections:
 --------------------------------
  Approx.                             TOTAL           A-B            A-A            B-B    
  RMP2-F12/3C(FIX)                -0.271744122   -0.238154657   -0.018066989   -0.015522476
  RMP2-F12/3*C(FIX)               -0.264474684   -0.232912623   -0.017011089   -0.014550972
  RMP2-F12/3*C(DX)                -0.265823914   -0.234107822   -0.017093309   -0.014622784
  RMP2-F12/3*C(FIX,DX)            -0.276987399   -0.246594083   -0.016473734   -0.013919583
 
 DF-RMP2-F12 doubles energies:
 -----------------------------
  Approx.                             TOTAL           A-B            A-A            B-B    
  RMP2                            -1.309625528   -0.973294781   -0.168939348   -0.167391399
  RMP2-F12/3C(FIX)                -1.581369650   -1.211449438   -0.187006337   -0.182913876
  RMP2-F12/3*C(FIX)               -1.574100213   -1.206207404   -0.185950437   -0.181942372
  RMP2-F12/3*C(DX)                -1.575449443   -1.207402602   -0.186032657   -0.182014183
  RMP2-F12/3*C(FIX,DX)            -1.586612928   -1.219888863   -0.185413082   -0.181310982
 
 
  Reference energy                   -381.211881864727
  CABS relaxation correction to RHF    -0.016833173399
  New reference energy               -381.228715038126
 
  RMP2-F12 singles (MO) energy         -0.005389692323
  RMP2-F12 pair energy                 -1.581369650304
  RMP2-F12 correlation energy          -1.586759342626
 
  RMP2-F12/3C(FIX) energy            -382.815474380753

 Starting RMP2 calculation

 ITER.      SQ.NORM     CORR.ENERGY   TOTAL ENERGY   ENERGY CHANGE        DEN1      VAR(S)    VAR(P)  DIIS     TIME
   1      1.39264939    -1.31026230  -382.52214416    -1.31026230    -0.00465721  0.41D-04  0.18D-02  1  1  1210.13
   2      1.39721773    -1.31529052  -382.52717238    -0.00502822    -0.00001155  0.15D-05  0.55D-05  2  2  1240.67
   3      1.39739177    -1.31538388  -382.52726574    -0.00009336    -0.00000011  0.59D-07  0.30D-07  3  3  1271.73
   4      1.39739605    -1.31538396  -382.52726583    -0.00000008     0.00000000  0.15D-08  0.27D-09  4  4  1304.04

 Norm of t1 vector:      0.05649454      S-energy:    -0.00538946      T1 diagnostic:  0.00074425
 Norm of t2 vector:      0.62785700      P-energy:    -1.30999450
                                         Alpha-Beta:  -0.97425342
                                         Alpha-Alpha: -0.16863244
                                         Beta-Beta:   -0.16710864

 Spin contamination <S**2-Sz**2-Sz>     0.00167204
  Reference energy                   -381.228715038129
  RHF-RMP2 correlation energy          -1.315383962980
 !RHF-RMP2 energy                    -382.544099001108

 Starting UCCSD calculation

 ITER.      SQ.NORM     CORR.ENERGY   TOTAL ENERGY   ENERGY CHANGE        DEN1      VAR(S)    VAR(P)  DIIS     TIME
   1      1.38452591    -1.27846330  -382.49034517    -1.27846330    -0.04130119  0.13D-01  0.69D-02  1  1  2340.77
   2      1.41999889    -1.31310697  -382.52498883    -0.03464366    -0.00522799  0.11D-02  0.16D-02  2  2  3343.38
   3      1.44547299    -1.32198551  -382.53386738    -0.00887855    -0.00126143  0.12D-02  0.13D-03  3  3  4326.22
   4      1.46236914    -1.32625994  -382.53814180    -0.00427442    -0.00047105  0.38D-03  0.66D-04  4  4  5292.18
   5      1.48082476    -1.32858893  -382.54047079    -0.00232899    -0.00014656  0.13D-03  0.16D-04  5  5  6300.33
   6      1.49319351    -1.32967951  -382.54156138    -0.00109059    -0.00002780  0.18D-04  0.54D-05  6  6  7311.52
   7      1.49813676    -1.33000662  -382.54188849    -0.00032711    -0.00000560  0.29D-05  0.15D-05  6  1  8299.44
   8      1.49898888    -1.33008792  -382.54196979    -0.00008130    -0.00000139  0.92D-06  0.31D-06  6  2  9296.10
   9      1.49916125    -1.33009980  -382.54198167    -0.00001188    -0.00000038  0.32D-06  0.72D-07  6  3 10276.09
  10      1.49927689    -1.33011591  -382.54199778    -0.00001611    -0.00000012  0.97D-07  0.28D-07  6  5 11292.67
  11      1.49935278    -1.33011757  -382.54199943    -0.00000166    -0.00000004  0.33D-07  0.67D-08  6  4 12279.78
  12      1.49940408    -1.33011837  -382.54200024    -0.00000081    -0.00000001  0.10D-07  0.23D-08  6  6 13285.96
  13      1.49941537    -1.33011756  -382.54199942     0.00000081     0.00000000  0.45D-08  0.74D-09  6  1 14307.60

 Norm of t1 vector:      0.27243504      S-energy:    -0.00541565      T1 diagnostic:  0.02847783
                                                                       D1 diagnostic:  0.12753768
 Norm of t2 vector:      0.65206941      P-energy:    -1.32470191
                                         Alpha-Beta:  -1.02169409
                                         Alpha-Alpha: -0.15105445
                                         Beta-Beta:   -0.15195337

 Singles amplitudes (print threshold =  0.500E-01):

         I         SYM. A    A   T(IA) [Beta-Beta]

        14         1         1      0.11674581
        15         1         1     -0.13500805
        21         1         6     -0.06358834

 Spin contamination <S**2-Sz**2-Sz>     0.00344947

 For full I/O caching in triples, increase memory by 289.09 Mwords to 761.23 Mwords.
 

 RESULTS
 =======

  Reference energy                   -381.211881864729
  CABS relaxation correction to RHF    -0.016833173399
  New reference energy               -381.228715038129
 
  F12 corrections for ansatz 3C(FIX) added to UCCSD energy. Coupling mode: 15
 
  UCCSD-F12a singles energy            -0.005415649027
  UCCSD-F12a pair energy               -1.589067288739
  UCCSD-F12a correlation energy        -1.594482937766
  Triples (T) contribution             -0.059149445688
  Total correlation energy             -1.653632383454
 
  RHF-UCCSD-F12a energy              -382.823197975895
  RHF-UCCSD[T]-F12a energy           -382.887599897029
  RHF-UCCSD-T-F12a energy            -382.881363421127
 !RHF-UCCSD(T)-F12a energy           -382.882347421583
 
  F12 corrections for ansatz 3C(FIX) added to UCCSD energy. Coupling mode: 15
 
  UCCSD-F12b singles energy            -0.005415649027
  UCCSD-F12b pair energy               -1.554763353347
  UCCSD-F12b correlation energy        -1.560179002374
  Triples (T) contribution             -0.059149445688
  Total correlation energy             -1.619328448062
 
  RHF-UCCSD-F12b energy              -382.788894040503
  RHF-UCCSD[T]-F12b energy           -382.853295961636
  RHF-UCCSD-T-F12b energy            -382.847059485735
 !RHF-UCCSD(T)-F12b energy           -382.848043486191

 Program statistics:

 Available memory in ccsd:               471855008
 Min. memory needed in ccsd:             130268153
 Max. memory used in ccsd:               190876350
 Max. memory used in cckext:             157039387 (14 integral passes)
 Max. memory used in cckint:             320695627 ( 1 integral passes)



 **********************************************************************************************************************************
 DATASETS  * FILE   NREC   LENGTH (MB)   RECORD NAMES
              1      19        6.01       500      610      700      900      950      970     1000      129      960     1100   
                                          VAR    BASINP    GEOM    SYMINP    ZMAT    AOBASIS   BASIS     P2S    ABASIS      S 
                                         1400     1410     1200     1210     1080     1600     1650     1700      960(1)
                                           T        V       H0       H01     AOSYM     SMH    MOLCAS    OPER    ABASIS    

              2       4        3.94       700     1000     2100     7360   
                                         GEOM     BASIS     RHF    F12ABS    

 PROGRAMS   *        TOTALUCCSD(T)-F        HF       INT
 CPU TIMES  *     36398.79  35863.57     54.59    480.50
 REAL TIME  *     68126.45 SEC
 DISK USED  *        37.42 GB      
 SF USED    *        42.16 GB      
 GA USED    *         2.40 MB       (max)       0.00 MB       (current)
 **********************************************************************************************************************************

    UCCSD(T)-F12        HF-SCF  
   -382.84804349   -381.21188186
 **********************************************************************************************************************************
 Variable memory released
