
 Primary working directories    : /scratch/scratchdirs/nyee88
 Secondary working directories  : /scratch/scratchdirs/nyee88
 Wavefunction directory         : /global/homes/n/nyee88/wfu/
 Main file repository           : /scratch/scratchdirs/nyee88/

 SHA1      : d03110ad91d449d0c5f19172a0c0ba2e2d66b3a5
 NAME      : 2012.1.21
 ARCHNAME  : Linux/XT
 FC        : /opt/cray/craype/2.2.1/bin/ftn
 FCVERSION : 14.2-0
 BLASLIB   : 
 id        : lbl

 Nodes     nprocs
 nid01336     1
 nid01254     1
 nid01818     1
 nid01819     1
 nid01733     1
 nid01735     1
 nid01812     1
 nid00969     1
 nid01047     1
 nid00564     1
 nid01326     1
 nid01327     1
 Number of processes for MPI-2 version of Molpro:   nprocs(total)=   24   nprocs(compute)=   12   nprocs(helper)=   12
 ga_uses_ma=false, calling ma_init with nominal heap.
 GA-space will be limited to   8.0 MW (determined by -G option)

 Using customized tuning parameters: mindgm=7; mindgv=24; mindgc=4; mindgr=2; noblas=0; minvec=7
 default implementation of scratch files=sf  

 geometry = {angstrom
  O
  H                  1              B1
  O                  1              B2    2              A1
  C                  3              B3    1              A2    2              D1
  H                  4              B4    3              A3    1              D2
  O                  4              B5    3              A4    1              D3
  C                  4              B6    3              A5    1              D4
  H                  7              B7    4              A6    3              D5
  C                  7              B8    4              A7    3              D6
  H                  9              B9    7              A8    4              D7
  H                  9             B10    7              A9    4              D8
  H                  9             B11    7             A10    4              D9
  C                  7             B12    4             A11    3             D10
  H                 13             B13    7             A12    4             D11
  H                 13             B14    7             A13    4             D12
  H                 13             B15    7             A14    4             D13
 }
 
       B1 =           0.97178952
       B2 =           1.42595756
       B3 =           1.40973686
       B4 =           1.11395357
       B5 =           1.33268539
       B6 =           1.56502852
       B7 =           1.09833309
       B8 =           1.54096006
       B9 =           1.09757088
       B10 =          1.09565081
       B11 =          1.09828034
       B12 =          1.53726071
       B13 =          1.09819563
       B14 =          1.09748742
       B15 =          1.09694270
       A1 =         101.04279975
       A2 =         107.42705843
       A3 =         109.08408359
       A4 =         114.03228173
       A5 =         106.50424561
       A6 =         104.94053787
       A7 =         110.41480571
       A8 =         109.88728292
       A9 =         111.13097744
       A10 =        110.41826831
       A11 =        109.90255857
       A12 =        111.64817354
       A13 =        109.79210919
       A14 =        110.51608071
       D1 =          77.30211491
       D2 =          59.48547791
       D3 =         -58.41325704
       D4 =         176.76114735
       D5 =         -51.00609322
       D6 =          66.86541300
       D7 =        -175.71384970
       D8 =         -55.54235780
       D9 =          65.04966633
       D10 =       -169.07456513
       D11 =         59.54883817
       D12 =        179.36689891
       D13 =        -61.06310239
 
 memory,3000,M
 basis = vtz-f12
 hf
 uccsd(t)-f12,scale_trip=1

 Variables initialized (782), CPU time= 0.03 sec
 Commands  initialized (547), CPU time= 0.03 sec, 517 directives.
 Default parameters read. Elapsed time= 1.64 sec

 Checking input...
 Passed
1


                                         ***  PROGRAM SYSTEM MOLPRO  ***
                         Copyright, University College Cardiff Consultants Limited, 2008

                                    Version 2012.1 linked Mar 12 2015 14:11:14


 **********************************************************************************************************************************
 LABEL *                                                                                 
 Linux-3.0.101-0.31.1_1.0502.8394-cray_gem_c/nid01336(x86_64) 64 bit mpp version         DATE: 11-Jun-15          TIME: 23:54:50  
 **********************************************************************************************************************************

 SHA1:             d03110ad91d449d0c5f19172a0c0ba2e2d66b3a5
 **********************************************************************************************************************************
 SETTING B1             =         0.97178952                                  
 SETTING B2             =         1.42595756                                  
 SETTING B3             =         1.40973686                                  
 SETTING B4             =         1.11395357                                  
 SETTING B5             =         1.33268539                                  
 SETTING B6             =         1.56502852                                  
 SETTING B7             =         1.09833309                                  
 SETTING B8             =         1.54096006                                  
 SETTING B9             =         1.09757088                                  
 SETTING B10            =         1.09565081                                  
 SETTING B11            =         1.09828034                                  
 SETTING B12            =         1.53726071                                  
 SETTING B13            =         1.09819563                                  
 SETTING B14            =         1.09748742                                  
 SETTING B15            =         1.09694270                                  
 SETTING A1             =       101.04279975                                  
 SETTING A2             =       107.42705843                                  
 SETTING A3             =       109.08408359                                  
 SETTING A4             =       114.03228173                                  
 SETTING A5             =       106.50424561                                  
 SETTING A6             =       104.94053787                                  
 SETTING A7             =       110.41480571                                  
 SETTING A8             =       109.88728292                                  
 SETTING A9             =       111.13097744                                  
 SETTING A10            =       110.41826831                                  
 SETTING A11            =       109.90255857                                  
 SETTING A12            =       111.64817354                                  
 SETTING A13            =       109.79210919                                  
 SETTING A14            =       110.51608071                                  
 SETTING D1             =        77.30211491                                  
 SETTING D2             =        59.48547791                                  
 SETTING D3             =       -58.41325704                                  
 SETTING D4             =       176.76114735                                  
 SETTING D5             =       -51.00609322                                  
 SETTING D6             =        66.86541300                                  
 SETTING D7             =      -175.71384970                                  
 SETTING D8             =       -55.54235780                                  
 SETTING D9             =        65.04966633                                  
 SETTING D10            =      -169.07456513                                  
 SETTING D11            =        59.54883817                                  
 SETTING D12            =       179.36689891                                  
 SETTING D13            =       -61.06310239                                  

 Variable memory set to 3000000000 words,  buffer space   230000 words

 SETTING BASIS          =    VTZ-F12


 Recomputing integrals since basis changed


 Using spherical harmonics

 Library entry O      S cc-pVTZ-F12          selected for orbital group  1
 Library entry O      P cc-pVTZ-F12          selected for orbital group  1
 Library entry O      D cc-pVTZ-F12          selected for orbital group  1
 Library entry O      F cc-pVTZ-F12          selected for orbital group  1
 Library entry H      S cc-pVTZ-F12          selected for orbital group  2
 Library entry H      P cc-pVTZ-F12          selected for orbital group  2
 Library entry H      D cc-pVTZ-F12          selected for orbital group  2
 Library entry C      S cc-pVTZ-F12          selected for orbital group  4
 Library entry C      P cc-pVTZ-F12          selected for orbital group  4
 Library entry C      D cc-pVTZ-F12          selected for orbital group  4
 Library entry C      F cc-pVTZ-F12          selected for orbital group  4

1PROGRAM * SEWARD (Integral evaluation for generally contracted gaussian basis sets)     Author: Roland Lindh, 1990

 Geometry written to block  1 of record 700

 Orientation using atomic masses  
 Molecule type: Asymmetric top
 Rotational constants:       1.5259827      1.6703251      4.6952672 GHz  (calculated with average atomic masses)

 Point group  C1  



 ATOMIC COORDINATES

 NR  ATOM    CHARGE       X              Y              Z

   1  O       8.00   -0.424364139   -0.017901462   -4.734284756
   2  H       1.00    1.405499980    0.092640435   -4.842920398
   3  O       8.00   -0.729776465   -1.154635110   -2.310279318
   4  C       6.00   -0.339106460    0.744610114   -0.483470931
   5  H       1.00   -1.743298968    2.284526715   -0.780469340
   6  O       8.00    1.920936411    1.847580403   -0.617835126
   7  C       6.00   -0.838791763   -0.506505911    2.149338098
   8  H       1.00   -2.688635189   -1.428756808    1.961095810
   9  C       6.00    1.192433029   -2.512842661    2.722434050
  10  H       1.00    0.746548245   -3.479886439    4.502304448
  11  H       1.00    1.293051422   -3.925686112    1.212256373
  12  H       1.00    3.055918424   -1.620717973    2.919980297
  13  C       6.00   -0.960728774    1.538579616    4.208899126
  14  H       1.00   -2.470764172    2.912278493    3.835309993
  15  H       1.00   -1.332431865    0.659595567    6.050228857
  16  H       1.00    0.837692603    2.563140074    4.322737044

 Bond lengths in Bohr (Angstrom)

 1-2  1.836416050  1-3  2.694669263  3-4  2.664016583  4-5  2.105067170  4-6  2.518410406
     ( 0.971789520)     ( 1.425957560)     ( 1.409736860)     ( 1.113953570)     ( 1.332685390)

  4- 7  2.957475291   7- 8  2.075548741   7- 9  2.911992493   7-13  2.905001734   9-10  2.074108373
       ( 1.565028520)       ( 1.098333090)       ( 1.540960060)       ( 1.537260710)       ( 1.097570880)

  9-11  2.070479967   9-12  2.075449058  13-14  2.075288979  13-15  2.073950656  13-16  2.072921285
       ( 1.095650810)       ( 1.098280340)       ( 1.098195630)       ( 1.097487420)       ( 1.096942700)

 Bond angles

  1-3-4  107.42705843   2-1-3  101.04279975   3-4-5  109.08408359   3-4-6  114.03228173

  3- 4- 7  106.50424561   4- 7- 8  104.94053787   4- 7- 9  110.41480571   4- 7-13  109.90255857

  5- 4- 6  105.70650709   5- 4- 7  108.80559638   6- 4- 7  112.60604315   7- 9-10  109.88728292

  7- 9-11  111.13097744   7- 9-12  110.41826831   7-13-14  111.64817354   7-13-15  109.79210919

  7-13-16  110.51608071   8- 7- 9  109.47445904   8- 7-13  109.85861961   9- 7-13  112.01139543

 10- 9-11  108.55445883  10- 9-12  108.16506871  11- 9-12  108.60896670  14-13-15  108.05672140

 14-13-16  108.30004900  15-13-16  108.43398827

 NUCLEAR CHARGE:                   57
 NUMBER OF PRIMITIVE AOS:         693
 NUMBER OF SYMMETRY AOS:          621
 NUMBER OF CONTRACTIONS:          533   ( 533A   )
 NUMBER OF CORE ORBITALS:           7   (   7A   )
 NUMBER OF VALENCE ORBITALS:       37   (  37A   )


 NUCLEAR REPULSION ENERGY  331.46358129


 Eigenvalues of metric

         1 0.236E-04 0.340E-04 0.405E-04 0.638E-04 0.954E-04 0.113E-03 0.135E-03 0.136E-03


 Contracted 2-electron integrals neglected if value below      1.0D-12
 AO integral compression algorithm  1   Integral accuracy      1.0D-12

     36079.927 MB (compressed) written to integral file ( 41.6%)

     Node minimum: 2847.408 MB, node maximum: 3144.417 MB


 NUMBER OF SORTED TWO-ELECTRON INTEGRALS:  843886440.     BUFFER LENGTH:  32768
 NUMBER OF SEGMENTS:  27  SEGMENT LENGTH:   31999824      RECORD LENGTH: 524288

 Memory used in sort:      32.56 MW

 SORT1 READ 10835378461. AND WROTE   717492616. INTEGRALS IN   2064 RECORDS. CPU TIME:   526.18 SEC, REAL TIME:   545.79 SEC
 SORT2 READ  8568025736. AND WROTE 10126281516. INTEGRALS IN 132840 RECORDS. CPU TIME:    32.50 SEC, REAL TIME:    68.65 SEC

 Node minimum:   843791568.  Node maximum:   843922020. integrals

 OPERATOR DM      FOR CENTER  0  COORDINATES:    0.000000    0.000000    0.000000


 **********************************************************************************************************************************
 DATASETS  * FILE   NREC   LENGTH (MB)   RECORD NAMES
              1      18       18.19       500      610      700      900      950      970     1000      129      960     1100   
                                          VAR    BASINP    GEOM    SYMINP    ZMAT    AOBASIS   BASIS     P2S    ABASIS      S 
                                         1400     1410     1200     1210     1080     1600     1650     1700   
                                           T        V       H0       H01     AOSYM     SMH    MOLCAS    OPER   

 PROGRAMS   *        TOTAL       INT
 CPU TIMES  *       643.37    642.99
 REAL TIME  *       722.30 SEC
 DISK USED  *       138.31 GB      
 GA USED    *         0.01 MB       (max)       0.00 MB       (current)
 **********************************************************************************************************************************

1PROGRAM * RHF-SCF (OPEN SHELL)       Authors: W. Meyer, H.-J. Werner


 NUMBER OF ELECTRONS:      29+   28-    SPACE SYMMETRY=1    SPIN SYMMETRY: Doublet 
 CONVERGENCE THRESHOLDS:    1.00E-05 (Density)    1.14E-07 (Energy)
 MAX. NUMBER OF ITERATIONS:       60
 INTERPOLATION TYPE:            DIIS
 INTERPOLATION STEPS:              2 (START)      1 (STEP)
 LEVEL SHIFTS:                 -0.30 (CLOSED)  0.00 (OPEN) 



 Orbital guess generated from atomic densities. Full valence occupancy:   44

 Molecular orbital dump at record        2100.2

 ITERATION    DDIFF          GRAD             ENERGY        2-EL.EN.            DIPOLE MOMENTS         DIIS   ORB.
    1      0.000D+00      0.000D+00      -381.07099004    933.289376   -1.17650   -0.65619    0.40042    0    start
    2      0.000D+00      0.314D-02      -381.20751631    933.240973    0.00202    0.08033    0.66849    1    diag,B
    3      0.284D-02      0.183D-02      -381.25021262    933.317312   -0.27897   -0.08728    0.65994    2    diag,B
    4      0.100D-02      0.528D-03      -381.27610551    933.306152   -0.10292    0.04439    0.69087    3    diag,B
    5      0.568D-03      0.432D-03      -381.29463283    933.290019   -0.01240    0.08077    0.71691    4    diag,B
    6      0.443D-03      0.323D-03      -381.31204767    933.272536    0.06371    0.11336    0.70222    5    diag,B
    7      0.605D-03      0.164D-03      -381.31549272    933.211795    0.11417    0.13168    0.69155    6    fixocc
    8      0.239D-03      0.859D-04      -381.31630149    933.190996    0.13116    0.14363    0.67930    7    diag,B
    9      0.142D-03      0.353D-04      -381.31642141    933.183993    0.12938    0.14327    0.67497    8    diag,B
   10      0.598D-04      0.210D-04      -381.31647145    933.177677    0.13336    0.14823    0.67401    9    orth
   11      0.371D-04      0.168D-04      -381.31650901    933.178888    0.12749    0.14627    0.67150    9    diag,B
   12      0.401D-04      0.159D-04      -381.31653293    933.178391    0.13048    0.14957    0.67170    9    diag,B
   13      0.263D-04      0.525D-05      -381.31654011    933.178952    0.12969    0.14995    0.67128    9    diag,B
   14      0.171D-04      0.241D-05      -381.31654121    933.179825    0.12969    0.15014    0.67122    9    diag,B
   15      0.632D-05      0.180D-05      -381.31654184    933.179763    0.12973    0.15024    0.67114    9    diag,B
   16      0.324D-05      0.166D-05      -381.31654267    933.179993    0.12975    0.15034    0.67096    9    diag,B
   17      0.364D-05      0.156D-05      -381.31654468    933.180310    0.12980    0.15058    0.67051    9    diag,B
   18      0.949D-05      0.135D-05      -381.31654782    933.181014    0.12989    0.15104    0.66961    9    diag,B
   19      0.197D-04      0.942D-06      -381.31654955    933.181855    0.12996    0.15147    0.66881    9    diag,B
   20      0.200D-04      0.501D-06      -381.31654987    933.182092    0.12998    0.15166    0.66845    9    orth
   21      0.101D-04      0.207D-06      -381.31654989    933.182265    0.12998    0.15170    0.66837    9    diag,B
   22      0.280D-05      0.707D-07      -381.31654989    933.182245    0.12999    0.15169    0.66838    0    orth

 Final alpha occupancy:  29
 Final beta  occupancy:  28

 !RHF STATE 1.1 Energy               -381.316549888241
 Nuclear energy                       331.46358129
 One-electron energy                -1179.37125371
 Two-electron energy                  466.59112253
 Virial quotient                       -1.00105959
 !RHF STATE 1.1 Dipole moment           0.12999282     0.15169377     0.66838176
 Dipole moment /Debye                   0.33038716     0.38554184     1.69874571

 Orbital energies:

         1.1          2.1          3.1          4.1          5.1          6.1          7.1          8.1          9.1         10.1
    -20.626515   -20.626157   -20.624741   -11.346081   -11.253326   -11.227777   -11.224083    -1.502138    -1.380620    -1.223766

        11.1         12.1         13.1         14.1         15.1         16.1         17.1         18.1         19.1         20.1
     -1.077148    -0.941231    -0.894067    -0.786286    -0.748640    -0.697850    -0.667662    -0.644412    -0.619184    -0.591781

        21.1         22.1         23.1         24.1         25.1         26.1         27.1         28.1         29.1         30.1
     -0.558716    -0.544393    -0.535860    -0.514491    -0.496036    -0.489333    -0.476354    -0.467378    -0.616948     0.041664

        31.1
      0.048354

 HOMO     29.1    -0.616948 =     -16.7880eV
 LUMO     30.1     0.041664 =       1.1337eV
 LUMO-HOMO         0.658611 =      17.9217eV


 **********************************************************************************************************************************
 DATASETS  * FILE   NREC   LENGTH (MB)   RECORD NAMES
              1      18       18.19       500      610      700      900      950      970     1000      129      960     1100   
                                          VAR    BASINP    GEOM    SYMINP    ZMAT    AOBASIS   BASIS     P2S    ABASIS      S 
                                         1400     1410     1200     1210     1080     1600     1650     1700   
                                           T        V       H0       H01     AOSYM     SMH    MOLCAS    OPER   

              2       4        8.59       700     1000      520     2100   
                                         GEOM     BASIS   MCVARS     RHF  

 PROGRAMS   *        TOTAL        HF       INT
 CPU TIMES  *      1279.02    635.64    642.99
 REAL TIME  *      1491.42 SEC
 DISK USED  *       139.12 GB      
 SF USED    *         1.14 MB      
 GA USED    *         0.01 MB       (max)       0.00 MB       (current)
 **********************************************************************************************************************************


1PROGRAM * CCSD (Unrestricted open-shell coupled cluster)     Authors: C. Hampel, H.-J. Werner, 1991, M. Deegan, P.J. Knowles, 1992

                           UCCSD-F12 implementation by G. Knizia and H.-J. Werner, 2008

                   Density fitting integral evaluation by F.R. Manby, 2003,2007, G. Knizia, 2010

 Basis set CC-PVTZ/JKFIT generated.      Number of basis functions:   823 
 Basis set CC-PVTZ-F12/OPTRI generated.  Number of basis functions:   894 
 Basis set AUG-CC-PVTZ/MP2FIT generated. Number of basis functions:   1156 

 Convergence thresholds:  THRVAR = 1.00D-08  THRDEN = 1.14D-06

 CCSD(T)     terms to be evaluated (factor= 1.000)


 Number of core orbitals:           7 (   7 )
 Number of closed-shell orbitals:  21 (  21 )
 Number of active  orbitals:        1 (   1 )
 Number of external orbitals:     504 ( 504 )

 For full I/O caching in triples, increase memory by 1254.02 Mwords to 4254.30 Mwords.

 Number of N-1 electron functions:              43
 Number of N-2 electron functions:             903
 Number of singly external CSFs:             21715
 Number of doubly external CSFs:         173943210
 Total number of CSFs:                   173964925

 Molecular orbitals read from record     2100.2  Type=RHF/CANONICAL (state 1.1)

 Integral transformation finished. Total CPU:1944.07 sec, npass=  1  Memory used:1866.44 MW
 
 Geminal basis:    OPTFULL  GEM_TYPE=SLATER  BETA=1.0  NGEM=6

 Optimizing Gaussian exponents for each gem_beta

 Geminal optimization for beta= 1.0000
 Weight function:   m=0, omega= 1.4646

 Augmented Hessian optimization of geminal fit. Trust ratio= 0.40000
 Convergence reached after   2 iterations. Final gradient= 8.42D-16, Step= 4.39D-06, Delta= 1.28D-09
 
 Alpha:                 0.19532     0.81920     2.85917     9.50073    35.69989   197.79328
 Coeff:                 0.27070     0.30552     0.18297     0.10986     0.06810     0.04224
 
 
 WFN_F12=FIX,EG    DECOUPLE_EXPL=F   HYBRID=0    NOX=F   SEMIINT_F12=T   CORE_SINGLES=F
 
 AO(A)-basis ORBITAL           loaded. Number of functions:     533
 RI(R)-basis CC-PVTZ-F12/OPTRI loaded. Number of functions:     894
 DF-basis CC-PVTZ/JKFIT        loaded. Number of functions:     823

 Screening thresholds:   THRAO=  1.00D-10  THRMO=  1.00D-09  THRPROD=  1.00D-09
                         THRSW=  1.00D-05  THROV=  1.00D-12  THRF12=   1.00D-08

 CPU time for one-electron matrices              24.12 sec
 
 Construction of ABS:
 Pseudo-inverse stability          1.27E-10
 Smallest eigenvalue of S          6.30E-05  (threshold= 1.00E-08)
 Ratio eigmin/eigmax               2.88E-07  (threshold= 1.00E-09)
 Smallest eigenvalue of S kept     6.30E-05  (threshold= 6.30E-05, 0 functions deleted, 894 kept)
 
 Construction of CABS:
 Pseudo-inverse stability          4.38E-09
 Smallest eigenvalue of S          2.46E-07  (threshold= 1.00E-08)
 Ratio eigmin/eigmax               2.46E-07  (threshold= 1.00E-09)
 Smallest eigenvalue of S kept     2.46E-07  (threshold= 2.46E-07, 0 functions deleted, 894 kept)
 
 CPU time for basis constructions                 5.44 sec
 Fock operators(MO) rebuilt from dump record.
 CPU time for fock operators                      7.73 sec
 
                                      TOTAL          ALPHA          BETA    
  Singles Contributions MO        -0.003936088   -0.001969451   -0.001966636
  Singles Contributions CABS      -0.003610637   -0.001870412   -0.001740224
  Pure DF-RHF relaxation          -0.003591709
 
 CPU time for singles                            32.41 sec
 
 AO(A)-basis ORBITAL           loaded. Number of functions:     533
 RI(R)-basis CC-PVTZ-F12/OPTRI loaded. Number of functions:     894
 DF-basis AUG-CC-PVTZ/MP2FIT   loaded. Number of functions:    1156

 Screening thresholds:   THRAO=  1.00D-10  THRMO=  1.00D-09  THRPROD=  1.00D-09
                         THRSW=  1.00D-05  THROV=  1.00D-12  THRF12=   1.00D-08

 CPU time for transformed integrals             345.89 sec
 CPU time for F12 matrices                      285.86 sec

 Diagonal F12 ansatz with fixed amplitudes:   TS= 0.5000  TT= 0.2500  TN= 0.3750
 
 ITER.     SQ.NORM      CORR.ENERGY   TOTAL ENERGY  ENERGY CHANGE      VAR         CPU   MICRO    DIIS
   1      1.38287360    -1.54667354  -382.86681514    -1.5503E+00   3.81E-01     14.01  1  1  1   0  0
   2      1.38301078    -1.54618842  -382.86633001     4.8513E-04   1.20E-04    114.78  0  0  0   1  1
   3      1.38326575    -1.54651528  -382.86665687    -3.2686E-04   1.01E-06    225.24  0  0  0   2  2
   4      1.38327139    -1.54651745  -382.86665904    -2.1691E-06   7.81E-09    345.16  0  0  0   3  3
   5      1.38327222    -1.54651746  -382.86665906    -1.6416E-08   7.86E-11    474.81  0  0  0   4  4
 
 - - Continuing with F12/conv. amplitude coupling turned on.
 
   6      1.38333614    -1.54718254  -382.86732414    -6.6509E-04   1.19E-04    586.24  1  1  1   1  1
   7      1.38333558    -1.54718285  -382.86732445    -3.1042E-07   3.00E-09    707.45  1  1  1   2  2
 
 CPU time for iterative RMP2-F12                707.45 sec
 
 
 DF-RMP2-F12 doubles corrections:
 - - - - - - - - - - - - - - - - 
  Approx.                             TOTAL           A-B            A-A            B-B    
  RMP2-F12/3C(FIX)                -0.123196465   -0.114335521   -0.004769486   -0.004091458
  RMP2-F12/3*C(FIX)               -0.122531077   -0.114026558   -0.004580908   -0.003923610
  RMP2-F12/3*C(DX)                -0.123007734   -0.114459035   -0.004606841   -0.003941859
  RMP2-F12/3*C(FIX,DX)            -0.130057401   -0.121005413   -0.004892844   -0.004159143
 
 DF-RMP2-F12 doubles energies:
 - - - - - - - - - - - - - - -
  Approx.                             TOTAL           A-B            A-A            B-B    
  RMP2                            -1.420050298   -1.079645163   -0.178087927   -0.162317208
  RMP2-F12/3C(FIX)                -1.543246763   -1.193980684   -0.182857413   -0.166408666
  RMP2-F12/3*C(FIX)               -1.542581375   -1.193671721   -0.182668836   -0.166240818
  RMP2-F12/3*C(DX)                -1.543058032   -1.194104198   -0.182694768   -0.166259067
  RMP2-F12/3*C(FIX,DX)            -1.550107699   -1.200650576   -0.182980772   -0.166476351
 
 
  Reference energy                   -381.316549888239
  CABS relaxation correction to RHF    -0.003591709247
  New reference energy               -381.320141597486
 
  RMP2-F12 singles (MO) energy         -0.003936087760
  RMP2-F12 pair energy                 -1.543246762525
  RMP2-F12 correlation energy          -1.547182850286
 
  RMP2-F12/3C(FIX) energy            -382.867324447772

 Starting RMP2 calculation

 ITER.      SQ.NORM     CORR.ENERGY   TOTAL ENERGY   ENERGY CHANGE        DEN1      VAR(S)    VAR(P)  DIIS     TIME
   1      1.37953324    -1.41950689  -382.73605678    -1.41950689    -0.00427510  0.23D-04  0.15D-02  1  1  3605.78
   2      1.38318176    -1.42408900  -382.74063889    -0.00458211    -0.00000725  0.10D-05  0.27D-05  2  2  3753.89
   3      1.38328092    -1.42415635  -382.74070624    -0.00006736    -0.00000010  0.69D-07  0.17D-07  3  3  3903.28
   4      1.38328350    -1.42415645  -382.74070634    -0.00000010     0.00000000  0.24D-08  0.18D-09  4  4  4054.17

 Norm of t1 vector:      0.04250837      S-energy:    -0.00393588      T1 diagnostic:  0.00057236
 Norm of t2 vector:      0.61763787      P-energy:    -1.42022057
                                         Alpha-Beta:  -1.08010790
                                         Alpha-Alpha: -0.17793283
                                         Beta-Beta:   -0.16217985

 Spin contamination <S**2-Sz**2-Sz>     0.00095832
  Reference energy                   -381.320141597487
  RHF-RMP2 correlation energy          -1.424156454217
 !RHF-RMP2 energy                    -382.744298051704

 Starting UCCSD calculation

 ITER.      SQ.NORM     CORR.ENERGY   TOTAL ENERGY   ENERGY CHANGE        DEN1      VAR(S)    VAR(P)  DIIS     TIME
   1      1.38368753    -1.40751888  -382.72406876    -1.40751888    -0.03734192  0.66D-02  0.65D-02  1  1  7418.99
   2      1.41456246    -1.44084298  -382.75739287    -0.03332410    -0.00369959  0.40D-03  0.11D-02  2  2 10724.45
   3      1.42927976    -1.44811540  -382.76466529    -0.00727242    -0.00065112  0.44D-03  0.92D-04  3  3 14036.70
   4      1.43678953    -1.45106006  -382.76760995    -0.00294466    -0.00021096  0.14D-03  0.33D-04  4  4 17370.68
   5      1.44309181    -1.45221145  -382.76876134    -0.00115139    -0.00008576  0.82D-04  0.74D-05  5  5 20694.13
   6      1.44740823    -1.45256419  -382.76911408    -0.00035273    -0.00002956  0.24D-04  0.37D-05  6  6 24056.39
   7      1.45159445    -1.45292473  -382.76947462    -0.00036055    -0.00000735  0.61D-05  0.90D-06  6  1 27424.98
   8      1.45257400    -1.45300256  -382.76955245    -0.00007782    -0.00000268  0.21D-05  0.38D-06  6  2 30856.05
   9      1.45326902    -1.45302975  -382.76957964    -0.00002719    -0.00000111  0.98D-06  0.12D-06  6  3 34220.82
  10      1.45368996    -1.45306717  -382.76961706    -0.00003742    -0.00000053  0.45D-06  0.59D-07  6  4 37587.52
  11      1.45371176    -1.45305748  -382.76960737     0.00000968    -0.00000030  0.28D-06  0.26D-07  6  6 40959.34
  12      1.45392919    -1.45306793  -382.76961782    -0.00001045    -0.00000019  0.18D-06  0.14D-07  6  5 44314.86
  13      1.45395425    -1.45306599  -382.76961588     0.00000194    -0.00000013  0.13D-06  0.78D-08  6  1 47661.84
  14      1.45403843    -1.45306594  -382.76961583     0.00000005    -0.00000011  0.11D-06  0.51D-08  6  2 51031.68
  15      1.45403807    -1.45306416  -382.76961405     0.00000177    -0.00000009  0.88D-07  0.47D-08  6  5 54384.00
  16      1.45411068    -1.45306406  -382.76961395     0.00000011    -0.00000006  0.62D-07  0.36D-08  6  3 57743.90
  17      1.45413995    -1.45306201  -382.76961190     0.00000204    -0.00000004  0.39D-07  0.33D-08  6  4 61115.77
  18      1.45423101    -1.45306216  -382.76961205    -0.00000015    -0.00000003  0.25D-07  0.19D-08  6  6 64484.09
  19      1.45429701    -1.45306287  -382.76961276    -0.00000071    -0.00000001  0.12D-07  0.15D-08  6  2 67914.04
  20      1.45440799    -1.45306418  -382.76961407    -0.00000130    -0.00000001  0.44D-08  0.49D-09  6  1 71288.93
  21      1.45444999    -1.45306658  -382.76961647    -0.00000240     0.00000000  0.12D-08  0.26D-09  6  3 74659.34
  22      1.45448255    -1.45306752  -382.76961741    -0.00000094     0.00000000  0.43D-09  0.79D-10  6  5 78033.03

 Norm of t1 vector:      0.18348830      S-energy:    -0.00449667      T1 diagnostic:  0.01880436
                                                                       D1 diagnostic:  0.09649349
 Norm of t2 vector:      0.64870224      P-energy:    -1.44857084
                                         Alpha-Beta:  -1.13792543
                                         Alpha-Alpha: -0.16205273
                                         Beta-Beta:   -0.14859268

 Singles amplitudes (print threshold =  0.500E-01):

         I         SYM. A    A   T(IA) [Beta-Beta]

        11         1         1      0.05739982
        20         1         1     -0.10028540

 Spin contamination <S**2-Sz**2-Sz>     0.00128648

 For full I/O caching in triples, increase memory by 1505.43 Mwords to 4505.71 Mwords.
 

  Ecorr(MP2)                           -1.424156454217
  Ecorr(MP2-F12)                       -1.547352918840
  Scale factor for triples energy       1.086504866974

 RESULTS
 =======

  Reference energy                   -381.316549888240
  CABS relaxation correction to RHF    -0.003591709247
  New reference energy               -381.320141597487
 
  F12 corrections for ansatz 3C(FIX) added to UCCSD energy. Coupling mode: 15
 
  UCCSD-F12a singles energy            -0.004496674901
  UCCSD-F12a pair energy               -1.570141528548
  UCCSD-F12a correlation energy        -1.574638203449
  Triples (T) contribution (scaled)    -0.066628683151
  Total correlation energy             -1.641266886600
 
  RHF-UCCSD-F12a energy              -382.894779800935
  RHF-UCCSD[T]-F12a energy           -382.964281945136
  RHF-UCCSD-T-F12a energy            -382.960509721661
 !RHF-UCCSD(T)-F12a energy           -382.961408484087
 
  F12 corrections for ansatz 3C(FIX) added to UCCSD energy. Coupling mode: 15
 
  UCCSD-F12b singles energy            -0.004496674901
  UCCSD-F12b pair energy               -1.548169627836
  UCCSD-F12b correlation energy        -1.552666302736
  Triples (T) contribution (scaled)    -0.066628683151
  Total correlation energy             -1.619294985888
 
  RHF-UCCSD-F12b energy              -382.872807900223
  RHF-UCCSD[T]-F12b energy           -382.942310044424
  RHF-UCCSD-T-F12b energy            -382.938537820949
 !RHF-UCCSD(T)-F12b energy           -382.939436583374

 Program statistics:

 Available memory in ccsd:              2999995808
 Min. memory needed in ccsd:             476499949
 Max. memory used in ccsd:               700559786
 Max. memory used in cckext:             522715393 (23 integral passes)
 Max. memory used in cckint:            1866435477 ( 1 integral passes)



 **********************************************************************************************************************************
 DATASETS  * FILE   NREC   LENGTH (MB)   RECORD NAMES
              1      19       18.21       500      610      700      900      950      970     1000      129      960     1100   
                                          VAR    BASINP    GEOM    SYMINP    ZMAT    AOBASIS   BASIS     P2S    ABASIS      S 
                                         1400     1410     1200     1210     1080     1600     1650     1700      960(1)
                                           T        V       H0       H01     AOSYM     SMH    MOLCAS    OPER    ABASIS    

              2       5       12.01       700     1000      520     2100     7360   
                                         GEOM     BASIS   MCVARS     RHF    F12ABS    

 PROGRAMS   *        TOTALUCCSD(T)-F        HF       INT
 CPU TIMES  *    173060.08 171781.03    635.64    642.99
 REAL TIME  *    193147.50 SEC
 DISK USED  *       403.99 GB      
 SF USED    *       163.89 GB      
 GA USED    *         2.40 MB       (max)       0.00 MB       (current)
 **********************************************************************************************************************************

    UCCSD(T)-F12        HF-SCF  
   -382.93943658   -381.31654989
 **********************************************************************************************************************************
 Variable memory released
