
 Primary working directories    : /scratch/goldmanm/molpro_scratch
 Secondary working directories  : /scratch/goldmanm/molpro_scratch
 Wavefunction directory         : /home/goldmanm/wfu/
 Main file repository           : /scratch/goldmanm/molpro_scratch/

 SHA1      : 5e3d8ac6839c721e2824de82269b4736200146bd
 NAME      : 2015.1.37
 ARCHNAME  : linux/x86_64
 FC        : /opt/intel/composer_xe_2015.1.133/bin/intel64/ifort
 BLASLIB   : -Wl,-_start-group /opt/intel/mkl/lib/intel64/libmkl_intel_ilp64.a /opt/intel/mkl/lib/intel64/libmkl_intel_thread.a /opt/intel/mkl/lib/intel64/libmkl_core.a -Wl,-_end-group
 id        : phalgunlolur

 Nodes     nprocs
 node05       1

 Using customized tuning parameters: mindgm=1; mindgv=20; mindgc=4; mindgr=1; noblas=0; minvec=7
 default implementation of scratch files=df  

 geometry = {angstrom
 O
 O, 1, r2
 O, 2, r3, 1, a3
 C, 3, r4, 2, a4, 1, d4
 C, 4, r5, 3, a5, 2, d5
 C, 4, r6, 3, a6, 2, d6
 C, 3, r7, 2, a7, 1, d7
 H, 1, r8, 2, a8, 3, d8
 H, 5, r9, 4, a9, 3, d9
 H, 4, r10, 3, a10, 2, d10
 H, 4, r11, 3, a11, 2, d11
 H, 2, r12, 1, a12, 3, d12
 H, 5, r13, 4, a13, 3, d13
 H, 5, r14, 4, a14, 3, d14
 H, 6, r15, 4, a15, 3, d15
 H, 7, r16, 3, a16, 2, d16
 }
 
    r2 =         3.01767 ang
    r3 =         1.71055 ang
    a3 =        48.60802 degree
    r4 =         2.94795 ang
    a4 =       144.53281 degree
    d4 =       253.24647 degree
    r5 =         2.51150 ang
    a5 =        85.48586 degree
    d5 =       114.90886 degree
    r6 =         1.40972 ang
    a6 =        58.08695 degree
    d6 =       133.32295 degree
    r7 =         1.30268 ang
    a7 =       107.94637 degree
    d7 =       328.45952 degree
    r8 =         0.96701 ang
    a8 =        77.81469 degree
    d8 =       274.34184 degree
    r9 =         1.09391 ang
    a9 =       100.04214 degree
    d9 =       142.12855 degree
    r10 =         1.08496 ang
    a10 =       129.34772 degree
    d10 =        27.71497 degree
    r11 =         1.08246 ang
    a11 =        80.02855 degree
    d11 =       270.29643 degree
    r12 =         0.96760 ang
    a12 =       140.39131 degree
    d12 =       341.60813 degree
    r13 =         1.09375 ang
    a13 =        88.68287 degree
    d13 =       249.95068 degree
    r14 =         1.08944 ang
    a14 =       139.64909 degree
    d14 =         7.48686 degree
    r15 =         1.08932 ang
    a15 =       114.70405 degree
    d15 =        78.09388 degree
    r16 =         1.08971 ang
    a16 =       119.09060 degree
    d16 =       300.20855 degree
 
 memory,1900,M
 basis = vtz-f12
 hf
 uccsd(t)-f12,scale_trip=1

 Variables initialized (889), CPU time= 0.00 sec
 Commands  initialized (702), CPU time= 0.01 sec, 572 directives.
 Default parameters read. Elapsed time= 0.11 sec

 Checking input...
 Passed
1


                                         ***  PROGRAM SYSTEM MOLPRO  ***
                                       Copyright, TTI GmbH Stuttgart, 2015
                                    Version 2015.1 linked Aug 10 2018 15:00:15


 **********************************************************************************************************************************
 LABEL *                                                                                 
  64 bit serial version                                                                  DATE: 25-Jun-19          TIME: 11:06:21  
 **********************************************************************************************************************************

 SHA1:             5e3d8ac6839c721e2824de82269b4736200146bd
 **********************************************************************************************************************************
 SETTING R2             =         3.01767000  ANG                             
 SETTING R3             =         1.71055000  ANG                             
 SETTING A3             =        48.60802000  DEGREE                          
 SETTING R4             =         2.94795000  ANG                             
 SETTING A4             =       144.53281000  DEGREE                          
 SETTING D4             =       253.24647000  DEGREE                          
 SETTING R5             =         2.51150000  ANG                             
 SETTING A5             =        85.48586000  DEGREE                          
 SETTING D5             =       114.90886000  DEGREE                          
 SETTING R6             =         1.40972000  ANG                             
 SETTING A6             =        58.08695000  DEGREE                          
 SETTING D6             =       133.32295000  DEGREE                          
 SETTING R7             =         1.30268000  ANG                             
 SETTING A7             =       107.94637000  DEGREE                          
 SETTING D7             =       328.45952000  DEGREE                          
 SETTING R8             =         0.96701000  ANG                             
 SETTING A8             =        77.81469000  DEGREE                          
 SETTING D8             =       274.34184000  DEGREE                          
 SETTING R9             =         1.09391000  ANG                             
 SETTING A9             =       100.04214000  DEGREE                          
 SETTING D9             =       142.12855000  DEGREE                          
 SETTING R10            =         1.08496000  ANG                             
 SETTING A10            =       129.34772000  DEGREE                          
 SETTING D10            =        27.71497000  DEGREE                          
 SETTING R11            =         1.08246000  ANG                             
 SETTING A11            =        80.02855000  DEGREE                          
 SETTING D11            =       270.29643000  DEGREE                          
 SETTING R12            =         0.96760000  ANG                             
 SETTING A12            =       140.39131000  DEGREE                          
 SETTING D12            =       341.60813000  DEGREE                          
 SETTING R13            =         1.09375000  ANG                             
 SETTING A13            =        88.68287000  DEGREE                          
 SETTING D13            =       249.95068000  DEGREE                          
 SETTING R14            =         1.08944000  ANG                             
 SETTING A14            =       139.64909000  DEGREE                          
 SETTING D14            =         7.48686000  DEGREE                          
 SETTING R15            =         1.08932000  ANG                             
 SETTING A15            =       114.70405000  DEGREE                          
 SETTING D15            =        78.09388000  DEGREE                          
 SETTING R16            =         1.08971000  ANG                             
 SETTING A16            =       119.09060000  DEGREE                          
 SETTING D16            =       300.20855000  DEGREE                          

 Variable memory set to 1900000000 words,  buffer space   230000 words

 SETTING BASIS          =    VTZ-F12


 Recomputing integrals since basis changed


 Using spherical harmonics

 Library entry O      S cc-pVTZ-F12          selected for orbital group  1
 Library entry O      P cc-pVTZ-F12          selected for orbital group  1
 Library entry O      D cc-pVTZ-F12          selected for orbital group  1
 Library entry O      F cc-pVTZ-F12          selected for orbital group  1
 Library entry C      S cc-pVTZ-F12          selected for orbital group  2
 Library entry C      P cc-pVTZ-F12          selected for orbital group  2
 Library entry C      D cc-pVTZ-F12          selected for orbital group  2
 Library entry C      F cc-pVTZ-F12          selected for orbital group  2
 Library entry H      S cc-pVTZ-F12          selected for orbital group  3
 Library entry H      P cc-pVTZ-F12          selected for orbital group  3
 Library entry H      D cc-pVTZ-F12          selected for orbital group  3


 PROGRAM * SEWARD (Integral evaluation for generally contracted gaussian basis sets)     Author: Roland Lindh, 1990

 Geometry written to block  1 of record 700

 Orientation using atomic masses  
 Molecule type: Asymmetric top
 Rotational constants:       1.2511349      1.6341361      4.1323070 GHz  (calculated with average atomic masses)

 Point group  C1  



 ATOMIC COORDINATES

 NR  ATOM    CHARGE       X              Y              Z

   1  O       8.00   -0.114947384   -3.076738113    0.837819043
   2  O       8.00    0.443032436    0.687054768    5.085385921
   3  O       8.00   -0.741404681    1.000145284    2.094073173
   4  C       6.00    0.234314766    3.091351097   -2.976315809
   5  C       6.00    0.337702269   -1.431366415   -4.411342290
   6  C       6.00   -0.638598044    0.599089505   -2.624932922
   7  C       6.00    0.480125923   -0.554969313    0.627959277
   8  H       1.00   -1.752942734   -3.159031787    1.643754206
   9  H       1.00   -0.598839869   -1.249171227   -6.245182384
  10  H       1.00    2.022864640    3.454797668   -3.910463958
  11  H       1.00   -0.718620624    4.682847371   -2.114143793
  12  H       1.00    0.470794660    2.492557739    5.373130370
  13  H       1.00    2.372203174   -1.237148955   -4.719743716
  14  H       1.00   -0.033476976   -3.318944508   -3.678062948
  15  H       1.00   -2.650233860    0.441506825   -2.217527635
  16  H       1.00    2.521065176   -0.357535547    0.437928585

 Bond lengths in Bohr (Angstrom)

  1- 7  2.599513655   1- 8  1.827384060   2- 3  3.232471022   2-12  1.828498998   3- 7  2.461708428
       ( 1.375603386)       ( 0.967010000)       ( 1.710550000)       ( 0.967600000)       ( 1.302680000)

  4- 6  2.663984712   4-10  2.050277256   4-11  2.045552941   5- 6  2.875269026   5- 9  2.067190305
       ( 1.409720000)       ( 1.084960000)       ( 1.082460000)       ( 1.521526844)       ( 1.093910000)

  5-13  2.066887949   5-14  2.058743229   6- 7  3.628319546   6-15  2.058516462   7-16  2.059253455
       ( 1.093750000)       ( 1.089440000)       ( 1.920024018)       ( 1.089320000)       ( 1.089710000)

 Bond angles

  1- 7- 3  116.81790869   1- 7- 6  108.08044114   1- 7-16  109.10741206   2- 3- 7  107.94637000

  3- 2-12   93.18440251   3- 7- 6  100.37057832   3- 7-16  119.09060000   4- 6- 5  117.86868211

  4- 6- 7  108.34804492   4- 6-15  114.70405000   5- 6- 7  103.16206365   5- 6-15  113.62331982

  6- 4-10  120.78247733   6- 4-11  121.30758319   6- 5- 9  109.57821082   6- 5-13  111.13570654

  6- 5-14  111.40476299   6- 7-16  101.09058593   7- 1- 8  106.52799666   7- 6-15   95.71191289

  9- 5-13  107.77637086   9- 5-14  108.36674715  10- 4-11  117.41984902  13- 5-14  108.46759367

 NUCLEAR CHARGE:                   57
 NUMBER OF PRIMITIVE AOS:         693
 NUMBER OF SYMMETRY AOS:          621
 NUMBER OF CONTRACTIONS:          533   ( 533A   )
 NUMBER OF CORE ORBITALS:           7   (   7A   )
 NUMBER OF VALENCE ORBITALS:       37   (  37A   )


 NUCLEAR REPULSION ENERGY  319.19653586


 Eigenvalues of metric

         1 0.296E-04 0.395E-04 0.500E-04 0.734E-04 0.997E-04 0.112E-03 0.131E-03 0.134E-03


 Contracted 2-electron integrals neglected if value below      1.0D-12
 AO integral compression algorithm  1   Integral accuracy      1.0D-12

     33871.626 MB (compressed) written to integral file ( 39.2%)


 NUMBER OF SORTED TWO-ELECTRON INTEGRALS:10126281516.     BUFFER LENGTH:  32768
 NUMBER OF SEGMENTS: 159  SEGMENT LENGTH:   63999810      RECORD LENGTH: 262144

 Memory used in sort:      64.29 MW

 SORT1 READ 10788912072. AND WROTE  8198129191. INTEGRALS IN  46982 RECORDS. CPU TIME:   140.27 SEC, REAL TIME:   409.69 SEC
 SORT2 READ  8198129191. AND WROTE 10126281516. INTEGRALS IN 129210 RECORDS. CPU TIME:   121.78 SEC, REAL TIME:   170.38 SEC

 FILE SIZES:   FILE 1: 33902.2 MBYTE,  FILE 4: 98528.4 MBYTE,   TOTAL: 132430.6 MBYTE

 OPERATOR DM      FOR CENTER  0  COORDINATES:    0.000000    0.000000    0.000000


 **********************************************************************************************************************************
 DATASETS  * FILE   NREC   LENGTH (MB)   RECORD NAMES
              1      19    31419.05       500      610      700      900      950      970     1000      129      960     1100   
                                          VAR    BASINP    GEOM    SYMINP    ZMAT    AOBASIS   BASIS     P2S    ABASIS      S 
                                         1400     1410     1200     1210     1080     1600     1650     1300     1700   
                                           T        V       H0       H01     AOSYM     SMH    MOLCAS    ERIS     OPER   

 PROGRAMS   *        TOTAL       INT
 CPU TIMES  *       585.83    585.72
 REAL TIME  *       999.54 SEC
 DISK USED  *       132.43 GB      
 **********************************************************************************************************************************


 PROGRAM * RHF-SCF (OPEN SHELL)       Authors: W. Meyer, H.-J. Werner


 NUMBER OF ELECTRONS:      29+   28-    SPACE SYMMETRY=1    SPIN SYMMETRY: Doublet 
 CONVERGENCE THRESHOLDS:    1.00E-05 (Density)    1.14E-07 (Energy)
 MAX. NUMBER OF ITERATIONS:       60
 INTERPOLATION TYPE:            DIIS
 INTERPOLATION STEPS:              2 (START)      1 (STEP)
 LEVEL SHIFTS:                 -0.60 (CLOSED) -0.30 (OPEN) 



 Orbital guess generated from atomic densities. Full valence occupancy:   44

 Molecular orbital dump at record        2100.2

 Initial alpha occupancy:  29
 Initial beta  occupancy:  28
 Wave function symmetry:    1

 ITERATION    DDIFF          GRAD             ENERGY        2-EL.EN.            DIPOLE MOMENTS         DIIS   ORB.
    1      0.000D+00      0.000D+00      -381.05006492    911.748518   -0.27150    0.64481   -2.90842    0    start
    2      0.000D+00      0.302D-02      -381.17455421    909.253850   -0.15497    0.40233   -1.61842    1    diag,B
    3      0.241D-02      0.121D-02      -381.19268435    909.922305   -0.12930    0.47620   -1.68010    2    diag,B
    4      0.721D-03      0.442D-03      -381.20009848    909.830913   -0.09828    0.47816   -1.41542    3    diag,B
    5      0.486D-03      0.192D-03      -381.20192788    909.853277   -0.08900    0.49983   -1.29794    4    diag,B
    6      0.263D-03      0.814D-04      -381.20241845    909.843389   -0.08309    0.50500   -1.21625    5    diag,B
    7      0.156D-03      0.466D-04      -381.20262673    909.826424   -0.08173    0.50728   -1.15799    6    fixocc
    8      0.109D-03      0.305D-04      -381.20275379    909.813976   -0.08201    0.50587   -1.12127    7    diag,B
    9      0.581D-04      0.291D-04      -381.20277426    909.811029   -0.08232    0.50558   -1.11708    8    diag,B
   10      0.657D-05      0.297D-04      -381.20249811    909.869572   -0.07476    0.51065   -1.17893    9    orth
   11      0.117D-03      0.157D-04      -381.20245236    909.903739   -0.06970    0.51138   -1.20318    9    diag,B
   12      0.676D-04      0.610D-05      -381.20245325    909.907713   -0.06909    0.50971   -1.20194    9    diag,B
   13      0.208D-04      0.341D-05      -381.20245399    909.908824   -0.06870    0.50818   -1.20059    9    diag,B
   14      0.123D-04      0.202D-05      -381.20245440    909.908558   -0.06863    0.50696   -1.19870    9    diag,B
   15      0.653D-05      0.107D-05      -381.20245453    909.907061   -0.06882    0.50614   -1.19750    9    diag,B
   16      0.375D-05      0.549D-06      -381.20245456    909.906954   -0.06884    0.50578   -1.19738    9    diag,B
   17      0.256D-05      0.276D-06      -381.20245457    909.906790   -0.06886    0.50572   -1.19739    0    orth

 Final alpha occupancy:  29
 Final beta  occupancy:  28

 !RHF STATE 1.1 Energy               -381.202454570570
 Nuclear energy                       319.19653586
 One-electron energy                -1155.35238525
 Two-electron energy                  454.95339482
 Virial quotient                       -1.00113143
 !RHF STATE 1.1 Dipole moment          -0.06886131     0.50571700    -1.19738675
 Dipole moment /Debye                  -0.17501652     1.28532021    -3.04325422

 Orbital energies:

         1.1          2.1          3.1          4.1          5.1          6.1          7.1          8.1          9.1         10.1
    -20.592148   -20.591679   -20.569020   -11.373736   -11.265286   -11.263148   -11.231333    -1.443913    -1.361701    -1.243290

        11.1         12.1         13.1         14.1         15.1         16.1         17.1         18.1         19.1         20.1
     -1.083651    -0.942074    -0.882972    -0.795301    -0.707448    -0.694791    -0.663395    -0.644239    -0.611852    -0.593126

        21.1         22.1         23.1         24.1         25.1         26.1         27.1         28.1         29.1         30.1
     -0.584989    -0.550313    -0.532664    -0.523656    -0.510505    -0.492438    -0.453875    -0.382641    -0.275149     0.009122

        31.1
      0.039146

 HOMO     29.1    -0.275149 =      -7.4872eV
 LUMO     30.1     0.009122 =       0.2482eV
 LUMO-HOMO         0.284271 =       7.7354eV


 **********************************************************************************************************************************
 DATASETS  * FILE   NREC   LENGTH (MB)   RECORD NAMES
              1      19    31419.05       500      610      700      900      950      970     1000      129      960     1100   
                                          VAR    BASINP    GEOM    SYMINP    ZMAT    AOBASIS   BASIS     P2S    ABASIS      S 
                                         1400     1410     1200     1210     1080     1600     1650     1300     1700   
                                           T        V       H0       H01     AOSYM     SMH    MOLCAS    ERIS     OPER   

              2       4       11.04       700     1000      520     2100   
                                         GEOM     BASIS   MCVARS     RHF  

 PROGRAMS   *        TOTAL        HF       INT
 CPU TIMES  *      2677.95   2092.12    585.72
 REAL TIME  *      3204.86 SEC
 DISK USED  *       132.43 GB      
 **********************************************************************************************************************************


 PROGRAM * CCSD (Unrestricted open-shell coupled cluster)     Authors: C. Hampel, H.-J. Werner, 1991, M. Deegan, P.J. Knowles, 1992

                           UCCSD-F12 implementation by G. Knizia and H.-J. Werner, 2008

                   Density fitting integral evaluation by F.R. Manby, 2003,2007, G. Knizia, 2010

 Basis set CC-PVTZ/JKFIT generated.      Number of basis functions:   823 
 Basis set CC-PVTZ-F12/OPTRI generated.  Number of basis functions:   894 
 Basis set AUG-CC-PVTZ/MP2FIT generated. Number of basis functions:   1156 

 Convergence thresholds:  THRVAR = 1.00D-08  THRDEN = 1.14D-06

 CCSD(T)     terms to be evaluated (factor= 1.000)


 Number of core orbitals:           7 (   7 )
 Number of closed-shell orbitals:  21 (  21 )
 Number of active  orbitals:        1 (   1 )
 Number of external orbitals:     504 ( 504 )

 For full I/O caching in triples, increase memory by 2352.23 Mwords to 4252.51 Mwords.

 Number of N-1 electron functions:              43
 Number of N-2 electron functions:             903
 Number of singly external CSFs:             21715
 Number of doubly external CSFs:         173943210
 Total number of CSFs:                   173964925

 Molecular orbitals read from record     2100.2  Type=RHF/CANONICAL (state 1.1)

 Integral transformation finished. Total CPU: 977.69 sec, npass=  1  Memory used:1866.44 MW
 
 Geminal basis:    OPTFULL  GEM_TYPE=SLATER  BETA=1.0  NGEM=6

 Optimizing Gaussian exponents for each gem_beta

 Geminal optimization for beta= 1.0000
 Weight function:   m=0, omega= 1.4646

 Augmented Hessian optimization of geminal fit. Trust ratio= 0.40000
 Convergence reached after   2 iterations. Final gradient= 8.41D-16, Step= 4.29D-06, Delta= 1.28D-09
 
 Alpha:                 0.19532     0.81920     2.85917     9.50073    35.69989   197.79328
 Coeff:                 0.27070     0.30552     0.18297     0.10986     0.06810     0.04224
 
 
 WFN_F12=FIX,EG    DECOUPLE_EXPL=F   HYBRID=0    NOX=F   SEMIINT_F12=T   CORE_SINGLES=F
 
 AO(A)-basis ORBITAL           loaded. Number of functions:     533
 RI(R)-basis CC-PVTZ-F12/OPTRI loaded. Number of functions:     894
 DF-basis CC-PVTZ/JKFIT        loaded. Number of functions:     823

 Screening thresholds:   THRAO=  1.00D-10  THRMO=  1.00D-09  THRPROD=  1.00D-09
                         THRSW=  1.00D-05  THROV=  1.00D-12  THRAOF12=   1.00D-08

 CPU time for one-electron matrices              38.63 sec
 
 Construction of ABS:
 Pseudo-inverse stability          1.61E-11
 Smallest eigenvalue of S          5.09E-05  (threshold= 1.00E-08)
 Ratio eigmin/eigmax               5.08E-06  (threshold= 1.00E-09)
 Smallest eigenvalue of S kept     5.09E-05  (threshold= 5.09E-05, 0 functions deleted, 894 kept)
 
 Construction of CABS:
 Pseudo-inverse stability          9.18E-10
 Smallest eigenvalue of S          2.49E-07  (threshold= 1.00E-08)
 Ratio eigmin/eigmax               2.49E-07  (threshold= 1.00E-09)
 Smallest eigenvalue of S kept     2.49E-07  (threshold= 2.49E-07, 0 functions deleted, 894 kept)
 
 CPU time for basis constructions                 0.59 sec
 Fock operators(MO) rebuilt from dump record.
 CPU time for fock operators                      1.37 sec
 
                                      TOTAL          ALPHA          BETA    
  Singles Contributions MO        -0.010415503   -0.005359723   -0.005055780
  Singles Contributions CABS      -0.003538524   -0.001818992   -0.001719532
  Pure DF-RHF relaxation          -0.003528016
 
 CPU time for singles                             2.84 sec
 
 AO(A)-basis ORBITAL           loaded. Number of functions:     533
 RI(R)-basis CC-PVTZ-F12/OPTRI loaded. Number of functions:     894
 DF-basis AUG-CC-PVTZ/MP2FIT   loaded. Number of functions:    1156

 Screening thresholds:   THRAO=  1.00D-10  THRMO=  1.00D-09  THRPROD=  1.00D-09
                         THRSW=  1.00D-05  THROV=  1.00D-12  THRAOF12=   1.00D-08

 CPU time for transformed integrals             688.10 sec
 CPU time for F12 matrices                       41.64 sec

 Diagonal F12 ansatz with fixed amplitudes:   TS= 0.5000  TT= 0.2500  TN= 0.3750
 
 ITER.     SQ.NORM      CORR.ENERGY   TOTAL ENERGY  ENERGY CHANGE      VAR         CPU   MICRO    DIIS
   1      1.47632734    -1.65287014  -382.85885272    -1.6564E+00   4.59E-01      2.18  1  1  1   0  0
   2      1.47078981    -1.64716200  -382.85314458     5.7081E-03   7.43E-04     25.87  0  0  0   1  1
   3      1.47219349    -1.64804966  -382.85403225    -8.8766E-04   1.13E-05     50.39  0  0  0   2  2
   4      1.47221884    -1.64806048  -382.85404307    -1.0819E-05   1.84E-07     75.68  0  0  0   3  3
   5      1.47223276    -1.64806066  -382.85404325    -1.8455E-07   1.48E-09    101.27  0  0  0   4  4
 
 - - Continuing with F12/conv. amplitude coupling turned on.
 
   6      1.47225798    -1.64859326  -382.85457584    -5.3278E-04   1.19E-04    126.17  1  1  1   1  1
   7      1.47225727    -1.64859308  -382.85457567     1.7608E-07   1.76E-09    152.03  1  1  1   2  2
 
 CPU time for iterative RMP2-F12                152.03 sec
 
 
 DF-RMP2-F12 doubles corrections:
 - - - - - - - - - - - - - - - - 
  Approx.                             TOTAL           A-B            A-A            B-B    
  RMP2-F12/3C(FIX)                -0.123951193   -0.115087225   -0.004751217   -0.004112752
  RMP2-F12/3*C(FIX)               -0.123418777   -0.114888833   -0.004574827   -0.003955117
  RMP2-F12/3*C(DX)                -0.123883652   -0.115311080   -0.004598385   -0.003974187
  RMP2-F12/3*C(FIX,DX)            -0.130713238   -0.121660467   -0.004854008   -0.004198764
 
 DF-RMP2-F12 doubles energies:
 - - - - - - - - - - - - - - -
  Approx.                             TOTAL           A-B            A-A            B-B    
  RMP2                            -1.514226385   -1.138301155   -0.198784450   -0.177140780
  RMP2-F12/3C(FIX)                -1.638177578   -1.253388379   -0.203535667   -0.181253532
  RMP2-F12/3*C(FIX)               -1.637645161   -1.253189987   -0.203359277   -0.181095897
  RMP2-F12/3*C(DX)                -1.638110036   -1.253612234   -0.203382835   -0.181114967
  RMP2-F12/3*C(FIX,DX)            -1.644939623   -1.259961622   -0.203638458   -0.181339544
 
 
  Reference energy                   -381.202454570556
  CABS relaxation correction to RHF    -0.003528015878
  New reference energy               -381.205982586434
 
  RMP2-F12 singles (MO) energy         -0.010415502593
  RMP2-F12 pair energy                 -1.638177578088
  RMP2-F12 correlation energy          -1.648593080681
 
 !RMP2-F12/3C(FIX) energy            -382.854575667115

 Starting RMP2 calculation

 ITER.      SQ.NORM     CORR.ENERGY   TOTAL ENERGY   ENERGY CHANGE        DEN1      VAR(S)    VAR(P)  DIIS     TIME
   1      1.46350507    -1.51857060  -382.72102518    -1.51857060    -0.00543079  0.46D-03  0.24D-02  1  1  2044.03
   2      1.47103338    -1.52444937  -382.72690394    -0.00587877    -0.00005902  0.39D-04  0.33D-04  2  2  2070.33
   3      1.47210532    -1.52476822  -382.72722279    -0.00031885    -0.00000147  0.17D-05  0.47D-06  3  3  2097.63
   4      1.47223200    -1.52478599  -382.72724056    -0.00001777    -0.00000002  0.29D-07  0.45D-08  4  4  2125.81
   5      1.47224006    -1.52478709  -382.72724166    -0.00000109    -0.00000000  0.55D-09  0.16D-09  5  5  2155.42

 Norm of t1 vector:      0.13022839      S-energy:    -0.01041517      T1 diagnostic:  0.00222291
 Norm of t2 vector:      0.67474486      P-energy:    -1.51437192
                                         Alpha-Beta:  -1.13874867
                                         Alpha-Alpha: -0.19861793
                                         Beta-Beta:   -0.17700531

 Singles amplitudes (print threshold =  0.500E-01):

         I         SYM. A    A   T(IA) [Alpha-Alpha]

        21         1         2     -0.07453992
 
         I         SYM. A    A   T(IA) [Beta-Beta]

        21         1         2      0.06860047

 Spin contamination <S**2-Sz**2-Sz>     0.00782174
  Reference energy                   -381.205982586438
  RHF-RMP2 correlation energy          -1.524787085729
 !RHF-RMP2 energy                    -382.730769672167

 Starting UCCSD calculation

 ITER.      SQ.NORM     CORR.ENERGY   TOTAL ENERGY   ENERGY CHANGE        DEN1      VAR(S)    VAR(P)  DIIS     TIME
   1      1.42822040    -1.45938726  -382.66184183    -1.45938726    -0.04872688  0.11D-01  0.10D-01  0  0  7330.14
   2      1.47893970    -1.50393891  -382.70639348    -0.04455165    -0.00639897  0.21D-02  0.22D-02  1  1 12490.83
   3      1.49326662    -1.50537384  -382.70782841    -0.00143493    -0.00173927  0.13D-02  0.39D-03  2  2 17653.96
   4      1.51891271    -1.51268826  -382.71514283    -0.00731442    -0.00055962  0.61D-03  0.96D-04  3  3 22820.83
   5      1.53829666    -1.51551237  -382.71796694    -0.00282411    -0.00031758  0.40D-03  0.47D-04  4  4 27989.41
   6      1.56420991    -1.51673193  -382.71918650    -0.00121956    -0.00016587  0.21D-03  0.34D-04  5  5 33225.78
   7      1.59032380    -1.51791604  -382.72037061    -0.00118411    -0.00008385  0.78D-04  0.25D-04  6  6 38392.15
   8      1.61079554    -1.51868588  -382.72114045    -0.00076984    -0.00003446  0.37D-04  0.95D-05  6  1 43557.55
   9      1.62527494    -1.51914702  -382.72160159    -0.00046114    -0.00001057  0.10D-04  0.23D-05  6  2 48722.94
  10      1.63204534    -1.51942320  -382.72187777    -0.00027619    -0.00000398  0.30D-05  0.11D-05  6  3 53888.46
  11      1.63376998    -1.51941379  -382.72186836     0.00000941    -0.00000150  0.16D-05  0.30D-06  6  4 59054.06
  12      1.63631425    -1.51952107  -382.72197565    -0.00010728    -0.00000055  0.36D-06  0.20D-06  6  5 64220.80
  13      1.63693581    -1.51953037  -382.72198495    -0.00000930    -0.00000020  0.19D-06  0.41D-07  6  2 69385.59
  14      1.63740143    -1.51954221  -382.72199678    -0.00001184    -0.00000006  0.45D-07  0.14D-07  6  6 74551.80
  15      1.63746081    -1.51953718  -382.72199175     0.00000504    -0.00000002  0.15D-07  0.38D-08  6  1 79716.76
  16      1.63737584    -1.51953052  -382.72198509     0.00000666    -0.00000001  0.66D-08  0.14D-08  6  3 84879.81
  17      1.63726690    -1.51952499  -382.72197956     0.00000553    -0.00000000  0.29D-08  0.94D-09  6  2 90043.19
  18      1.63713030    -1.51952006  -382.72197464     0.00000492    -0.00000000  0.92D-09  0.40D-09  6  4 95210.75
  19      1.63705354    -1.51951736  -382.72197193     0.00000270    -0.00000000  0.22D-09  0.10D-09  6  5100375.94
  20      1.63702478    -1.51951667  -382.72197124     0.00000069    -0.00000000  0.94D-10  0.35D-10  6  1105542.18

 Norm of t1 vector:      0.39328784      S-energy:    -0.01709815      T1 diagnostic:  0.03382881
                                                                       D1 diagnostic:  0.18224504
 Norm of t2 vector:      0.69451383      P-energy:    -1.50241853
                                         Alpha-Beta:  -1.17612420
                                         Alpha-Alpha: -0.17319841
                                         Beta-Beta:   -0.15309591

 Singles amplitudes (print threshold =  0.500E-01):

         I         SYM. A    A   T(IA) [Alpha-Alpha]

        21         1         2     -0.15401342
        22         1         2     -0.24332237
 
         I         SYM. A    A   T(IA) [Beta-Beta]

        21         1         1     -0.12898887
        21         1         2      0.12409226

 Doubles amplitudes (print threshold =  0.500E-01):

         I         J         SYM. A    SYM. B    A         B      T(IJ, AB) [Alpha-Beta]

        21        21         1         1         2         2     -0.05888557
        22        21         1         1         2         1      0.08716073

 Spin contamination <S**2-Sz**2-Sz>     0.08285220

 For full I/O caching in triples, increase memory by 2605.43 Mwords to 4505.71 Mwords.
 

  Ecorr(MP2)                           -1.524787085729
  Ecorr(MP2-F12)                       -1.648738279198
  Scale factor for triples energy       1.081290820620

 RESULTS
 =======

  Reference energy                   -381.202454570560
  CABS relaxation correction to RHF    -0.003528015878
  New reference energy               -381.205982586438
 
  F12 corrections for ansatz 3C(FIX) added to UCCSD energy. Coupling mode: 15
 
  UCCSD-F12a singles energy            -0.017098147465
  UCCSD-F12a pair energy               -1.624852547998
  UCCSD-F12a correlation energy        -1.641950695463
  Triples (T) contribution (scaled)    -0.081076834922
  Total correlation energy             -1.723027530385
 
  RHF-UCCSD-F12a energy              -382.847933281901
  RHF-UCCSD[T]-F12a energy           -382.933850902035
  RHF-UCCSD-T-F12a energy            -382.929717892636
 !RHF-UCCSD(T)-F12a energy           -382.929010116823
 
  F12 corrections for ansatz 3C(FIX) added to UCCSD energy. Coupling mode: 15
 
  UCCSD-F12b singles energy            -0.017098147465
  UCCSD-F12b pair energy               -1.602466173480
  UCCSD-F12b correlation energy        -1.619564320945
  Triples (T) contribution (scaled)    -0.081076834922
  Total correlation energy             -1.700641155867
 
  RHF-UCCSD-F12b energy              -382.825546907383
  RHF-UCCSD[T]-F12b energy           -382.911464527517
  RHF-UCCSD-T-F12b energy            -382.907331518118
 !RHF-UCCSD(T)-F12b energy           -382.906623742305

 Program statistics:

 Available memory in ccsd:              1899995808
 Min. memory needed in ccsd:             476529013
 Max. memory used in ccsd:               700588850
 Max. memory used in cckext:             522715393 (21 integral passes)
 Max. memory used in cckint:            1866435477 ( 1 integral passes)



 **********************************************************************************************************************************
 DATASETS  * FILE   NREC   LENGTH (MB)   RECORD NAMES
              1      20    31419.07       500      610      700      900      950      970     1000      129      960     1100   
                                          VAR    BASINP    GEOM    SYMINP    ZMAT    AOBASIS   BASIS     P2S    ABASIS      S 
                                         1400     1410     1200     1210     1080     1600     1650     1300     1700      960(1)
                                           T        V       H0       H01     AOSYM     SMH    MOLCAS    ERIS     OPER    ABASIS    

              2       5       14.46       700     1000      520     2100     7360   
                                         GEOM     BASIS   MCVARS     RHF    F12ABS    

 PROGRAMS   *        TOTALUCCSD(T)-F        HF       INT
 CPU TIMES  *    320931.04 318253.08   2092.12    585.72
 REAL TIME  *    324846.13 SEC
 DISK USED  *       203.19 GB      
 **********************************************************************************************************************************

 UCCSD(T)-F12/cc-pVTZ-F12 energy=   -382.906623742305

    UCCSD(T)-F12        HF-SCF  
   -382.90662374   -381.20245457
 **********************************************************************************************************************************
 Molpro calculation terminated
 Variable memory released
