
 Primary working directories    : /scratch/scratchdirs/nyee88
 Secondary working directories  : /scratch/scratchdirs/nyee88
 Wavefunction directory         : /global/homes/n/nyee88/wfu/
 Main file repository           : /scratch/scratchdirs/nyee88/

 SHA1      : d03110ad91d449d0c5f19172a0c0ba2e2d66b3a5
 NAME      : 2012.1.21
 ARCHNAME  : Linux/XT
 FC        : /opt/cray/craype/2.2.1/bin/ftn
 FCVERSION : 14.2-0
 BLASLIB   : 
 id        : lbl

 Nodes     nprocs
 nid03953     1
 nid03726     1
 nid03727     1
 nid03664     1
 nid03665     1
 nid03666     1
 nid03667     1
 nid04012     1
 nid04013     1
 nid03954     1
 nid03955     1
 nid03724     1
 Number of processes for MPI-2 version of Molpro:   nprocs(total)=   24   nprocs(compute)=   12   nprocs(helper)=   12
 ga_uses_ma=false, calling ma_init with nominal heap.
 GA-space will be limited to   8.0 MW (determined by -G option)

 Using customized tuning parameters: mindgm=7; mindgv=24; mindgc=4; mindgr=2; noblas=0; minvec=7
 default implementation of scratch files=sf  

 geometry = {angstrom
  C
  H                  1              B1
  H                  1              B2    2              A1
  C                  1              B3    2              A2    3              D1
  H                  4              B4    1              A3    2              D2
  C                  4              B5    1              A4    2              D3
  H                  6              B6    4              A5    1              D4
  C                  4              B7    1              A6    6              D5
  H                  8              B8    4              A7    1              D6
  H                  8              B9    4              A8    1              D7
  O                  6             B10    4              A9    1              D8
  O                 11             B11    6             A10    4              D9
  H                 12             B12   11             A11    6             D10
  H                  8             B13    4             A12    1             D11
  O                  6             B14    4             A13    1             D12
  H                 15             B15    6             A14    4             D13
 }
 
       B1 =           1.08153367
       B2 =           1.08342658
       B3 =           1.50596550
       B4 =           1.09253997
       B5 =           1.52925259
       B6 =           1.09911669
       B7 =           1.53011516
       B8 =           1.09320423
       B9 =           1.09289974
       B10 =          1.44290309
       B11 =          1.68353034
       B12 =          0.96647320
       B13 =          1.09388743
       B14 =          1.38730604
       B15 =          0.96730496
       A1 =         117.04607650
       A2 =         121.42472759
       A3 =         109.72141670
       A4 =          99.42956959
       A5 =         113.55216427
       A6 =         115.52069867
       A7 =         110.38307231
       A8 =         110.94145859
       A9 =          98.99197334
       A10 =        100.03448371
       A11 =         94.46242667
       A12 =        111.09072559
       A13 =        111.96490866
       A14 =        105.15400171
       D1 =        -164.37684703
       D2 =           0.50866448
       D3 =        -110.64831962
       D4 =         -97.98739608
       D5 =        -123.37001074
       D6 =         174.70320990
       D7 =         -65.45209868
       D8 =          15.67672178
       D9 =         178.45834700
       D10 =       -139.88890860
       D11 =         54.72819723
       D12 =        134.68035005
       D13 =       -168.87130524
 
 memory,3000,M
 basis = vtz-f12
 hf
 uccsd(t)-f12,scale_trip=1

 Variables initialized (782), CPU time= 0.02 sec
 Commands  initialized (547), CPU time= 0.03 sec, 517 directives.
 Default parameters read. Elapsed time= 1.10 sec

 Checking input...
 Passed
1


                                         ***  PROGRAM SYSTEM MOLPRO  ***
                         Copyright, University College Cardiff Consultants Limited, 2008

                                    Version 2012.1 linked Mar 12 2015 14:11:14


 **********************************************************************************************************************************
 LABEL *                                                                                 
 Linux-3.0.101-0.31.1_1.0502.8394-cray_gem_c/nid03953(x86_64) 64 bit mpp version         DATE: 01-May-15          TIME: 19:55:41  
 **********************************************************************************************************************************

 SHA1:             d03110ad91d449d0c5f19172a0c0ba2e2d66b3a5
 **********************************************************************************************************************************
 SETTING B1             =         1.08153367                                  
 SETTING B2             =         1.08342658                                  
 SETTING B3             =         1.50596550                                  
 SETTING B4             =         1.09253997                                  
 SETTING B5             =         1.52925259                                  
 SETTING B6             =         1.09911669                                  
 SETTING B7             =         1.53011516                                  
 SETTING B8             =         1.09320423                                  
 SETTING B9             =         1.09289974                                  
 SETTING B10            =         1.44290309                                  
 SETTING B11            =         1.68353034                                  
 SETTING B12            =         0.96647320                                  
 SETTING B13            =         1.09388743                                  
 SETTING B14            =         1.38730604                                  
 SETTING B15            =         0.96730496                                  
 SETTING A1             =       117.04607650                                  
 SETTING A2             =       121.42472759                                  
 SETTING A3             =       109.72141670                                  
 SETTING A4             =        99.42956959                                  
 SETTING A5             =       113.55216427                                  
 SETTING A6             =       115.52069867                                  
 SETTING A7             =       110.38307231                                  
 SETTING A8             =       110.94145859                                  
 SETTING A9             =        98.99197334                                  
 SETTING A10            =       100.03448371                                  
 SETTING A11            =        94.46242667                                  
 SETTING A12            =       111.09072559                                  
 SETTING A13            =       111.96490866                                  
 SETTING A14            =       105.15400171                                  
 SETTING D1             =      -164.37684703                                  
 SETTING D2             =         0.50866448                                  
 SETTING D3             =      -110.64831962                                  
 SETTING D4             =       -97.98739608                                  
 SETTING D5             =      -123.37001074                                  
 SETTING D6             =       174.70320990                                  
 SETTING D7             =       -65.45209868                                  
 SETTING D8             =        15.67672178                                  
 SETTING D9             =       178.45834700                                  
 SETTING D10            =      -139.88890860                                  
 SETTING D11            =        54.72819723                                  
 SETTING D12            =       134.68035005                                  
 SETTING D13            =      -168.87130524                                  

 Variable memory set to 3000000000 words,  buffer space   230000 words

 SETTING BASIS          =    VTZ-F12


 Recomputing integrals since basis changed


 Using spherical harmonics

 Library entry C      S cc-pVTZ-F12          selected for orbital group  1
 Library entry C      P cc-pVTZ-F12          selected for orbital group  1
 Library entry C      D cc-pVTZ-F12          selected for orbital group  1
 Library entry C      F cc-pVTZ-F12          selected for orbital group  1
 Library entry H      S cc-pVTZ-F12          selected for orbital group  2
 Library entry H      P cc-pVTZ-F12          selected for orbital group  2
 Library entry H      D cc-pVTZ-F12          selected for orbital group  2
 Library entry O      S cc-pVTZ-F12          selected for orbital group  9
 Library entry O      P cc-pVTZ-F12          selected for orbital group  9
 Library entry O      D cc-pVTZ-F12          selected for orbital group  9
 Library entry O      F cc-pVTZ-F12          selected for orbital group  9

1PROGRAM * SEWARD (Integral evaluation for generally contracted gaussian basis sets)     Author: Roland Lindh, 1990

 Geometry written to block  1 of record 700

 Orientation using atomic masses  
 Molecule type: Asymmetric top
 Rotational constants:       1.8533718      1.4671885      4.3148314 GHz  (calculated with average atomic masses)

 Point group  C1  



 ATOMIC COORDINATES

 NR  ATOM    CHARGE       X              Y              Z

   1  C       6.00    2.821966150    0.700827951   -1.909292217
   2  H       1.00    3.805701600    2.488621382   -1.794454857
   3  H       1.00    3.965619063   -0.975159603   -2.182946435
   4  C       6.00    0.014196350    0.578314990   -2.356899064
   5  H       1.00   -0.745762107    2.488986834   -2.542303764
   6  C       6.00   -0.836515621   -0.382774538    0.232297042
   7  H       1.00   -1.158802472   -2.433795923    0.291408247
   8  C       6.00   -0.821019848   -1.056690399   -4.590715404
   9  H       1.00   -2.882089522   -1.176982036   -4.663414883
  10  H       1.00   -0.160388609   -0.258624409   -6.377344484
  11  O       8.00    1.437550481    0.131676458    1.646090174
  12  O       8.00    0.524090466   -0.834891773    4.536196464
  13  H       1.00    1.341624685    0.543578100    5.412030210
  14  H       1.00   -0.069001852   -2.975502145   -4.430310077
  15  O       8.00   -2.910671740    0.941177242    1.136710634
  16  H       1.00   -3.077560344    0.432079618    2.884377016

 Bond lengths in Bohr (Angstrom)

 1-2  2.043802438  1-3  2.047379520  1-4  2.845862358  4-5  2.064601331  4-6  2.889868581
     ( 1.081533670)     ( 1.083426580)     ( 1.505965500)     ( 1.092539970)     ( 1.529252590)

  4- 8  2.891498602   6- 7  2.077029531   6-11  2.726691674   6-15  2.621628476   8- 9  2.065856600
       ( 1.530115160)       ( 1.099116690)       ( 1.442903090)       ( 1.387306040)       ( 1.093204230)

  8-10  2.065281198   8-14  2.067147661  11-12  3.181411277  12-13  1.826369661  15-16  1.827941460
       ( 1.092899740)       ( 1.093887430)       ( 1.683530340)       ( 0.966473200)       ( 0.967304960)

 Bond angles

  1-4-5  109.72141670   1-4-6   99.42956959   1-4-8  115.52069867   2-1-3  117.04607650

  2- 1- 4  121.42472759   3- 1- 4  119.66009778   4- 6- 7  113.55216427   4- 6-11   98.99197334

  4- 6-15  111.96490866   4- 8- 9  110.38307231   4- 8-10  110.94145859   4- 8-14  111.09072559

  5- 4- 6  106.25290901   5- 4- 8  110.34027775   6- 4- 8  114.77666686   6-11-12  100.03448371

  6-15-16  105.15400171   7- 6-11  107.51546259   7- 6-15  111.47565114   9- 8-10  108.13103446

  9- 8-14  108.15765264  10- 8-14  108.02608736  11- 6-15  112.68615106  11-12-13   94.46242667

 NUCLEAR CHARGE:                   57
 NUMBER OF PRIMITIVE AOS:         693
 NUMBER OF SYMMETRY AOS:          621
 NUMBER OF CONTRACTIONS:          533   ( 533A   )
 NUMBER OF CORE ORBITALS:           7   (   7A   )
 NUMBER OF VALENCE ORBITALS:       37   (  37A   )


 NUCLEAR REPULSION ENERGY  331.00683093


 Eigenvalues of metric

         1 0.171E-04 0.398E-04 0.418E-04 0.580E-04 0.932E-04 0.997E-04 0.108E-03 0.113E-03


 Contracted 2-electron integrals neglected if value below      1.0D-12
 AO integral compression algorithm  1   Integral accuracy      1.0D-12

     35898.786 MB (compressed) written to integral file ( 41.3%)

     Node minimum: 2733.638 MB, node maximum: 3077.308 MB


 NUMBER OF SORTED TWO-ELECTRON INTEGRALS:  843886440.     BUFFER LENGTH:  32768
 NUMBER OF SEGMENTS:  27  SEGMENT LENGTH:   31999824      RECORD LENGTH: 524288

 Memory used in sort:      32.56 MW

 SORT1 READ 10865047821. AND WROTE   717248874. INTEGRALS IN   2067 RECORDS. CPU TIME:   529.73 SEC, REAL TIME:   550.11 SEC
 SORT2 READ  8521289991. AND WROTE 10126281516. INTEGRALS IN 140868 RECORDS. CPU TIME:    54.27 SEC, REAL TIME:   115.16 SEC

 Node minimum:   843791568.  Node maximum:   843922020. integrals

 OPERATOR DM      FOR CENTER  0  COORDINATES:    0.000000    0.000000    0.000000


 **********************************************************************************************************************************
 DATASETS  * FILE   NREC   LENGTH (MB)   RECORD NAMES
              1      18       18.19       500      610      700      900      950      970     1000      129      960     1100   
                                          VAR    BASINP    GEOM    SYMINP    ZMAT    AOBASIS   BASIS     P2S    ABASIS      S 
                                         1400     1410     1200     1210     1080     1600     1650     1700   
                                           T        V       H0       H01     AOSYM     SMH    MOLCAS    OPER   

 PROGRAMS   *        TOTAL       INT
 CPU TIMES  *       668.75    668.39
 REAL TIME  *       758.52 SEC
 DISK USED  *       137.65 GB      
 GA USED    *         0.01 MB       (max)       0.00 MB       (current)
 **********************************************************************************************************************************

1PROGRAM * RHF-SCF (OPEN SHELL)       Authors: W. Meyer, H.-J. Werner


 NUMBER OF ELECTRONS:      29+   28-    SPACE SYMMETRY=1    SPIN SYMMETRY: Doublet 
 CONVERGENCE THRESHOLDS:    1.00E-05 (Density)    1.14E-07 (Energy)
 MAX. NUMBER OF ITERATIONS:       60
 INTERPOLATION TYPE:            DIIS
 INTERPOLATION STEPS:              2 (START)      1 (STEP)
 LEVEL SHIFTS:                 -0.30 (CLOSED)  0.00 (OPEN) 



 Orbital guess generated from atomic densities. Full valence occupancy:   44

 Molecular orbital dump at record        2100.2

 ITERATION    DDIFF          GRAD             ENERGY        2-EL.EN.            DIPOLE MOMENTS         DIIS   ORB.
    1      0.000D+00      0.000D+00      -381.09388954    935.903435    0.84319    0.43657   -1.82764    0    start
    2      0.000D+00      0.276D-02      -381.20029953    932.733528    0.25167    0.13143   -0.70731    1    diag,B
    3      0.259D-02      0.139D-02      -381.22411230    933.839436    0.44621    0.22835   -0.99396    2    diag,B
    4      0.879D-03      0.411D-03      -381.23292094    933.648424    0.34095    0.14872   -0.69678    3    diag,B
    5      0.491D-03      0.245D-03      -381.23690845    933.574281    0.31521    0.14218   -0.58708    4    diag,B
    6      0.278D-03      0.159D-03      -381.24034742    933.525001    0.26830    0.11343   -0.44198    5    diag,B
    7      0.275D-03      0.142D-03      -381.24465536    933.450461    0.20855    0.08549   -0.26095    6    fixocc
    8      0.435D-03      0.886D-04      -381.24627439    933.424487    0.17037    0.07045   -0.15601    7    diag,B
    9      0.418D-03      0.278D-04      -381.24624945    933.388632    0.17372    0.07239   -0.17804    8    diag,B
   10      0.985D-04      0.267D-04      -381.24630969    933.402760    0.16903    0.07140   -0.17053    9    orth
   11      0.632D-04      0.731D-05      -381.24631353    933.400187    0.16879    0.07178   -0.17440    9    diag,B
   12      0.146D-04      0.403D-05      -381.24631467    933.397777    0.16873    0.07229   -0.17896    9    diag,B
   13      0.915D-05      0.159D-05      -381.24631485    933.397473    0.16867    0.07246   -0.18061    9    diag,B
   14      0.389D-05      0.563D-06      -381.24631487    933.397124    0.16862    0.07250   -0.18092    9    diag,B
   15      0.129D-05      0.332D-06      -381.24631487    933.397059    0.16862    0.07249   -0.18089    0    orth

 Final alpha occupancy:  29
 Final beta  occupancy:  28

 !RHF STATE 1.1 Energy               -381.246314872401
 Nuclear energy                       331.00683093
 One-electron energy                -1178.95167532
 Two-electron energy                  466.69852951
 Virial quotient                       -1.00123642
 !RHF STATE 1.1 Dipole moment           0.16861868     0.07248759    -0.18089049
 Dipole moment /Debye                   0.42855787     0.18423302    -0.45974765

 Orbital energies:

         1.1          2.1          3.1          4.1          5.1          6.1          7.1          8.1          9.1         10.1
    -20.650483   -20.613897   -20.569035   -11.344444   -11.243259   -11.226848   -11.225352    -1.434745    -1.363065    -1.262387

        11.1         12.1         13.1         14.1         15.1         16.1         17.1         18.1         19.1         20.1
     -1.075351    -0.924599    -0.896273    -0.782338    -0.725396    -0.684447    -0.671785    -0.637545    -0.607900    -0.584953

        21.1         22.1         23.1         24.1         25.1         26.1         27.1         28.1         29.1         30.1
     -0.570972    -0.546996    -0.533406    -0.503190    -0.499095    -0.493813    -0.485101    -0.453964    -0.333307     0.044341

        31.1
      0.050649

 HOMO     29.1    -0.333307 =      -9.0697eV
 LUMO     30.1     0.044341 =       1.2066eV
 LUMO-HOMO         0.377647 =      10.2763eV


 **********************************************************************************************************************************
 DATASETS  * FILE   NREC   LENGTH (MB)   RECORD NAMES
              1      18       18.19       500      610      700      900      950      970     1000      129      960     1100   
                                          VAR    BASINP    GEOM    SYMINP    ZMAT    AOBASIS   BASIS     P2S    ABASIS      S 
                                         1400     1410     1200     1210     1080     1600     1650     1700   
                                           T        V       H0       H01     AOSYM     SMH    MOLCAS    OPER   

              2       4        8.59       700     1000      520     2100   
                                         GEOM     BASIS   MCVARS     RHF  

 PROGRAMS   *        TOTAL        HF       INT
 CPU TIMES  *      1112.58    443.82    668.39
 REAL TIME  *      1301.22 SEC
 DISK USED  *       138.46 GB      
 SF USED    *         1.14 MB      
 GA USED    *         0.01 MB       (max)       0.00 MB       (current)
 **********************************************************************************************************************************


1PROGRAM * CCSD (Unrestricted open-shell coupled cluster)     Authors: C. Hampel, H.-J. Werner, 1991, M. Deegan, P.J. Knowles, 1992

                           UCCSD-F12 implementation by G. Knizia and H.-J. Werner, 2008

                   Density fitting integral evaluation by F.R. Manby, 2003,2007, G. Knizia, 2010

 Basis set CC-PVTZ/JKFIT generated.      Number of basis functions:   823 
 Basis set CC-PVTZ-F12/OPTRI generated.  Number of basis functions:   894 
 Basis set AUG-CC-PVTZ/MP2FIT generated. Number of basis functions:   1156 

 Convergence thresholds:  THRVAR = 1.00D-08  THRDEN = 1.14D-06

 CCSD(T)     terms to be evaluated (factor= 1.000)


 Number of core orbitals:           7 (   7 )
 Number of closed-shell orbitals:  21 (  21 )
 Number of active  orbitals:        1 (   1 )
 Number of external orbitals:     504 ( 504 )

 For full I/O caching in triples, increase memory by 1254.02 Mwords to 4254.30 Mwords.

 Number of N-1 electron functions:              43
 Number of N-2 electron functions:             903
 Number of singly external CSFs:             21715
 Number of doubly external CSFs:         173943210
 Total number of CSFs:                   173964925

 Molecular orbitals read from record     2100.2  Type=RHF/CANONICAL (state 1.1)

 Integral transformation finished. Total CPU:1943.60 sec, npass=  1  Memory used:1866.44 MW
 
 Geminal basis:    OPTFULL  GEM_TYPE=SLATER  BETA=1.0  NGEM=6

 Optimizing Gaussian exponents for each gem_beta

 Geminal optimization for beta= 1.0000
 Weight function:   m=0, omega= 1.4646

 Augmented Hessian optimization of geminal fit. Trust ratio= 0.40000
 Convergence reached after   2 iterations. Final gradient= 8.42D-16, Step= 4.39D-06, Delta= 1.28D-09
 
 Alpha:                 0.19532     0.81920     2.85917     9.50073    35.69989   197.79328
 Coeff:                 0.27070     0.30552     0.18297     0.10986     0.06810     0.04224
 
 
 WFN_F12=FIX,EG    DECOUPLE_EXPL=F   HYBRID=0    NOX=F   SEMIINT_F12=T   CORE_SINGLES=F
 
 AO(A)-basis ORBITAL           loaded. Number of functions:     533
 RI(R)-basis CC-PVTZ-F12/OPTRI loaded. Number of functions:     894
 DF-basis CC-PVTZ/JKFIT        loaded. Number of functions:     823

 Screening thresholds:   THRAO=  1.00D-10  THRMO=  1.00D-09  THRPROD=  1.00D-09
                         THRSW=  1.00D-05  THROV=  1.00D-12  THRF12=   1.00D-08

 CPU time for one-electron matrices              23.95 sec
 
 Construction of ABS:
 Pseudo-inverse stability          2.74E-10
 Smallest eigenvalue of S          4.30E-05  (threshold= 1.00E-08)
 Ratio eigmin/eigmax               1.90E-07  (threshold= 1.00E-09)
 Smallest eigenvalue of S kept     4.30E-05  (threshold= 4.30E-05, 0 functions deleted, 894 kept)
 
 Construction of CABS:
 Pseudo-inverse stability          4.47E-09
 Smallest eigenvalue of S          2.68E-07  (threshold= 1.00E-08)
 Ratio eigmin/eigmax               2.68E-07  (threshold= 1.00E-09)
 Smallest eigenvalue of S kept     2.68E-07  (threshold= 2.68E-07, 0 functions deleted, 894 kept)
 
 CPU time for basis constructions                 5.45 sec
 Fock operators(MO) rebuilt from dump record.
 CPU time for fock operators                      7.74 sec
 
                                      TOTAL          ALPHA          BETA    
  Singles Contributions MO        -0.003337560   -0.001691512   -0.001646048
  Singles Contributions CABS      -0.003518162   -0.001804836   -0.001713326
  Pure DF-RHF relaxation          -0.003512939
 
 CPU time for singles                            32.57 sec
 
 AO(A)-basis ORBITAL           loaded. Number of functions:     533
 RI(R)-basis CC-PVTZ-F12/OPTRI loaded. Number of functions:     894
 DF-basis AUG-CC-PVTZ/MP2FIT   loaded. Number of functions:    1156

 Screening thresholds:   THRAO=  1.00D-10  THRMO=  1.00D-09  THRPROD=  1.00D-09
                         THRSW=  1.00D-05  THROV=  1.00D-12  THRF12=   1.00D-08

 CPU time for transformed integrals             339.77 sec
 CPU time for F12 matrices                      300.20 sec

 Diagonal F12 ansatz with fixed amplitudes:   TS= 0.5000  TT= 0.2500  TN= 0.3750
 
 ITER.     SQ.NORM      CORR.ENERGY   TOTAL ENERGY  ENERGY CHANGE      VAR         CPU   MICRO    DIIS
   1      1.42089587    -1.60430542  -382.85413324    -1.6078E+00   4.18E-01     14.06  1  1  1   0  0
   2      1.42100371    -1.60395713  -382.85378494     3.4829E-04   2.35E-04    114.07  0  0  0   1  1
   3      1.42147106    -1.60436958  -382.85419740    -4.1245E-04   2.38E-06    223.40  0  0  0   2  2
   4      1.42148478    -1.60437319  -382.85420100    -3.6016E-06   2.02E-08    342.60  0  0  0   3  3
   5      1.42148682    -1.60437322  -382.85420103    -3.0577E-08   1.62E-10    471.07  0  0  0   4  4
 
 - - Continuing with F12/conv. amplitude coupling turned on.
 
   6      1.42153804    -1.60500522  -382.85483303    -6.3203E-04   1.19E-04    581.31  1  1  1   1  1
   7      1.42153766    -1.60500530  -382.85483311    -8.1700E-08   1.92E-09    701.65  1  1  1   2  2
 
 CPU time for iterative RMP2-F12                701.65 sec
 
 
 DF-RMP2-F12 doubles corrections:
 - - - - - - - - - - - - - - - - 
  Approx.                             TOTAL           A-B            A-A            B-B    
  RMP2-F12/3C(FIX)                -0.123935533   -0.115010851   -0.004711117   -0.004213564
  RMP2-F12/3*C(FIX)               -0.123303447   -0.114725094   -0.004531123   -0.004047230
  RMP2-F12/3*C(DX)                -0.123753081   -0.115137739   -0.004549837   -0.004065506
  RMP2-F12/3*C(FIX,DX)            -0.130713006   -0.121625149   -0.004784014   -0.004303844
 
 DF-RMP2-F12 doubles energies:
 - - - - - - - - - - - - - - -
  Approx.                             TOTAL           A-B            A-A            B-B    
  RMP2                            -1.477732210   -1.117652725   -0.189029351   -0.171050134
  RMP2-F12/3C(FIX)                -1.601667742   -1.232663576   -0.193740468   -0.175263698
  RMP2-F12/3*C(FIX)               -1.601035657   -1.232377819   -0.193560474   -0.175097364
  RMP2-F12/3*C(DX)                -1.601485291   -1.232790463   -0.193579188   -0.175115640
  RMP2-F12/3*C(FIX,DX)            -1.608445215   -1.239277873   -0.193813364   -0.175353978
 
 
  Reference energy                   -381.246314872389
  CABS relaxation correction to RHF    -0.003512938539
  New reference energy               -381.249827810928
 
  RMP2-F12 singles (MO) energy         -0.003337560380
  RMP2-F12 pair energy                 -1.601667742075
  RMP2-F12 correlation energy          -1.605005302455
 
  RMP2-F12/3C(FIX) energy            -382.854833113383

 Starting RMP2 calculation

 ITER.      SQ.NORM     CORR.ENERGY   TOTAL ENERGY   ENERGY CHANGE        DEN1      VAR(S)    VAR(P)  DIIS     TIME
   1      1.41636551    -1.47574155  -382.72205642    -1.47574155    -0.00497088  0.35D-04  0.20D-02  1  1  3610.22
   2      1.42125303    -1.48109577  -382.72741064    -0.00535422    -0.00001649  0.12D-05  0.93D-05  2  2  3772.99
   3      1.42148944    -1.48122734  -382.72754221    -0.00013157    -0.00000015  0.37D-07  0.76D-07  3  3  3942.48
   4      1.42149655    -1.48122833  -382.72754320    -0.00000099     0.00000000  0.70D-09  0.49D-09  4  4  4125.35

 Norm of t1 vector:      0.05141522      S-energy:    -0.00333745      T1 diagnostic:  0.00054260
 Norm of t2 vector:      0.64718855      P-energy:    -1.47789087
                                         Alpha-Beta:  -1.11810119
                                         Alpha-Alpha: -0.18886713
                                         Beta-Beta:   -0.17092255

 Spin contamination <S**2-Sz**2-Sz>     0.00107591
  Reference energy                   -381.249827810931
  RHF-RMP2 correlation energy          -1.481228325430
 !RHF-RMP2 energy                    -382.731056136362

 Starting UCCSD calculation

 ITER.      SQ.NORM     CORR.ENERGY   TOTAL ENERGY   ENERGY CHANGE        DEN1      VAR(S)    VAR(P)  DIIS     TIME
   1      1.40524802    -1.44135335  -382.68766822    -1.44135335    -0.04273261  0.82D-02  0.76D-02  0  0  7496.85
   2      1.44189538    -1.47857822  -382.72489309    -0.03722487    -0.00461295  0.59D-03  0.15D-02  1  1 10824.73
   3      1.45752862    -1.48424480  -382.73055968    -0.00566659    -0.00104825  0.58D-03  0.21D-03  2  2 14166.97
   4      1.47206761    -1.49044343  -382.73675830    -0.00619863    -0.00025887  0.18D-03  0.54D-04  3  3 17541.46
   5      1.48106660    -1.49158838  -382.73790325    -0.00114495    -0.00011711  0.11D-03  0.17D-04  4  4 20925.39
   6      1.48865518    -1.49209542  -382.73841029    -0.00050704    -0.00005816  0.48D-04  0.11D-04  5  5 24289.82
   7      1.49861961    -1.49278102  -382.73909589    -0.00068560    -0.00001997  0.15D-04  0.39D-05  6  6 27691.43
   8      1.50325922    -1.49294096  -382.73925583    -0.00015994    -0.00000677  0.43D-05  0.15D-05  6  2 31121.95
   9      1.50630035    -1.49312511  -382.73943998    -0.00018415    -0.00000210  0.14D-05  0.43D-06  6  1 34549.28
  10      1.50698443    -1.49315489  -382.73946976    -0.00002978    -0.00000065  0.47D-06  0.11D-06  6  3 37978.21
  11      1.50733625    -1.49315825  -382.73947312    -0.00000336    -0.00000030  0.24D-06  0.43D-07  6  4 41421.23
  12      1.50736021    -1.49315260  -382.73946748     0.00000564    -0.00000014  0.11D-06  0.19D-07  6  6 44852.06
  13      1.50754024    -1.49315062  -382.73946549     0.00000198    -0.00000006  0.52D-07  0.85D-08  6  5 48294.64
  14      1.50760869    -1.49314930  -382.73946417     0.00000132    -0.00000003  0.22D-07  0.35D-08  6  2 51730.61
  15      1.50764004    -1.49315120  -382.73946607    -0.00000190    -0.00000001  0.95D-08  0.18D-08  6  1 55137.97
  16      1.50758622    -1.49314936  -382.73946424     0.00000183     0.00000000  0.23D-08  0.47D-09  6  6 58563.39
  17      1.50755238    -1.49314867  -382.73946354     0.00000070     0.00000000  0.88D-09  0.20D-09  6  3 62004.44

 Norm of t1 vector:      0.23328033      S-energy:    -0.00527320      T1 diagnostic:  0.02153703
                                                                       D1 diagnostic:  0.09457749
 Norm of t2 vector:      0.67315129      P-energy:    -1.48787547
                                         Alpha-Beta:  -1.16735410
                                         Alpha-Alpha: -0.16921971
                                         Beta-Beta:   -0.15130165

 Singles amplitudes (print threshold =  0.500E-01):

         I         SYM. A    A   T(IA) [Alpha-Alpha]

        22         1        12     -0.06583136
        22         1        15      0.05661495

 Spin contamination <S**2-Sz**2-Sz>     0.01630515

 For full I/O caching in triples, increase memory by 1505.43 Mwords to 4505.71 Mwords.
 

  Ecorr(MP2)                           -1.481228325430
  Ecorr(MP2-F12)                       -1.605163857957
  Scale factor for triples energy       1.083670782147

 RESULTS
 =======

  Reference energy                   -381.246314872392
  CABS relaxation correction to RHF    -0.003512938539
  New reference energy               -381.249827810931
 
  F12 corrections for ansatz 3C(FIX) added to UCCSD energy. Coupling mode: 15
 
  UCCSD-F12a singles energy            -0.005273202377
  UCCSD-F12a pair energy               -1.610216701074
  UCCSD-F12a correlation energy        -1.615489903451
  Triples (T) contribution (scaled)    -0.075778907556
  Total correlation energy             -1.691268811007
 
  RHF-UCCSD-F12a energy              -382.865317714382
  RHF-UCCSD[T]-F12a energy           -382.944348721171
  RHF-UCCSD-T-F12a energy            -382.940565564417
 !RHF-UCCSD(T)-F12a energy           -382.941096621938
 
  F12 corrections for ansatz 3C(FIX) added to UCCSD energy. Coupling mode: 15
 
  UCCSD-F12b singles energy            -0.005273202377
  UCCSD-F12b pair energy               -1.588071843036
  UCCSD-F12b correlation energy        -1.593345045413
  Triples (T) contribution (scaled)    -0.075778907556
  Total correlation energy             -1.669123952969
 
  RHF-UCCSD-F12b energy              -382.843172856344
  RHF-UCCSD[T]-F12b energy           -382.922203863134
  RHF-UCCSD-T-F12b energy            -382.918420706380
 !RHF-UCCSD(T)-F12b energy           -382.918951763900

 Program statistics:

 Available memory in ccsd:              2999995808
 Min. memory needed in ccsd:             476499949
 Max. memory used in ccsd:               700559786
 Max. memory used in cckext:             522715393 (18 integral passes)
 Max. memory used in cckint:            1866435477 ( 1 integral passes)



 **********************************************************************************************************************************
 DATASETS  * FILE   NREC   LENGTH (MB)   RECORD NAMES
              1      19       18.21       500      610      700      900      950      970     1000      129      960     1100   
                                          VAR    BASINP    GEOM    SYMINP    ZMAT    AOBASIS   BASIS     P2S    ABASIS      S 
                                         1400     1410     1200     1210     1080     1600     1650     1700      960(1)
                                           T        V       H0       H01     AOSYM     SMH    MOLCAS    OPER    ABASIS    

              2       5       12.01       700     1000      520     2100     7360   
                                         GEOM     BASIS   MCVARS     RHF    F12ABS    

 PROGRAMS   *        TOTALUCCSD(T)-F        HF       INT
 CPU TIMES  *    156417.59 155304.90    443.82    668.39
 REAL TIME  *    170807.39 SEC
 DISK USED  *       403.33 GB      
 SF USED    *       163.89 GB      
 GA USED    *         2.40 MB       (max)       0.00 MB       (current)
 **********************************************************************************************************************************

    UCCSD(T)-F12        HF-SCF  
   -382.91895176   -381.24631487
 **********************************************************************************************************************************
 Variable memory released
