
 Primary working directories    : /scratch/scratchdirs/nyee88
 Secondary working directories  : /scratch/scratchdirs/nyee88
 Wavefunction directory         : /global/homes/n/nyee88/wfu/
 Main file repository           : /scratch/scratchdirs/nyee88/

 SHA1      : d03110ad91d449d0c5f19172a0c0ba2e2d66b3a5
 NAME      : 2012.1.21
 ARCHNAME  : Linux/XT
 FC        : /opt/cray/craype/2.2.1/bin/ftn
 FCVERSION : 14.2-0
 BLASLIB   : 
 id        : lbl

 Nodes     nprocs
 nid05127     1
 nid05124     1
 nid05125     1
 nid05147     1
 nid05143     1
 nid05128     1
 nid05129     1
 nid04853     1
 nid04840     1
 nid04360     1
 nid04361     1
 nid04086     1
 Number of processes for MPI-2 version of Molpro:   nprocs(total)=   24   nprocs(compute)=   12   nprocs(helper)=   12
 ga_uses_ma=false, calling ma_init with nominal heap.
 GA-space will be limited to   8.0 MW (determined by -G option)

 Using customized tuning parameters: mindgm=7; mindgv=24; mindgc=4; mindgr=2; noblas=0; minvec=7
 default implementation of scratch files=sf  

 geometry = {angstrom
  O
  C                  1              B1
  C                  2              B2    1              A1
  H                  3              B3    2              A2    1              D1
  H                  3              B4    2              A3    1              D2
  H                  3              B5    2              A4    1              D3
  C                  2              B6    1              A5    3              D4
  H                  7              B7    2              A6    1              D5
  C                  2              B8    1              A7    7              D6
  H                  9              B9    2              A8    1              D7
  H                  9             B10    2              A9    1              D8
  H                  9             B11    2             A10    1              D9
  O                  7             B12    2             A11    1             D10
 }
 
       B1 =           1.34551639
       B2 =           1.56188503
       B3 =           1.09163024
       B4 =           1.09200780
       B5 =           1.09095219
       B6 =           1.58734473
       B7 =           1.10596101
       B8 =           1.52988266
       B9 =           1.09167140
       B10 =          1.09232998
       B11 =          1.09090274
       B12 =          1.19202913
       A1 =         109.93812843
       A2 =         108.08429459
       A3 =         110.52242885
       A4 =         110.60149966
       A5 =         103.83391026
       A6 =         112.52515275
       A7 =         114.75866004
       A8 =         112.00463916
       A9 =         109.14064485
       A10 =        109.80417322
       A11 =        123.38570438
       D1 =          64.88861732
       D2 =        -175.81630517
       D3 =         -53.67795235
       D4 =        -109.62720294
       D5 =          49.00116546
       D6 =        -122.05139924
       D7 =         174.05656541
       D8 =         -65.14023804
       D9 =          53.57430704
       D10 =       -130.88433880
 
 memory,3000,M
 basis = vtz-f12
 hf
 {rhf; shift,-1.0,-0.5}
 uccsd(t)-f12,scale_trip=1

 Variables initialized (782), CPU time= 0.03 sec
 Commands  initialized (547), CPU time= 0.03 sec, 517 directives.
 Default parameters read. Elapsed time= 1.39 sec

 Checking input...
 Passed
1


                                         ***  PROGRAM SYSTEM MOLPRO  ***
                         Copyright, University College Cardiff Consultants Limited, 2008

                                    Version 2012.1 linked Mar 12 2015 14:11:14


 **********************************************************************************************************************************
 LABEL *                                                                                 
 Linux-3.0.101-0.31.1_1.0502.8394-cray_gem_c/nid05127(x86_64) 64 bit mpp version         DATE: 22-Jun-15          TIME: 05:06:34  
 **********************************************************************************************************************************

 SHA1:             d03110ad91d449d0c5f19172a0c0ba2e2d66b3a5
 **********************************************************************************************************************************
 SETTING B1             =         1.34551639                                  
 SETTING B2             =         1.56188503                                  
 SETTING B3             =         1.09163024                                  
 SETTING B4             =         1.09200780                                  
 SETTING B5             =         1.09095219                                  
 SETTING B6             =         1.58734473                                  
 SETTING B7             =         1.10596101                                  
 SETTING B8             =         1.52988266                                  
 SETTING B9             =         1.09167140                                  
 SETTING B10            =         1.09232998                                  
 SETTING B11            =         1.09090274                                  
 SETTING B12            =         1.19202913                                  
 SETTING A1             =       109.93812843                                  
 SETTING A2             =       108.08429459                                  
 SETTING A3             =       110.52242885                                  
 SETTING A4             =       110.60149966                                  
 SETTING A5             =       103.83391026                                  
 SETTING A6             =       112.52515275                                  
 SETTING A7             =       114.75866004                                  
 SETTING A8             =       112.00463916                                  
 SETTING A9             =       109.14064485                                  
 SETTING A10            =       109.80417322                                  
 SETTING A11            =       123.38570438                                  
 SETTING D1             =        64.88861732                                  
 SETTING D2             =      -175.81630517                                  
 SETTING D3             =       -53.67795235                                  
 SETTING D4             =      -109.62720294                                  
 SETTING D5             =        49.00116546                                  
 SETTING D6             =      -122.05139924                                  
 SETTING D7             =       174.05656541                                  
 SETTING D8             =       -65.14023804                                  
 SETTING D9             =        53.57430704                                  
 SETTING D10            =      -130.88433880                                  

 Variable memory set to 3000000000 words,  buffer space   230000 words

 SETTING BASIS          =    VTZ-F12


 Recomputing integrals since basis changed


 Using spherical harmonics

 Library entry O      S cc-pVTZ-F12          selected for orbital group  1
 Library entry O      P cc-pVTZ-F12          selected for orbital group  1
 Library entry O      D cc-pVTZ-F12          selected for orbital group  1
 Library entry O      F cc-pVTZ-F12          selected for orbital group  1
 Library entry C      S cc-pVTZ-F12          selected for orbital group  2
 Library entry C      P cc-pVTZ-F12          selected for orbital group  2
 Library entry C      D cc-pVTZ-F12          selected for orbital group  2
 Library entry C      F cc-pVTZ-F12          selected for orbital group  2
 Library entry H      S cc-pVTZ-F12          selected for orbital group  3
 Library entry H      P cc-pVTZ-F12          selected for orbital group  3
 Library entry H      D cc-pVTZ-F12          selected for orbital group  3

1PROGRAM * SEWARD (Integral evaluation for generally contracted gaussian basis sets)     Author: Roland Lindh, 1990

 Geometry written to block  1 of record 700

 Orientation using atomic masses  
 Molecule type: Asymmetric top
 Rotational constants:       2.9828957      2.8051873      4.7031429 GHz  (calculated with average atomic masses)

 Point group  C1  



 ATOMIC COORDINATES

 NR  ATOM    CHARGE       X              Y              Z

   1  O       8.00    0.447915952   -2.330370087   -1.946768781
   2  C       6.00   -0.094175475   -0.099225568   -0.854414401
   3  C       6.00    1.506162224    2.045922901   -2.098928719
   4  H       1.00    0.917151923    2.224109764   -4.067887642
   5  H       1.00    1.184498348    3.841271604   -1.133691703
   6  H       1.00    3.511903049    1.570957021   -2.058813016
   7  C       6.00    1.103924274   -0.332280773    1.885681087
   8  H       1.00    3.079217969   -1.013546481    1.840526338
   9  C       6.00   -2.911894966    0.536207845   -0.732329276
  10  H       1.00   -3.269287517    2.262205572    0.339587817
  11  H       1.00   -3.635790040    0.774196383   -2.650734245
  12  H       1.00   -3.938505400   -1.010552563    0.164005528
  13  O       8.00   -0.015146458    0.171010283    3.774761366

 Bond lengths in Bohr (Angstrom)

 1-2  2.542657482  2-3  2.951534955  2-7  2.999646816  2-9  2.891059241  3-4  2.062882190
     ( 1.345516390)     ( 1.561885030)     ( 1.587344730)     ( 1.529882660)     ( 1.091630240)

  3- 5  2.063595675   3- 6  2.061600862   7- 8  2.089963421   7-13  2.252608596   9-10  2.062959972
       ( 1.092007800)       ( 1.090952190)       ( 1.105961010)       ( 1.192029130)       ( 1.091671400)

  9-11  2.064204507   9-12  2.061507415
       ( 1.092329980)       ( 1.090902740)

 Bond angles

  1-2-3  109.93812843   1-2-7  103.83391026   1-2-9  114.75866004   2-3-4  108.08429459

  2- 3- 5  110.52242885   2- 3- 6  110.60149966   2- 7- 8  112.52515275   2- 7-13  123.38570438

  2- 9-10  112.00463916   2- 9-11  109.14064485   2- 9-12  109.80417322   3- 2- 7  103.00693198

  3-2-9  112.73770752   4-3-5  109.07421212   4-3-6  108.43714803   5-3-6  110.05909711

  7- 2- 9  111.57897806   8- 7-13  124.08903633  10- 9-11  109.00709556  10- 9-12  108.39447564

 11- 9-12  108.41818938

 NUCLEAR CHARGE:                   47
 NUMBER OF PRIMITIVE AOS:         579
 NUMBER OF SYMMETRY AOS:          518
 NUMBER OF CONTRACTIONS:          444   ( 444A   )
 NUMBER OF CORE ORBITALS:           6   (   6A   )
 NUMBER OF VALENCE ORBITALS:       31   (  31A   )


 NUCLEAR REPULSION ENERGY  238.05540551


 Eigenvalues of metric

         1 0.247E-04 0.345E-04 0.467E-04 0.867E-04 0.133E-03 0.138E-03 0.147E-03 0.160E-03


 Contracted 2-electron integrals neglected if value below      1.0D-12
 AO integral compression algorithm  1   Integral accuracy      1.0D-12

     20249.575 MB (compressed) written to integral file ( 47.7%)

     Node minimum: 1575.748 MB, node maximum: 1777.598 MB


 NUMBER OF SORTED TWO-ELECTRON INTEGRALS:  406644336.     BUFFER LENGTH:  32768
 NUMBER OF SEGMENTS:  13  SEGMENT LENGTH:   31999824      RECORD LENGTH: 524288

 Memory used in sort:      32.56 MW

 SORT1 READ  5310667660. AND WROTE   377504365. INTEGRALS IN   1086 RECORDS. CPU TIME:   270.38 SEC, REAL TIME:   280.89 SEC
 SORT2 READ  4541517140. AND WROTE  4879781445. INTEGRALS IN  75900 RECORDS. CPU TIME:    15.82 SEC, REAL TIME:    35.97 SEC

 Node minimum:   406603176.  Node maximum:   406693734. integrals

 OPERATOR DM      FOR CENTER  0  COORDINATES:    0.000000    0.000000    0.000000


 **********************************************************************************************************************************
 DATASETS  * FILE   NREC   LENGTH (MB)   RECORD NAMES
              1      18       14.97       500      610      700      900      950      970     1000      129      960     1100   
                                          VAR    BASINP    GEOM    SYMINP    ZMAT    AOBASIS   BASIS     P2S    ABASIS      S 
                                         1400     1410     1200     1210     1080     1600     1650     1700   
                                           T        V       H0       H01     AOSYM     SMH    MOLCAS    OPER   

 PROGRAMS   *        TOTAL       INT
 CPU TIMES  *       331.94    331.53
 REAL TIME  *       369.61 SEC
 DISK USED  *        74.52 GB      
 GA USED    *         0.01 MB       (max)       0.00 MB       (current)
 **********************************************************************************************************************************

1PROGRAM * RHF-SCF (OPEN SHELL)       Authors: W. Meyer, H.-J. Werner


 NUMBER OF ELECTRONS:      24+   23-    SPACE SYMMETRY=1    SPIN SYMMETRY: Doublet 
 CONVERGENCE THRESHOLDS:    1.00E-05 (Density)    1.00E-07 (Energy)
 MAX. NUMBER OF ITERATIONS:       60
 INTERPOLATION TYPE:            DIIS
 INTERPOLATION STEPS:              2 (START)      1 (STEP)
 LEVEL SHIFTS:                 -0.30 (CLOSED)  0.00 (OPEN) 



 Orbital guess generated from atomic densities. Full valence occupancy:   37

 Molecular orbital dump at record        2100.2

 ITERATION    DDIFF          GRAD             ENERGY        2-EL.EN.            DIPOLE MOMENTS         DIIS   ORB.
    1      0.000D+00      0.000D+00      -305.09672460    690.174071    0.64588    1.87522    1.00832    0    start
    2      0.000D+00      0.390D-02      -305.23212225    688.627479    0.33624    0.88579    0.04679    1    diag,B
    3      0.371D-02      0.224D-02      -305.27122793    689.205933    0.40913    1.05155    0.17051    2    diag,B
    4      0.127D-02      0.513D-03      -305.28599248    689.163886    0.40672    0.89153   -0.03251    3    diag,B
    5      0.573D-03      0.386D-03      -305.29757176    689.177476    0.39111    0.80453   -0.19536    4    diag,B
    6      0.415D-03      0.365D-03      -305.31024159    689.189903    0.37962    0.70612   -0.35964    5    diag,B
    7      0.443D-03      0.366D-03      -305.32129190    689.208759    0.36447    0.63114   -0.47947    6    fixocc
    8      0.395D-03      0.329D-03      -305.34002708    689.283130    0.32814    0.50450   -0.66472    7    diag,B
    9      0.100D-02      0.131D-03      -305.33772126    689.243317    0.33663    0.45741   -0.72285    8    diag,B
   10      0.371D-03      0.283D-03      -305.34071430    689.276719    0.30501    0.49230   -0.67346    9    orth
   11      0.662D-03      0.171D-03      -305.34134951    689.255836    0.31126    0.47397   -0.69738    9    diag,B
   12      0.178D-03      0.322D-04      -305.34131545    689.246602    0.31423    0.45770   -0.72123    9    diag,B
   13      0.996D-04      0.757D-04      -305.34146115    689.251820    0.31113    0.46546   -0.71037    9    diag,B
   14      0.650D-04      0.295D-04      -305.34151623    689.251564    0.31196    0.46611   -0.71022    9    diag,B
   15      0.380D-04      0.285D-04      -305.34157582    689.256490    0.31207    0.46962   -0.70599    9    diag,B
   16      0.418D-04      0.132D-04      -305.34160280    689.256276    0.31275    0.47061   -0.70541    9    diag,B
   17      0.186D-04      0.125D-04      -305.34163810    689.257489    0.31350    0.47156   -0.70576    9    diag,B
   18      0.242D-04      0.121D-04      -305.34171435    689.258829    0.31499    0.47328   -0.70738    9    diag,B
   19      0.524D-04      0.118D-04      -305.34184938    689.261339    0.31750    0.47606   -0.71089    9    diag,B
   20      0.953D-04      0.114D-04      -305.34201244    689.264538    0.32025    0.47975   -0.71540    9    orth
   21      0.120D-03      0.108D-04      -305.34251792    689.274431    0.32852    0.49089   -0.73655    9    diag,B
   22      0.453D-03      0.258D-04      -305.34255520    689.274698    0.32927    0.49136   -0.73935    9    diag,B
   23      0.503D-04      0.338D-04      -305.34270314    689.279277    0.33130    0.49572   -0.75148    9    diag,B
   24      0.229D-03      0.550D-04      -305.34276562    689.283031    0.33225    0.49906   -0.76464    9    diag,B
   25      0.238D-03      0.880D-04      -305.34260475    689.276194    0.32992    0.49270   -0.74302    9    diag,B
   26      0.400D-03      0.401D-04      -305.34262300    689.277030    0.33003    0.49340   -0.74390    9    diag,B
   27      0.225D-04      0.391D-04      -305.34254209    689.275053    0.32876    0.49140   -0.73818    9    diag,B
   28      0.109D-03      0.283D-04      -305.34254019    689.274266    0.32904    0.49097   -0.73856    9    diag,B
   29      0.831D-05      0.325D-04      -305.34268155    689.278397    0.33101    0.49497   -0.74917    9    diag,B
   30      0.205D-03      0.503D-04      -305.34267689    689.279042    0.33060    0.49517   -0.74791    9    orth
   31      0.199D-04      0.442D-04      -305.34252194    689.274950    0.32831    0.49112   -0.73675    9    diag,B
   32      0.215D-03      0.247D-04      -305.34250168    689.273857    0.32826    0.49026   -0.73598    9    diag,B
   33      0.203D-04      0.267D-04      -305.34274396    689.281915    0.33121    0.49758   -0.75460    9    diag,B
   34      0.363D-03      0.556D-04      -305.34264288    689.279286    0.32953    0.49485   -0.74402    9    diag,B
   35      0.195D-03      0.310D-04      -305.34261629    689.279628    0.32869    0.49485   -0.74114    9    diag,B
   36      0.458D-04      0.203D-04      -305.34281594    689.288252    0.32967    0.50189   -0.75797    9    diag,B
   37      0.333D-03      0.394D-04      -305.34275524    689.285509    0.32945    0.49966   -0.75104    9    diag,B
   38      0.132D-03      0.279D-04      -305.34272526    689.287120    0.32816    0.50051   -0.74630    9    diag,B
   39      0.692D-04      0.689D-05      -305.34288609    689.294394    0.32812    0.50640   -0.77082    9    diag,B
   40      0.455D-03      0.560D-04      -305.34288792    689.294565    0.32805    0.50650   -0.77059    9    orth
   41      0.289D-05      0.544D-04      -305.34289387    689.295749    0.32762    0.50721   -0.77232    9    diag,B
   42      0.377D-04      0.558D-04      -305.34288872    689.294758    0.32799    0.50655   -0.77065    9    diag,B
   43      0.359D-04      0.542D-04      -305.34288466    689.294502    0.32806    0.50645   -0.77171    9    diag,B
   44      0.170D-04      0.592D-04      -305.34290362    689.296634    0.32737    0.50776   -0.77092    9    diag,B
   45      0.143D-04      0.464D-04      -305.34289269    689.296104    0.32743    0.50743   -0.77383    9    diag,B
   46      0.471D-04      0.600D-04      -305.34289513    689.296181    0.32744    0.50752   -0.77339    9    diag,B
   47      0.732D-05      0.576D-04      -305.34288717    689.295022    0.32788    0.50683   -0.77269    9    diag,B
   48      0.207D-04      0.602D-04      -305.34289313    689.295941    0.32749    0.50726   -0.77307    9    diag,B
   49      0.134D-04      0.582D-04      -305.34288432    689.294442    0.32811    0.50649   -0.77187    9    diag,B
   50      0.312D-04      0.596D-04      -305.34288563    689.294522    0.32809    0.50654   -0.77166    9    orth
   51      0.333D-05      0.584D-04      -305.34289273    689.295956    0.32751    0.50739   -0.77355    9    diag,B
   52      0.427D-04      0.593D-04      -305.34289056    689.294859    0.32795    0.50662   -0.77017    9    diag,B
   53      0.658D-04      0.518D-04      -305.34288188    689.294070    0.32823    0.50620   -0.77130    9    diag,B
   54      0.156D-04      0.595D-04      -305.34293719    689.303095    0.32485    0.51145   -0.77446    9    diag,B
   55      0.126D-03      0.313D-04      -305.34290387    689.297645    0.32681    0.50824   -0.77420    9    diag,B
   56      0.531D-04      0.547D-04      -305.34290004    689.297050    0.32706    0.50795   -0.77399    9    diag,B
   57      0.820D-05      0.563D-04      -305.34288445    689.294324    0.32817    0.50641   -0.77139    9    diag,B
   58      0.640D-04      0.583D-04      -305.34289070    689.294836    0.32799    0.50667   -0.77027    9    diag,B
   59      0.165D-04      0.519D-04      -305.34281018    689.293755    0.32464    0.49387   -0.78436    9    orth
   60      0.895D-04      0.619D-04      -305.34252079    689.324095    0.32634    0.54618   -0.73427    0    orth

 Final alpha occupancy:  24
 Final beta  occupancy:  23

 !RHF STATE 1.1 Energy               -305.342520794977
 Nuclear energy                       238.05540551
 One-electron energy                 -888.05997382
 Two-electron energy                  344.66204751
 Virial quotient                       -1.00078652
 !RHF STATE 1.1 Dipole moment           0.32633839     0.54618389    -0.73427432
 Dipole moment /Debye                   0.82941512     1.38817005    -1.86621692

 Orbital energies:

         1.1          2.1          3.1          4.1          5.1          6.1          7.1          8.1          9.1         10.1
    -20.623756   -20.570429   -11.339887   -11.312888   -11.249273   -11.226046    -1.418392    -1.378960    -1.053388    -0.962395

        11.1         12.1         13.1         14.1         15.1         16.1         17.1         18.1         19.1         20.1
     -0.884674    -0.767363    -0.690846    -0.674287    -0.637623    -0.615418    -0.577588    -0.568881    -0.548128    -0.535403

        21.1         22.1         23.1         24.1         25.1         26.1
     -0.529326    -0.484734    -0.417924    -0.616445     0.039382     0.049071

 HOMO     24.1    -0.616445 =     -16.7743eV
 LUMO     25.1     0.039382 =       1.0716eV
 LUMO-HOMO         0.655828 =      17.8460eV

 No convergence



 **********************************************************************************************************************************
 DATASETS  * FILE   NREC   LENGTH (MB)   RECORD NAMES
              1      18       14.97       500      610      700      900      950      970     1000      129      960     1100   
                                          VAR    BASINP    GEOM    SYMINP    ZMAT    AOBASIS   BASIS     P2S    ABASIS      S 
                                         1400     1410     1200     1210     1080     1600     1650     1700   
                                           T        V       H0       H01     AOSYM     SMH    MOLCAS    OPER   

              2       4        6.08       700     1000      520     2100   
                                         GEOM     BASIS   MCVARS     RHF  

 PROGRAMS   *        TOTAL        HF       INT
 CPU TIMES  *      1160.24    828.30    331.53
 REAL TIME  *      1395.44 SEC
 DISK USED  *        75.12 GB      
 SF USED    *         0.79 MB      
 GA USED    *         0.01 MB       (max)       0.00 MB       (current)
 **********************************************************************************************************************************

1PROGRAM * RHF-SCF (OPEN SHELL)       Authors: W. Meyer, H.-J. Werner


 NUMBER OF ELECTRONS:      24+   23-    SPACE SYMMETRY=1    SPIN SYMMETRY: Doublet 
 CONVERGENCE THRESHOLDS:    1.00E-05 (Density)    1.00E-07 (Energy)
 MAX. NUMBER OF ITERATIONS:       60
 INTERPOLATION TYPE:            DIIS
 INTERPOLATION STEPS:              2 (START)      1 (STEP)
 LEVEL SHIFTS:                 -1.00 (CLOSED) -0.50 (OPEN) 



 Molecular orbitals read from record     2100.2  Type=RHF/CANONICAL (state 1.1)

 Molecular orbital dump at record        2101.2

 ITERATION    DDIFF          GRAD             ENERGY        2-EL.EN.            DIPOLE MOMENTS         DIIS   ORB.
    1      0.000D+00      0.000D+00      -305.34252079    689.324095    0.32634    0.54618   -0.73427    0    start
    2      0.000D+00      0.112D-03      -305.34279626    689.300337    0.32756    0.52501   -0.75384    1    diag,B
    3      0.758D-04      0.429D-04      -305.34286887    689.303910    0.32711    0.52061   -0.75953    2    diag,B
    4      0.271D-04      0.252D-04      -305.34291721    689.305352    0.32652    0.51663   -0.76478    3    diag,B
    5      0.262D-04      0.143D-04      -305.34293562    689.306339    0.32572    0.51468   -0.76759    4    diag,B
    6      0.183D-04      0.728D-05      -305.34294017    689.306992    0.32500    0.51383   -0.76879    5    diag,B
    7      0.119D-04      0.334D-05      -305.34294115    689.306796    0.32455    0.51348   -0.76921    6    diag,B
    8      0.942D-05      0.196D-05      -305.34294158    689.306587    0.32433    0.51343   -0.76928    7    orth
    9      0.495D-05      0.163D-05      -305.34294198    689.306552    0.32421    0.51347   -0.76929    8    diag,B
   10      0.284D-05      0.153D-05      -305.34294251    689.306640    0.32412    0.51353   -0.76933    9    diag,B
   11      0.360D-05      0.147D-05      -305.34294329    689.306797    0.32404    0.51362   -0.76946    9    diag,B
   12      0.508D-05      0.142D-05      -305.34294441    689.307086    0.32394    0.51375   -0.76973    9    diag,B
   13      0.729D-05      0.137D-05      -305.34294599    689.307511    0.32380    0.51394   -0.77021    9    diag,B
   14      0.109D-04      0.131D-05      -305.34294921    689.308379    0.32346    0.51440   -0.77135    9    diag,B
   15      0.244D-04      0.116D-05      -305.34295394    689.309932    0.32271    0.51526   -0.77345    9    diag,B
   16      0.465D-04      0.882D-06      -305.34295629    689.311142    0.32205    0.51593   -0.77495    9    diag,B
   17      0.362D-04      0.608D-06      -305.34295751    689.312329    0.32138    0.51659   -0.77641    9    diag,B
   18      0.364D-04      0.397D-06      -305.34295763    689.312676    0.32120    0.51678   -0.77669    9    orth
   19      0.889D-05      0.217D-06      -305.34295769    689.313005    0.32105    0.51695   -0.77703    9    diag,B
   20      0.880D-05      0.898D-07      -305.34295769    689.313023    0.32105    0.51696   -0.77702    0    orth

 Final alpha occupancy:  24
 Final beta  occupancy:  23

 !RHF STATE 1.1 Energy               -305.342957685397
 Nuclear energy                       238.05540551
 One-electron energy                 -888.05487447
 Two-electron energy                  344.65651128
 Virial quotient                       -1.00083019
 !RHF STATE 1.1 Dipole moment           0.32104740     0.51696362    -0.77701899
 Dipole moment /Debye                   0.81596764     1.31390439    -1.97485593

 Orbital energies:

         1.1          2.1          3.1          4.1          5.1          6.1          7.1          8.1          9.1         10.1
    -20.617953   -20.571326   -11.340406   -11.313493   -11.251512   -11.226340    -1.418739    -1.376659    -1.053665    -0.962918

        11.1         12.1         13.1         14.1         15.1         16.1         17.1         18.1         19.1         20.1
     -0.884953    -0.766926    -0.690589    -0.674513    -0.637843    -0.613559    -0.578422    -0.569407    -0.548495    -0.535945

        21.1         22.1         23.1         24.1         25.1         26.1
     -0.528597    -0.487367    -0.416584    -0.609440     0.039242     0.049004

 HOMO     24.1    -0.609440 =     -16.5837eV
 LUMO     25.1     0.039242 =       1.0678eV
 LUMO-HOMO         0.648682 =      17.6515eV


 **********************************************************************************************************************************
 DATASETS  * FILE   NREC   LENGTH (MB)   RECORD NAMES
              1      18       14.97       500      610      700      900      950      970     1000      129      960     1100   
                                          VAR    BASINP    GEOM    SYMINP    ZMAT    AOBASIS   BASIS     P2S    ABASIS      S 
                                         1400     1410     1200     1210     1080     1600     1650     1700   
                                           T        V       H0       H01     AOSYM     SMH    MOLCAS    OPER   

              2       5       14.02       700     1000      520     2100     2101   
                                         GEOM     BASIS   MCVARS     RHF      RHF  

 PROGRAMS   *        TOTAL       RHF        HF       INT
 CPU TIMES  *      1435.67    275.41    828.30    331.53
 REAL TIME  *      1738.50 SEC
 DISK USED  *        75.21 GB      
 SF USED    *         0.79 MB      
 GA USED    *         0.01 MB       (max)       0.00 MB       (current)
 **********************************************************************************************************************************


1PROGRAM * CCSD (Unrestricted open-shell coupled cluster)     Authors: C. Hampel, H.-J. Werner, 1991, M. Deegan, P.J. Knowles, 1992

                           UCCSD-F12 implementation by G. Knizia and H.-J. Werner, 2008

                   Density fitting integral evaluation by F.R. Manby, 2003,2007, G. Knizia, 2010

 Basis set CC-PVTZ/JKFIT generated.      Number of basis functions:   684 
 Basis set CC-PVTZ-F12/OPTRI generated.  Number of basis functions:   737 
 Basis set AUG-CC-PVTZ/MP2FIT generated. Number of basis functions:   958 

 Convergence thresholds:  THRVAR = 1.00D-08  THRDEN = 1.00D-06

 CCSD(T)     terms to be evaluated (factor= 1.000)


 Number of core orbitals:           6 (   6 )
 Number of closed-shell orbitals:  17 (  17 )
 Number of active  orbitals:        1 (   1 )
 Number of external orbitals:     420 ( 420 )

 Memory could be reduced to 2091.92 Mwords without degradation in triples

 Number of N-1 electron functions:              35
 Number of N-2 electron functions:             595
 Number of singly external CSFs:             14735
 Number of doubly external CSFs:          79915062
 Total number of CSFs:                    79929797

 Molecular orbitals read from record     2101.2  Type=RHF/CANONICAL (state 1.1)

 Integral transformation finished. Total CPU: 752.68 sec, npass=  1  Memory used: 892.60 MW
 
 Geminal basis:    OPTFULL  GEM_TYPE=SLATER  BETA=1.0  NGEM=6

 Optimizing Gaussian exponents for each gem_beta

 Geminal optimization for beta= 1.0000
 Weight function:   m=0, omega= 1.4646

 Augmented Hessian optimization of geminal fit. Trust ratio= 0.40000
 Convergence reached after   2 iterations. Final gradient= 8.09D-16, Step= 4.29D-06, Delta= 1.28D-09
 
 Alpha:                 0.19532     0.81920     2.85917     9.50073    35.69989   197.79328
 Coeff:                 0.27070     0.30552     0.18297     0.10986     0.06810     0.04224
 
 
 WFN_F12=FIX,EG    DECOUPLE_EXPL=F   HYBRID=0    NOX=F   SEMIINT_F12=T   CORE_SINGLES=F
 
 AO(A)-basis ORBITAL           loaded. Number of functions:     444
 RI(R)-basis CC-PVTZ-F12/OPTRI loaded. Number of functions:     737
 DF-basis CC-PVTZ/JKFIT        loaded. Number of functions:     684

 Screening thresholds:   THRAO=  1.00D-10  THRMO=  1.00D-09  THRPROD=  1.00D-09
                         THRSW=  1.00D-05  THROV=  1.00D-12  THRF12=   1.00D-08

 CPU time for one-electron matrices              15.28 sec
 
 Construction of ABS:
 Pseudo-inverse stability          1.88E-10
 Smallest eigenvalue of S          8.19E-05  (threshold= 1.00E-08)
 Ratio eigmin/eigmax               3.72E-07  (threshold= 1.00E-09)
 Smallest eigenvalue of S kept     8.19E-05  (threshold= 8.19E-05, 0 functions deleted, 737 kept)
 
 Construction of CABS:
 Pseudo-inverse stability          2.84E-09
 Smallest eigenvalue of S          2.86E-07  (threshold= 1.00E-08)
 Ratio eigmin/eigmax               2.86E-07  (threshold= 1.00E-09)
 Smallest eigenvalue of S kept     2.86E-07  (threshold= 2.86E-07, 0 functions deleted, 737 kept)
 
 CPU time for basis constructions                 3.28 sec
 Fock operators(MO) rebuilt from dump record.
 CPU time for fock operators                      4.43 sec
 
                                      TOTAL          ALPHA          BETA    
  Singles Contributions MO        -0.003959358   -0.001980731   -0.001978626
  Singles Contributions CABS      -0.002657809   -0.001397724   -0.001260085
  Pure DF-RHF relaxation          -0.002638856
 
 CPU time for singles                            18.32 sec
 
 AO(A)-basis ORBITAL           loaded. Number of functions:     444
 RI(R)-basis CC-PVTZ-F12/OPTRI loaded. Number of functions:     737
 DF-basis AUG-CC-PVTZ/MP2FIT   loaded. Number of functions:     958

 Screening thresholds:   THRAO=  1.00D-10  THRMO=  1.00D-09  THRPROD=  1.00D-09
                         THRSW=  1.00D-05  THROV=  1.00D-12  THRF12=   1.00D-08

 CPU time for transformed integrals             152.53 sec
 CPU time for F12 matrices                      120.75 sec

 Diagonal F12 ansatz with fixed amplitudes:   TS= 0.5000  TT= 0.2500  TN= 0.3750
 
 ITER.     SQ.NORM      CORR.ENERGY   TOTAL ENERGY  ENERGY CHANGE      VAR         CPU   MICRO    DIIS
   1      1.31713645    -1.23678576  -306.58238230    -1.2394E+00   3.15E-01      5.71  1  1  1   0  0
   2      1.31753542    -1.23654233  -306.58213887     2.4343E-04   1.46E-04     43.83  0  0  0   1  1
   3      1.31784823    -1.23692122  -306.58251776    -3.7890E-04   1.36E-06     85.67  0  0  0   2  2
   4      1.31785631    -1.23692398  -306.58252052    -2.7544E-06   1.15E-08    131.72  0  0  0   3  3
   5      1.31785747    -1.23692400  -306.58252054    -2.2406E-08   1.39E-10    181.66  0  0  0   4  4
 
 - - Continuing with F12/conv. amplitude coupling turned on.
 
   6      1.31787750    -1.23731628  -306.58291282    -3.9230E-04   9.15E-05    223.99  1  1  1   1  1
   7      1.31787695    -1.23731663  -306.58291317    -3.5010E-07   3.16E-09    270.54  1  1  1   2  2
 
 CPU time for iterative RMP2-F12                270.54 sec
 
 
 DF-RMP2-F12 doubles corrections:
 - - - - - - - - - - - - - - - - 
  Approx.                             TOTAL           A-B            A-A            B-B    
  RMP2-F12/3C(FIX)                -0.097182595   -0.090485300   -0.003689706   -0.003007589
  RMP2-F12/3*C(FIX)               -0.096789970   -0.090329789   -0.003560780   -0.002899400
  RMP2-F12/3*C(DX)                -0.097085272   -0.090595448   -0.003579533   -0.002910291
  RMP2-F12/3*C(FIX,DX)            -0.102049131   -0.095205840   -0.003790554   -0.003052736
 
 DF-RMP2-F12 doubles energies:
 - - - - - - - - - - - - - - -
  Approx.                             TOTAL           A-B            A-A            B-B    
  RMP2                            -1.136174673   -0.864470547   -0.143668866   -0.128035259
  RMP2-F12/3C(FIX)                -1.233357268   -0.954955848   -0.147358572   -0.131042849
  RMP2-F12/3*C(FIX)               -1.232964643   -0.954800337   -0.147229646   -0.130934660
  RMP2-F12/3*C(DX)                -1.233259945   -0.955065996   -0.147248400   -0.130945550
  RMP2-F12/3*C(FIX,DX)            -1.238223804   -0.959676388   -0.147459421   -0.131087996
 
 
  Reference energy                   -305.342957685397
  CABS relaxation correction to RHF    -0.002638855768
  New reference energy               -305.345596541166
 
  RMP2-F12 singles (MO) energy         -0.003959357710
  RMP2-F12 pair energy                 -1.233357268494
  RMP2-F12 correlation energy          -1.237316626204
 
  RMP2-F12/3C(FIX) energy            -306.582913167370

 Starting RMP2 calculation

 ITER.      SQ.NORM     CORR.ENERGY   TOTAL ENERGY   ENERGY CHANGE        DEN1      VAR(S)    VAR(P)  DIIS     TIME
   1      1.31435379    -1.13618015  -306.47913783    -1.13618015    -0.00372929  0.27D-04  0.14D-02  1  1  1438.66
   2      1.31774871    -1.14019808  -306.48315577    -0.00401793    -0.00000876  0.14D-05  0.35D-05  2  2  1495.71
   3      1.31786314    -1.14026874  -306.48322643    -0.00007066    -0.00000013  0.99D-07  0.24D-07  3  3  1556.16
   4      1.31786729    -1.14026925  -306.48322693    -0.00000050     0.00000000  0.40D-08  0.30D-09  4  4  1615.92

 Norm of t1 vector:      0.04359170      S-energy:    -0.00395907      T1 diagnostic:  0.00070758
 Norm of t2 vector:      0.56210947      P-energy:    -1.13631017
                                         Alpha-Beta:  -0.86487173
                                         Alpha-Alpha: -0.14352662
                                         Beta-Beta:   -0.12791182

 Spin contamination <S**2-Sz**2-Sz>     0.00133486
  Reference energy                   -305.345596541165
  RHF-RMP2 correlation energy          -1.140269247289
 !RHF-RMP2 energy                    -306.485865788454

 Starting UCCSD calculation

 ITER.      SQ.NORM     CORR.ENERGY   TOTAL ENERGY   ENERGY CHANGE        DEN1      VAR(S)    VAR(P)  DIIS     TIME
   1      1.31880730    -1.12691034  -306.46986803    -1.12691034    -0.03130588  0.69D-02  0.55D-02  1  1  2767.15
   2      1.34618671    -1.15469470  -306.49765239    -0.02778436    -0.00347875  0.44D-03  0.11D-02  2  2  3859.24
   3      1.36074003    -1.16073720  -306.50369488    -0.00604249    -0.00077670  0.63D-03  0.10D-03  3  3  4957.29
   4      1.36889220    -1.16341065  -306.50636834    -0.00267346    -0.00030849  0.24D-03  0.45D-04  4  4  6058.53
   5      1.37823304    -1.16495222  -306.50790990    -0.00154156    -0.00014475  0.15D-03  0.13D-04  5  5  7169.91
   6      1.38557997    -1.16550649  -306.50846418    -0.00055428    -0.00005978  0.56D-04  0.74D-05  6  6  8281.15
   7      1.39387051    -1.16608800  -306.50904569    -0.00058151    -0.00002062  0.19D-04  0.27D-05  6  1  9386.13
   8      1.39692279    -1.16628788  -306.50924556    -0.00019987    -0.00000990  0.95D-05  0.11D-05  6  2 10488.49
   9      1.39934189    -1.16638808  -306.50934577    -0.00010020    -0.00000614  0.62D-05  0.51D-06  6  4 11597.48
  10      1.40037321    -1.16643174  -306.50938943    -0.00004366    -0.00000462  0.48D-05  0.30D-06  6  3 12704.01
  11      1.40125214    -1.16644724  -306.50940492    -0.00001549    -0.00000405  0.43D-05  0.22D-06  6  6 13838.03
  12      1.40225762    -1.16647048  -306.50942817    -0.00002324    -0.00000369  0.39D-05  0.17D-06  6  5 14944.29
  13      1.40324094    -1.16648192  -306.50943961    -0.00001144    -0.00000343  0.36D-05  0.15D-06  6  2 16048.47
  14      1.40575146    -1.16652274  -306.50948043    -0.00004082    -0.00000307  0.32D-05  0.14D-06  6  1 17172.57
  15      1.41110605    -1.16657637  -306.50953405    -0.00005363    -0.00000247  0.25D-05  0.14D-06  6  3 18277.53
  16      1.42114505    -1.16666347  -306.50962116    -0.00008711    -0.00000168  0.16D-05  0.13D-06  6  6 19377.46
  17      1.43813082    -1.16677121  -306.50972890    -0.00010774    -0.00000084  0.68D-06  0.97D-07  6  5 20496.63
  18      1.45030160    -1.16682852  -306.50978620    -0.00005731    -0.00000040  0.26D-06  0.63D-07  6  4 21606.33
  19      1.46419375    -1.16690161  -306.50985929    -0.00007309    -0.00000010  0.66D-07  0.14D-07  6  5 22712.91
  20      1.46779216    -1.16691086  -306.50986855    -0.00000926    -0.00000003  0.18D-07  0.50D-08  6  3 23832.39
  21      1.46807375    -1.16691380  -306.50987149    -0.00000294    -0.00000002  0.13D-07  0.21D-08  6  5 24943.75
  22      1.46823053    -1.16691334  -306.50987102     0.00000047    -0.00000001  0.41D-08  0.74D-09  6  6 26055.89

 Norm of t1 vector:      0.33130813      S-energy:    -0.00465724      T1 diagnostic:  0.03873103
                                                                       D1 diagnostic:  0.21428079
 Norm of t2 vector:      0.59871984      P-energy:    -1.16225610
                                         Alpha-Beta:  -0.91319334
                                         Alpha-Alpha: -0.13086532
                                         Beta-Beta:   -0.11819743

 Singles amplitudes (print threshold =  0.500E-01):

         I         SYM. A    A   T(IA) [Beta-Beta]

        10         1         1     -0.12569660
        15         1         1     -0.09700695
        17         1         1     -0.24815094

 Spin contamination <S**2-Sz**2-Sz>     0.00457397

 Memory could be reduced to 2211.08 Mwords without degradation in triples
 

  Ecorr(MP2)                           -1.140269247289
  Ecorr(MP2-F12)                       -1.237451842580
  Scale factor for triples energy       1.085227761357

 RESULTS
 =======

  Reference energy                   -305.342957685396
  CABS relaxation correction to RHF    -0.002638855768
  New reference energy               -305.345596541165
 
  F12 corrections for ansatz 3C(FIX) added to UCCSD energy. Coupling mode: 15
 
  UCCSD-F12a singles energy            -0.004657241953
  UCCSD-F12a pair energy               -1.258333651840
  UCCSD-F12a correlation energy        -1.262990893793
  Triples (T) contribution (scaled)    -0.056017672346
  Total correlation energy             -1.319008566139
 
  RHF-UCCSD-F12a energy              -306.608587434958
  RHF-UCCSD[T]-F12a energy           -306.668875952570
  RHF-UCCSD-T-F12a energy            -306.663809212872
 !RHF-UCCSD(T)-F12a energy           -306.664605107303
 
  F12 corrections for ansatz 3C(FIX) added to UCCSD energy. Coupling mode: 15
 
  UCCSD-F12b singles energy            -0.004657241953
  UCCSD-F12b pair energy               -1.240660398462
  UCCSD-F12b correlation energy        -1.245317640416
  Triples (T) contribution (scaled)    -0.056017672346
  Total correlation energy             -1.301335312761
 
  RHF-UCCSD-F12b energy              -306.590914181581
  RHF-UCCSD[T]-F12b energy           -306.651202699193
  RHF-UCCSD-T-F12b energy            -306.646135959495
 !RHF-UCCSD(T)-F12b energy           -306.646931853926

 Program statistics:

 Available memory in ccsd:              2999997128
 Min. memory needed in ccsd:             221031608
 Max. memory used in ccsd:               323199214
 Max. memory used in cckext:             240840988 (23 integral passes)
 Max. memory used in cckint:             892595516 ( 1 integral passes)



 **********************************************************************************************************************************
 DATASETS  * FILE   NREC   LENGTH (MB)   RECORD NAMES
              1      19       14.97       500      610      700      900      950      970     1000      129      960     1100   
                                          VAR    BASINP    GEOM    SYMINP    ZMAT    AOBASIS   BASIS     P2S    ABASIS      S 
                                         1400     1410     1200     1210     1080     1600     1650     1700      960(1)
                                           T        V       H0       H01     AOSYM     SMH    MOLCAS    OPER    ABASIS    

              2       6       16.40       700     1000      520     2100     2101     7360   
                                         GEOM     BASIS   MCVARS     RHF      RHF    F12ABS    

 PROGRAMS   *        TOTALUCCSD(T)-F       RHF        HF       INT
 CPU TIMES  *     51813.43  50377.73    275.41    828.30    331.53
 REAL TIME  *     58687.46 SEC
 DISK USED  *       196.69 GB      
 SF USED    *        76.72 GB      
 GA USED    *         2.40 MB       (max)       0.00 MB       (current)
 **********************************************************************************************************************************

    UCCSD(T)-F12        RHF-SCF         HF-SCF  
   -306.64693185   -305.34295769   -305.34252079
 **********************************************************************************************************************************
 Variable memory released
