
 Primary working directories    : /scratch/nyee/181262
 Secondary working directories  : /scratch/nyee/181262
 Wavefunction directory         : /home/nyee/wfu/
 Main file repository           : /scratch/nyee/181262/

 ARCHNAME  : Linux/x86_64
 FC        : /opt/intel/Compiler/11.0/074/bin/intel64/ifort
 FCVERSION : 11.0
 BLASLIB   : -L/opt/intel/Compiler/11.0/074/mkl/lib/em64t -lmkl_intel_ilp64 -lmkl_sequential -lmkl_core
 id        : mitsand

 Nodes     nprocs
 node19       4
 ga_uses_ma=false, calling ma_init with nominal heap.
 GA-space will be limited to   8.0 MW (determined by -G option)

 Using customized tuning parameters: mindgm=16; mindgv=16; mindgc=16; mindgr=1; noblas=0; mincuda=1000; minvec=7
 default implementation of scratch files=sf  

 geometry = {angstrom
  C
  C                  1              B1
  H                  2              B2    1              A1
  H                  2              B3    1              A2    3              D1
  C                  1              B4    2              A3    3              D2
  H                  5              B5    1              A4    2              D3
  H                  5              B6    1              A5    2              D4
  H                  5              B7    1              A6    2              D5
  O                  1              B8    2              A7    5              D6
  O                  9              B9    1              A8    2              D7
  H                 10             B10    9              A9    1              D8
  C                  1             B11    9             A10   10              D9
  H                 12             B12    1             A11    9             D10
  H                 12             B13    1             A12    9             D11
  O                 12             B14    1             A13    9             D12
  H                 15             B15   12             A14    1             D13
 }
  
    B1    =        1.48262483
    B2    =        1.08275495
    B3    =        1.08359008
    B4    =        1.52071953
    B5    =        1.09614098
    B6    =        1.09370883
    B7    =        1.09410285
    B8    =        1.42100064
    B9    =        1.73991717
    B10    =       0.97489402
    B11    =       1.53365022
    B12    =       1.09495339
    B13    =       1.09926523
    B14    =       1.41711505
    B15    =       0.97226910
    A1    =      119.53796202
    A2    =      120.26132773
    A3    =      116.91553283
    A4    =      110.82028296
    A5    =      109.76830407
    A6    =      110.31893626
    A7    =       83.65150045
    A8    =      109.05501585
    A9    =       93.85754538
    A10    =     111.23033232
    A11    =     110.14732394
    A12    =     107.94749634
    A13    =     111.78424965
    A14    =     105.20388044
    D1    =     -172.53976317
    D2    =     -158.91999229
    D3    =       76.61311695
    D4    =     -163.12064610
    D5    =      -43.98270449
    D6    =     -113.22117078
    D7    =      179.92902699
    D8    =      127.98571804
    D9    =      -66.20213546
    D10    =    -166.89965770
    D11    =      74.80200340
    D12    =     -48.16576930
    D13    =      48.29446260
  
 basis = vdz-f12
 hf
 uccsd(t)-f12

 Variables initialized (665), CPU time= 0.00 sec
 Commands  initialized (462), CPU time= 0.01 sec, 486 directives.
 Default parameters read. Elapsed time= 0.11 sec

 Checking input...
 Passed
1


                                         ***  PROGRAM SYSTEM MOLPRO  ***
                         Copyright, University College Cardiff Consultants Limited, 2008

                                    Version 2010.1 linked 7 Mar 2011 15:11:57 


 **********************************************************************************************************************************
 LABEL *                                                                                 
 Linux-2.6.32-24-generic/node19(x86_64) 64 bit mpp version                               DATE: 16-Aug-13          TIME: 13:21:48  
 **********************************************************************************************************************************

 Patch level:      19
 **********************************************************************************************************************************
 SETTING B1             =         1.48262483                                  
 SETTING B2             =         1.08275495                                  
 SETTING B3             =         1.08359008                                  
 SETTING B4             =         1.52071953                                  
 SETTING B5             =         1.09614098                                  
 SETTING B6             =         1.09370883                                  
 SETTING B7             =         1.09410285                                  
 SETTING B8             =         1.42100064                                  
 SETTING B9             =         1.73991717                                  
 SETTING B10            =         0.97489402                                  
 SETTING B11            =         1.53365022                                  
 SETTING B12            =         1.09495339                                  
 SETTING B13            =         1.09926523                                  
 SETTING B14            =         1.41711505                                  
 SETTING B15            =         0.97226910                                  
 SETTING A1             =       119.53796202                                  
 SETTING A2             =       120.26132773                                  
 SETTING A3             =       116.91553283                                  
 SETTING A4             =       110.82028296                                  
 SETTING A5             =       109.76830407                                  
 SETTING A6             =       110.31893626                                  
 SETTING A7             =        83.65150045                                  
 SETTING A8             =       109.05501585                                  
 SETTING A9             =        93.85754538                                  
 SETTING A10            =       111.23033232                                  
 SETTING A11            =       110.14732394                                  
 SETTING A12            =       107.94749634                                  
 SETTING A13            =       111.78424965                                  
 SETTING A14            =       105.20388044                                  
 SETTING D1             =      -172.53976317                                  
 SETTING D2             =      -158.91999229                                  
 SETTING D3             =        76.61311695                                  
 SETTING D4             =      -163.12064610                                  
 SETTING D5             =       -43.98270449                                  
 SETTING D6             =      -113.22117078                                  
 SETTING D7             =       179.92902699                                  
 SETTING D8             =       127.98571804                                  
 SETTING D9             =       -66.20213546                                  
 SETTING D10            =      -166.89965770                                  
 SETTING D11            =        74.80200340                                  
 SETTING D12            =       -48.16576930                                  
 SETTING D13            =        48.29446260                                  

 Variable memory set to  471859200 words,  buffer space   230000 words

 SETTING BASIS          =    VDZ-F12


 Recomputing integrals since basis changed


 Using spherical harmonics

 Library entry C      S cc-pVDZ-F12          selected for orbital group  1
 Library entry C      P cc-pVDZ-F12          selected for orbital group  1
 Library entry C      D cc-pVDZ-F12          selected for orbital group  1
 Library entry H      S cc-pVDZ-F12          selected for orbital group  2
 Library entry H      P cc-pVDZ-F12          selected for orbital group  2
 Library entry O      S cc-pVDZ-F12          selected for orbital group  5
 Library entry O      P cc-pVDZ-F12          selected for orbital group  5
 Library entry O      D cc-pVDZ-F12          selected for orbital group  5

1PROGRAM * SEWARD (Integral evaluation for generally contracted gaussian basis sets)     Author: Roland Lindh, 1990

 Geometry written to block  1 of record 700

 Orientation using atomic masses  
 Molecule type: Asymmetric top
 Rotational constants:       1.9205949      2.4184466      2.8020992 GHz  (calculated with average atomic masses)

 Point group  C1  



 ATOMIC COORDINATES

 NR  ATOM    CHARGE       X              Y              Z

   1  C       6.00   -0.140587347   -1.146867268   -0.148670138
   2  C       6.00    2.202823656   -2.430499885    0.694266757
   3  H       1.00    3.059363301   -1.899223411    2.474899397
   4  H       1.00    3.179151423   -3.723049278   -0.558381761
   5  C       6.00   -1.750991579   -2.522795283   -2.090787961
   6  H       1.00   -2.828950990   -4.052479344   -1.202647180
   7  H       1.00   -3.071736641   -1.197542759   -2.968878190
   8  H       1.00   -0.556497196   -3.323528773   -3.576315366
   9  O       8.00    1.570144249    0.617916288   -1.230235422
  10  O       8.00   -0.141095589    2.981209519   -2.745896974
  11  H       1.00    0.739645629    4.347434241   -1.878873051
  12  C       6.00   -1.684453333    0.061068372    1.985998507
  13  H       1.00   -2.657719711   -1.402485148    3.077875411
  14  H       1.00   -3.112412794    1.298088503    1.122325671
  15  O       8.00   -0.127675220    1.406997606    3.699586158
  16  H       1.00    0.955661644    2.452922730    2.646887150

 Bond lengths in Bohr (Angstrom)

  1- 2  2.801754884   1- 5  2.873743434   1- 9  2.685302042   1-12  2.898178897   2- 3  2.046110323
       (1.482624830)       (1.520719530)       (1.421000640)       (1.533650220)       (1.082754950)

 2-4  2.047688490  2-9  3.660168443  5-6  2.071406254  5-7  2.066810156  5-8  2.067554746
     (1.083590080)     (1.936877721)     (1.096140980)     (1.093708830)     (1.094102850)

  9-10  3.287966943  10-11  1.842282705  12-13  2.069162034  12-14  2.077310230  12-15  2.677959341
       (1.739917170)       (0.974894020)       (1.094953390)       (1.099265230)       (1.417115050)

 15-16  1.837322325
       (0.972269100)

 Bond angles

  1-2-3  119.53796202   1-2-4  120.26132773   1-2-9   46.81571293   1-5-6  110.82028296

  1- 5- 7  109.76830407   1- 5- 8  110.31893626   1- 9- 2   49.53278662   1- 9-10  109.05501585

  1-12-13  110.14732394   1-12-14  107.94749634   1-12-15  111.78424965   2- 1- 5  116.91553283

  2- 1- 9   83.65150045   2- 1-12  114.51367531   2- 9-10  158.58771588   3- 2- 4  119.77990447

  3- 2- 9  108.28123409   4- 2- 9  106.64790652   5- 1- 9  113.54504671   5- 1-12  113.50398860

  6- 5- 7  108.85218644   6- 5- 8  108.82717301   7- 5- 8  108.19557509   9- 1-12  111.23033232

  9-10-11   93.85754538  12-15-16  105.20388044  13-12-14  108.49742438  13-12-15  106.93408033

 14-12-15  111.49141818

 NUCLEAR CHARGE:                   57
 NUMBER OF PRIMITIVE AOS:         386
 NUMBER OF SYMMETRY AOS:          372
 NUMBER OF CONTRACTIONS:          291   ( 291A   )
 NUMBER OF CORE ORBITALS:           7   (   7A   )
 NUMBER OF VALENCE ORBITALS:       37   (  37A   )


 NUCLEAR REPULSION ENERGY  334.69639766


 Eigenvalues of metric

         1 0.474E-04 0.131E-03 0.165E-03 0.260E-03 0.344E-03 0.451E-03 0.648E-03 0.684E-03


 Contracted 2-electron integrals neglected if value below      1.0D-12
 AO integral compression algorithm  1   Integral accuracy      1.0D-12

     4064.543 MB (compressed) written to integral file ( 50.9%)

     Node minimum: 935.854 MB, node maximum: 1094.189 MB


 NUMBER OF SORTED TWO-ELECTRON INTEGRALS:  225632524.     BUFFER LENGTH:  32768
 NUMBER OF SEGMENTS:  15  SEGMENT LENGTH:   15998348      RECORD LENGTH: 524288

 Memory used in sort:      16.56 MW

 SORT1 READ   998521613. AND WROTE   213136307. INTEGRALS IN    619 RECORDS. CPU TIME:    94.48 SEC, REAL TIME:   163.04 SEC
 SORT2 READ   852370124. AND WROTE   902551341. INTEGRALS IN  14916 RECORDS. CPU TIME:     4.68 SEC, REAL TIME:    71.40 SEC

 Node minimum:   225621903.  Node maximum:   225653768. integrals

 OPERATOR DM      FOR CENTER  0  COORDINATES:    0.000000    0.000000    0.000000


 **********************************************************************************************************************************
 DATASETS  * FILE   NREC   LENGTH (MB)   RECORD NAMES
              1      18        5.96       500      610      700      900      950      970     1000      129      960     1100   
                                          VAR    BASINP    GEOM    SYMINP    ZMAT    AOBASIS   BASIS     P2S    ABASIS      S 
                                         1400     1410     1200     1210     1080     1600     1650     1700   
                                           T        V       H0       H01     AOSYM     SMH    MOLCAS    OPER   

 PROGRAMS   *        TOTAL       INT
 CPU TIMES  *       115.11    115.02
 REAL TIME  *       264.45 SEC
 DISK USED  *        14.24 GB      
 GA USED    *         0.01 MB       (max)       0.00 MB       (current)
 **********************************************************************************************************************************

1PROGRAM * RHF-SCF (OPEN SHELL)       Authors: W. Meyer, H.-J. Werner


 NUMBER OF ELECTRONS:      29+   28-    SPACE SYMMETRY=1    SPIN SYMMETRY=Doublet 
 CONVERGENCE THRESHOLDS:    1.00E-05 (Density)    1.14E-07 (Energy)
 MAX. NUMBER OF ITERATIONS:       60
 INTERPOLATION TYPE:            DIIS
 INTERPOLATION STEPS:              2 (START)      1 (STEP)
 LEVEL SHIFTS:                 -0.30 (CLOSED)  0.00 (OPEN) 



 Orbital guess generated from atomic densities. Full valence occupancy:   44

 Molecular orbital dump at record        2100.2

 ITERATION    DDIFF          GRAD             ENERGY        2-EL.EN.            DIPOLE MOMENTS         DIIS
    1      0.000D+00      0.000D+00      -381.05678227    942.710952    0.73629   -1.88958    1.03544    0
    2      0.000D+00      0.330D-02      -381.15449019    939.467375   -0.13256   -0.15215   -0.20427    1
    3      0.567D-02      0.213D-02      -381.19330585    940.964110    0.28820   -1.03487    0.41435    2
    4      0.228D-02      0.565D-03      -381.19892032    940.731997    0.13744   -0.77116    0.23866    3
    5      0.957D-03      0.231D-03      -381.19989832    940.715725    0.14699   -0.78387    0.25828    4
    6      0.451D-03      0.703D-04      -381.20011445    940.711186    0.13285   -0.76710    0.24419    5
    7      0.213D-03      0.403D-04      -381.20031174    940.669612    0.12562   -0.74918    0.23345    6
    8      0.147D-03      0.412D-04      -381.20028438    940.672223    0.12652   -0.75095    0.23453    7
    9      0.147D-04      0.409D-04      -381.19996873    940.728112    0.13775   -0.77907    0.25160    7
   10      0.196D-03      0.281D-04      -381.19978968    940.799674    0.15180   -0.81382    0.27106    7
   11      0.266D-03      0.110D-04      -381.19979388    940.803307    0.15054   -0.81301    0.27034    8
   12      0.415D-04      0.437D-05      -381.19979432    940.807642    0.15085   -0.81449    0.27105    9
   13      0.215D-04      0.189D-05      -381.19979460    940.807307    0.15067   -0.81444    0.27105    9
   14      0.105D-04      0.105D-05      -381.19979466    940.806190    0.15050   -0.81413    0.27088    9
   15      0.444D-05      0.966D-06      -381.19979468    940.806470    0.15061   -0.81436    0.27105    0

 Final alpha occupancy:  29
 Final beta  occupancy:  28

 !RHF STATE 1.1 Energy               -381.199794684477
 Nuclear energy                       334.69639766
 One-electron energy                -1186.29942739
 Two-electron energy                  470.40323506
 Virial quotient                       -1.00170966
 !RHF STATE 1.1 Dipole moment           0.15061470    -0.81436336     0.27104637
 Dipole moment /Debye                   0.38279931    -2.06976962     0.68888603

 Orbital energies:

         1.1          2.1          3.1          4.1          5.1          6.1          7.1          8.1          9.1         10.1
    -20.621855   -20.583303   -20.565324   -11.315635   -11.299420   -11.285455   -11.230880    -1.398183    -1.361446    -1.257850

        11.1         12.1         13.1         14.1         15.1         16.1         17.1         18.1         19.1         20.1
     -1.051836    -0.951516    -0.933184    -0.781749    -0.709080    -0.681183    -0.649232    -0.641076    -0.598010    -0.594268

        21.1         22.1         23.1         24.1         25.1         26.1         27.1         28.1         29.1         30.1
     -0.565437    -0.564584    -0.547295    -0.518364    -0.493928    -0.481661    -0.460810    -0.437926    -0.332119     0.040871

        31.1
      0.054223


 **********************************************************************************************************************************
 DATASETS  * FILE   NREC   LENGTH (MB)   RECORD NAMES
              1      18        5.96       500      610      700      900      950      970     1000      129      960     1100   
                                          VAR    BASINP    GEOM    SYMINP    ZMAT    AOBASIS   BASIS     P2S    ABASIS      S 
                                         1400     1410     1200     1210     1080     1600     1650     1700   
                                           T        V       H0       H01     AOSYM     SMH    MOLCAS    OPER   

              2       3        2.92       700     1000     2100   
                                         GEOM     BASIS     RHF  

 PROGRAMS   *        TOTAL        HF       INT
 CPU TIMES  *       171.21     56.10    115.02
 REAL TIME  *       328.51 SEC
 DISK USED  *        14.32 GB      
 SF USED    *         0.34 MB      
 GA USED    *         0.01 MB       (max)       0.00 MB       (current)
 **********************************************************************************************************************************


1PROGRAM * CCSD (Unrestricted open-shell coupled cluster)     Authors: C. Hampel, H.-J. Werner, 1991, M. Deegan, P.J. Knowles, 1992

                           UCCSD-F12 implementation by G. Knizia and H.-J. Werner, 2008

                   Density fitting integral evaluation by F.R. Manby, 2003,2007, G. Knizia, 2010

 Basis set CC-PVDZ/JKFIT generated.      Number of basis functions:   697 
 Basis set CC-PVDZ-F12/OPTRI generated.  Number of basis functions:   660 
 Basis set AUG-CC-PVDZ/MP2FIT generated. Number of basis functions:   711 

 Convergence thresholds:  THRVAR = 1.00D-08  THRDEN = 1.14D-06

 CCSD(T)     terms to be evaluated (factor= 1.000)


 Number of core orbitals:           7 (   7 )
 Number of closed-shell orbitals:  21 (  21 )
 Number of active  orbitals:        1 (   1 )
 Number of external orbitals:     262 ( 262 )

 For full I/O caching in triples, increase memory by 220.45 Mwords to 692.59 Mwords.

 Number of N-1 electron functions:              43
 Number of N-2 electron functions:             903
 Number of singly external CSFs:             11309
 Number of doubly external CSFs:          47149851
 Total number of CSFs:                    47161160

 Molecular orbitals read from record     2100.2  Type=RHF/CANONICAL (state 1.1)

 Integral transformation finished. Total CPU: 216.82 sec, npass=  1  Memory used: 320.70 MW
 
 Geminal basis:    OPTFULL  GEM_TYPE=SLATER  BETA=1.0  NGEM=6

 Optimizing Gaussian exponents for each gem_beta

 Geminal optimization for beta= 1.0000
 Weight function:   m=0, omega= 1.4646

 Augmented Hessian optimization of geminal fit. Trust ratio= 0.40000
 Convergence reached after   2 iterations. Final gradient= 8.43D-16, Step= 4.27D-06, Delta= 1.28D-09
 
 Alpha:                 0.19532     0.81920     2.85917     9.50073    35.69989   197.79328
 Coeff:                 0.27070     0.30552     0.18297     0.10986     0.06810     0.04224
 
 
 WFN_F12=FIX,EG    DECOUPLE_EXPL=F   HYBRID=0    NOX=F   SEMIINT_F12=T   CORE_SINGLES=F
 
 AO(A)-basis ORBITAL           loaded. Number of functions:     291
 RI(R)-basis CC-PVDZ-F12/OPTRI loaded. Number of functions:     660
 DF-basis CC-PVDZ/JKFIT        loaded. Number of functions:     697

 Screening thresholds:   THRAO=  1.00D-10  THRMO=  1.00D-09  THRPROD=  1.00D-09
                         THRSW=  1.00D-05  THROV=  1.00D-12  THRF12=   1.00D-08

 CPU time for one-electron matrices              13.43 sec
 
 Construction of ABS:
 Pseudo-inverse stability          1.10E-10
 Smallest eigenvalue of S          6.22E-05  (threshold= 1.00E-08)
 Ratio eigmin/eigmax               4.18E-07  (threshold= 1.00E-09)
 Smallest eigenvalue of S kept     6.22E-05  (threshold= 6.22E-05, 0 functions deleted, 660 kept)
 
 Construction of CABS:
 Pseudo-inverse stability          4.53E-10
 Smallest eigenvalue of S          2.57E-06  (threshold= 1.00E-08)
 Ratio eigmin/eigmax               2.57E-06  (threshold= 1.00E-09)
 Smallest eigenvalue of S kept     2.57E-06  (threshold= 2.57E-06, 0 functions deleted, 660 kept)
 
 CPU time for basis constructions                 1.27 sec
 Fock operators(MO) rebuilt from dump record.
 CPU time for fock operators                      3.08 sec
 
                                      TOTAL          ALPHA          BETA    
  Singles Contributions MO        -0.011375021   -0.005848259   -0.005526762
  Singles Contributions CABS      -0.016159433   -0.008248879   -0.007910554
  Pure DF-RHF relaxation          -0.016047095
 
 CPU time for singles                             4.82 sec
 
 AO(A)-basis ORBITAL           loaded. Number of functions:     291
 RI(R)-basis CC-PVDZ-F12/OPTRI loaded. Number of functions:     660
 DF-basis AUG-CC-PVDZ/MP2FIT   loaded. Number of functions:     711

 Screening thresholds:   THRAO=  1.00D-10  THRMO=  1.00D-09  THRPROD=  1.00D-09
                         THRSW=  1.00D-05  THROV=  1.00D-12  THRF12=   1.00D-08

 CPU time for transformed integrals             223.25 sec
 CPU time for F12 matrices                       85.83 sec

 Diagonal F12 ansatz with fixed amplitudes:   TS= 0.5000  TT= 0.2500  TN= 0.3750
 
 ITER.     SQ.NORM      CORR.ENERGY   TOTAL ENERGY  ENERGY CHANGE      VAR         CPU   MICRO    DIIS
   1      1.43595844    -1.61888775  -382.83472953    -1.6349E+00   4.21E-01      4.10  1  1  1   0  0
   2      1.42987101    -1.61303227  -382.82887405     5.8555E-03   4.22E-04     30.09  0  0  0   1  1
   3      1.43069135    -1.61364775  -382.82948953    -6.1548E-04   2.71E-06     59.84  0  0  0   2  2
   4      1.43069282    -1.61365104  -382.82949282    -3.2907E-06   2.66E-08     91.85  0  0  0   3  3
   5      1.43069576    -1.61365107  -382.82949285    -3.1760E-08   1.42E-10    126.45  0  0  0   4  4
 
 --- Continuing with F12/conv. amplitude coupling turned on.
 
   6      1.43265255    -1.62093722  -382.83677900    -7.2862E-03   2.83E-04    155.05  1  1  1   1  1
   7      1.43264889    -1.62093686  -382.83677863     3.6258E-07   7.59E-09    186.51  1  1  1   2  2
 
 CPU time for iterative RMP2-F12                186.51 sec
 
 
 DF-RMP2-F12 doubles corrections:
 --------------------------------
  Approx.                             TOTAL           A-B            A-A            B-B    
  RMP2-F12/3C(FIX)                -0.272038299   -0.238547454   -0.017854238   -0.015636606
  RMP2-F12/3*C(FIX)               -0.264752516   -0.233329413   -0.016757207   -0.014665896
  RMP2-F12/3*C(DX)                -0.265946879   -0.234424119   -0.016817537   -0.014705223
  RMP2-F12/3*C(FIX,DX)            -0.277209379   -0.247047657   -0.016077179   -0.014084544
 
 DF-RMP2-F12 doubles energies:
 -----------------------------
  Approx.                             TOTAL           A-B            A-A            B-B    
  RMP2                            -1.337523535   -0.995697850   -0.180540876   -0.161284809
  RMP2-F12/3C(FIX)                -1.609561834   -1.234245305   -0.198395115   -0.176921415
  RMP2-F12/3*C(FIX)               -1.602276052   -1.229027264   -0.197298083   -0.175950705
  RMP2-F12/3*C(DX)                -1.603470415   -1.230121969   -0.197358413   -0.175990032
  RMP2-F12/3*C(FIX,DX)            -1.614732915   -1.242745507   -0.196618055   -0.175369352
 
 
  Reference energy                   -381.199794684483
  CABS relaxation correction to RHF    -0.016047094865
  New reference energy               -381.215841779348
 
  RMP2-F12 singles (MO) energy         -0.011375021081
  RMP2-F12 pair energy                 -1.609561834307
  RMP2-F12 correlation energy          -1.620936855388
 
  RMP2-F12/3C(FIX) energy            -382.836778634736

 Starting RMP2 calculation

 ITER.      SQ.NORM     CORR.ENERGY   TOTAL ENERGY   ENERGY CHANGE        DEN1      VAR(S)    VAR(P)  DIIS     TIME
   1      1.42524159    -1.34413601  -382.54393070    -1.34413601    -0.00461907  0.15D-03  0.19D-02  1  1   786.94
   2      1.43036979    -1.34910828  -382.54890296    -0.00497226    -0.00001908  0.43D-05  0.12D-04  2  2   818.33
   3      1.43069723    -1.34924403  -382.54903872    -0.00013576    -0.00000024  0.12D-06  0.12D-06  3  3   852.23
   4      1.43071550    -1.34924676  -382.54904144    -0.00000272     0.00000000  0.22D-08  0.45D-09  4  4   884.13
   5      1.43071619    -1.34924693  -382.54904161    -0.00000017     0.00000000  0.48D-10  0.52D-11  5  5   930.49

 Norm of t1 vector:      0.12170417      S-energy:    -0.01137499      T1 diagnostic:  0.00098589
 Norm of t2 vector:      0.64490641      P-energy:    -1.33787194
                                         Alpha-Beta:  -0.99665691
                                         Alpha-Alpha: -0.18020681
                                         Beta-Beta:   -0.16100822

 Spin contamination <S**2-Sz**2-Sz>     0.00578053
  Reference energy                   -381.215841779348
  RHF-RMP2 correlation energy          -1.349246928852
 !RHF-RMP2 energy                    -382.565088708200

 Starting UCCSD calculation

 ITER.      SQ.NORM     CORR.ENERGY   TOTAL ENERGY   ENERGY CHANGE        DEN1      VAR(S)    VAR(P)  DIIS     TIME
   1      1.39644528    -1.29616500  -382.49595968    -1.29616500    -0.04495491  0.83D-02  0.92D-02  1  1  1977.17
   2      1.43794606    -1.33566928  -382.53546397    -0.03950428    -0.00503749  0.12D-02  0.17D-02  2  2  2996.01
   3      1.45447703    -1.34273002  -382.54252471    -0.00706074    -0.00068901  0.33D-03  0.16D-03  3  3  4028.62
   4      1.46513590    -1.34623512  -382.54602981    -0.00350510    -0.00016732  0.11D-03  0.34D-04  4  4  5064.36
   5      1.47096352    -1.34720706  -382.54700175    -0.00097194    -0.00004618  0.42D-04  0.68D-05  5  5  6125.08
   6      1.47433238    -1.34743720  -382.54723189    -0.00023014    -0.00001584  0.14D-04  0.30D-05  6  6  7163.88
   7      1.47632950    -1.34753472  -382.54732940    -0.00009752    -0.00000592  0.44D-05  0.16D-05  6  1  8196.53
   8      1.47731623    -1.34760406  -382.54739874    -0.00006934    -0.00000221  0.18D-05  0.61D-06  6  2  9230.35
   9      1.47795901    -1.34762743  -382.54742212    -0.00002337    -0.00000077  0.64D-06  0.19D-06  6  3 10274.88
  10      1.47815154    -1.34765344  -382.54744812    -0.00002601    -0.00000032  0.23D-06  0.81D-07  6  4 11327.94
  11      1.47827529    -1.34764659  -382.54744128     0.00000685    -0.00000012  0.12D-06  0.20D-07  6  5 12358.20
  12      1.47837806    -1.34765341  -382.54744810    -0.00000682    -0.00000004  0.34D-07  0.10D-07  6  6 13393.07
  13      1.47838443    -1.34765288  -382.54744756     0.00000054    -0.00000002  0.14D-07  0.37D-08  6  1 14427.43
  14      1.47840885    -1.34765289  -382.54744758    -0.00000002    -0.00000001  0.54D-08  0.11D-08  6  4 15462.80

 Norm of t1 vector:      0.22141699      S-energy:    -0.01487212      T1 diagnostic:  0.01554847
                                                                       D1 diagnostic:  0.05559538
 Norm of t2 vector:      0.65527351      P-energy:    -1.33278077
                                         Alpha-Beta:  -1.03567079
                                         Alpha-Alpha: -0.15754389
                                         Beta-Beta:   -0.13956609

 Spin contamination <S**2-Sz**2-Sz>     0.02921808

 For full I/O caching in triples, increase memory by 289.09 Mwords to 761.23 Mwords.
 

 RESULTS
 =======

  Reference energy                   -381.199794684483
  CABS relaxation correction to RHF    -0.016047094865
  New reference energy               -381.215841779348
 
  F12 corrections for ansatz 3C(FIX) added to UCCSD energy. Coupling mode: 15
 
  UCCSD-F12a singles energy            -0.014872120922
  UCCSD-F12a pair energy               -1.597457775179
  UCCSD-F12a correlation energy        -1.612329896101
  Triples (T) contribution             -0.059228132697
  Total correlation energy             -1.671558028798
 
  RHF-UCCSD-F12a energy              -382.828171675449
  RHF-UCCSD[T]-F12a energy           -382.889640171513
  RHF-UCCSD-T-F12a energy            -382.886864822779
 !RHF-UCCSD(T)-F12a energy           -382.887399808146
 
  F12 corrections for ansatz 3C(FIX) added to UCCSD energy. Coupling mode: 15
 
  UCCSD-F12b singles energy            -0.014872120922
  UCCSD-F12b pair energy               -1.563070824833
  UCCSD-F12b correlation energy        -1.577942945755
  Triples (T) contribution             -0.059228132697
  Total correlation energy             -1.637171078452
 
  RHF-UCCSD-F12b energy              -382.793784725103
  RHF-UCCSD[T]-F12b energy           -382.855253221168
  RHF-UCCSD-T-F12b energy            -382.852477872433
 !RHF-UCCSD(T)-F12b energy           -382.853012857800

 Program statistics:

 Available memory in ccsd:               471855008
 Min. memory needed in ccsd:             130268153
 Max. memory used in ccsd:               190876350
 Max. memory used in cckext:             157039387 (15 integral passes)
 Max. memory used in cckint:             320695627 ( 1 integral passes)



 **********************************************************************************************************************************
 DATASETS  * FILE   NREC   LENGTH (MB)   RECORD NAMES
              1      19        6.01       500      610      700      900      950      970     1000      129      960     1100   
                                          VAR    BASINP    GEOM    SYMINP    ZMAT    AOBASIS   BASIS     P2S    ABASIS      S 
                                         1400     1410     1200     1210     1080     1600     1650     1700      960(1)
                                           T        V       H0       H01     AOSYM     SMH    MOLCAS    OPER    ABASIS    

              2       4        3.94       700     1000     2100     7360   
                                         GEOM     BASIS     RHF    F12ABS    

 PROGRAMS   *        TOTALUCCSD(T)-F        HF       INT
 CPU TIMES  *     36988.79  36817.49     56.10    115.02
 REAL TIME  *     53323.32 SEC
 DISK USED  *        38.27 GB      
 SF USED    *        41.78 GB      
 GA USED    *         2.40 MB       (max)       0.00 MB       (current)
 **********************************************************************************************************************************

    UCCSD(T)-F12        HF-SCF  
   -382.85301286   -381.19979468
 **********************************************************************************************************************************
 Variable memory released
