
 Primary working directories    : /scratch/scratchdirs/nyee88
 Secondary working directories  : /scratch/scratchdirs/nyee88
 Wavefunction directory         : /global/homes/n/nyee88/wfu/
 Main file repository           : /scratch/scratchdirs/nyee88/

 SHA1      : d03110ad91d449d0c5f19172a0c0ba2e2d66b3a5
 NAME      : 2012.1.21
 ARCHNAME  : Linux/XT
 FC        : /opt/cray/craype/2.2.1/bin/ftn
 FCVERSION : 14.2-0
 BLASLIB   : 
 id        : lbl

 Nodes     nprocs
 nid03903     3
 nid03873     3
 nid03806     3
 nid03807     3
 nid03795     3
 nid03789     3
 Number of processes for MPI-2 version of Molpro:   nprocs(total)=   24   nprocs(compute)=   18   nprocs(helper)=    6
 ga_uses_ma=false, calling ma_init with nominal heap.
 GA-space will be limited to   8.0 MW (determined by -G option)

 Using customized tuning parameters: mindgm=7; mindgv=24; mindgc=4; mindgr=2; noblas=0; minvec=7
 default implementation of scratch files=sf  

 geometry = {angstrom
  C
  H                  1              B1
  H                  1              B2    2              A1
  H                  1              B3    3              A2    2              D1
  C                  1              B4    3              A3    2              D2
  H                  5              B5    1              A4    3              D3
  C                  5              B6    1              A5    3              D4
  H                  7              B7    5              A6    1              D5
  H                  7              B8    5              A7    1              D6
  H                  7              B9    5              A8    1              D7
 }
 
       B1 =           1.10373383
       B2 =           1.09294261
       B3 =           1.09740781
       B4 =           1.49042314
       B5 =           1.08473712
       B6 =           1.49041235
       B7 =           1.09288054
       B8 =           1.10367179
       B9 =           1.09756522
       A1 =         106.87193457
       A2 =         108.04759913
       A3 =         112.01842459
       A4 =         118.77115289
       A5 =         121.12115240
       A6 =         112.02297099
       A7 =         112.04162040
       A8 =         111.56447688
       D1 =         113.65524679
       D2 =        -123.07708179
       D3 =          25.63398691
       D4 =        -167.64954617
       D5 =         168.62481972
       D6 =         -71.22017350
       D7 =          47.38326524
 
 memory,3000,M
 basis = vtz-f12
 hf
 uccsd(t)-f12,scale_trip=1

 Variables initialized (782), CPU time= 0.03 sec
 Commands  initialized (547), CPU time= 0.03 sec, 517 directives.
 Default parameters read. Elapsed time=23.23 sec

 Checking input...
 Passed
1


                                         ***  PROGRAM SYSTEM MOLPRO  ***
                         Copyright, University College Cardiff Consultants Limited, 2008

                                    Version 2012.1 linked Mar 12 2015 14:11:14


 **********************************************************************************************************************************
 LABEL *                                                                                 
 Linux-3.0.101-0.31.1_1.0502.8394-cray_gem_c/nid03903(x86_64) 64 bit mpp version         DATE: 26-May-15          TIME: 10:07:36  
 **********************************************************************************************************************************

 SHA1:             d03110ad91d449d0c5f19172a0c0ba2e2d66b3a5
 **********************************************************************************************************************************
 SETTING B1             =         1.10373383                                  
 SETTING B2             =         1.09294261                                  
 SETTING B3             =         1.09740781                                  
 SETTING B4             =         1.49042314                                  
 SETTING B5             =         1.08473712                                  
 SETTING B6             =         1.49041235                                  
 SETTING B7             =         1.09288054                                  
 SETTING B8             =         1.10367179                                  
 SETTING B9             =         1.09756522                                  
 SETTING A1             =       106.87193457                                  
 SETTING A2             =       108.04759913                                  
 SETTING A3             =       112.01842459                                  
 SETTING A4             =       118.77115289                                  
 SETTING A5             =       121.12115240                                  
 SETTING A6             =       112.02297099                                  
 SETTING A7             =       112.04162040                                  
 SETTING A8             =       111.56447688                                  
 SETTING D1             =       113.65524679                                  
 SETTING D2             =      -123.07708179                                  
 SETTING D3             =        25.63398691                                  
 SETTING D4             =      -167.64954617                                  
 SETTING D5             =       168.62481972                                  
 SETTING D6             =       -71.22017350                                  
 SETTING D7             =        47.38326524                                  

 Variable memory set to 3000000000 words,  buffer space   230000 words

 SETTING BASIS          =    VTZ-F12


 Recomputing integrals since basis changed


 Using spherical harmonics

 Library entry C      S cc-pVTZ-F12          selected for orbital group  1
 Library entry C      P cc-pVTZ-F12          selected for orbital group  1
 Library entry C      D cc-pVTZ-F12          selected for orbital group  1
 Library entry C      F cc-pVTZ-F12          selected for orbital group  1
 Library entry H      S cc-pVTZ-F12          selected for orbital group  2
 Library entry H      P cc-pVTZ-F12          selected for orbital group  2
 Library entry H      D cc-pVTZ-F12          selected for orbital group  2

1PROGRAM * SEWARD (Integral evaluation for generally contracted gaussian basis sets)     Author: Roland Lindh, 1990

 Geometry written to block  1 of record 700

 Orientation using atomic masses  
 Molecule type: Asymmetric top
 Rotational constants:       7.4268605      8.3060941     37.4781940 GHz  (calculated with average atomic masses)

 Point group  C1  



 ATOMIC COORDINATES

 NR  ATOM    CHARGE       X              Y              Z

   1  C       6.00    0.007240466   -0.410025273    2.452771885
   2  H       1.00    1.887241569   -1.223762085    2.844946282
   3  H       1.00   -0.458546661    0.818377048    4.046444106
   4  H       1.00   -1.318144986   -2.004990038    2.462159994
   5  C       6.00   -0.055435108    0.972958147    0.000007463
   6  H       1.00    0.265945054    2.997464163    0.000376580
   7  C       6.00    0.007432148   -0.409829228   -2.452839170
   8  H       1.00   -0.426589450    0.825772452   -4.049758172
   9  H       1.00    1.877868039   -1.252564562   -2.828538771
  10  H       1.00   -1.342032033   -1.984738800   -2.474917159

 Bond lengths in Bohr (Angstrom)

 1-2  2.085754661  1-3  2.065362210  1-4  2.073800215  1-5  2.816491555  5-6  2.049856081
     ( 1.103733830)     ( 1.092942610)     ( 1.097407810)     ( 1.490423140)     ( 1.084737120)

  5- 7  2.816471164   7- 8  2.065244915   7- 9  2.085637422   7-10  2.074097677
       ( 1.490412350)       ( 1.092880540)       ( 1.103671790)       ( 1.097565220)

 Bond angles

  1-5-6  118.77115289   1-5-7  121.12115240   2-1-3  106.87193457   2-1-4  105.97120689

  2-1-5  112.04729988   3-1-4  108.04759913   3-1-5  112.01842459   4-1-5  111.55369589

  5- 7- 8  112.02297099   5- 7- 9  112.04162040   5- 7-10  111.56447688   6- 5- 7  118.78669177

  8- 7- 9  106.91357240   8- 7-10  108.01866666   9- 7-10  105.94769117

 NUCLEAR CHARGE:                   25
 NUMBER OF PRIMITIVE AOS:         363
 NUMBER OF SYMMETRY AOS:          329
 NUMBER OF CONTRACTIONS:          285   ( 285A   )
 NUMBER OF CORE ORBITALS:           3   (   3A   )
 NUMBER OF VALENCE ORBITALS:       19   (  19A   )


 NUCLEAR REPULSION ENERGY   75.35668928


 Eigenvalues of metric

         1 0.470E-04 0.580E-04 0.154E-03 0.170E-03 0.182E-03 0.195E-03 0.199E-03 0.264E-03


 Contracted 2-electron integrals neglected if value below      1.0D-12
 AO integral compression algorithm  1   Integral accuracy      1.0D-12

     3952.083 MB (compressed) written to integral file ( 53.2%)

     Node minimum: 192.414 MB, node maximum: 243.270 MB


 NUMBER OF SORTED TWO-ELECTRON INTEGRALS:   46151640.     BUFFER LENGTH:  32768
 NUMBER OF SEGMENTS:   3  SEGMENT LENGTH:   15982056      RECORD LENGTH: 524288

 Memory used in sort:      16.54 MW

 SORT1 READ   929628752. AND WROTE    44637081. INTEGRALS IN    129 RECORDS. CPU TIME:    50.25 SEC, REAL TIME:    52.65 SEC
 SORT2 READ   801640836. AND WROTE   830505390. INTEGRALS IN  16110 RECORDS. CPU TIME:     2.29 SEC, REAL TIME:     5.90 SEC

 Node minimum:    46119944.  Node maximum:    46158435. integrals

 OPERATOR DM      FOR CENTER  0  COORDINATES:    0.000000    0.000000    0.000000


 **********************************************************************************************************************************
 DATASETS  * FILE   NREC   LENGTH (MB)   RECORD NAMES
              1      18       10.68       500      610      700      900      950      970     1000      129      960     1100   
                                          VAR    BASINP    GEOM    SYMINP    ZMAT    AOBASIS   BASIS     P2S    ABASIS      S 
                                         1400     1410     1200     1210     1080     1600     1650     1700   
                                           T        V       H0       H01     AOSYM     SMH    MOLCAS    OPER   

 PROGRAMS   *        TOTAL       INT
 CPU TIMES  *        63.65     63.31
 REAL TIME  *       116.46 SEC
 DISK USED  *        13.53 GB      
 GA USED    *         0.00 MB       (max)       0.00 MB       (current)
 **********************************************************************************************************************************

1PROGRAM * RHF-SCF (OPEN SHELL)       Authors: W. Meyer, H.-J. Werner


 NUMBER OF ELECTRONS:      13+   12-    SPACE SYMMETRY=1    SPIN SYMMETRY: Doublet 
 CONVERGENCE THRESHOLDS:    1.00E-05 (Density)    1.00E-07 (Energy)
 MAX. NUMBER OF ITERATIONS:       60
 INTERPOLATION TYPE:            DIIS
 INTERPOLATION STEPS:              2 (START)      1 (STEP)
 LEVEL SHIFTS:                 -0.30 (CLOSED)  0.00 (OPEN) 



 Orbital guess generated from atomic densities. Full valence occupancy:   22

 Molecular orbital dump at record        2100.2

 ITERATION    DDIFF          GRAD             ENERGY        2-EL.EN.            DIPOLE MOMENTS         DIIS   ORB.
    1      0.000D+00      0.000D+00      -117.62754377    228.583464    0.14302   -0.25168    0.00067    0    start
    2      0.000D+00      0.263D-02      -117.66864318    226.433876    0.08751   -0.10777    0.00029    1    diag,B
    3      0.251D-02      0.100D-02      -117.67755868    226.943097    0.08443   -0.06839    0.00022    2    diag,B
    4      0.755D-03      0.438D-03      -117.68058232    226.840025    0.07273   -0.03869    0.00014    3    diag,B
    5      0.520D-03      0.132D-03      -117.68095690    226.835994    0.06538   -0.02746    0.00009    4    diag,B
    6      0.209D-03      0.386D-04      -117.68098997    226.831979    0.06237   -0.02418    0.00008    5    diag,B
    7      0.822D-04      0.107D-04      -117.68099229    226.832099    0.06136   -0.02375    0.00008    6    fixocc
    8      0.264D-04      0.350D-05      -117.68099257    226.831781    0.06105   -0.02369    0.00007    7    diag,B
    9      0.801D-05      0.143D-05      -117.68099262    226.831896    0.06093   -0.02372    0.00007    8    diag,B
   10      0.433D-05      0.514D-06      -117.68099263    226.831898    0.06090   -0.02373    0.00007    0    orth

 Final alpha occupancy:  13
 Final beta  occupancy:  12

 !RHF STATE 1.1 Energy               -117.680992630107
 Nuclear energy                        75.35668928
 One-electron energy                 -306.45363072
 Two-electron energy                  113.41594881
 Virial quotient                       -1.00097645
 !RHF STATE 1.1 Dipole moment           0.06089624    -0.02372574     0.00007445
 Dipole moment /Debye                   0.15477266    -0.06030087     0.00018922

 Orbital energies:

         1.1          2.1          3.1          4.1          5.1          6.1          7.1          8.1          9.1         10.1
    -11.216154   -11.215619   -11.215146    -1.040596    -0.934911    -0.765878    -0.613603    -0.569085    -0.559066    -0.530164

        11.1         12.1         13.1         14.1         15.1
     -0.495979    -0.488104    -0.333124     0.051668     0.056706

 HOMO     13.1    -0.333124 =      -9.0648eV
 LUMO     14.1     0.051668 =       1.4060eV
 LUMO-HOMO         0.384792 =      10.4707eV


 **********************************************************************************************************************************
 DATASETS  * FILE   NREC   LENGTH (MB)   RECORD NAMES
              1      18       10.68       500      610      700      900      950      970     1000      129      960     1100   
                                          VAR    BASINP    GEOM    SYMINP    ZMAT    AOBASIS   BASIS     P2S    ABASIS      S 
                                         1400     1410     1200     1210     1080     1600     1650     1700   
                                           T        V       H0       H01     AOSYM     SMH    MOLCAS    OPER   

              2       4        2.75       700     1000      520     2100   
                                         GEOM     BASIS   MCVARS     RHF  

 PROGRAMS   *        TOTAL        HF       INT
 CPU TIMES  *        79.33     15.68     63.31
 REAL TIME  *       141.50 SEC
 DISK USED  *        13.97 GB      
 SF USED    *         0.33 MB      
 GA USED    *         0.00 MB       (max)       0.00 MB       (current)
 **********************************************************************************************************************************


1PROGRAM * CCSD (Unrestricted open-shell coupled cluster)     Authors: C. Hampel, H.-J. Werner, 1991, M. Deegan, P.J. Knowles, 1992

                           UCCSD-F12 implementation by G. Knizia and H.-J. Werner, 2008

                   Density fitting integral evaluation by F.R. Manby, 2003,2007, G. Knizia, 2010

 Basis set CC-PVTZ/JKFIT generated.      Number of basis functions:   447 
 Basis set CC-PVTZ-F12/OPTRI generated.  Number of basis functions:   512 
 Basis set AUG-CC-PVTZ/MP2FIT generated. Number of basis functions:   640 

 Convergence thresholds:  THRVAR = 1.00D-08  THRDEN = 1.00D-06

 CCSD(T)     terms to be evaluated (factor= 1.000)


 Number of core orbitals:           3 (   3 )
 Number of closed-shell orbitals:   9 (   9 )
 Number of active  orbitals:        1 (   1 )
 Number of external orbitals:     272 ( 272 )

 Memory could be reduced to 364.11 Mwords without degradation in triples

 Number of N-1 electron functions:              19
 Number of N-2 electron functions:             171
 Number of singly external CSFs:              5187
 Number of doubly external CSFs:           9714978
 Total number of CSFs:                     9720165

 Molecular orbitals read from record     2100.2  Type=RHF/CANONICAL (state 1.1)

 Integral transformation finished. Total CPU:  74.30 sec, npass=  1  Memory used: 137.01 MW
 
 Geminal basis:    OPTFULL  GEM_TYPE=SLATER  BETA=1.0  NGEM=6

 Optimizing Gaussian exponents for each gem_beta

 Geminal optimization for beta= 1.0000
 Weight function:   m=0, omega= 1.4646

 Augmented Hessian optimization of geminal fit. Trust ratio= 0.40000
 Convergence reached after   2 iterations. Final gradient= 8.42D-16, Step= 4.39D-06, Delta= 1.28D-09
 
 Alpha:                 0.19532     0.81920     2.85917     9.50073    35.69989   197.79328
 Coeff:                 0.27070     0.30552     0.18297     0.10986     0.06810     0.04224
 
 
 WFN_F12=FIX,EG    DECOUPLE_EXPL=F   HYBRID=0    NOX=F   SEMIINT_F12=T   CORE_SINGLES=F
 
 AO(A)-basis ORBITAL           loaded. Number of functions:     285
 RI(R)-basis CC-PVTZ-F12/OPTRI loaded. Number of functions:     512
 DF-basis CC-PVTZ/JKFIT        loaded. Number of functions:     447

 Screening thresholds:   THRAO=  1.00D-10  THRMO=  1.00D-09  THRPROD=  1.00D-09
                         THRSW=  1.00D-05  THROV=  1.00D-12  THRF12=   1.00D-08

 CPU time for one-electron matrices               3.72 sec
 
 Construction of ABS:
 Pseudo-inverse stability          1.66E-10
 Smallest eigenvalue of S          1.46E-04  (threshold= 1.00E-08)
 Ratio eigmin/eigmax               6.89E-07  (threshold= 1.00E-09)
 Smallest eigenvalue of S kept     1.46E-04  (threshold= 1.46E-04, 0 functions deleted, 512 kept)
 
 Construction of CABS:
 Pseudo-inverse stability          1.42E-09
 Smallest eigenvalue of S          7.42E-07  (threshold= 1.00E-08)
 Ratio eigmin/eigmax               7.42E-07  (threshold= 1.00E-09)
 Smallest eigenvalue of S kept     7.42E-07  (threshold= 7.42E-07, 0 functions deleted, 512 kept)
 
 CPU time for basis constructions                 1.25 sec
 Fock operators(MO) rebuilt from dump record.
 CPU time for fock operators                      1.49 sec
 
                                      TOTAL          ALPHA          BETA    
  Singles Contributions MO        -0.002897693   -0.001465634   -0.001432060
  Singles Contributions CABS      -0.001270542   -0.000667495   -0.000603046
  Pure DF-RHF relaxation          -0.001265507
 
 CPU time for singles                             5.58 sec
 
 AO(A)-basis ORBITAL           loaded. Number of functions:     285
 RI(R)-basis CC-PVTZ-F12/OPTRI loaded. Number of functions:     512
 DF-basis AUG-CC-PVTZ/MP2FIT   loaded. Number of functions:     640

 Screening thresholds:   THRAO=  1.00D-10  THRMO=  1.00D-09  THRPROD=  1.00D-09
                         THRSW=  1.00D-05  THROV=  1.00D-12  THRF12=   1.00D-08

 CPU time for transformed integrals              23.81 sec
 CPU time for F12 matrices                       18.73 sec

 Diagonal F12 ansatz with fixed amplitudes:   TS= 0.5000  TT= 0.2500  TN= 0.3750
 
 ITER.     SQ.NORM      CORR.ENERGY   TOTAL ENERGY  ENERGY CHANGE      VAR         CPU   MICRO    DIIS
   1      1.16266227    -0.56651998  -118.24877812    -5.6779E-01   1.61E-01      0.93  1  1  1   0  0
   2      1.16213981    -0.56575228  -118.24801042     7.6770E-04   7.62E-05      4.55  0  0  0   1  1
   3      1.16229820    -0.56592836  -118.24818649    -1.7607E-04   3.75E-07      8.82  0  0  0   2  2
   4      1.16229963    -0.56592908  -118.24818721    -7.2133E-07   1.78E-09     13.64  0  0  0   3  3
 
 - - Continuing with F12/conv. amplitude coupling turned on.
 
   5      1.16224252    -0.56600971  -118.24826785    -8.1353E-05   4.53E-05     17.80  1  1  1   1  1
   6      1.16224207    -0.56600977  -118.24826790    -5.8766E-08   1.75E-09     22.64  1  1  1   2  2
 
 CPU time for iterative RMP2-F12                 22.64 sec
 
 
 DF-RMP2-F12 doubles corrections:
 - - - - - - - - - - - - - - - - 
  Approx.                             TOTAL           A-B            A-A            B-B    
  RMP2-F12/3C(FIX)                -0.042433472   -0.040083633   -0.001376427   -0.000973412
  RMP2-F12/3*C(FIX)               -0.042352781   -0.040050759   -0.001348633   -0.000953388
  RMP2-F12/3*C(DX)                -0.042374259   -0.040070360   -0.001350260   -0.000953640
  RMP2-F12/3*C(FIX,DX)            -0.043148272   -0.040882487   -0.001325484   -0.000940301
 
 DF-RMP2-F12 doubles energies:
 - - - - - - - - - - - - - - -
  Approx.                             TOTAL           A-B            A-A            B-B    
  RMP2                            -0.520678602   -0.409822559   -0.062523353   -0.048332690
  RMP2-F12/3C(FIX)                -0.563112074   -0.449906192   -0.063899779   -0.049306102
  RMP2-F12/3*C(FIX)               -0.563031383   -0.449873318   -0.063871986   -0.049286078
  RMP2-F12/3*C(DX)                -0.563052860   -0.449892918   -0.063873612   -0.049286330
  RMP2-F12/3*C(FIX,DX)            -0.563826873   -0.450705045   -0.063848837   -0.049272991
 
 
  Reference energy                   -117.680992630107
  CABS relaxation correction to RHF    -0.001265507336
  New reference energy               -117.682258137443
 
  RMP2-F12 singles (MO) energy         -0.002897693447
  RMP2-F12 pair energy                 -0.563112073509
  RMP2-F12 correlation energy          -0.566009766956
 
  RMP2-F12/3C(FIX) energy            -118.248267904399

 Starting RMP2 calculation

 ITER.      SQ.NORM     CORR.ENERGY   TOTAL ENERGY   ENERGY CHANGE        DEN1      VAR(S)    VAR(P)  DIIS     TIME
   1      1.16057974    -0.52164055  -118.20263318    -0.52164055    -0.00183530  0.16D-04  0.69D-03  1  1   159.39
   2      1.16226295    -0.52361862  -118.20461125    -0.00197807    -0.00000294  0.34D-06  0.12D-05  2  2   163.68
   3      1.16230571    -0.52364516  -118.20463779    -0.00002654    -0.00000002  0.11D-07  0.46D-08  3  3   167.93
   4      1.16230645    -0.52364517  -118.20463780    -0.00000001     0.00000000  0.22D-09  0.23D-10  4  4   172.72

 Norm of t1 vector:      0.04360245      S-energy:    -0.00289765      T1 diagnostic:  0.00052197
 Norm of t2 vector:      0.40050627      P-energy:    -0.52074752
                                         Alpha-Beta:  -0.41001827
                                         Alpha-Alpha: -0.06244283
                                         Beta-Beta:   -0.04828641

 Spin contamination <S**2-Sz**2-Sz>     0.00175080
  Reference energy                   -117.682258137442
  RHF-RMP2 correlation energy          -0.523645172284
 !RHF-RMP2 energy                    -118.205903309726

 Starting UCCSD calculation

 ITER.      SQ.NORM     CORR.ENERGY   TOTAL ENERGY   ENERGY CHANGE        DEN1      VAR(S)    VAR(P)  DIIS     TIME
   1      1.17558731    -0.53614449  -118.21713712    -0.53614449    -0.01460319  0.19D-02  0.34D-02  1  1   220.15
   2      1.19102966    -0.55125319  -118.23224582    -0.01510870    -0.00101819  0.12D-03  0.30D-03  2  2   266.62
   3      1.19613833    -0.55413235  -118.23512498    -0.00287916    -0.00012143  0.51D-04  0.28D-04  3  3   313.22
   4      1.19804376    -0.55491800  -118.23591063    -0.00078565    -0.00001882  0.74D-05  0.50D-05  4  4   358.85
   5      1.19874719    -0.55503747  -118.23603010    -0.00011946    -0.00000372  0.24D-05  0.72D-06  5  5   404.81
   6      1.19905097    -0.55507365  -118.23606628    -0.00003618    -0.00000048  0.20D-06  0.13D-06  6  6   450.11
   7      1.19913112    -0.55508274  -118.23607537    -0.00000909    -0.00000006  0.22D-07  0.15D-07  6  2   495.58
   8      1.19915594    -0.55508770  -118.23608033    -0.00000496    -0.00000001  0.23D-08  0.18D-08  6  1   539.83
   9      1.19915771    -0.55508692  -118.23607955     0.00000078     0.00000000  0.46D-09  0.28D-09  6  4   587.57

 Norm of t1 vector:      0.08833503      S-energy:    -0.00333250      T1 diagnostic:  0.01143534
                                                                       D1 diagnostic:  0.03273495
 Norm of t2 vector:      0.43744101      P-energy:    -0.55175442
                                         Alpha-Beta:  -0.44604159
                                         Alpha-Alpha: -0.05972669
                                         Beta-Beta:   -0.04598614

 Spin contamination <S**2-Sz**2-Sz>     0.00128622

 Memory could be reduced to 380.01 Mwords without degradation in triples
 

  Ecorr(MP2)                           -0.523645172284
  Ecorr(MP2-F12)                       -0.566078644058
  Scale factor for triples energy       1.081034780841

 RESULTS
 =======

  Reference energy                   -117.680992630107
  CABS relaxation correction to RHF    -0.001265507336
  New reference energy               -117.682258137442
 
  F12 corrections for ansatz 3C(FIX) added to UCCSD energy. Coupling mode: 15
 
  UCCSD-F12a singles energy            -0.003332502614
  UCCSD-F12a pair energy               -0.593937450833
  UCCSD-F12a correlation energy        -0.597269953446
  Triples (T) contribution (scaled)    -0.022410585512
  Total correlation energy             -0.619680538958
 
  RHF-UCCSD-F12a energy              -118.279528090889
  RHF-UCCSD[T]-F12a energy           -118.302547509823
  RHF-UCCSD-T-F12a energy            -118.301723599700
 !RHF-UCCSD(T)-F12a energy           -118.301938676400
 
  F12 corrections for ansatz 3C(FIX) added to UCCSD energy. Coupling mode: 15
 
  UCCSD-F12b singles energy            -0.003332502614
  UCCSD-F12b pair energy               -0.585307011057
  UCCSD-F12b correlation energy        -0.588639513671
  Triples (T) contribution (scaled)    -0.022410585512
  Total correlation energy             -0.611050099182
 
  RHF-UCCSD-F12b energy              -118.270897651113
  RHF-UCCSD[T]-F12b energy           -118.293917070047
  RHF-UCCSD-T-F12b energy            -118.293093159925
 !RHF-UCCSD(T)-F12b energy           -118.293308236625

 Program statistics:

 Available memory in ccsd:              2999999000
 Min. memory needed in ccsd:              28418167
 Max. memory used in ccsd:                40355836
 Max. memory used in cckext:              29468570 (10 integral passes)
 Max. memory used in cckint:             137008031 ( 1 integral passes)



 **********************************************************************************************************************************
 DATASETS  * FILE   NREC   LENGTH (MB)   RECORD NAMES
              1      18       10.68       500      610      700      900      950      970     1000      129      960     1100   
                                          VAR    BASINP    GEOM    SYMINP    ZMAT    AOBASIS   BASIS     P2S    ABASIS      S 
                                         1400     1410     1200     1210     1080     1600     1650     1700   
                                           T        V       H0       H01     AOSYM     SMH    MOLCAS    OPER   

              2       5        3.73       700     1000      520     2100     7360   
                                         GEOM     BASIS   MCVARS     RHF    F12ABS    

 PROGRAMS   *        TOTALUCCSD(T)-F        HF       INT
 CPU TIMES  *      1372.40   1292.97     15.68     63.31
 REAL TIME  *      1761.20 SEC
 DISK USED  *        35.82 GB      
 SF USED    *        10.77 GB      
 GA USED    *         2.40 MB       (max)       0.00 MB       (current)
 **********************************************************************************************************************************

    UCCSD(T)-F12        HF-SCF  
   -118.29330824   -117.68099263
 **********************************************************************************************************************************
 Variable memory released
